[4.062s] Invoking command in '/home/robotics_lab/ros2_ws/src/navigation_pkg': PYTHONPATH=/home/robotics_lab/ros2_ws/build/navigation_pkg/prefix_override:/usr/lib/python3/dist-packages/colcon_core/task/python/colcon_distutils_commands:/home/robotics_lab/ros2_ws/install/navigation_pkg/lib/python3.10/site-packages:${PYTHONPATH} /usr/bin/python3 -W ignore:setup.py install is deprecated -W ignore:easy_install command is deprecated setup.py egg_info --egg-base ../../build/navigation_pkg build --build-base /home/robotics_lab/ros2_ws/build/navigation_pkg/build install --record /home/robotics_lab/ros2_ws/build/navigation_pkg/install.log --single-version-externally-managed install_data
[4.596s] running egg_info
[4.597s] writing ../../build/navigation_pkg/navigation_pkg.egg-info/PKG-INFO
[4.598s] writing dependency_links to ../../build/navigation_pkg/navigation_pkg.egg-info/dependency_links.txt
[4.599s] writing entry points to ../../build/navigation_pkg/navigation_pkg.egg-info/entry_points.txt
[4.599s] writing requirements to ../../build/navigation_pkg/navigation_pkg.egg-info/requires.txt
[4.600s] writing top-level names to ../../build/navigation_pkg/navigation_pkg.egg-info/top_level.txt
[4.605s] reading manifest file '../../build/navigation_pkg/navigation_pkg.egg-info/SOURCES.txt'
[4.607s] writing manifest file '../../build/navigation_pkg/navigation_pkg.egg-info/SOURCES.txt'
[4.608s] running build
[4.608s] running build_py
[4.609s] running install
[4.610s] running install_lib
[4.613s] running install_data
[4.613s] running install_egg_info
[4.619s] removing '/home/robotics_lab/ros2_ws/install/navigation_pkg/lib/python3.10/site-packages/navigation_pkg-0.0.0-py3.10.egg-info' (and everything under it)
[4.620s] Copying ../../build/navigation_pkg/navigation_pkg.egg-info to /home/robotics_lab/ros2_ws/install/navigation_pkg/lib/python3.10/site-packages/navigation_pkg-0.0.0-py3.10.egg-info
[4.622s] running install_scripts
[4.678s] writing list of installed files to '/home/robotics_lab/ros2_ws/build/navigation_pkg/install.log'
[4.773s] Invoked command in '/home/robotics_lab/ros2_ws/src/navigation_pkg' returned '0': PYTHONPATH=/home/robotics_lab/ros2_ws/build/navigation_pkg/prefix_override:/usr/lib/python3/dist-packages/colcon_core/task/python/colcon_distutils_commands:/home/robotics_lab/ros2_ws/install/navigation_pkg/lib/python3.10/site-packages:${PYTHONPATH} /usr/bin/python3 -W ignore:setup.py install is deprecated -W ignore:easy_install command is deprecated setup.py egg_info --egg-base ../../build/navigation_pkg build --build-base /home/robotics_lab/ros2_ws/build/navigation_pkg/build install --record /home/robotics_lab/ros2_ws/build/navigation_pkg/install.log --single-version-externally-managed install_data
