[4.021s] Invoking command in '/home/robotics_lab/ros2_ws/src/ros2toarduino': PYTHONPATH=/home/robotics_lab/ros2_ws/build/ros2toarduino/prefix_override:/usr/lib/python3/dist-packages/colcon_core/task/python/colcon_distutils_commands:/home/robotics_lab/ros2_ws/install/ros2toarduino/lib/python3.10/site-packages:${PYTHONPATH} /usr/bin/python3 -W ignore:setup.py install is deprecated -W ignore:easy_install command is deprecated setup.py egg_info --egg-base ../../build/ros2toarduino build --build-base /home/robotics_lab/ros2_ws/build/ros2toarduino/build install --record /home/robotics_lab/ros2_ws/build/ros2toarduino/install.log --single-version-externally-managed install_data
[4.568s] running egg_info
[4.569s] writing ../../build/ros2toarduino/ros2toarduino.egg-info/PKG-INFO
[4.570s] writing dependency_links to ../../build/ros2toarduino/ros2toarduino.egg-info/dependency_links.txt
[4.570s] writing entry points to ../../build/ros2toarduino/ros2toarduino.egg-info/entry_points.txt
[4.571s] writing requirements to ../../build/ros2toarduino/ros2toarduino.egg-info/requires.txt
[4.571s] writing top-level names to ../../build/ros2toarduino/ros2toarduino.egg-info/top_level.txt
[4.575s] reading manifest file '../../build/ros2toarduino/ros2toarduino.egg-info/SOURCES.txt'
[4.576s] writing manifest file '../../build/ros2toarduino/ros2toarduino.egg-info/SOURCES.txt'
[4.577s] running build
[4.577s] running build_py
[4.577s] running install
[4.578s] running install_lib
[4.580s] running install_data
[4.581s] running install_egg_info
[4.584s] removing '/home/robotics_lab/ros2_ws/install/ros2toarduino/lib/python3.10/site-packages/ros2toarduino-0.0.0-py3.10.egg-info' (and everything under it)
[4.585s] Copying ../../build/ros2toarduino/ros2toarduino.egg-info to /home/robotics_lab/ros2_ws/install/ros2toarduino/lib/python3.10/site-packages/ros2toarduino-0.0.0-py3.10.egg-info
[4.587s] running install_scripts
[4.630s] Installing cmd_vel_bridge script to /home/robotics_lab/ros2_ws/install/ros2toarduino/lib/ros2toarduino
[4.631s] writing list of installed files to '/home/robotics_lab/ros2_ws/build/ros2toarduino/install.log'
[4.719s] Invoked command in '/home/robotics_lab/ros2_ws/src/ros2toarduino' returned '0': PYTHONPATH=/home/robotics_lab/ros2_ws/build/ros2toarduino/prefix_override:/usr/lib/python3/dist-packages/colcon_core/task/python/colcon_distutils_commands:/home/robotics_lab/ros2_ws/install/ros2toarduino/lib/python3.10/site-packages:${PYTHONPATH} /usr/bin/python3 -W ignore:setup.py install is deprecated -W ignore:easy_install command is deprecated setup.py egg_info --egg-base ../../build/ros2toarduino build --build-base /home/robotics_lab/ros2_ws/build/ros2toarduino/build install --record /home/robotics_lab/ros2_ws/build/ros2toarduino/install.log --single-version-externally-managed install_data
