[3.975s] Invoking command in '/home/robotics_lab/ros2_ws/src/navigation_pkg': PYTHONPATH=/home/robotics_lab/ros2_ws/build/navigation_pkg/prefix_override:/usr/lib/python3/dist-packages/colcon_core/task/python/colcon_distutils_commands:/home/robotics_lab/ros2_ws/install/navigation_pkg/lib/python3.10/site-packages:${PYTHONPATH} /usr/bin/python3 -W ignore:setup.py install is deprecated -W ignore:easy_install command is deprecated setup.py egg_info --egg-base ../../build/navigation_pkg build --build-base /home/robotics_lab/ros2_ws/build/navigation_pkg/build install --record /home/robotics_lab/ros2_ws/build/navigation_pkg/install.log --single-version-externally-managed install_data
[4.512s] running egg_info
[4.515s] writing ../../build/navigation_pkg/navigation_pkg.egg-info/PKG-INFO
[4.515s] writing dependency_links to ../../build/navigation_pkg/navigation_pkg.egg-info/dependency_links.txt
[4.516s] writing entry points to ../../build/navigation_pkg/navigation_pkg.egg-info/entry_points.txt
[4.516s] writing requirements to ../../build/navigation_pkg/navigation_pkg.egg-info/requires.txt
[4.516s] writing top-level names to ../../build/navigation_pkg/navigation_pkg.egg-info/top_level.txt
[4.519s] reading manifest file '../../build/navigation_pkg/navigation_pkg.egg-info/SOURCES.txt'
[4.520s] writing manifest file '../../build/navigation_pkg/navigation_pkg.egg-info/SOURCES.txt'
[4.521s] running build
[4.521s] running build_py
[4.521s] running install
[4.522s] running install_lib
[4.524s] running install_data
[4.524s] running install_egg_info
[4.528s] removing '/home/robotics_lab/ros2_ws/install/navigation_pkg/lib/python3.10/site-packages/navigation_pkg-0.0.0-py3.10.egg-info' (and everything under it)
[4.529s] Copying ../../build/navigation_pkg/navigation_pkg.egg-info to /home/robotics_lab/ros2_ws/install/navigation_pkg/lib/python3.10/site-packages/navigation_pkg-0.0.0-py3.10.egg-info
[4.533s] running install_scripts
[4.573s] writing list of installed files to '/home/robotics_lab/ros2_ws/build/navigation_pkg/install.log'
[4.655s] Invoked command in '/home/robotics_lab/ros2_ws/src/navigation_pkg' returned '0': PYTHONPATH=/home/robotics_lab/ros2_ws/build/navigation_pkg/prefix_override:/usr/lib/python3/dist-packages/colcon_core/task/python/colcon_distutils_commands:/home/robotics_lab/ros2_ws/install/navigation_pkg/lib/python3.10/site-packages:${PYTHONPATH} /usr/bin/python3 -W ignore:setup.py install is deprecated -W ignore:easy_install command is deprecated setup.py egg_info --egg-base ../../build/navigation_pkg build --build-base /home/robotics_lab/ros2_ws/build/navigation_pkg/build install --record /home/robotics_lab/ros2_ws/build/navigation_pkg/install.log --single-version-externally-managed install_data
