[0.206s] DEBUG:colcon:Command line arguments: ['/usr/bin/colcon', 'build']
[0.207s] DEBUG:colcon:Parsed command line arguments: Namespace(log_base=None, log_level=None, verb_name='build', build_base='build', install_base='install', merge_install=False, symlink_install=False, test_result_base=None, continue_on_error=False, executor='parallel', parallel_workers=6, event_handlers=None, ignore_user_meta=False, metas=['./colcon.meta'], base_paths=['.'], packages_ignore=None, packages_ignore_regex=None, paths=None, packages_up_to=None, packages_up_to_regex=None, packages_above=None, packages_above_and_dependencies=None, packages_above_depth=None, packages_select_by_dep=None, packages_skip_by_dep=None, packages_skip_up_to=None, packages_select_build_failed=False, packages_skip_build_finished=False, packages_select_test_failures=False, packages_skip_test_passed=False, packages_select=None, packages_skip=None, packages_select_regex=None, packages_skip_regex=None, packages_start=None, packages_end=None, allow_overriding=[], cmake_args=None, cmake_target=None, cmake_target_skip_unavailable=False, cmake_clean_cache=False, cmake_clean_first=False, cmake_force_configure=False, ament_cmake_args=None, catkin_cmake_args=None, catkin_skip_building_tests=False, verb_parser=<colcon_defaults.argument_parser.defaults.DefaultArgumentsDecorator object at 0xffffb64aee00>, verb_extension=<colcon_core.verb.build.BuildVerb object at 0xffffb66a49d0>, main=<bound method BuildVerb.main of <colcon_core.verb.build.BuildVerb object at 0xffffb66a49d0>>)
[0.575s] Level 1:colcon.colcon_core.package_discovery:discover_packages(colcon_meta) check parameters
[0.575s] Level 1:colcon.colcon_core.package_discovery:discover_packages(recursive) check parameters
[0.575s] Level 1:colcon.colcon_core.package_discovery:discover_packages(ignore) check parameters
[0.576s] Level 1:colcon.colcon_core.package_discovery:discover_packages(path) check parameters
[0.576s] Level 1:colcon.colcon_core.package_discovery:discover_packages(colcon_meta) discover
[0.576s] Level 1:colcon.colcon_core.package_discovery:discover_packages(recursive) discover
[0.576s] INFO:colcon.colcon_core.package_discovery:Crawling recursively for packages in '/home/robotics_lab/ros2_ws'
[0.576s] Level 1:colcon.colcon_core.package_identification:_identify(.) by extensions ['ignore', 'ignore_ament_install']
[0.576s] Level 1:colcon.colcon_core.package_identification:_identify(.) by extension 'ignore'
[0.576s] Level 1:colcon.colcon_core.package_identification:_identify(.) by extension 'ignore_ament_install'
[0.576s] Level 1:colcon.colcon_core.package_identification:_identify(.) by extensions ['colcon_pkg']
[0.577s] Level 1:colcon.colcon_core.package_identification:_identify(.) by extension 'colcon_pkg'
[0.577s] Level 1:colcon.colcon_core.package_identification:_identify(.) by extensions ['colcon_meta']
[0.577s] Level 1:colcon.colcon_core.package_identification:_identify(.) by extension 'colcon_meta'
[0.577s] Level 1:colcon.colcon_core.package_identification:_identify(.) by extensions ['ros']
[0.577s] Level 1:colcon.colcon_core.package_identification:_identify(.) by extension 'ros'
[0.623s] Level 1:colcon.colcon_core.package_identification:_identify(.) by extensions ['cmake', 'python']
[0.623s] Level 1:colcon.colcon_core.package_identification:_identify(.) by extension 'cmake'
[0.623s] Level 1:colcon.colcon_core.package_identification:_identify(.) by extension 'python'
[0.623s] Level 1:colcon.colcon_core.package_identification:_identify(.) by extensions ['python_setup_py']
[0.624s] Level 1:colcon.colcon_core.package_identification:_identify(.) by extension 'python_setup_py'
[0.624s] Level 1:colcon.colcon_core.package_identification:_identify(build) by extensions ['ignore', 'ignore_ament_install']
[0.624s] Level 1:colcon.colcon_core.package_identification:_identify(build) by extension 'ignore'
[0.624s] Level 1:colcon.colcon_core.package_identification:_identify(build) ignored
[0.624s] Level 1:colcon.colcon_core.package_identification:_identify(install) by extensions ['ignore', 'ignore_ament_install']
[0.625s] Level 1:colcon.colcon_core.package_identification:_identify(install) by extension 'ignore'
[0.625s] Level 1:colcon.colcon_core.package_identification:_identify(install) ignored
[0.625s] Level 1:colcon.colcon_core.package_identification:_identify(log) by extensions ['ignore', 'ignore_ament_install']
[0.625s] Level 1:colcon.colcon_core.package_identification:_identify(log) by extension 'ignore'
[0.625s] Level 1:colcon.colcon_core.package_identification:_identify(log) ignored
[0.625s] Level 1:colcon.colcon_core.package_identification:_identify(src) by extensions ['ignore', 'ignore_ament_install']
[0.625s] Level 1:colcon.colcon_core.package_identification:_identify(src) by extension 'ignore'
[0.626s] Level 1:colcon.colcon_core.package_identification:_identify(src) by extension 'ignore_ament_install'
[0.626s] Level 1:colcon.colcon_core.package_identification:_identify(src) by extensions ['colcon_pkg']
[0.626s] Level 1:colcon.colcon_core.package_identification:_identify(src) by extension 'colcon_pkg'
[0.626s] Level 1:colcon.colcon_core.package_identification:_identify(src) by extensions ['colcon_meta']
[0.626s] Level 1:colcon.colcon_core.package_identification:_identify(src) by extension 'colcon_meta'
[0.626s] Level 1:colcon.colcon_core.package_identification:_identify(src) by extensions ['ros']
[0.626s] Level 1:colcon.colcon_core.package_identification:_identify(src) by extension 'ros'
[0.626s] Level 1:colcon.colcon_core.package_identification:_identify(src) by extensions ['cmake', 'python']
[0.626s] Level 1:colcon.colcon_core.package_identification:_identify(src) by extension 'cmake'
[0.626s] Level 1:colcon.colcon_core.package_identification:_identify(src) by extension 'python'
[0.626s] Level 1:colcon.colcon_core.package_identification:_identify(src) by extensions ['python_setup_py']
[0.626s] Level 1:colcon.colcon_core.package_identification:_identify(src) by extension 'python_setup_py'
[0.627s] Level 1:colcon.colcon_core.package_identification:_identify(src/Urdf_model_description) by extensions ['ignore', 'ignore_ament_install']
[0.627s] Level 1:colcon.colcon_core.package_identification:_identify(src/Urdf_model_description) by extension 'ignore'
[0.627s] Level 1:colcon.colcon_core.package_identification:_identify(src/Urdf_model_description) by extension 'ignore_ament_install'
[0.627s] Level 1:colcon.colcon_core.package_identification:_identify(src/Urdf_model_description) by extensions ['colcon_pkg']
[0.627s] Level 1:colcon.colcon_core.package_identification:_identify(src/Urdf_model_description) by extension 'colcon_pkg'
[0.627s] Level 1:colcon.colcon_core.package_identification:_identify(src/Urdf_model_description) by extensions ['colcon_meta']
[0.627s] Level 1:colcon.colcon_core.package_identification:_identify(src/Urdf_model_description) by extension 'colcon_meta'
[0.627s] Level 1:colcon.colcon_core.package_identification:_identify(src/Urdf_model_description) by extensions ['ros']
[0.627s] Level 1:colcon.colcon_core.package_identification:_identify(src/Urdf_model_description) by extension 'ros'
[0.633s] DEBUG:colcon.colcon_core.package_identification:Package 'src/Urdf_model_description' with type 'ros.ament_python' and name 'Urdf_model_description'
[0.633s] Level 1:colcon.colcon_core.package_identification:_identify(src/diff_drive_bridge) by extensions ['ignore', 'ignore_ament_install']
[0.633s] Level 1:colcon.colcon_core.package_identification:_identify(src/diff_drive_bridge) by extension 'ignore'
[0.633s] Level 1:colcon.colcon_core.package_identification:_identify(src/diff_drive_bridge) by extension 'ignore_ament_install'
[0.633s] Level 1:colcon.colcon_core.package_identification:_identify(src/diff_drive_bridge) by extensions ['colcon_pkg']
[0.633s] Level 1:colcon.colcon_core.package_identification:_identify(src/diff_drive_bridge) by extension 'colcon_pkg'
[0.634s] Level 1:colcon.colcon_core.package_identification:_identify(src/diff_drive_bridge) by extensions ['colcon_meta']
[0.634s] Level 1:colcon.colcon_core.package_identification:_identify(src/diff_drive_bridge) by extension 'colcon_meta'
[0.634s] Level 1:colcon.colcon_core.package_identification:_identify(src/diff_drive_bridge) by extensions ['ros']
[0.634s] Level 1:colcon.colcon_core.package_identification:_identify(src/diff_drive_bridge) by extension 'ros'
[0.635s] DEBUG:colcon.colcon_core.package_identification:Package 'src/diff_drive_bridge' with type 'ros.ament_python' and name 'diff_drive_bridge'
[0.635s] Level 1:colcon.colcon_core.package_identification:_identify(src/navigation_pkg) by extensions ['ignore', 'ignore_ament_install']
[0.636s] Level 1:colcon.colcon_core.package_identification:_identify(src/navigation_pkg) by extension 'ignore'
[0.636s] Level 1:colcon.colcon_core.package_identification:_identify(src/navigation_pkg) by extension 'ignore_ament_install'
[0.636s] Level 1:colcon.colcon_core.package_identification:_identify(src/navigation_pkg) by extensions ['colcon_pkg']
[0.636s] Level 1:colcon.colcon_core.package_identification:_identify(src/navigation_pkg) by extension 'colcon_pkg'
[0.636s] Level 1:colcon.colcon_core.package_identification:_identify(src/navigation_pkg) by extensions ['colcon_meta']
[0.636s] Level 1:colcon.colcon_core.package_identification:_identify(src/navigation_pkg) by extension 'colcon_meta'
[0.636s] Level 1:colcon.colcon_core.package_identification:_identify(src/navigation_pkg) by extensions ['ros']
[0.636s] Level 1:colcon.colcon_core.package_identification:_identify(src/navigation_pkg) by extension 'ros'
[0.637s] DEBUG:colcon.colcon_core.package_identification:Package 'src/navigation_pkg' with type 'ros.ament_python' and name 'navigation_pkg'
[0.637s] Level 1:colcon.colcon_core.package_identification:_identify(src/oak_object_detection) by extensions ['ignore', 'ignore_ament_install']
[0.637s] Level 1:colcon.colcon_core.package_identification:_identify(src/oak_object_detection) by extension 'ignore'
[0.638s] Level 1:colcon.colcon_core.package_identification:_identify(src/oak_object_detection) by extension 'ignore_ament_install'
[0.638s] Level 1:colcon.colcon_core.package_identification:_identify(src/oak_object_detection) by extensions ['colcon_pkg']
[0.638s] Level 1:colcon.colcon_core.package_identification:_identify(src/oak_object_detection) by extension 'colcon_pkg'
[0.638s] Level 1:colcon.colcon_core.package_identification:_identify(src/oak_object_detection) by extensions ['colcon_meta']
[0.638s] Level 1:colcon.colcon_core.package_identification:_identify(src/oak_object_detection) by extension 'colcon_meta'
[0.638s] Level 1:colcon.colcon_core.package_identification:_identify(src/oak_object_detection) by extensions ['ros']
[0.638s] Level 1:colcon.colcon_core.package_identification:_identify(src/oak_object_detection) by extension 'ros'
[0.639s] DEBUG:colcon.colcon_core.package_identification:Package 'src/oak_object_detection' with type 'ros.ament_python' and name 'oak_object_detection'
[0.639s] Level 1:colcon.colcon_core.package_identification:_identify(src/rf2o_laser_odometry) by extensions ['ignore', 'ignore_ament_install']
[0.640s] Level 1:colcon.colcon_core.package_identification:_identify(src/rf2o_laser_odometry) by extension 'ignore'
[0.640s] Level 1:colcon.colcon_core.package_identification:_identify(src/rf2o_laser_odometry) by extension 'ignore_ament_install'
[0.640s] Level 1:colcon.colcon_core.package_identification:_identify(src/rf2o_laser_odometry) by extensions ['colcon_pkg']
[0.640s] Level 1:colcon.colcon_core.package_identification:_identify(src/rf2o_laser_odometry) by extension 'colcon_pkg'
[0.640s] Level 1:colcon.colcon_core.package_identification:_identify(src/rf2o_laser_odometry) by extensions ['colcon_meta']
[0.640s] Level 1:colcon.colcon_core.package_identification:_identify(src/rf2o_laser_odometry) by extension 'colcon_meta'
[0.640s] Level 1:colcon.colcon_core.package_identification:_identify(src/rf2o_laser_odometry) by extensions ['ros']
[0.640s] Level 1:colcon.colcon_core.package_identification:_identify(src/rf2o_laser_odometry) by extension 'ros'
[0.642s] DEBUG:colcon.colcon_core.package_identification:Package 'src/rf2o_laser_odometry' with type 'ros.ament_cmake' and name 'rf2o_laser_odometry'
[0.642s] Level 1:colcon.colcon_core.package_identification:_identify(src/ros2toarduino) by extensions ['ignore', 'ignore_ament_install']
[0.642s] Level 1:colcon.colcon_core.package_identification:_identify(src/ros2toarduino) by extension 'ignore'
[0.643s] Level 1:colcon.colcon_core.package_identification:_identify(src/ros2toarduino) by extension 'ignore_ament_install'
[0.643s] Level 1:colcon.colcon_core.package_identification:_identify(src/ros2toarduino) by extensions ['colcon_pkg']
[0.643s] Level 1:colcon.colcon_core.package_identification:_identify(src/ros2toarduino) by extension 'colcon_pkg'
[0.643s] Level 1:colcon.colcon_core.package_identification:_identify(src/ros2toarduino) by extensions ['colcon_meta']
[0.643s] Level 1:colcon.colcon_core.package_identification:_identify(src/ros2toarduino) by extension 'colcon_meta'
[0.643s] Level 1:colcon.colcon_core.package_identification:_identify(src/ros2toarduino) by extensions ['ros']
[0.643s] Level 1:colcon.colcon_core.package_identification:_identify(src/ros2toarduino) by extension 'ros'
[0.644s] DEBUG:colcon.colcon_core.package_identification:Package 'src/ros2toarduino' with type 'ros.ament_python' and name 'ros2toarduino'
[0.644s] Level 1:colcon.colcon_core.package_identification:_identify(src/rplidar_ros) by extensions ['ignore', 'ignore_ament_install']
[0.644s] Level 1:colcon.colcon_core.package_identification:_identify(src/rplidar_ros) by extension 'ignore'
[0.645s] Level 1:colcon.colcon_core.package_identification:_identify(src/rplidar_ros) by extension 'ignore_ament_install'
[0.645s] Level 1:colcon.colcon_core.package_identification:_identify(src/rplidar_ros) by extensions ['colcon_pkg']
[0.645s] Level 1:colcon.colcon_core.package_identification:_identify(src/rplidar_ros) by extension 'colcon_pkg'
[0.645s] Level 1:colcon.colcon_core.package_identification:_identify(src/rplidar_ros) by extensions ['colcon_meta']
[0.645s] Level 1:colcon.colcon_core.package_identification:_identify(src/rplidar_ros) by extension 'colcon_meta'
[0.645s] Level 1:colcon.colcon_core.package_identification:_identify(src/rplidar_ros) by extensions ['ros']
[0.645s] Level 1:colcon.colcon_core.package_identification:_identify(src/rplidar_ros) by extension 'ros'
[0.646s] DEBUG:colcon.colcon_core.package_identification:Package 'src/rplidar_ros' with type 'ros.ament_cmake' and name 'rplidar_ros'
[0.646s] Level 1:colcon.colcon_core.package_discovery:discover_packages(recursive) using defaults
[0.646s] Level 1:colcon.colcon_core.package_discovery:discover_packages(ignore) discover
[0.646s] Level 1:colcon.colcon_core.package_discovery:discover_packages(ignore) using defaults
[0.647s] Level 1:colcon.colcon_core.package_discovery:discover_packages(path) discover
[0.647s] Level 1:colcon.colcon_core.package_discovery:discover_packages(path) using defaults
[0.685s] Level 1:colcon.colcon_core.package_discovery:discover_packages(prefix_path) check parameters
[0.685s] Level 1:colcon.colcon_core.package_discovery:discover_packages(prefix_path) discover
[0.689s] DEBUG:colcon.colcon_installed_package_information.package_discovery:Found 7 installed packages in /home/robotics_lab/ros2_ws/install
[0.692s] DEBUG:colcon.colcon_installed_package_information.package_discovery:Found 410 installed packages in /opt/ros/humble
[0.696s] Level 1:colcon.colcon_core.package_discovery:discover_packages(prefix_path) using defaults
[0.788s] Level 5:colcon.colcon_core.verb:set package 'Urdf_model_description' build argument 'cmake_args' from command line to 'None'
[0.789s] Level 5:colcon.colcon_core.verb:set package 'Urdf_model_description' build argument 'cmake_target' from command line to 'None'
[0.789s] Level 5:colcon.colcon_core.verb:set package 'Urdf_model_description' build argument 'cmake_target_skip_unavailable' from command line to 'False'
[0.789s] Level 5:colcon.colcon_core.verb:set package 'Urdf_model_description' build argument 'cmake_clean_cache' from command line to 'False'
[0.789s] Level 5:colcon.colcon_core.verb:set package 'Urdf_model_description' build argument 'cmake_clean_first' from command line to 'False'
[0.789s] Level 5:colcon.colcon_core.verb:set package 'Urdf_model_description' build argument 'cmake_force_configure' from command line to 'False'
[0.789s] Level 5:colcon.colcon_core.verb:set package 'Urdf_model_description' build argument 'ament_cmake_args' from command line to 'None'
[0.789s] Level 5:colcon.colcon_core.verb:set package 'Urdf_model_description' build argument 'catkin_cmake_args' from command line to 'None'
[0.789s] Level 5:colcon.colcon_core.verb:set package 'Urdf_model_description' build argument 'catkin_skip_building_tests' from command line to 'False'
[0.789s] DEBUG:colcon.colcon_core.verb:Building package 'Urdf_model_description' with the following arguments: {'ament_cmake_args': None, 'build_base': '/home/robotics_lab/ros2_ws/build/Urdf_model_description', 'catkin_cmake_args': None, 'catkin_skip_building_tests': False, 'cmake_args': None, 'cmake_clean_cache': False, 'cmake_clean_first': False, 'cmake_force_configure': False, 'cmake_target': None, 'cmake_target_skip_unavailable': False, 'install_base': '/home/robotics_lab/ros2_ws/install/Urdf_model_description', 'merge_install': False, 'path': '/home/robotics_lab/ros2_ws/src/Urdf_model_description', 'symlink_install': False, 'test_result_base': None}
[0.790s] Level 5:colcon.colcon_core.verb:set package 'diff_drive_bridge' build argument 'cmake_args' from command line to 'None'
[0.790s] Level 5:colcon.colcon_core.verb:set package 'diff_drive_bridge' build argument 'cmake_target' from command line to 'None'
[0.790s] Level 5:colcon.colcon_core.verb:set package 'diff_drive_bridge' build argument 'cmake_target_skip_unavailable' from command line to 'False'
[0.790s] Level 5:colcon.colcon_core.verb:set package 'diff_drive_bridge' build argument 'cmake_clean_cache' from command line to 'False'
[0.790s] Level 5:colcon.colcon_core.verb:set package 'diff_drive_bridge' build argument 'cmake_clean_first' from command line to 'False'
[0.790s] Level 5:colcon.colcon_core.verb:set package 'diff_drive_bridge' build argument 'cmake_force_configure' from command line to 'False'
[0.790s] Level 5:colcon.colcon_core.verb:set package 'diff_drive_bridge' build argument 'ament_cmake_args' from command line to 'None'
[0.790s] Level 5:colcon.colcon_core.verb:set package 'diff_drive_bridge' build argument 'catkin_cmake_args' from command line to 'None'
[0.790s] Level 5:colcon.colcon_core.verb:set package 'diff_drive_bridge' build argument 'catkin_skip_building_tests' from command line to 'False'
[0.790s] DEBUG:colcon.colcon_core.verb:Building package 'diff_drive_bridge' with the following arguments: {'ament_cmake_args': None, 'build_base': '/home/robotics_lab/ros2_ws/build/diff_drive_bridge', 'catkin_cmake_args': None, 'catkin_skip_building_tests': False, 'cmake_args': None, 'cmake_clean_cache': False, 'cmake_clean_first': False, 'cmake_force_configure': False, 'cmake_target': None, 'cmake_target_skip_unavailable': False, 'install_base': '/home/robotics_lab/ros2_ws/install/diff_drive_bridge', 'merge_install': False, 'path': '/home/robotics_lab/ros2_ws/src/diff_drive_bridge', 'symlink_install': False, 'test_result_base': None}
[0.791s] Level 5:colcon.colcon_core.verb:set package 'navigation_pkg' build argument 'cmake_args' from command line to 'None'
[0.791s] Level 5:colcon.colcon_core.verb:set package 'navigation_pkg' build argument 'cmake_target' from command line to 'None'
[0.791s] Level 5:colcon.colcon_core.verb:set package 'navigation_pkg' build argument 'cmake_target_skip_unavailable' from command line to 'False'
[0.791s] Level 5:colcon.colcon_core.verb:set package 'navigation_pkg' build argument 'cmake_clean_cache' from command line to 'False'
[0.791s] Level 5:colcon.colcon_core.verb:set package 'navigation_pkg' build argument 'cmake_clean_first' from command line to 'False'
[0.791s] Level 5:colcon.colcon_core.verb:set package 'navigation_pkg' build argument 'cmake_force_configure' from command line to 'False'
[0.791s] Level 5:colcon.colcon_core.verb:set package 'navigation_pkg' build argument 'ament_cmake_args' from command line to 'None'
[0.791s] Level 5:colcon.colcon_core.verb:set package 'navigation_pkg' build argument 'catkin_cmake_args' from command line to 'None'
[0.791s] Level 5:colcon.colcon_core.verb:set package 'navigation_pkg' build argument 'catkin_skip_building_tests' from command line to 'False'
[0.791s] DEBUG:colcon.colcon_core.verb:Building package 'navigation_pkg' with the following arguments: {'ament_cmake_args': None, 'build_base': '/home/robotics_lab/ros2_ws/build/navigation_pkg', 'catkin_cmake_args': None, 'catkin_skip_building_tests': False, 'cmake_args': None, 'cmake_clean_cache': False, 'cmake_clean_first': False, 'cmake_force_configure': False, 'cmake_target': None, 'cmake_target_skip_unavailable': False, 'install_base': '/home/robotics_lab/ros2_ws/install/navigation_pkg', 'merge_install': False, 'path': '/home/robotics_lab/ros2_ws/src/navigation_pkg', 'symlink_install': False, 'test_result_base': None}
[0.791s] Level 5:colcon.colcon_core.verb:set package 'oak_object_detection' build argument 'cmake_args' from command line to 'None'
[0.792s] Level 5:colcon.colcon_core.verb:set package 'oak_object_detection' build argument 'cmake_target' from command line to 'None'
[0.792s] Level 5:colcon.colcon_core.verb:set package 'oak_object_detection' build argument 'cmake_target_skip_unavailable' from command line to 'False'
[0.792s] Level 5:colcon.colcon_core.verb:set package 'oak_object_detection' build argument 'cmake_clean_cache' from command line to 'False'
[0.792s] Level 5:colcon.colcon_core.verb:set package 'oak_object_detection' build argument 'cmake_clean_first' from command line to 'False'
[0.792s] Level 5:colcon.colcon_core.verb:set package 'oak_object_detection' build argument 'cmake_force_configure' from command line to 'False'
[0.792s] Level 5:colcon.colcon_core.verb:set package 'oak_object_detection' build argument 'ament_cmake_args' from command line to 'None'
[0.792s] Level 5:colcon.colcon_core.verb:set package 'oak_object_detection' build argument 'catkin_cmake_args' from command line to 'None'
[0.792s] Level 5:colcon.colcon_core.verb:set package 'oak_object_detection' build argument 'catkin_skip_building_tests' from command line to 'False'
[0.792s] DEBUG:colcon.colcon_core.verb:Building package 'oak_object_detection' with the following arguments: {'ament_cmake_args': None, 'build_base': '/home/robotics_lab/ros2_ws/build/oak_object_detection', 'catkin_cmake_args': None, 'catkin_skip_building_tests': False, 'cmake_args': None, 'cmake_clean_cache': False, 'cmake_clean_first': False, 'cmake_force_configure': False, 'cmake_target': None, 'cmake_target_skip_unavailable': False, 'install_base': '/home/robotics_lab/ros2_ws/install/oak_object_detection', 'merge_install': False, 'path': '/home/robotics_lab/ros2_ws/src/oak_object_detection', 'symlink_install': False, 'test_result_base': None}
[0.792s] Level 5:colcon.colcon_core.verb:set package 'rf2o_laser_odometry' build argument 'cmake_args' from command line to 'None'
[0.792s] Level 5:colcon.colcon_core.verb:set package 'rf2o_laser_odometry' build argument 'cmake_target' from command line to 'None'
[0.792s] Level 5:colcon.colcon_core.verb:set package 'rf2o_laser_odometry' build argument 'cmake_target_skip_unavailable' from command line to 'False'
[0.792s] Level 5:colcon.colcon_core.verb:set package 'rf2o_laser_odometry' build argument 'cmake_clean_cache' from command line to 'False'
[0.793s] Level 5:colcon.colcon_core.verb:set package 'rf2o_laser_odometry' build argument 'cmake_clean_first' from command line to 'False'
[0.793s] Level 5:colcon.colcon_core.verb:set package 'rf2o_laser_odometry' build argument 'cmake_force_configure' from command line to 'False'
[0.793s] Level 5:colcon.colcon_core.verb:set package 'rf2o_laser_odometry' build argument 'ament_cmake_args' from command line to 'None'
[0.793s] Level 5:colcon.colcon_core.verb:set package 'rf2o_laser_odometry' build argument 'catkin_cmake_args' from command line to 'None'
[0.793s] Level 5:colcon.colcon_core.verb:set package 'rf2o_laser_odometry' build argument 'catkin_skip_building_tests' from command line to 'False'
[0.793s] DEBUG:colcon.colcon_core.verb:Building package 'rf2o_laser_odometry' with the following arguments: {'ament_cmake_args': None, 'build_base': '/home/robotics_lab/ros2_ws/build/rf2o_laser_odometry', 'catkin_cmake_args': None, 'catkin_skip_building_tests': False, 'cmake_args': None, 'cmake_clean_cache': False, 'cmake_clean_first': False, 'cmake_force_configure': False, 'cmake_target': None, 'cmake_target_skip_unavailable': False, 'install_base': '/home/robotics_lab/ros2_ws/install/rf2o_laser_odometry', 'merge_install': False, 'path': '/home/robotics_lab/ros2_ws/src/rf2o_laser_odometry', 'symlink_install': False, 'test_result_base': None}
[0.793s] Level 5:colcon.colcon_core.verb:set package 'ros2toarduino' build argument 'cmake_args' from command line to 'None'
[0.793s] Level 5:colcon.colcon_core.verb:set package 'ros2toarduino' build argument 'cmake_target' from command line to 'None'
[0.793s] Level 5:colcon.colcon_core.verb:set package 'ros2toarduino' build argument 'cmake_target_skip_unavailable' from command line to 'False'
[0.793s] Level 5:colcon.colcon_core.verb:set package 'ros2toarduino' build argument 'cmake_clean_cache' from command line to 'False'
[0.793s] Level 5:colcon.colcon_core.verb:set package 'ros2toarduino' build argument 'cmake_clean_first' from command line to 'False'
[0.793s] Level 5:colcon.colcon_core.verb:set package 'ros2toarduino' build argument 'cmake_force_configure' from command line to 'False'
[0.793s] Level 5:colcon.colcon_core.verb:set package 'ros2toarduino' build argument 'ament_cmake_args' from command line to 'None'
[0.794s] Level 5:colcon.colcon_core.verb:set package 'ros2toarduino' build argument 'catkin_cmake_args' from command line to 'None'
[0.794s] Level 5:colcon.colcon_core.verb:set package 'ros2toarduino' build argument 'catkin_skip_building_tests' from command line to 'False'
[0.794s] DEBUG:colcon.colcon_core.verb:Building package 'ros2toarduino' with the following arguments: {'ament_cmake_args': None, 'build_base': '/home/robotics_lab/ros2_ws/build/ros2toarduino', 'catkin_cmake_args': None, 'catkin_skip_building_tests': False, 'cmake_args': None, 'cmake_clean_cache': False, 'cmake_clean_first': False, 'cmake_force_configure': False, 'cmake_target': None, 'cmake_target_skip_unavailable': False, 'install_base': '/home/robotics_lab/ros2_ws/install/ros2toarduino', 'merge_install': False, 'path': '/home/robotics_lab/ros2_ws/src/ros2toarduino', 'symlink_install': False, 'test_result_base': None}
[0.794s] Level 5:colcon.colcon_core.verb:set package 'rplidar_ros' build argument 'cmake_args' from command line to 'None'
[0.794s] Level 5:colcon.colcon_core.verb:set package 'rplidar_ros' build argument 'cmake_target' from command line to 'None'
[0.794s] Level 5:colcon.colcon_core.verb:set package 'rplidar_ros' build argument 'cmake_target_skip_unavailable' from command line to 'False'
[0.794s] Level 5:colcon.colcon_core.verb:set package 'rplidar_ros' build argument 'cmake_clean_cache' from command line to 'False'
[0.794s] Level 5:colcon.colcon_core.verb:set package 'rplidar_ros' build argument 'cmake_clean_first' from command line to 'False'
[0.794s] Level 5:colcon.colcon_core.verb:set package 'rplidar_ros' build argument 'cmake_force_configure' from command line to 'False'
[0.794s] Level 5:colcon.colcon_core.verb:set package 'rplidar_ros' build argument 'ament_cmake_args' from command line to 'None'
[0.794s] Level 5:colcon.colcon_core.verb:set package 'rplidar_ros' build argument 'catkin_cmake_args' from command line to 'None'
[0.794s] Level 5:colcon.colcon_core.verb:set package 'rplidar_ros' build argument 'catkin_skip_building_tests' from command line to 'False'
[0.794s] DEBUG:colcon.colcon_core.verb:Building package 'rplidar_ros' with the following arguments: {'ament_cmake_args': None, 'build_base': '/home/robotics_lab/ros2_ws/build/rplidar_ros', 'catkin_cmake_args': None, 'catkin_skip_building_tests': False, 'cmake_args': None, 'cmake_clean_cache': False, 'cmake_clean_first': False, 'cmake_force_configure': False, 'cmake_target': None, 'cmake_target_skip_unavailable': False, 'install_base': '/home/robotics_lab/ros2_ws/install/rplidar_ros', 'merge_install': False, 'path': '/home/robotics_lab/ros2_ws/src/rplidar_ros', 'symlink_install': False, 'test_result_base': None}
[0.795s] INFO:colcon.colcon_core.executor:Executing jobs using 'parallel' executor
[0.797s] DEBUG:colcon.colcon_parallel_executor.executor.parallel:run_until_complete
[0.797s] INFO:colcon.colcon_ros.task.ament_python.build:Building ROS package in '/home/robotics_lab/ros2_ws/src/Urdf_model_description' with build type 'ament_python'
[0.798s] Level 1:colcon.colcon_core.shell:create_environment_hook('Urdf_model_description', 'ament_prefix_path')
[0.802s] INFO:colcon.colcon_core.plugin_system:Skipping extension 'colcon_core.shell.bat': Not used on non-Windows systems
[0.802s] INFO:colcon.colcon_core.shell:Creating environment hook '/home/robotics_lab/ros2_ws/install/Urdf_model_description/share/Urdf_model_description/hook/ament_prefix_path.ps1'
[0.804s] INFO:colcon.colcon_core.shell:Creating environment descriptor '/home/robotics_lab/ros2_ws/install/Urdf_model_description/share/Urdf_model_description/hook/ament_prefix_path.dsv'
[0.804s] INFO:colcon.colcon_core.shell:Creating environment hook '/home/robotics_lab/ros2_ws/install/Urdf_model_description/share/Urdf_model_description/hook/ament_prefix_path.sh'
[0.806s] INFO:colcon.colcon_core.shell:Skip shell extension 'powershell' for command environment: Not usable outside of PowerShell
[0.806s] DEBUG:colcon.colcon_core.shell:Skip shell extension 'dsv' for command environment
[0.813s] INFO:colcon.colcon_ros.task.ament_python.build:Building ROS package in '/home/robotics_lab/ros2_ws/src/diff_drive_bridge' with build type 'ament_python'
[0.813s] Level 1:colcon.colcon_core.shell:create_environment_hook('diff_drive_bridge', 'ament_prefix_path')
[0.814s] INFO:colcon.colcon_core.shell:Creating environment hook '/home/robotics_lab/ros2_ws/install/diff_drive_bridge/share/diff_drive_bridge/hook/ament_prefix_path.ps1'
[0.815s] INFO:colcon.colcon_core.shell:Creating environment descriptor '/home/robotics_lab/ros2_ws/install/diff_drive_bridge/share/diff_drive_bridge/hook/ament_prefix_path.dsv'
[0.815s] INFO:colcon.colcon_core.shell:Creating environment hook '/home/robotics_lab/ros2_ws/install/diff_drive_bridge/share/diff_drive_bridge/hook/ament_prefix_path.sh'
[0.817s] INFO:colcon.colcon_core.shell:Skip shell extension 'powershell' for command environment: Not usable outside of PowerShell
[0.817s] DEBUG:colcon.colcon_core.shell:Skip shell extension 'dsv' for command environment
[0.823s] INFO:colcon.colcon_ros.task.ament_python.build:Building ROS package in '/home/robotics_lab/ros2_ws/src/navigation_pkg' with build type 'ament_python'
[0.823s] Level 1:colcon.colcon_core.shell:create_environment_hook('navigation_pkg', 'ament_prefix_path')
[0.824s] INFO:colcon.colcon_core.shell:Creating environment hook '/home/robotics_lab/ros2_ws/install/navigation_pkg/share/navigation_pkg/hook/ament_prefix_path.ps1'
[0.825s] INFO:colcon.colcon_core.shell:Creating environment descriptor '/home/robotics_lab/ros2_ws/install/navigation_pkg/share/navigation_pkg/hook/ament_prefix_path.dsv'
[0.826s] INFO:colcon.colcon_core.shell:Creating environment hook '/home/robotics_lab/ros2_ws/install/navigation_pkg/share/navigation_pkg/hook/ament_prefix_path.sh'
[0.827s] INFO:colcon.colcon_core.shell:Skip shell extension 'powershell' for command environment: Not usable outside of PowerShell
[0.827s] DEBUG:colcon.colcon_core.shell:Skip shell extension 'dsv' for command environment
[0.836s] INFO:colcon.colcon_ros.task.ament_python.build:Building ROS package in '/home/robotics_lab/ros2_ws/src/oak_object_detection' with build type 'ament_python'
[0.837s] Level 1:colcon.colcon_core.shell:create_environment_hook('oak_object_detection', 'ament_prefix_path')
[0.837s] INFO:colcon.colcon_core.shell:Creating environment hook '/home/robotics_lab/ros2_ws/install/oak_object_detection/share/oak_object_detection/hook/ament_prefix_path.ps1'
[0.838s] INFO:colcon.colcon_core.shell:Creating environment descriptor '/home/robotics_lab/ros2_ws/install/oak_object_detection/share/oak_object_detection/hook/ament_prefix_path.dsv'
[0.839s] INFO:colcon.colcon_core.shell:Creating environment hook '/home/robotics_lab/ros2_ws/install/oak_object_detection/share/oak_object_detection/hook/ament_prefix_path.sh'
[0.840s] INFO:colcon.colcon_core.shell:Skip shell extension 'powershell' for command environment: Not usable outside of PowerShell
[0.840s] DEBUG:colcon.colcon_core.shell:Skip shell extension 'dsv' for command environment
[0.846s] INFO:colcon.colcon_ros.task.ament_cmake.build:Building ROS package in '/home/robotics_lab/ros2_ws/src/rf2o_laser_odometry' with build type 'ament_cmake'
[0.846s] INFO:colcon.colcon_cmake.task.cmake.build:Building CMake package in '/home/robotics_lab/ros2_ws/src/rf2o_laser_odometry'
[0.847s] INFO:colcon.colcon_core.shell:Skip shell extension 'powershell' for command environment: Not usable outside of PowerShell
[0.847s] DEBUG:colcon.colcon_core.shell:Skip shell extension 'dsv' for command environment
[0.853s] INFO:colcon.colcon_ros.task.ament_python.build:Building ROS package in '/home/robotics_lab/ros2_ws/src/ros2toarduino' with build type 'ament_python'
[0.853s] Level 1:colcon.colcon_core.shell:create_environment_hook('ros2toarduino', 'ament_prefix_path')
[0.854s] INFO:colcon.colcon_core.shell:Creating environment hook '/home/robotics_lab/ros2_ws/install/ros2toarduino/share/ros2toarduino/hook/ament_prefix_path.ps1'
[0.855s] INFO:colcon.colcon_core.shell:Creating environment descriptor '/home/robotics_lab/ros2_ws/install/ros2toarduino/share/ros2toarduino/hook/ament_prefix_path.dsv'
[0.855s] INFO:colcon.colcon_core.shell:Creating environment hook '/home/robotics_lab/ros2_ws/install/ros2toarduino/share/ros2toarduino/hook/ament_prefix_path.sh'
[0.856s] INFO:colcon.colcon_core.shell:Skip shell extension 'powershell' for command environment: Not usable outside of PowerShell
[0.857s] DEBUG:colcon.colcon_core.shell:Skip shell extension 'dsv' for command environment
[1.429s] INFO:colcon.colcon_core.task.python.build:Building Python package in '/home/robotics_lab/ros2_ws/src/Urdf_model_description'
[1.430s] INFO:colcon.colcon_core.shell:Skip shell extension 'powershell' for command environment: Not usable outside of PowerShell
[1.430s] DEBUG:colcon.colcon_core.shell:Skip shell extension 'dsv' for command environment
[2.026s] INFO:colcon.colcon_core.task.python.build:Building Python package in '/home/robotics_lab/ros2_ws/src/diff_drive_bridge'
[2.027s] INFO:colcon.colcon_core.shell:Skip shell extension 'powershell' for command environment: Not usable outside of PowerShell
[2.028s] DEBUG:colcon.colcon_core.shell:Skip shell extension 'dsv' for command environment
[2.607s] INFO:colcon.colcon_core.task.python.build:Building Python package in '/home/robotics_lab/ros2_ws/src/navigation_pkg'
[2.608s] INFO:colcon.colcon_core.shell:Skip shell extension 'powershell' for command environment: Not usable outside of PowerShell
[2.609s] DEBUG:colcon.colcon_core.shell:Skip shell extension 'dsv' for command environment
[3.200s] INFO:colcon.colcon_core.task.python.build:Building Python package in '/home/robotics_lab/ros2_ws/src/oak_object_detection'
[3.200s] INFO:colcon.colcon_core.shell:Skip shell extension 'powershell' for command environment: Not usable outside of PowerShell
[3.201s] DEBUG:colcon.colcon_core.shell:Skip shell extension 'dsv' for command environment
[3.220s] DEBUG:colcon.colcon_core.event_handler.log_command:Invoking command in '/home/robotics_lab/ros2_ws/build/rf2o_laser_odometry': CMAKE_PREFIX_PATH=${CMAKE_PREFIX_PATH}:/home/robotics_lab/ros2_ws/install/ros2toarduino:/home/robotics_lab/ros2_ws/install/oak_object_detection:/home/robotics_lab/ros2_ws/install/navigation_pkg:/home/robotics_lab/ros2_ws/install/diff_drive_bridge:/home/robotics_lab/ros2_ws/install/Urdf_model_description:/opt/ros/humble /usr/bin/cmake --build /home/robotics_lab/ros2_ws/build/rf2o_laser_odometry -- -j6 -l6
[3.798s] INFO:colcon.colcon_core.task.python.build:Building Python package in '/home/robotics_lab/ros2_ws/src/ros2toarduino'
[3.799s] INFO:colcon.colcon_core.shell:Skip shell extension 'powershell' for command environment: Not usable outside of PowerShell
[3.799s] DEBUG:colcon.colcon_core.shell:Skip shell extension 'dsv' for command environment
[3.836s] DEBUG:colcon.colcon_core.event_handler.log_command:Invoked command in '/home/robotics_lab/ros2_ws/build/rf2o_laser_odometry' returned '0': CMAKE_PREFIX_PATH=${CMAKE_PREFIX_PATH}:/home/robotics_lab/ros2_ws/install/ros2toarduino:/home/robotics_lab/ros2_ws/install/oak_object_detection:/home/robotics_lab/ros2_ws/install/navigation_pkg:/home/robotics_lab/ros2_ws/install/diff_drive_bridge:/home/robotics_lab/ros2_ws/install/Urdf_model_description:/opt/ros/humble /usr/bin/cmake --build /home/robotics_lab/ros2_ws/build/rf2o_laser_odometry -- -j6 -l6
[3.857s] DEBUG:colcon.colcon_core.event_handler.log_command:Invoking command in '/home/robotics_lab/ros2_ws/build/rf2o_laser_odometry': CMAKE_PREFIX_PATH=${CMAKE_PREFIX_PATH}:/home/robotics_lab/ros2_ws/install/ros2toarduino:/home/robotics_lab/ros2_ws/install/oak_object_detection:/home/robotics_lab/ros2_ws/install/navigation_pkg:/home/robotics_lab/ros2_ws/install/diff_drive_bridge:/home/robotics_lab/ros2_ws/install/Urdf_model_description:/opt/ros/humble /usr/bin/cmake --install /home/robotics_lab/ros2_ws/build/rf2o_laser_odometry
[3.902s] Level 1:colcon.colcon_core.environment:create_environment_scripts_only(rf2o_laser_odometry)
[3.903s] DEBUG:colcon.colcon_core.event_handler.log_command:Invoked command in '/home/robotics_lab/ros2_ws/build/rf2o_laser_odometry' returned '0': CMAKE_PREFIX_PATH=${CMAKE_PREFIX_PATH}:/home/robotics_lab/ros2_ws/install/ros2toarduino:/home/robotics_lab/ros2_ws/install/oak_object_detection:/home/robotics_lab/ros2_ws/install/navigation_pkg:/home/robotics_lab/ros2_ws/install/diff_drive_bridge:/home/robotics_lab/ros2_ws/install/Urdf_model_description:/opt/ros/humble /usr/bin/cmake --install /home/robotics_lab/ros2_ws/build/rf2o_laser_odometry
[3.908s] Level 1:colcon.colcon_core.environment:checking '/home/robotics_lab/ros2_ws/install/rf2o_laser_odometry' for CMake module files
[3.910s] Level 1:colcon.colcon_core.environment:checking '/home/robotics_lab/ros2_ws/install/rf2o_laser_odometry' for CMake config files
[3.911s] Level 1:colcon.colcon_core.shell:create_environment_hook('rf2o_laser_odometry', 'cmake_prefix_path')
[3.912s] INFO:colcon.colcon_core.shell:Creating environment hook '/home/robotics_lab/ros2_ws/install/rf2o_laser_odometry/share/rf2o_laser_odometry/hook/cmake_prefix_path.ps1'
[3.913s] INFO:colcon.colcon_core.shell:Creating environment descriptor '/home/robotics_lab/ros2_ws/install/rf2o_laser_odometry/share/rf2o_laser_odometry/hook/cmake_prefix_path.dsv'
[3.914s] INFO:colcon.colcon_core.shell:Creating environment hook '/home/robotics_lab/ros2_ws/install/rf2o_laser_odometry/share/rf2o_laser_odometry/hook/cmake_prefix_path.sh'
[3.916s] Level 1:colcon.colcon_core.environment:checking '/home/robotics_lab/ros2_ws/install/rf2o_laser_odometry/lib'
[3.917s] Level 1:colcon.colcon_core.environment:checking '/home/robotics_lab/ros2_ws/install/rf2o_laser_odometry/bin'
[3.917s] Level 1:colcon.colcon_core.environment:checking '/home/robotics_lab/ros2_ws/install/rf2o_laser_odometry/lib/pkgconfig/rf2o_laser_odometry.pc'
[3.917s] Level 1:colcon.colcon_core.environment:checking '/home/robotics_lab/ros2_ws/install/rf2o_laser_odometry/lib/python3.10/site-packages'
[3.918s] Level 1:colcon.colcon_core.environment:checking '/home/robotics_lab/ros2_ws/install/rf2o_laser_odometry/bin'
[3.919s] INFO:colcon.colcon_core.shell:Creating package script '/home/robotics_lab/ros2_ws/install/rf2o_laser_odometry/share/rf2o_laser_odometry/package.ps1'
[3.921s] INFO:colcon.colcon_core.shell:Creating package descriptor '/home/robotics_lab/ros2_ws/install/rf2o_laser_odometry/share/rf2o_laser_odometry/package.dsv'
[3.923s] INFO:colcon.colcon_core.shell:Creating package script '/home/robotics_lab/ros2_ws/install/rf2o_laser_odometry/share/rf2o_laser_odometry/package.sh'
[3.925s] INFO:colcon.colcon_core.shell:Creating package script '/home/robotics_lab/ros2_ws/install/rf2o_laser_odometry/share/rf2o_laser_odometry/package.bash'
[3.926s] INFO:colcon.colcon_core.shell:Creating package script '/home/robotics_lab/ros2_ws/install/rf2o_laser_odometry/share/rf2o_laser_odometry/package.zsh'
[3.928s] Level 1:colcon.colcon_core.environment:create_file_with_runtime_dependencies(/home/robotics_lab/ros2_ws/install/rf2o_laser_odometry/share/colcon-core/packages/rf2o_laser_odometry)
[3.929s] Level 1:colcon.colcon_core.environment:create_environment_scripts_only(rf2o_laser_odometry)
[3.930s] Level 1:colcon.colcon_core.environment:checking '/home/robotics_lab/ros2_ws/install/rf2o_laser_odometry' for CMake module files
[3.930s] Level 1:colcon.colcon_core.environment:checking '/home/robotics_lab/ros2_ws/install/rf2o_laser_odometry' for CMake config files
[3.931s] Level 1:colcon.colcon_core.shell:create_environment_hook('rf2o_laser_odometry', 'cmake_prefix_path')
[3.931s] INFO:colcon.colcon_core.shell:Creating environment hook '/home/robotics_lab/ros2_ws/install/rf2o_laser_odometry/share/rf2o_laser_odometry/hook/cmake_prefix_path.ps1'
[3.933s] INFO:colcon.colcon_core.shell:Creating environment descriptor '/home/robotics_lab/ros2_ws/install/rf2o_laser_odometry/share/rf2o_laser_odometry/hook/cmake_prefix_path.dsv'
[3.933s] INFO:colcon.colcon_core.shell:Creating environment hook '/home/robotics_lab/ros2_ws/install/rf2o_laser_odometry/share/rf2o_laser_odometry/hook/cmake_prefix_path.sh'
[3.935s] Level 1:colcon.colcon_core.environment:checking '/home/robotics_lab/ros2_ws/install/rf2o_laser_odometry/lib'
[3.935s] Level 1:colcon.colcon_core.environment:checking '/home/robotics_lab/ros2_ws/install/rf2o_laser_odometry/bin'
[3.935s] Level 1:colcon.colcon_core.environment:checking '/home/robotics_lab/ros2_ws/install/rf2o_laser_odometry/lib/pkgconfig/rf2o_laser_odometry.pc'
[3.935s] Level 1:colcon.colcon_core.environment:checking '/home/robotics_lab/ros2_ws/install/rf2o_laser_odometry/lib/python3.10/site-packages'
[3.936s] Level 1:colcon.colcon_core.environment:checking '/home/robotics_lab/ros2_ws/install/rf2o_laser_odometry/bin'
[3.937s] INFO:colcon.colcon_core.shell:Creating package script '/home/robotics_lab/ros2_ws/install/rf2o_laser_odometry/share/rf2o_laser_odometry/package.ps1'
[3.939s] INFO:colcon.colcon_core.shell:Creating package descriptor '/home/robotics_lab/ros2_ws/install/rf2o_laser_odometry/share/rf2o_laser_odometry/package.dsv'
[3.940s] INFO:colcon.colcon_core.shell:Creating package script '/home/robotics_lab/ros2_ws/install/rf2o_laser_odometry/share/rf2o_laser_odometry/package.sh'
[3.941s] INFO:colcon.colcon_core.shell:Creating package script '/home/robotics_lab/ros2_ws/install/rf2o_laser_odometry/share/rf2o_laser_odometry/package.bash'
[3.942s] INFO:colcon.colcon_core.shell:Creating package script '/home/robotics_lab/ros2_ws/install/rf2o_laser_odometry/share/rf2o_laser_odometry/package.zsh'
[3.943s] Level 1:colcon.colcon_core.environment:create_file_with_runtime_dependencies(/home/robotics_lab/ros2_ws/install/rf2o_laser_odometry/share/colcon-core/packages/rf2o_laser_odometry)
[3.953s] INFO:colcon.colcon_ros.task.ament_cmake.build:Building ROS package in '/home/robotics_lab/ros2_ws/src/rplidar_ros' with build type 'ament_cmake'
[3.953s] INFO:colcon.colcon_cmake.task.cmake.build:Building CMake package in '/home/robotics_lab/ros2_ws/src/rplidar_ros'
[3.954s] INFO:colcon.colcon_core.shell:Skip shell extension 'powershell' for command environment: Not usable outside of PowerShell
[3.954s] DEBUG:colcon.colcon_core.shell:Skip shell extension 'dsv' for command environment
[3.974s] DEBUG:colcon.colcon_core.event_handler.log_command:Invoking command in '/home/robotics_lab/ros2_ws/build/rplidar_ros': CMAKE_PREFIX_PATH=${CMAKE_PREFIX_PATH}:/home/robotics_lab/ros2_ws/install/ros2toarduino:/home/robotics_lab/ros2_ws/install/oak_object_detection:/home/robotics_lab/ros2_ws/install/navigation_pkg:/home/robotics_lab/ros2_ws/install/diff_drive_bridge:/home/robotics_lab/ros2_ws/install/Urdf_model_description:/opt/ros/humble /usr/bin/cmake --build /home/robotics_lab/ros2_ws/build/rplidar_ros -- -j6 -l6
[4.239s] DEBUG:colcon.colcon_core.event_handler.log_command:Invoked command in '/home/robotics_lab/ros2_ws/build/rplidar_ros' returned '0': CMAKE_PREFIX_PATH=${CMAKE_PREFIX_PATH}:/home/robotics_lab/ros2_ws/install/ros2toarduino:/home/robotics_lab/ros2_ws/install/oak_object_detection:/home/robotics_lab/ros2_ws/install/navigation_pkg:/home/robotics_lab/ros2_ws/install/diff_drive_bridge:/home/robotics_lab/ros2_ws/install/Urdf_model_description:/opt/ros/humble /usr/bin/cmake --build /home/robotics_lab/ros2_ws/build/rplidar_ros -- -j6 -l6
[4.240s] DEBUG:colcon.colcon_core.event_handler.log_command:Invoking command in '/home/robotics_lab/ros2_ws/build/rplidar_ros': CMAKE_PREFIX_PATH=${CMAKE_PREFIX_PATH}:/home/robotics_lab/ros2_ws/install/ros2toarduino:/home/robotics_lab/ros2_ws/install/oak_object_detection:/home/robotics_lab/ros2_ws/install/navigation_pkg:/home/robotics_lab/ros2_ws/install/diff_drive_bridge:/home/robotics_lab/ros2_ws/install/Urdf_model_description:/opt/ros/humble /usr/bin/cmake --install /home/robotics_lab/ros2_ws/build/rplidar_ros
[4.295s] Level 1:colcon.colcon_core.environment:create_environment_scripts_only(rplidar_ros)
[4.296s] Level 1:colcon.colcon_core.environment:checking '/home/robotics_lab/ros2_ws/install/rplidar_ros' for CMake module files
[4.297s] Level 1:colcon.colcon_core.environment:checking '/home/robotics_lab/ros2_ws/install/rplidar_ros' for CMake config files
[4.299s] DEBUG:colcon.colcon_core.event_handler.log_command:Invoked command in '/home/robotics_lab/ros2_ws/build/rplidar_ros' returned '0': CMAKE_PREFIX_PATH=${CMAKE_PREFIX_PATH}:/home/robotics_lab/ros2_ws/install/ros2toarduino:/home/robotics_lab/ros2_ws/install/oak_object_detection:/home/robotics_lab/ros2_ws/install/navigation_pkg:/home/robotics_lab/ros2_ws/install/diff_drive_bridge:/home/robotics_lab/ros2_ws/install/Urdf_model_description:/opt/ros/humble /usr/bin/cmake --install /home/robotics_lab/ros2_ws/build/rplidar_ros
[4.300s] Level 1:colcon.colcon_core.shell:create_environment_hook('rplidar_ros', 'cmake_prefix_path')
[4.301s] INFO:colcon.colcon_core.shell:Creating environment hook '/home/robotics_lab/ros2_ws/install/rplidar_ros/share/rplidar_ros/hook/cmake_prefix_path.ps1'
[4.302s] INFO:colcon.colcon_core.shell:Creating environment descriptor '/home/robotics_lab/ros2_ws/install/rplidar_ros/share/rplidar_ros/hook/cmake_prefix_path.dsv'
[4.303s] INFO:colcon.colcon_core.shell:Creating environment hook '/home/robotics_lab/ros2_ws/install/rplidar_ros/share/rplidar_ros/hook/cmake_prefix_path.sh'
[4.305s] Level 1:colcon.colcon_core.environment:checking '/home/robotics_lab/ros2_ws/install/rplidar_ros/lib'
[4.305s] Level 1:colcon.colcon_core.environment:checking '/home/robotics_lab/ros2_ws/install/rplidar_ros/bin'
[4.305s] Level 1:colcon.colcon_core.environment:checking '/home/robotics_lab/ros2_ws/install/rplidar_ros/lib/pkgconfig/rplidar_ros.pc'
[4.305s] Level 1:colcon.colcon_core.environment:checking '/home/robotics_lab/ros2_ws/install/rplidar_ros/lib/python3.10/site-packages'
[4.306s] Level 1:colcon.colcon_core.environment:checking '/home/robotics_lab/ros2_ws/install/rplidar_ros/bin'
[4.307s] INFO:colcon.colcon_core.shell:Creating package script '/home/robotics_lab/ros2_ws/install/rplidar_ros/share/rplidar_ros/package.ps1'
[4.308s] INFO:colcon.colcon_core.shell:Creating package descriptor '/home/robotics_lab/ros2_ws/install/rplidar_ros/share/rplidar_ros/package.dsv'
[4.309s] INFO:colcon.colcon_core.shell:Creating package script '/home/robotics_lab/ros2_ws/install/rplidar_ros/share/rplidar_ros/package.sh'
[4.310s] INFO:colcon.colcon_core.shell:Creating package script '/home/robotics_lab/ros2_ws/install/rplidar_ros/share/rplidar_ros/package.bash'
[4.311s] INFO:colcon.colcon_core.shell:Creating package script '/home/robotics_lab/ros2_ws/install/rplidar_ros/share/rplidar_ros/package.zsh'
[4.312s] Level 1:colcon.colcon_core.environment:create_file_with_runtime_dependencies(/home/robotics_lab/ros2_ws/install/rplidar_ros/share/colcon-core/packages/rplidar_ros)
[4.313s] Level 1:colcon.colcon_core.environment:create_environment_scripts_only(rplidar_ros)
[4.314s] Level 1:colcon.colcon_core.environment:checking '/home/robotics_lab/ros2_ws/install/rplidar_ros' for CMake module files
[4.315s] Level 1:colcon.colcon_core.environment:checking '/home/robotics_lab/ros2_ws/install/rplidar_ros' for CMake config files
[4.315s] Level 1:colcon.colcon_core.shell:create_environment_hook('rplidar_ros', 'cmake_prefix_path')
[4.316s] INFO:colcon.colcon_core.shell:Creating environment hook '/home/robotics_lab/ros2_ws/install/rplidar_ros/share/rplidar_ros/hook/cmake_prefix_path.ps1'
[4.317s] INFO:colcon.colcon_core.shell:Creating environment descriptor '/home/robotics_lab/ros2_ws/install/rplidar_ros/share/rplidar_ros/hook/cmake_prefix_path.dsv'
[4.318s] INFO:colcon.colcon_core.shell:Creating environment hook '/home/robotics_lab/ros2_ws/install/rplidar_ros/share/rplidar_ros/hook/cmake_prefix_path.sh'
[4.320s] Level 1:colcon.colcon_core.environment:checking '/home/robotics_lab/ros2_ws/install/rplidar_ros/lib'
[4.320s] Level 1:colcon.colcon_core.environment:checking '/home/robotics_lab/ros2_ws/install/rplidar_ros/bin'
[4.320s] Level 1:colcon.colcon_core.environment:checking '/home/robotics_lab/ros2_ws/install/rplidar_ros/lib/pkgconfig/rplidar_ros.pc'
[4.320s] Level 1:colcon.colcon_core.environment:checking '/home/robotics_lab/ros2_ws/install/rplidar_ros/lib/python3.10/site-packages'
[4.321s] Level 1:colcon.colcon_core.environment:checking '/home/robotics_lab/ros2_ws/install/rplidar_ros/bin'
[4.322s] INFO:colcon.colcon_core.shell:Creating package script '/home/robotics_lab/ros2_ws/install/rplidar_ros/share/rplidar_ros/package.ps1'
[4.323s] INFO:colcon.colcon_core.shell:Creating package descriptor '/home/robotics_lab/ros2_ws/install/rplidar_ros/share/rplidar_ros/package.dsv'
[4.324s] INFO:colcon.colcon_core.shell:Creating package script '/home/robotics_lab/ros2_ws/install/rplidar_ros/share/rplidar_ros/package.sh'
[4.325s] INFO:colcon.colcon_core.shell:Creating package script '/home/robotics_lab/ros2_ws/install/rplidar_ros/share/rplidar_ros/package.bash'
[4.326s] INFO:colcon.colcon_core.shell:Creating package script '/home/robotics_lab/ros2_ws/install/rplidar_ros/share/rplidar_ros/package.zsh'
[4.327s] Level 1:colcon.colcon_core.environment:create_file_with_runtime_dependencies(/home/robotics_lab/ros2_ws/install/rplidar_ros/share/colcon-core/packages/rplidar_ros)
[4.812s] DEBUG:colcon.colcon_core.event_handler.log_command:Invoking command in '/home/robotics_lab/ros2_ws/src/navigation_pkg': PYTHONPATH=/home/robotics_lab/ros2_ws/build/navigation_pkg/prefix_override:/usr/lib/python3/dist-packages/colcon_core/task/python/colcon_distutils_commands:/home/robotics_lab/ros2_ws/install/navigation_pkg/lib/python3.10/site-packages:${PYTHONPATH} /usr/bin/python3 -W ignore:setup.py install is deprecated -W ignore:easy_install command is deprecated setup.py egg_info --egg-base ../../build/navigation_pkg build --build-base /home/robotics_lab/ros2_ws/build/navigation_pkg/build install --record /home/robotics_lab/ros2_ws/build/navigation_pkg/install.log --single-version-externally-managed install_data
[4.820s] DEBUG:colcon.colcon_core.event_handler.log_command:Invoking command in '/home/robotics_lab/ros2_ws/src/Urdf_model_description': PYTHONPATH=/home/robotics_lab/ros2_ws/build/Urdf_model_description/prefix_override:/usr/lib/python3/dist-packages/colcon_core/task/python/colcon_distutils_commands:/home/robotics_lab/ros2_ws/install/Urdf_model_description/lib/python3.10/site-packages:${PYTHONPATH} /usr/bin/python3 -W ignore:setup.py install is deprecated -W ignore:easy_install command is deprecated setup.py egg_info --egg-base ../../build/Urdf_model_description build --build-base /home/robotics_lab/ros2_ws/build/Urdf_model_description/build install --record /home/robotics_lab/ros2_ws/build/Urdf_model_description/install.log --install-scripts $base/lib/Urdf_model_description --single-version-externally-managed install_data
[4.855s] DEBUG:colcon.colcon_core.event_handler.log_command:Invoking command in '/home/robotics_lab/ros2_ws/src/ros2toarduino': PYTHONPATH=/home/robotics_lab/ros2_ws/build/ros2toarduino/prefix_override:/usr/lib/python3/dist-packages/colcon_core/task/python/colcon_distutils_commands:/home/robotics_lab/ros2_ws/install/ros2toarduino/lib/python3.10/site-packages:${PYTHONPATH} /usr/bin/python3 -W ignore:setup.py install is deprecated -W ignore:easy_install command is deprecated setup.py egg_info --egg-base ../../build/ros2toarduino build --build-base /home/robotics_lab/ros2_ws/build/ros2toarduino/build install --record /home/robotics_lab/ros2_ws/build/ros2toarduino/install.log --single-version-externally-managed install_data
[4.865s] DEBUG:colcon.colcon_core.event_handler.log_command:Invoking command in '/home/robotics_lab/ros2_ws/src/diff_drive_bridge': PYTHONPATH=/home/robotics_lab/ros2_ws/build/diff_drive_bridge/prefix_override:/usr/lib/python3/dist-packages/colcon_core/task/python/colcon_distutils_commands:/home/robotics_lab/ros2_ws/install/diff_drive_bridge/lib/python3.10/site-packages:${PYTHONPATH} /usr/bin/python3 -W ignore:setup.py install is deprecated -W ignore:easy_install command is deprecated setup.py egg_info --egg-base ../../build/diff_drive_bridge build --build-base /home/robotics_lab/ros2_ws/build/diff_drive_bridge/build install --record /home/robotics_lab/ros2_ws/build/diff_drive_bridge/install.log --single-version-externally-managed install_data
[4.871s] DEBUG:colcon.colcon_core.event_handler.log_command:Invoking command in '/home/robotics_lab/ros2_ws/src/oak_object_detection': PYTHONPATH=/home/robotics_lab/ros2_ws/build/oak_object_detection/prefix_override:/usr/lib/python3/dist-packages/colcon_core/task/python/colcon_distutils_commands:/home/robotics_lab/ros2_ws/install/oak_object_detection/lib/python3.10/site-packages:${PYTHONPATH} /usr/bin/python3 -W ignore:setup.py install is deprecated -W ignore:easy_install command is deprecated setup.py egg_info --egg-base ../../build/oak_object_detection build --build-base /home/robotics_lab/ros2_ws/build/oak_object_detection/build install --record /home/robotics_lab/ros2_ws/build/oak_object_detection/install.log --single-version-externally-managed install_data
[5.494s] Level 1:colcon.colcon_core.environment:checking '/home/robotics_lab/ros2_ws/install/navigation_pkg' for CMake module files
[5.496s] DEBUG:colcon.colcon_core.event_handler.log_command:Invoked command in '/home/robotics_lab/ros2_ws/src/navigation_pkg' returned '0': PYTHONPATH=/home/robotics_lab/ros2_ws/build/navigation_pkg/prefix_override:/usr/lib/python3/dist-packages/colcon_core/task/python/colcon_distutils_commands:/home/robotics_lab/ros2_ws/install/navigation_pkg/lib/python3.10/site-packages:${PYTHONPATH} /usr/bin/python3 -W ignore:setup.py install is deprecated -W ignore:easy_install command is deprecated setup.py egg_info --egg-base ../../build/navigation_pkg build --build-base /home/robotics_lab/ros2_ws/build/navigation_pkg/build install --record /home/robotics_lab/ros2_ws/build/navigation_pkg/install.log --single-version-externally-managed install_data
[5.496s] Level 1:colcon.colcon_core.environment:checking '/home/robotics_lab/ros2_ws/install/navigation_pkg' for CMake config files
[5.498s] Level 1:colcon.colcon_core.environment:checking '/home/robotics_lab/ros2_ws/install/navigation_pkg/lib'
[5.500s] Level 1:colcon.colcon_core.environment:checking '/home/robotics_lab/ros2_ws/install/navigation_pkg/bin'
[5.500s] Level 1:colcon.colcon_core.environment:checking '/home/robotics_lab/ros2_ws/install/navigation_pkg/lib/pkgconfig/navigation_pkg.pc'
[5.501s] Level 1:colcon.colcon_core.environment:checking '/home/robotics_lab/ros2_ws/install/navigation_pkg/lib/python3.10/site-packages'
[5.501s] Level 1:colcon.colcon_core.shell:create_environment_hook('navigation_pkg', 'pythonpath')
[5.502s] INFO:colcon.colcon_core.shell:Creating environment hook '/home/robotics_lab/ros2_ws/install/navigation_pkg/share/navigation_pkg/hook/pythonpath.ps1'
[5.503s] INFO:colcon.colcon_core.shell:Creating environment descriptor '/home/robotics_lab/ros2_ws/install/navigation_pkg/share/navigation_pkg/hook/pythonpath.dsv'
[5.505s] INFO:colcon.colcon_core.shell:Creating environment hook '/home/robotics_lab/ros2_ws/install/navigation_pkg/share/navigation_pkg/hook/pythonpath.sh'
[5.507s] Level 1:colcon.colcon_core.environment:checking '/home/robotics_lab/ros2_ws/install/navigation_pkg/bin'
[5.507s] Level 1:colcon.colcon_core.environment:create_environment_scripts_only(navigation_pkg)
[5.508s] INFO:colcon.colcon_core.shell:Creating package script '/home/robotics_lab/ros2_ws/install/navigation_pkg/share/navigation_pkg/package.ps1'
[5.510s] INFO:colcon.colcon_core.shell:Creating package descriptor '/home/robotics_lab/ros2_ws/install/navigation_pkg/share/navigation_pkg/package.dsv'
[5.511s] INFO:colcon.colcon_core.shell:Creating package script '/home/robotics_lab/ros2_ws/install/navigation_pkg/share/navigation_pkg/package.sh'
[5.512s] INFO:colcon.colcon_core.shell:Creating package script '/home/robotics_lab/ros2_ws/install/navigation_pkg/share/navigation_pkg/package.bash'
[5.513s] INFO:colcon.colcon_core.shell:Creating package script '/home/robotics_lab/ros2_ws/install/navigation_pkg/share/navigation_pkg/package.zsh'
[5.514s] Level 1:colcon.colcon_core.environment:create_file_with_runtime_dependencies(/home/robotics_lab/ros2_ws/install/navigation_pkg/share/colcon-core/packages/navigation_pkg)
[5.547s] Level 1:colcon.colcon_core.environment:checking '/home/robotics_lab/ros2_ws/install/Urdf_model_description' for CMake module files
[5.549s] DEBUG:colcon.colcon_core.event_handler.log_command:Invoked command in '/home/robotics_lab/ros2_ws/src/Urdf_model_description' returned '0': PYTHONPATH=/home/robotics_lab/ros2_ws/build/Urdf_model_description/prefix_override:/usr/lib/python3/dist-packages/colcon_core/task/python/colcon_distutils_commands:/home/robotics_lab/ros2_ws/install/Urdf_model_description/lib/python3.10/site-packages:${PYTHONPATH} /usr/bin/python3 -W ignore:setup.py install is deprecated -W ignore:easy_install command is deprecated setup.py egg_info --egg-base ../../build/Urdf_model_description build --build-base /home/robotics_lab/ros2_ws/build/Urdf_model_description/build install --record /home/robotics_lab/ros2_ws/build/Urdf_model_description/install.log --install-scripts $base/lib/Urdf_model_description --single-version-externally-managed install_data
[5.550s] Level 1:colcon.colcon_core.environment:checking '/home/robotics_lab/ros2_ws/install/Urdf_model_description' for CMake config files
[5.551s] Level 1:colcon.colcon_core.environment:checking '/home/robotics_lab/ros2_ws/install/Urdf_model_description/lib'
[5.551s] Level 1:colcon.colcon_core.environment:checking '/home/robotics_lab/ros2_ws/install/Urdf_model_description/bin'
[5.551s] Level 1:colcon.colcon_core.environment:checking '/home/robotics_lab/ros2_ws/install/Urdf_model_description/lib/pkgconfig/Urdf_model_description.pc'
[5.552s] Level 1:colcon.colcon_core.environment:checking '/home/robotics_lab/ros2_ws/install/Urdf_model_description/lib/python3.10/site-packages'
[5.552s] Level 1:colcon.colcon_core.shell:create_environment_hook('Urdf_model_description', 'pythonpath')
[5.553s] INFO:colcon.colcon_core.shell:Creating environment hook '/home/robotics_lab/ros2_ws/install/Urdf_model_description/share/Urdf_model_description/hook/pythonpath.ps1'
[5.554s] INFO:colcon.colcon_core.shell:Creating environment descriptor '/home/robotics_lab/ros2_ws/install/Urdf_model_description/share/Urdf_model_description/hook/pythonpath.dsv'
[5.556s] INFO:colcon.colcon_core.shell:Creating environment hook '/home/robotics_lab/ros2_ws/install/Urdf_model_description/share/Urdf_model_description/hook/pythonpath.sh'
[5.558s] Level 1:colcon.colcon_core.environment:checking '/home/robotics_lab/ros2_ws/install/Urdf_model_description/bin'
[5.558s] Level 1:colcon.colcon_core.environment:create_environment_scripts_only(Urdf_model_description)
[5.559s] INFO:colcon.colcon_core.shell:Creating package script '/home/robotics_lab/ros2_ws/install/Urdf_model_description/share/Urdf_model_description/package.ps1'
[5.560s] INFO:colcon.colcon_core.shell:Creating package descriptor '/home/robotics_lab/ros2_ws/install/Urdf_model_description/share/Urdf_model_description/package.dsv'
[5.562s] INFO:colcon.colcon_core.shell:Creating package script '/home/robotics_lab/ros2_ws/install/Urdf_model_description/share/Urdf_model_description/package.sh'
[5.563s] INFO:colcon.colcon_core.shell:Creating package script '/home/robotics_lab/ros2_ws/install/Urdf_model_description/share/Urdf_model_description/package.bash'
[5.564s] INFO:colcon.colcon_core.shell:Creating package script '/home/robotics_lab/ros2_ws/install/Urdf_model_description/share/Urdf_model_description/package.zsh'
[5.565s] Level 1:colcon.colcon_core.environment:create_file_with_runtime_dependencies(/home/robotics_lab/ros2_ws/install/Urdf_model_description/share/colcon-core/packages/Urdf_model_description)
[5.567s] Level 1:colcon.colcon_core.environment:checking '/home/robotics_lab/ros2_ws/install/oak_object_detection' for CMake module files
[5.569s] DEBUG:colcon.colcon_core.event_handler.log_command:Invoked command in '/home/robotics_lab/ros2_ws/src/oak_object_detection' returned '0': PYTHONPATH=/home/robotics_lab/ros2_ws/build/oak_object_detection/prefix_override:/usr/lib/python3/dist-packages/colcon_core/task/python/colcon_distutils_commands:/home/robotics_lab/ros2_ws/install/oak_object_detection/lib/python3.10/site-packages:${PYTHONPATH} /usr/bin/python3 -W ignore:setup.py install is deprecated -W ignore:easy_install command is deprecated setup.py egg_info --egg-base ../../build/oak_object_detection build --build-base /home/robotics_lab/ros2_ws/build/oak_object_detection/build install --record /home/robotics_lab/ros2_ws/build/oak_object_detection/install.log --single-version-externally-managed install_data
[5.569s] Level 1:colcon.colcon_core.environment:checking '/home/robotics_lab/ros2_ws/install/oak_object_detection' for CMake config files
[5.570s] Level 1:colcon.colcon_core.environment:checking '/home/robotics_lab/ros2_ws/install/oak_object_detection/lib'
[5.571s] Level 1:colcon.colcon_core.environment:checking '/home/robotics_lab/ros2_ws/install/oak_object_detection/bin'
[5.571s] Level 1:colcon.colcon_core.environment:checking '/home/robotics_lab/ros2_ws/install/oak_object_detection/lib/pkgconfig/oak_object_detection.pc'
[5.571s] Level 1:colcon.colcon_core.environment:checking '/home/robotics_lab/ros2_ws/install/oak_object_detection/lib/python3.10/site-packages'
[5.571s] Level 1:colcon.colcon_core.shell:create_environment_hook('oak_object_detection', 'pythonpath')
[5.572s] INFO:colcon.colcon_core.shell:Creating environment hook '/home/robotics_lab/ros2_ws/install/oak_object_detection/share/oak_object_detection/hook/pythonpath.ps1'
[5.573s] INFO:colcon.colcon_core.shell:Creating environment descriptor '/home/robotics_lab/ros2_ws/install/oak_object_detection/share/oak_object_detection/hook/pythonpath.dsv'
[5.573s] INFO:colcon.colcon_core.shell:Creating environment hook '/home/robotics_lab/ros2_ws/install/oak_object_detection/share/oak_object_detection/hook/pythonpath.sh'
[5.575s] Level 1:colcon.colcon_core.environment:checking '/home/robotics_lab/ros2_ws/install/oak_object_detection/bin'
[5.575s] Level 1:colcon.colcon_core.environment:create_environment_scripts_only(oak_object_detection)
[5.576s] INFO:colcon.colcon_core.shell:Creating package script '/home/robotics_lab/ros2_ws/install/oak_object_detection/share/oak_object_detection/package.ps1'
[5.578s] INFO:colcon.colcon_core.shell:Creating package descriptor '/home/robotics_lab/ros2_ws/install/oak_object_detection/share/oak_object_detection/package.dsv'
[5.581s] INFO:colcon.colcon_core.shell:Creating package script '/home/robotics_lab/ros2_ws/install/oak_object_detection/share/oak_object_detection/package.sh'
[5.582s] INFO:colcon.colcon_core.shell:Creating package script '/home/robotics_lab/ros2_ws/install/oak_object_detection/share/oak_object_detection/package.bash'
[5.583s] INFO:colcon.colcon_core.shell:Creating package script '/home/robotics_lab/ros2_ws/install/oak_object_detection/share/oak_object_detection/package.zsh'
[5.584s] Level 1:colcon.colcon_core.environment:create_file_with_runtime_dependencies(/home/robotics_lab/ros2_ws/install/oak_object_detection/share/colcon-core/packages/oak_object_detection)
[5.588s] Level 1:colcon.colcon_core.environment:checking '/home/robotics_lab/ros2_ws/install/ros2toarduino' for CMake module files
[5.589s] DEBUG:colcon.colcon_core.event_handler.log_command:Invoked command in '/home/robotics_lab/ros2_ws/src/ros2toarduino' returned '0': PYTHONPATH=/home/robotics_lab/ros2_ws/build/ros2toarduino/prefix_override:/usr/lib/python3/dist-packages/colcon_core/task/python/colcon_distutils_commands:/home/robotics_lab/ros2_ws/install/ros2toarduino/lib/python3.10/site-packages:${PYTHONPATH} /usr/bin/python3 -W ignore:setup.py install is deprecated -W ignore:easy_install command is deprecated setup.py egg_info --egg-base ../../build/ros2toarduino build --build-base /home/robotics_lab/ros2_ws/build/ros2toarduino/build install --record /home/robotics_lab/ros2_ws/build/ros2toarduino/install.log --single-version-externally-managed install_data
[5.590s] Level 1:colcon.colcon_core.environment:checking '/home/robotics_lab/ros2_ws/install/ros2toarduino' for CMake config files
[5.591s] Level 1:colcon.colcon_core.environment:checking '/home/robotics_lab/ros2_ws/install/ros2toarduino/lib'
[5.591s] Level 1:colcon.colcon_core.environment:checking '/home/robotics_lab/ros2_ws/install/ros2toarduino/bin'
[5.591s] Level 1:colcon.colcon_core.environment:checking '/home/robotics_lab/ros2_ws/install/ros2toarduino/lib/pkgconfig/ros2toarduino.pc'
[5.592s] Level 1:colcon.colcon_core.environment:checking '/home/robotics_lab/ros2_ws/install/ros2toarduino/lib/python3.10/site-packages'
[5.592s] Level 1:colcon.colcon_core.shell:create_environment_hook('ros2toarduino', 'pythonpath')
[5.592s] INFO:colcon.colcon_core.shell:Creating environment hook '/home/robotics_lab/ros2_ws/install/ros2toarduino/share/ros2toarduino/hook/pythonpath.ps1'
[5.593s] INFO:colcon.colcon_core.shell:Creating environment descriptor '/home/robotics_lab/ros2_ws/install/ros2toarduino/share/ros2toarduino/hook/pythonpath.dsv'
[5.595s] INFO:colcon.colcon_core.shell:Creating environment hook '/home/robotics_lab/ros2_ws/install/ros2toarduino/share/ros2toarduino/hook/pythonpath.sh'
[5.596s] Level 1:colcon.colcon_core.environment:checking '/home/robotics_lab/ros2_ws/install/ros2toarduino/bin'
[5.596s] Level 1:colcon.colcon_core.environment:create_environment_scripts_only(ros2toarduino)
[5.597s] INFO:colcon.colcon_core.shell:Creating package script '/home/robotics_lab/ros2_ws/install/ros2toarduino/share/ros2toarduino/package.ps1'
[5.598s] INFO:colcon.colcon_core.shell:Creating package descriptor '/home/robotics_lab/ros2_ws/install/ros2toarduino/share/ros2toarduino/package.dsv'
[5.600s] INFO:colcon.colcon_core.shell:Creating package script '/home/robotics_lab/ros2_ws/install/ros2toarduino/share/ros2toarduino/package.sh'
[5.601s] INFO:colcon.colcon_core.shell:Creating package script '/home/robotics_lab/ros2_ws/install/ros2toarduino/share/ros2toarduino/package.bash'
[5.601s] INFO:colcon.colcon_core.shell:Creating package script '/home/robotics_lab/ros2_ws/install/ros2toarduino/share/ros2toarduino/package.zsh'
[5.602s] Level 1:colcon.colcon_core.environment:create_file_with_runtime_dependencies(/home/robotics_lab/ros2_ws/install/ros2toarduino/share/colcon-core/packages/ros2toarduino)
[5.603s] Level 1:colcon.colcon_core.environment:checking '/home/robotics_lab/ros2_ws/install/diff_drive_bridge' for CMake module files
[5.605s] DEBUG:colcon.colcon_core.event_handler.log_command:Invoked command in '/home/robotics_lab/ros2_ws/src/diff_drive_bridge' returned '0': PYTHONPATH=/home/robotics_lab/ros2_ws/build/diff_drive_bridge/prefix_override:/usr/lib/python3/dist-packages/colcon_core/task/python/colcon_distutils_commands:/home/robotics_lab/ros2_ws/install/diff_drive_bridge/lib/python3.10/site-packages:${PYTHONPATH} /usr/bin/python3 -W ignore:setup.py install is deprecated -W ignore:easy_install command is deprecated setup.py egg_info --egg-base ../../build/diff_drive_bridge build --build-base /home/robotics_lab/ros2_ws/build/diff_drive_bridge/build install --record /home/robotics_lab/ros2_ws/build/diff_drive_bridge/install.log --single-version-externally-managed install_data
[5.605s] Level 1:colcon.colcon_core.environment:checking '/home/robotics_lab/ros2_ws/install/diff_drive_bridge' for CMake config files
[5.606s] Level 1:colcon.colcon_core.environment:checking '/home/robotics_lab/ros2_ws/install/diff_drive_bridge/lib'
[5.607s] Level 1:colcon.colcon_core.environment:checking '/home/robotics_lab/ros2_ws/install/diff_drive_bridge/bin'
[5.607s] Level 1:colcon.colcon_core.environment:checking '/home/robotics_lab/ros2_ws/install/diff_drive_bridge/lib/pkgconfig/diff_drive_bridge.pc'
[5.607s] Level 1:colcon.colcon_core.environment:checking '/home/robotics_lab/ros2_ws/install/diff_drive_bridge/lib/python3.10/site-packages'
[5.607s] Level 1:colcon.colcon_core.shell:create_environment_hook('diff_drive_bridge', 'pythonpath')
[5.608s] INFO:colcon.colcon_core.shell:Creating environment hook '/home/robotics_lab/ros2_ws/install/diff_drive_bridge/share/diff_drive_bridge/hook/pythonpath.ps1'
[5.609s] INFO:colcon.colcon_core.shell:Creating environment descriptor '/home/robotics_lab/ros2_ws/install/diff_drive_bridge/share/diff_drive_bridge/hook/pythonpath.dsv'
[5.610s] INFO:colcon.colcon_core.shell:Creating environment hook '/home/robotics_lab/ros2_ws/install/diff_drive_bridge/share/diff_drive_bridge/hook/pythonpath.sh'
[5.611s] Level 1:colcon.colcon_core.environment:checking '/home/robotics_lab/ros2_ws/install/diff_drive_bridge/bin'
[5.611s] Level 1:colcon.colcon_core.environment:create_environment_scripts_only(diff_drive_bridge)
[5.612s] INFO:colcon.colcon_core.shell:Creating package script '/home/robotics_lab/ros2_ws/install/diff_drive_bridge/share/diff_drive_bridge/package.ps1'
[5.613s] INFO:colcon.colcon_core.shell:Creating package descriptor '/home/robotics_lab/ros2_ws/install/diff_drive_bridge/share/diff_drive_bridge/package.dsv'
[5.614s] INFO:colcon.colcon_core.shell:Creating package script '/home/robotics_lab/ros2_ws/install/diff_drive_bridge/share/diff_drive_bridge/package.sh'
[5.615s] INFO:colcon.colcon_core.shell:Creating package script '/home/robotics_lab/ros2_ws/install/diff_drive_bridge/share/diff_drive_bridge/package.bash'
[5.616s] INFO:colcon.colcon_core.shell:Creating package script '/home/robotics_lab/ros2_ws/install/diff_drive_bridge/share/diff_drive_bridge/package.zsh'
[5.616s] Level 1:colcon.colcon_core.environment:create_file_with_runtime_dependencies(/home/robotics_lab/ros2_ws/install/diff_drive_bridge/share/colcon-core/packages/diff_drive_bridge)
[5.617s] DEBUG:colcon.colcon_parallel_executor.executor.parallel:closing loop
[5.618s] DEBUG:colcon.colcon_parallel_executor.executor.parallel:loop closed
[5.618s] DEBUG:colcon.colcon_parallel_executor.executor.parallel:run_until_complete finished with '0'
[5.618s] DEBUG:colcon.colcon_core.event_reactor:joining thread
[5.630s] INFO:colcon.colcon_core.plugin_system:Skipping extension 'colcon_notification.desktop_notification.terminal_notifier': Not used on non-Darwin systems
[5.630s] INFO:colcon.colcon_core.plugin_system:Skipping extension 'colcon_notification.desktop_notification.win32': Not used on non-Windows systems
[5.630s] INFO:colcon.colcon_notification.desktop_notification:Sending desktop notification using 'notify2'
[5.662s] DEBUG:colcon.colcon_core.event_reactor:joined thread
[5.663s] INFO:colcon.colcon_core.shell:Creating prefix script '/home/robotics_lab/ros2_ws/install/local_setup.ps1'
[5.665s] INFO:colcon.colcon_core.shell:Creating prefix util module '/home/robotics_lab/ros2_ws/install/_local_setup_util_ps1.py'
[5.668s] INFO:colcon.colcon_core.shell:Creating prefix chain script '/home/robotics_lab/ros2_ws/install/setup.ps1'
[5.671s] INFO:colcon.colcon_core.shell:Creating prefix script '/home/robotics_lab/ros2_ws/install/local_setup.sh'
[5.672s] INFO:colcon.colcon_core.shell:Creating prefix util module '/home/robotics_lab/ros2_ws/install/_local_setup_util_sh.py'
[5.674s] INFO:colcon.colcon_core.shell:Creating prefix chain script '/home/robotics_lab/ros2_ws/install/setup.sh'
[5.677s] INFO:colcon.colcon_core.shell:Creating prefix script '/home/robotics_lab/ros2_ws/install/local_setup.bash'
[5.678s] INFO:colcon.colcon_core.shell:Creating prefix chain script '/home/robotics_lab/ros2_ws/install/setup.bash'
[5.680s] INFO:colcon.colcon_core.shell:Creating prefix script '/home/robotics_lab/ros2_ws/install/local_setup.zsh'
[5.681s] INFO:colcon.colcon_core.shell:Creating prefix chain script '/home/robotics_lab/ros2_ws/install/setup.zsh'
