[4.142s] Invoking command in '/home/robotics_lab/ros2_ws/build/diff_drive_bridge': PYTHONPATH=/home/robotics_lab/ros2_ws/build/diff_drive_bridge/prefix_override:/usr/lib/python3/dist-packages/colcon_core/task/python/colcon_distutils_commands:/home/robotics_lab/ros2_ws/install/diff_drive_bridge/lib/python3.10/site-packages:${PYTHONPATH} /usr/bin/python3 -W ignore:setup.py install is deprecated -W ignore:easy_install command is deprecated setup.py develop --uninstall --editable --build-directory /home/robotics_lab/ros2_ws/build/diff_drive_bridge/build
[4.774s] running develop
[5.247s] Removing /home/robotics_lab/ros2_ws/install/diff_drive_bridge/lib/python3.10/site-packages/diff-drive-bridge.egg-link (link to .)
[5.379s] Invoked command in '/home/robotics_lab/ros2_ws/build/diff_drive_bridge' returned '0': PYTHONPATH=/home/robotics_lab/ros2_ws/build/diff_drive_bridge/prefix_override:/usr/lib/python3/dist-packages/colcon_core/task/python/colcon_distutils_commands:/home/robotics_lab/ros2_ws/install/diff_drive_bridge/lib/python3.10/site-packages:${PYTHONPATH} /usr/bin/python3 -W ignore:setup.py install is deprecated -W ignore:easy_install command is deprecated setup.py develop --uninstall --editable --build-directory /home/robotics_lab/ros2_ws/build/diff_drive_bridge/build
[5.379s] Invoking command in '/home/robotics_lab/ros2_ws/src/diff_drive_bridge': PYTHONPATH=/home/robotics_lab/ros2_ws/build/diff_drive_bridge/prefix_override:/usr/lib/python3/dist-packages/colcon_core/task/python/colcon_distutils_commands:/home/robotics_lab/ros2_ws/install/diff_drive_bridge/lib/python3.10/site-packages:${PYTHONPATH} /usr/bin/python3 -W ignore:setup.py install is deprecated -W ignore:easy_install command is deprecated setup.py egg_info --egg-base ../../build/diff_drive_bridge build --build-base /home/robotics_lab/ros2_ws/build/diff_drive_bridge/build install --record /home/robotics_lab/ros2_ws/build/diff_drive_bridge/install.log --single-version-externally-managed install_data --force
[5.947s] running egg_info
[5.949s] writing ../../build/diff_drive_bridge/diff_drive_bridge.egg-info/PKG-INFO
[5.949s] writing dependency_links to ../../build/diff_drive_bridge/diff_drive_bridge.egg-info/dependency_links.txt
[5.950s] writing entry points to ../../build/diff_drive_bridge/diff_drive_bridge.egg-info/entry_points.txt
[5.950s] writing requirements to ../../build/diff_drive_bridge/diff_drive_bridge.egg-info/requires.txt
[5.950s] writing top-level names to ../../build/diff_drive_bridge/diff_drive_bridge.egg-info/top_level.txt
[5.955s] reading manifest file '../../build/diff_drive_bridge/diff_drive_bridge.egg-info/SOURCES.txt'
[5.957s] writing manifest file '../../build/diff_drive_bridge/diff_drive_bridge.egg-info/SOURCES.txt'
[5.957s] running build
[5.957s] running build_py
[5.958s] running install
[5.959s] running install_lib
[5.960s] creating /home/robotics_lab/ros2_ws/install/diff_drive_bridge/lib/python3.10/site-packages/diff_drive_bridge
[5.964s] copying /home/robotics_lab/ros2_ws/build/diff_drive_bridge/build/lib/diff_drive_bridge/noodom_diff_drive_bridge.py -> /home/robotics_lab/ros2_ws/install/diff_drive_bridge/lib/python3.10/site-packages/diff_drive_bridge
[5.965s] copying /home/robotics_lab/ros2_ws/build/diff_drive_bridge/build/lib/diff_drive_bridge/__init__.py -> /home/robotics_lab/ros2_ws/install/diff_drive_bridge/lib/python3.10/site-packages/diff_drive_bridge
[5.965s] copying /home/robotics_lab/ros2_ws/build/diff_drive_bridge/build/lib/diff_drive_bridge/scan_rotator.py -> /home/robotics_lab/ros2_ws/install/diff_drive_bridge/lib/python3.10/site-packages/diff_drive_bridge
[5.966s] copying /home/robotics_lab/ros2_ws/build/diff_drive_bridge/build/lib/diff_drive_bridge/diff_drive_bridge.py -> /home/robotics_lab/ros2_ws/install/diff_drive_bridge/lib/python3.10/site-packages/diff_drive_bridge
[5.966s] byte-compiling /home/robotics_lab/ros2_ws/install/diff_drive_bridge/lib/python3.10/site-packages/diff_drive_bridge/noodom_diff_drive_bridge.py to noodom_diff_drive_bridge.cpython-310.pyc
[5.967s] byte-compiling /home/robotics_lab/ros2_ws/install/diff_drive_bridge/lib/python3.10/site-packages/diff_drive_bridge/__init__.py to __init__.cpython-310.pyc
[5.968s] byte-compiling /home/robotics_lab/ros2_ws/install/diff_drive_bridge/lib/python3.10/site-packages/diff_drive_bridge/scan_rotator.py to scan_rotator.cpython-310.pyc
[5.969s] byte-compiling /home/robotics_lab/ros2_ws/install/diff_drive_bridge/lib/python3.10/site-packages/diff_drive_bridge/diff_drive_bridge.py to diff_drive_bridge.cpython-310.pyc
[5.971s] running install_data
[5.971s] copying resource/diff_drive_bridge -> /home/robotics_lab/ros2_ws/install/diff_drive_bridge/share/ament_index/resource_index/packages
[5.972s] copying package.xml -> /home/robotics_lab/ros2_ws/install/diff_drive_bridge/share/diff_drive_bridge
[5.973s] copying launch/robot_bringup.launch.py -> /home/robotics_lab/ros2_ws/install/diff_drive_bridge/share/diff_drive_bridge/launch
[5.973s] copying launch/headless_robot_bringup.launch.py -> /home/robotics_lab/ros2_ws/install/diff_drive_bridge/share/diff_drive_bridge/launch
[5.973s] running install_egg_info
[5.978s] Copying ../../build/diff_drive_bridge/diff_drive_bridge.egg-info to /home/robotics_lab/ros2_ws/install/diff_drive_bridge/lib/python3.10/site-packages/diff_drive_bridge-0.0.0-py3.10.egg-info
[5.980s] running install_scripts
[6.026s] Installing diff_drive_bridge script to /home/robotics_lab/ros2_ws/install/diff_drive_bridge/lib/diff_drive_bridge
[6.026s] Installing noodom_diff_drive_bridge script to /home/robotics_lab/ros2_ws/install/diff_drive_bridge/lib/diff_drive_bridge
[6.027s] Installing scan_rotator script to /home/robotics_lab/ros2_ws/install/diff_drive_bridge/lib/diff_drive_bridge
[6.028s] writing list of installed files to '/home/robotics_lab/ros2_ws/build/diff_drive_bridge/install.log'
[6.133s] Invoked command in '/home/robotics_lab/ros2_ws/src/diff_drive_bridge' returned '0': PYTHONPATH=/home/robotics_lab/ros2_ws/build/diff_drive_bridge/prefix_override:/usr/lib/python3/dist-packages/colcon_core/task/python/colcon_distutils_commands:/home/robotics_lab/ros2_ws/install/diff_drive_bridge/lib/python3.10/site-packages:${PYTHONPATH} /usr/bin/python3 -W ignore:setup.py install is deprecated -W ignore:easy_install command is deprecated setup.py egg_info --egg-base ../../build/diff_drive_bridge build --build-base /home/robotics_lab/ros2_ws/build/diff_drive_bridge/build install --record /home/robotics_lab/ros2_ws/build/diff_drive_bridge/install.log --single-version-externally-managed install_data --force
