running egg_info
writing ../../build/oak_object_detection/oak_object_detection.egg-info/PKG-INFO
writing dependency_links to ../../build/oak_object_detection/oak_object_detection.egg-info/dependency_links.txt
writing entry points to ../../build/oak_object_detection/oak_object_detection.egg-info/entry_points.txt
writing requirements to ../../build/oak_object_detection/oak_object_detection.egg-info/requires.txt
writing top-level names to ../../build/oak_object_detection/oak_object_detection.egg-info/top_level.txt
reading manifest file '../../build/oak_object_detection/oak_object_detection.egg-info/SOURCES.txt'
writing manifest file '../../build/oak_object_detection/oak_object_detection.egg-info/SOURCES.txt'
running build
running build_py
running install
running install_lib
running install_data
running install_egg_info
removing '/home/robotics_lab/ros2_ws/install/oak_object_detection/lib/python3.10/site-packages/oak_object_detection-0.0.0-py3.10.egg-info' (and everything under it)
Copying ../../build/oak_object_detection/oak_object_detection.egg-info to /home/robotics_lab/ros2_ws/install/oak_object_detection/lib/python3.10/site-packages/oak_object_detection-0.0.0-py3.10.egg-info
running install_scripts
Installing oakd_spatial_node script to /home/robotics_lab/ros2_ws/install/oak_object_detection/lib/oak_object_detection
Installing vlm_depth_commander script to /home/robotics_lab/ros2_ws/install/oak_object_detection/lib/oak_object_detection
writing list of installed files to '/home/robotics_lab/ros2_ws/build/oak_object_detection/install.log'
