[4.155s] Invoking command in '/home/robotics_lab/ros2_ws/src/Urdf_model_description': PYTHONPATH=/home/robotics_lab/ros2_ws/build/Urdf_model_description/prefix_override:/usr/lib/python3/dist-packages/colcon_core/task/python/colcon_distutils_commands:/home/robotics_lab/ros2_ws/install/Urdf_model_description/lib/python3.10/site-packages:${PYTHONPATH} /usr/bin/python3 -W ignore:setup.py install is deprecated -W ignore:easy_install command is deprecated setup.py egg_info --egg-base ../../build/Urdf_model_description build --build-base /home/robotics_lab/ros2_ws/build/Urdf_model_description/build install --record /home/robotics_lab/ros2_ws/build/Urdf_model_description/install.log --install-scripts $base/lib/Urdf_model_description --single-version-externally-managed install_data
[4.708s] /usr/lib/python3/dist-packages/setuptools/dist.py:723: UserWarning: Usage of dash-separated 'script-dir' will not be supported in future versions. Please use the underscore name 'script_dir' instead
[4.708s]   warnings.warn(
[4.727s] running egg_info
[4.730s] writing ../../build/Urdf_model_description/Urdf_model_description.egg-info/PKG-INFO
[4.730s] writing dependency_links to ../../build/Urdf_model_description/Urdf_model_description.egg-info/dependency_links.txt
[4.730s] writing entry points to ../../build/Urdf_model_description/Urdf_model_description.egg-info/entry_points.txt
[4.731s] writing requirements to ../../build/Urdf_model_description/Urdf_model_description.egg-info/requires.txt
[4.731s] writing top-level names to ../../build/Urdf_model_description/Urdf_model_description.egg-info/top_level.txt
[4.736s] reading manifest file '../../build/Urdf_model_description/Urdf_model_description.egg-info/SOURCES.txt'
[4.738s] writing manifest file '../../build/Urdf_model_description/Urdf_model_description.egg-info/SOURCES.txt'
[4.738s] running build
[4.739s] running build_py
[4.739s] running install
[4.740s] running install_lib
[4.742s] running install_data
[4.743s] copying config/nav2_params.yaml -> /home/robotics_lab/ros2_ws/install/Urdf_model_description/share/Urdf_model_description/config
[4.743s] running install_egg_info
[4.747s] removing '/home/robotics_lab/ros2_ws/install/Urdf_model_description/lib/python3.10/site-packages/Urdf_model_description-0.0.0-py3.10.egg-info' (and everything under it)
[4.748s] Copying ../../build/Urdf_model_description/Urdf_model_description.egg-info to /home/robotics_lab/ros2_ws/install/Urdf_model_description/lib/python3.10/site-packages/Urdf_model_description-0.0.0-py3.10.egg-info
[4.754s] running install_scripts
[4.802s] writing list of installed files to '/home/robotics_lab/ros2_ws/build/Urdf_model_description/install.log'
[4.885s] Invoked command in '/home/robotics_lab/ros2_ws/src/Urdf_model_description' returned '0': PYTHONPATH=/home/robotics_lab/ros2_ws/build/Urdf_model_description/prefix_override:/usr/lib/python3/dist-packages/colcon_core/task/python/colcon_distutils_commands:/home/robotics_lab/ros2_ws/install/Urdf_model_description/lib/python3.10/site-packages:${PYTHONPATH} /usr/bin/python3 -W ignore:setup.py install is deprecated -W ignore:easy_install command is deprecated setup.py egg_info --egg-base ../../build/Urdf_model_description build --build-base /home/robotics_lab/ros2_ws/build/Urdf_model_description/build install --record /home/robotics_lab/ros2_ws/build/Urdf_model_description/install.log --install-scripts $base/lib/Urdf_model_description --single-version-externally-managed install_data
