running egg_info
creating ../../build/diff_drive_bridge/diff_drive_bridge.egg-info
writing ../../build/diff_drive_bridge/diff_drive_bridge.egg-info/PKG-INFO
writing dependency_links to ../../build/diff_drive_bridge/diff_drive_bridge.egg-info/dependency_links.txt
writing entry points to ../../build/diff_drive_bridge/diff_drive_bridge.egg-info/entry_points.txt
writing requirements to ../../build/diff_drive_bridge/diff_drive_bridge.egg-info/requires.txt
writing top-level names to ../../build/diff_drive_bridge/diff_drive_bridge.egg-info/top_level.txt
writing manifest file '../../build/diff_drive_bridge/diff_drive_bridge.egg-info/SOURCES.txt'
reading manifest file '../../build/diff_drive_bridge/diff_drive_bridge.egg-info/SOURCES.txt'
writing manifest file '../../build/diff_drive_bridge/diff_drive_bridge.egg-info/SOURCES.txt'
running build
running build_py
creating /home/robotics_lab/ros2_ws/build/diff_drive_bridge/build
creating /home/robotics_lab/ros2_ws/build/diff_drive_bridge/build/lib
creating /home/robotics_lab/ros2_ws/build/diff_drive_bridge/build/lib/diff_drive_bridge
copying diff_drive_bridge/noodom_diff_drive_bridge.py -> /home/robotics_lab/ros2_ws/build/diff_drive_bridge/build/lib/diff_drive_bridge
copying diff_drive_bridge/__init__.py -> /home/robotics_lab/ros2_ws/build/diff_drive_bridge/build/lib/diff_drive_bridge
copying diff_drive_bridge/scan_rotator.py -> /home/robotics_lab/ros2_ws/build/diff_drive_bridge/build/lib/diff_drive_bridge
copying diff_drive_bridge/diff_drive_bridge.py -> /home/robotics_lab/ros2_ws/build/diff_drive_bridge/build/lib/diff_drive_bridge
running install
running install_lib
creating /home/robotics_lab/ros2_ws/install/diff_drive_bridge/lib/python3.10/site-packages/diff_drive_bridge
copying /home/robotics_lab/ros2_ws/build/diff_drive_bridge/build/lib/diff_drive_bridge/noodom_diff_drive_bridge.py -> /home/robotics_lab/ros2_ws/install/diff_drive_bridge/lib/python3.10/site-packages/diff_drive_bridge
copying /home/robotics_lab/ros2_ws/build/diff_drive_bridge/build/lib/diff_drive_bridge/__init__.py -> /home/robotics_lab/ros2_ws/install/diff_drive_bridge/lib/python3.10/site-packages/diff_drive_bridge
copying /home/robotics_lab/ros2_ws/build/diff_drive_bridge/build/lib/diff_drive_bridge/scan_rotator.py -> /home/robotics_lab/ros2_ws/install/diff_drive_bridge/lib/python3.10/site-packages/diff_drive_bridge
copying /home/robotics_lab/ros2_ws/build/diff_drive_bridge/build/lib/diff_drive_bridge/diff_drive_bridge.py -> /home/robotics_lab/ros2_ws/install/diff_drive_bridge/lib/python3.10/site-packages/diff_drive_bridge
byte-compiling /home/robotics_lab/ros2_ws/install/diff_drive_bridge/lib/python3.10/site-packages/diff_drive_bridge/noodom_diff_drive_bridge.py to noodom_diff_drive_bridge.cpython-310.pyc
byte-compiling /home/robotics_lab/ros2_ws/install/diff_drive_bridge/lib/python3.10/site-packages/diff_drive_bridge/__init__.py to __init__.cpython-310.pyc
byte-compiling /home/robotics_lab/ros2_ws/install/diff_drive_bridge/lib/python3.10/site-packages/diff_drive_bridge/scan_rotator.py to scan_rotator.cpython-310.pyc
byte-compiling /home/robotics_lab/ros2_ws/install/diff_drive_bridge/lib/python3.10/site-packages/diff_drive_bridge/diff_drive_bridge.py to diff_drive_bridge.cpython-310.pyc
running install_data
creating /home/robotics_lab/ros2_ws/install/diff_drive_bridge/share/ament_index
creating /home/robotics_lab/ros2_ws/install/diff_drive_bridge/share/ament_index/resource_index
creating /home/robotics_lab/ros2_ws/install/diff_drive_bridge/share/ament_index/resource_index/packages
copying resource/diff_drive_bridge -> /home/robotics_lab/ros2_ws/install/diff_drive_bridge/share/ament_index/resource_index/packages
copying package.xml -> /home/robotics_lab/ros2_ws/install/diff_drive_bridge/share/diff_drive_bridge
creating /home/robotics_lab/ros2_ws/install/diff_drive_bridge/share/diff_drive_bridge/launch
copying launch/robot_bringup.launch.py -> /home/robotics_lab/ros2_ws/install/diff_drive_bridge/share/diff_drive_bridge/launch
copying launch/headless_robot_bringup.launch.py -> /home/robotics_lab/ros2_ws/install/diff_drive_bridge/share/diff_drive_bridge/launch
running install_egg_info
Copying ../../build/diff_drive_bridge/diff_drive_bridge.egg-info to /home/robotics_lab/ros2_ws/install/diff_drive_bridge/lib/python3.10/site-packages/diff_drive_bridge-0.0.0-py3.10.egg-info
running install_scripts
Installing diff_drive_bridge script to /home/robotics_lab/ros2_ws/install/diff_drive_bridge/lib/diff_drive_bridge
Installing noodom_diff_drive_bridge script to /home/robotics_lab/ros2_ws/install/diff_drive_bridge/lib/diff_drive_bridge
Installing scan_rotator script to /home/robotics_lab/ros2_ws/install/diff_drive_bridge/lib/diff_drive_bridge
writing list of installed files to '/home/robotics_lab/ros2_ws/build/diff_drive_bridge/install.log'
