[4.207s] Invoking command in '/home/robotics_lab/ros2_ws/src/diff_drive_bridge': PYTHONPATH=/home/robotics_lab/ros2_ws/build/diff_drive_bridge/prefix_override:/usr/lib/python3/dist-packages/colcon_core/task/python/colcon_distutils_commands:/home/robotics_lab/ros2_ws/install/diff_drive_bridge/lib/python3.10/site-packages:${PYTHONPATH} /usr/bin/python3 -W ignore:setup.py install is deprecated -W ignore:easy_install command is deprecated setup.py egg_info --egg-base ../../build/diff_drive_bridge build --build-base /home/robotics_lab/ros2_ws/build/diff_drive_bridge/build install --record /home/robotics_lab/ros2_ws/build/diff_drive_bridge/install.log --single-version-externally-managed install_data
[4.816s] running egg_info
[4.816s] creating ../../build/diff_drive_bridge/diff_drive_bridge.egg-info
[4.816s] writing ../../build/diff_drive_bridge/diff_drive_bridge.egg-info/PKG-INFO
[4.816s] writing dependency_links to ../../build/diff_drive_bridge/diff_drive_bridge.egg-info/dependency_links.txt
[4.816s] writing entry points to ../../build/diff_drive_bridge/diff_drive_bridge.egg-info/entry_points.txt
[4.817s] writing requirements to ../../build/diff_drive_bridge/diff_drive_bridge.egg-info/requires.txt
[4.817s] writing top-level names to ../../build/diff_drive_bridge/diff_drive_bridge.egg-info/top_level.txt
[4.817s] writing manifest file '../../build/diff_drive_bridge/diff_drive_bridge.egg-info/SOURCES.txt'
[4.817s] reading manifest file '../../build/diff_drive_bridge/diff_drive_bridge.egg-info/SOURCES.txt'
[4.817s] writing manifest file '../../build/diff_drive_bridge/diff_drive_bridge.egg-info/SOURCES.txt'
[4.817s] running build
[4.817s] running build_py
[4.817s] creating /home/robotics_lab/ros2_ws/build/diff_drive_bridge/build
[4.818s] creating /home/robotics_lab/ros2_ws/build/diff_drive_bridge/build/lib
[4.818s] creating /home/robotics_lab/ros2_ws/build/diff_drive_bridge/build/lib/diff_drive_bridge
[4.819s] copying diff_drive_bridge/noodom_diff_drive_bridge.py -> /home/robotics_lab/ros2_ws/build/diff_drive_bridge/build/lib/diff_drive_bridge
[4.819s] copying diff_drive_bridge/__init__.py -> /home/robotics_lab/ros2_ws/build/diff_drive_bridge/build/lib/diff_drive_bridge
[4.819s] copying diff_drive_bridge/scan_rotator.py -> /home/robotics_lab/ros2_ws/build/diff_drive_bridge/build/lib/diff_drive_bridge
[4.820s] copying diff_drive_bridge/diff_drive_bridge.py -> /home/robotics_lab/ros2_ws/build/diff_drive_bridge/build/lib/diff_drive_bridge
[4.821s] running install
[4.821s] running install_lib
[4.821s] creating /home/robotics_lab/ros2_ws/install/diff_drive_bridge/lib/python3.10/site-packages/diff_drive_bridge
[4.821s] copying /home/robotics_lab/ros2_ws/build/diff_drive_bridge/build/lib/diff_drive_bridge/noodom_diff_drive_bridge.py -> /home/robotics_lab/ros2_ws/install/diff_drive_bridge/lib/python3.10/site-packages/diff_drive_bridge
[4.821s] copying /home/robotics_lab/ros2_ws/build/diff_drive_bridge/build/lib/diff_drive_bridge/__init__.py -> /home/robotics_lab/ros2_ws/install/diff_drive_bridge/lib/python3.10/site-packages/diff_drive_bridge
[4.821s] copying /home/robotics_lab/ros2_ws/build/diff_drive_bridge/build/lib/diff_drive_bridge/scan_rotator.py -> /home/robotics_lab/ros2_ws/install/diff_drive_bridge/lib/python3.10/site-packages/diff_drive_bridge
[4.821s] copying /home/robotics_lab/ros2_ws/build/diff_drive_bridge/build/lib/diff_drive_bridge/diff_drive_bridge.py -> /home/robotics_lab/ros2_ws/install/diff_drive_bridge/lib/python3.10/site-packages/diff_drive_bridge
[4.822s] byte-compiling /home/robotics_lab/ros2_ws/install/diff_drive_bridge/lib/python3.10/site-packages/diff_drive_bridge/noodom_diff_drive_bridge.py to noodom_diff_drive_bridge.cpython-310.pyc
[4.822s] byte-compiling /home/robotics_lab/ros2_ws/install/diff_drive_bridge/lib/python3.10/site-packages/diff_drive_bridge/__init__.py to __init__.cpython-310.pyc
[4.822s] byte-compiling /home/robotics_lab/ros2_ws/install/diff_drive_bridge/lib/python3.10/site-packages/diff_drive_bridge/scan_rotator.py to scan_rotator.cpython-310.pyc
[4.822s] byte-compiling /home/robotics_lab/ros2_ws/install/diff_drive_bridge/lib/python3.10/site-packages/diff_drive_bridge/diff_drive_bridge.py to diff_drive_bridge.cpython-310.pyc
[4.822s] running install_data
[4.822s] creating /home/robotics_lab/ros2_ws/install/diff_drive_bridge/share/ament_index
[4.822s] creating /home/robotics_lab/ros2_ws/install/diff_drive_bridge/share/ament_index/resource_index
[4.822s] creating /home/robotics_lab/ros2_ws/install/diff_drive_bridge/share/ament_index/resource_index/packages
[4.822s] copying resource/diff_drive_bridge -> /home/robotics_lab/ros2_ws/install/diff_drive_bridge/share/ament_index/resource_index/packages
[4.823s] copying package.xml -> /home/robotics_lab/ros2_ws/install/diff_drive_bridge/share/diff_drive_bridge
[4.823s] creating /home/robotics_lab/ros2_ws/install/diff_drive_bridge/share/diff_drive_bridge/launch
[4.823s] copying launch/robot_bringup.launch.py -> /home/robotics_lab/ros2_ws/install/diff_drive_bridge/share/diff_drive_bridge/launch
[4.823s] copying launch/headless_robot_bringup.launch.py -> /home/robotics_lab/ros2_ws/install/diff_drive_bridge/share/diff_drive_bridge/launch
[4.823s] running install_egg_info
[4.823s] Copying ../../build/diff_drive_bridge/diff_drive_bridge.egg-info to /home/robotics_lab/ros2_ws/install/diff_drive_bridge/lib/python3.10/site-packages/diff_drive_bridge-0.0.0-py3.10.egg-info
[4.823s] running install_scripts
[4.861s] Installing diff_drive_bridge script to /home/robotics_lab/ros2_ws/install/diff_drive_bridge/lib/diff_drive_bridge
[4.861s] Installing noodom_diff_drive_bridge script to /home/robotics_lab/ros2_ws/install/diff_drive_bridge/lib/diff_drive_bridge
[4.862s] Installing scan_rotator script to /home/robotics_lab/ros2_ws/install/diff_drive_bridge/lib/diff_drive_bridge
[4.868s] writing list of installed files to '/home/robotics_lab/ros2_ws/build/diff_drive_bridge/install.log'
[4.971s] Invoked command in '/home/robotics_lab/ros2_ws/src/diff_drive_bridge' returned '0': PYTHONPATH=/home/robotics_lab/ros2_ws/build/diff_drive_bridge/prefix_override:/usr/lib/python3/dist-packages/colcon_core/task/python/colcon_distutils_commands:/home/robotics_lab/ros2_ws/install/diff_drive_bridge/lib/python3.10/site-packages:${PYTHONPATH} /usr/bin/python3 -W ignore:setup.py install is deprecated -W ignore:easy_install command is deprecated setup.py egg_info --egg-base ../../build/diff_drive_bridge build --build-base /home/robotics_lab/ros2_ws/build/diff_drive_bridge/build install --record /home/robotics_lab/ros2_ws/build/diff_drive_bridge/install.log --single-version-externally-managed install_data
