[4.047s] Invoking command in '/home/robotics_lab/ros2_ws/src/Urdf_model_description': PYTHONPATH=/home/robotics_lab/ros2_ws/build/Urdf_model_description/prefix_override:/usr/lib/python3/dist-packages/colcon_core/task/python/colcon_distutils_commands:/home/robotics_lab/ros2_ws/install/Urdf_model_description/lib/python3.10/site-packages:${PYTHONPATH} /usr/bin/python3 -W ignore:setup.py install is deprecated -W ignore:easy_install command is deprecated setup.py egg_info --egg-base ../../build/Urdf_model_description build --build-base /home/robotics_lab/ros2_ws/build/Urdf_model_description/build install --record /home/robotics_lab/ros2_ws/build/Urdf_model_description/install.log --install-scripts $base/lib/Urdf_model_description --single-version-externally-managed install_data
[4.577s] /usr/lib/python3/dist-packages/setuptools/dist.py:723: UserWarning: Usage of dash-separated 'script-dir' will not be supported in future versions. Please use the underscore name 'script_dir' instead
[4.577s]   warnings.warn(
[4.596s] running egg_info
[4.599s] writing ../../build/Urdf_model_description/Urdf_model_description.egg-info/PKG-INFO
[4.599s] writing dependency_links to ../../build/Urdf_model_description/Urdf_model_description.egg-info/dependency_links.txt
[4.600s] writing entry points to ../../build/Urdf_model_description/Urdf_model_description.egg-info/entry_points.txt
[4.600s] writing requirements to ../../build/Urdf_model_description/Urdf_model_description.egg-info/requires.txt
[4.600s] writing top-level names to ../../build/Urdf_model_description/Urdf_model_description.egg-info/top_level.txt
[4.604s] reading manifest file '../../build/Urdf_model_description/Urdf_model_description.egg-info/SOURCES.txt'
[4.606s] writing manifest file '../../build/Urdf_model_description/Urdf_model_description.egg-info/SOURCES.txt'
[4.607s] running build
[4.607s] running build_py
[4.607s] running install
[4.608s] running install_lib
[4.610s] running install_data
[4.611s] running install_egg_info
[4.616s] removing '/home/robotics_lab/ros2_ws/install/Urdf_model_description/lib/python3.10/site-packages/Urdf_model_description-0.0.0-py3.10.egg-info' (and everything under it)
[4.616s] Copying ../../build/Urdf_model_description/Urdf_model_description.egg-info to /home/robotics_lab/ros2_ws/install/Urdf_model_description/lib/python3.10/site-packages/Urdf_model_description-0.0.0-py3.10.egg-info
[4.618s] running install_scripts
[4.666s] writing list of installed files to '/home/robotics_lab/ros2_ws/build/Urdf_model_description/install.log'
[4.768s] Invoked command in '/home/robotics_lab/ros2_ws/src/Urdf_model_description' returned '0': PYTHONPATH=/home/robotics_lab/ros2_ws/build/Urdf_model_description/prefix_override:/usr/lib/python3/dist-packages/colcon_core/task/python/colcon_distutils_commands:/home/robotics_lab/ros2_ws/install/Urdf_model_description/lib/python3.10/site-packages:${PYTHONPATH} /usr/bin/python3 -W ignore:setup.py install is deprecated -W ignore:easy_install command is deprecated setup.py egg_info --egg-base ../../build/Urdf_model_description build --build-base /home/robotics_lab/ros2_ws/build/Urdf_model_description/build install --record /home/robotics_lab/ros2_ws/build/Urdf_model_description/install.log --install-scripts $base/lib/Urdf_model_description --single-version-externally-managed install_data
