[0.254s] DEBUG:colcon:Command line arguments: ['/usr/bin/colcon', 'build']
[0.254s] DEBUG:colcon:Parsed command line arguments: Namespace(log_base=None, log_level=None, verb_name='build', build_base='build', install_base='install', merge_install=False, symlink_install=False, test_result_base=None, continue_on_error=False, executor='parallel', parallel_workers=6, event_handlers=None, ignore_user_meta=False, metas=['./colcon.meta'], base_paths=['.'], packages_ignore=None, packages_ignore_regex=None, paths=None, packages_up_to=None, packages_up_to_regex=None, packages_above=None, packages_above_and_dependencies=None, packages_above_depth=None, packages_select_by_dep=None, packages_skip_by_dep=None, packages_skip_up_to=None, packages_select_build_failed=False, packages_skip_build_finished=False, packages_select_test_failures=False, packages_skip_test_passed=False, packages_select=None, packages_skip=None, packages_select_regex=None, packages_skip_regex=None, packages_start=None, packages_end=None, allow_overriding=[], cmake_args=None, cmake_target=None, cmake_target_skip_unavailable=False, cmake_clean_cache=False, cmake_clean_first=False, cmake_force_configure=False, ament_cmake_args=None, catkin_cmake_args=None, catkin_skip_building_tests=False, verb_parser=<colcon_defaults.argument_parser.defaults.DefaultArgumentsDecorator object at 0xffff99a7ee00>, verb_extension=<colcon_core.verb.build.BuildVerb object at 0xffff99c749d0>, main=<bound method BuildVerb.main of <colcon_core.verb.build.BuildVerb object at 0xffff99c749d0>>)
[0.743s] Level 1:colcon.colcon_core.package_discovery:discover_packages(colcon_meta) check parameters
[0.744s] Level 1:colcon.colcon_core.package_discovery:discover_packages(recursive) check parameters
[0.744s] Level 1:colcon.colcon_core.package_discovery:discover_packages(ignore) check parameters
[0.744s] Level 1:colcon.colcon_core.package_discovery:discover_packages(path) check parameters
[0.744s] Level 1:colcon.colcon_core.package_discovery:discover_packages(colcon_meta) discover
[0.744s] Level 1:colcon.colcon_core.package_discovery:discover_packages(recursive) discover
[0.744s] INFO:colcon.colcon_core.package_discovery:Crawling recursively for packages in '/home/robotics_lab/ros2_ws'
[0.744s] Level 1:colcon.colcon_core.package_identification:_identify(.) by extensions ['ignore', 'ignore_ament_install']
[0.744s] Level 1:colcon.colcon_core.package_identification:_identify(.) by extension 'ignore'
[0.745s] Level 1:colcon.colcon_core.package_identification:_identify(.) by extension 'ignore_ament_install'
[0.745s] Level 1:colcon.colcon_core.package_identification:_identify(.) by extensions ['colcon_pkg']
[0.745s] Level 1:colcon.colcon_core.package_identification:_identify(.) by extension 'colcon_pkg'
[0.745s] Level 1:colcon.colcon_core.package_identification:_identify(.) by extensions ['colcon_meta']
[0.745s] Level 1:colcon.colcon_core.package_identification:_identify(.) by extension 'colcon_meta'
[0.745s] Level 1:colcon.colcon_core.package_identification:_identify(.) by extensions ['ros']
[0.745s] Level 1:colcon.colcon_core.package_identification:_identify(.) by extension 'ros'
[0.794s] Level 1:colcon.colcon_core.package_identification:_identify(.) by extensions ['cmake', 'python']
[0.794s] Level 1:colcon.colcon_core.package_identification:_identify(.) by extension 'cmake'
[0.794s] Level 1:colcon.colcon_core.package_identification:_identify(.) by extension 'python'
[0.794s] Level 1:colcon.colcon_core.package_identification:_identify(.) by extensions ['python_setup_py']
[0.794s] Level 1:colcon.colcon_core.package_identification:_identify(.) by extension 'python_setup_py'
[0.795s] Level 1:colcon.colcon_core.package_identification:_identify(build) by extensions ['ignore', 'ignore_ament_install']
[0.795s] Level 1:colcon.colcon_core.package_identification:_identify(build) by extension 'ignore'
[0.795s] Level 1:colcon.colcon_core.package_identification:_identify(build) ignored
[0.795s] Level 1:colcon.colcon_core.package_identification:_identify(install) by extensions ['ignore', 'ignore_ament_install']
[0.795s] Level 1:colcon.colcon_core.package_identification:_identify(install) by extension 'ignore'
[0.795s] Level 1:colcon.colcon_core.package_identification:_identify(install) ignored
[0.796s] Level 1:colcon.colcon_core.package_identification:_identify(log) by extensions ['ignore', 'ignore_ament_install']
[0.796s] Level 1:colcon.colcon_core.package_identification:_identify(log) by extension 'ignore'
[0.796s] Level 1:colcon.colcon_core.package_identification:_identify(log) ignored
[0.796s] Level 1:colcon.colcon_core.package_identification:_identify(src) by extensions ['ignore', 'ignore_ament_install']
[0.796s] Level 1:colcon.colcon_core.package_identification:_identify(src) by extension 'ignore'
[0.796s] Level 1:colcon.colcon_core.package_identification:_identify(src) by extension 'ignore_ament_install'
[0.796s] Level 1:colcon.colcon_core.package_identification:_identify(src) by extensions ['colcon_pkg']
[0.797s] Level 1:colcon.colcon_core.package_identification:_identify(src) by extension 'colcon_pkg'
[0.797s] Level 1:colcon.colcon_core.package_identification:_identify(src) by extensions ['colcon_meta']
[0.797s] Level 1:colcon.colcon_core.package_identification:_identify(src) by extension 'colcon_meta'
[0.797s] Level 1:colcon.colcon_core.package_identification:_identify(src) by extensions ['ros']
[0.797s] Level 1:colcon.colcon_core.package_identification:_identify(src) by extension 'ros'
[0.797s] Level 1:colcon.colcon_core.package_identification:_identify(src) by extensions ['cmake', 'python']
[0.797s] Level 1:colcon.colcon_core.package_identification:_identify(src) by extension 'cmake'
[0.797s] Level 1:colcon.colcon_core.package_identification:_identify(src) by extension 'python'
[0.797s] Level 1:colcon.colcon_core.package_identification:_identify(src) by extensions ['python_setup_py']
[0.797s] Level 1:colcon.colcon_core.package_identification:_identify(src) by extension 'python_setup_py'
[0.798s] Level 1:colcon.colcon_core.package_identification:_identify(src/Urdf_model_description) by extensions ['ignore', 'ignore_ament_install']
[0.798s] Level 1:colcon.colcon_core.package_identification:_identify(src/Urdf_model_description) by extension 'ignore'
[0.798s] Level 1:colcon.colcon_core.package_identification:_identify(src/Urdf_model_description) by extension 'ignore_ament_install'
[0.798s] Level 1:colcon.colcon_core.package_identification:_identify(src/Urdf_model_description) by extensions ['colcon_pkg']
[0.798s] Level 1:colcon.colcon_core.package_identification:_identify(src/Urdf_model_description) by extension 'colcon_pkg'
[0.798s] Level 1:colcon.colcon_core.package_identification:_identify(src/Urdf_model_description) by extensions ['colcon_meta']
[0.798s] Level 1:colcon.colcon_core.package_identification:_identify(src/Urdf_model_description) by extension 'colcon_meta'
[0.798s] Level 1:colcon.colcon_core.package_identification:_identify(src/Urdf_model_description) by extensions ['ros']
[0.798s] Level 1:colcon.colcon_core.package_identification:_identify(src/Urdf_model_description) by extension 'ros'
[0.805s] DEBUG:colcon.colcon_core.package_identification:Package 'src/Urdf_model_description' with type 'ros.ament_python' and name 'Urdf_model_description'
[0.805s] Level 1:colcon.colcon_core.package_identification:_identify(src/diff_drive_bridge) by extensions ['ignore', 'ignore_ament_install']
[0.805s] Level 1:colcon.colcon_core.package_identification:_identify(src/diff_drive_bridge) by extension 'ignore'
[0.805s] Level 1:colcon.colcon_core.package_identification:_identify(src/diff_drive_bridge) by extension 'ignore_ament_install'
[0.806s] Level 1:colcon.colcon_core.package_identification:_identify(src/diff_drive_bridge) by extensions ['colcon_pkg']
[0.806s] Level 1:colcon.colcon_core.package_identification:_identify(src/diff_drive_bridge) by extension 'colcon_pkg'
[0.806s] Level 1:colcon.colcon_core.package_identification:_identify(src/diff_drive_bridge) by extensions ['colcon_meta']
[0.806s] Level 1:colcon.colcon_core.package_identification:_identify(src/diff_drive_bridge) by extension 'colcon_meta'
[0.806s] Level 1:colcon.colcon_core.package_identification:_identify(src/diff_drive_bridge) by extensions ['ros']
[0.806s] Level 1:colcon.colcon_core.package_identification:_identify(src/diff_drive_bridge) by extension 'ros'
[0.808s] DEBUG:colcon.colcon_core.package_identification:Package 'src/diff_drive_bridge' with type 'ros.ament_python' and name 'diff_drive_bridge'
[0.808s] Level 1:colcon.colcon_core.package_identification:_identify(src/navigation_pkg) by extensions ['ignore', 'ignore_ament_install']
[0.808s] Level 1:colcon.colcon_core.package_identification:_identify(src/navigation_pkg) by extension 'ignore'
[0.808s] Level 1:colcon.colcon_core.package_identification:_identify(src/navigation_pkg) by extension 'ignore_ament_install'
[0.808s] Level 1:colcon.colcon_core.package_identification:_identify(src/navigation_pkg) by extensions ['colcon_pkg']
[0.808s] Level 1:colcon.colcon_core.package_identification:_identify(src/navigation_pkg) by extension 'colcon_pkg'
[0.808s] Level 1:colcon.colcon_core.package_identification:_identify(src/navigation_pkg) by extensions ['colcon_meta']
[0.809s] Level 1:colcon.colcon_core.package_identification:_identify(src/navigation_pkg) by extension 'colcon_meta'
[0.809s] Level 1:colcon.colcon_core.package_identification:_identify(src/navigation_pkg) by extensions ['ros']
[0.809s] Level 1:colcon.colcon_core.package_identification:_identify(src/navigation_pkg) by extension 'ros'
[0.810s] DEBUG:colcon.colcon_core.package_identification:Package 'src/navigation_pkg' with type 'ros.ament_python' and name 'navigation_pkg'
[0.810s] Level 1:colcon.colcon_core.package_identification:_identify(src/oak_object_detection) by extensions ['ignore', 'ignore_ament_install']
[0.810s] Level 1:colcon.colcon_core.package_identification:_identify(src/oak_object_detection) by extension 'ignore'
[0.810s] Level 1:colcon.colcon_core.package_identification:_identify(src/oak_object_detection) by extension 'ignore_ament_install'
[0.811s] Level 1:colcon.colcon_core.package_identification:_identify(src/oak_object_detection) by extensions ['colcon_pkg']
[0.811s] Level 1:colcon.colcon_core.package_identification:_identify(src/oak_object_detection) by extension 'colcon_pkg'
[0.811s] Level 1:colcon.colcon_core.package_identification:_identify(src/oak_object_detection) by extensions ['colcon_meta']
[0.811s] Level 1:colcon.colcon_core.package_identification:_identify(src/oak_object_detection) by extension 'colcon_meta'
[0.811s] Level 1:colcon.colcon_core.package_identification:_identify(src/oak_object_detection) by extensions ['ros']
[0.811s] Level 1:colcon.colcon_core.package_identification:_identify(src/oak_object_detection) by extension 'ros'
[0.812s] DEBUG:colcon.colcon_core.package_identification:Package 'src/oak_object_detection' with type 'ros.ament_python' and name 'oak_object_detection'
[0.812s] Level 1:colcon.colcon_core.package_identification:_identify(src/rf2o_laser_odometry) by extensions ['ignore', 'ignore_ament_install']
[0.813s] Level 1:colcon.colcon_core.package_identification:_identify(src/rf2o_laser_odometry) by extension 'ignore'
[0.813s] Level 1:colcon.colcon_core.package_identification:_identify(src/rf2o_laser_odometry) by extension 'ignore_ament_install'
[0.813s] Level 1:colcon.colcon_core.package_identification:_identify(src/rf2o_laser_odometry) by extensions ['colcon_pkg']
[0.813s] Level 1:colcon.colcon_core.package_identification:_identify(src/rf2o_laser_odometry) by extension 'colcon_pkg'
[0.813s] Level 1:colcon.colcon_core.package_identification:_identify(src/rf2o_laser_odometry) by extensions ['colcon_meta']
[0.813s] Level 1:colcon.colcon_core.package_identification:_identify(src/rf2o_laser_odometry) by extension 'colcon_meta'
[0.813s] Level 1:colcon.colcon_core.package_identification:_identify(src/rf2o_laser_odometry) by extensions ['ros']
[0.813s] Level 1:colcon.colcon_core.package_identification:_identify(src/rf2o_laser_odometry) by extension 'ros'
[0.815s] DEBUG:colcon.colcon_core.package_identification:Package 'src/rf2o_laser_odometry' with type 'ros.ament_cmake' and name 'rf2o_laser_odometry'
[0.815s] Level 1:colcon.colcon_core.package_identification:_identify(src/ros2toarduino) by extensions ['ignore', 'ignore_ament_install']
[0.816s] Level 1:colcon.colcon_core.package_identification:_identify(src/ros2toarduino) by extension 'ignore'
[0.816s] Level 1:colcon.colcon_core.package_identification:_identify(src/ros2toarduino) by extension 'ignore_ament_install'
[0.816s] Level 1:colcon.colcon_core.package_identification:_identify(src/ros2toarduino) by extensions ['colcon_pkg']
[0.816s] Level 1:colcon.colcon_core.package_identification:_identify(src/ros2toarduino) by extension 'colcon_pkg'
[0.816s] Level 1:colcon.colcon_core.package_identification:_identify(src/ros2toarduino) by extensions ['colcon_meta']
[0.816s] Level 1:colcon.colcon_core.package_identification:_identify(src/ros2toarduino) by extension 'colcon_meta'
[0.816s] Level 1:colcon.colcon_core.package_identification:_identify(src/ros2toarduino) by extensions ['ros']
[0.816s] Level 1:colcon.colcon_core.package_identification:_identify(src/ros2toarduino) by extension 'ros'
[0.817s] DEBUG:colcon.colcon_core.package_identification:Package 'src/ros2toarduino' with type 'ros.ament_python' and name 'ros2toarduino'
[0.818s] Level 1:colcon.colcon_core.package_identification:_identify(src/rplidar_ros) by extensions ['ignore', 'ignore_ament_install']
[0.818s] Level 1:colcon.colcon_core.package_identification:_identify(src/rplidar_ros) by extension 'ignore'
[0.818s] Level 1:colcon.colcon_core.package_identification:_identify(src/rplidar_ros) by extension 'ignore_ament_install'
[0.818s] Level 1:colcon.colcon_core.package_identification:_identify(src/rplidar_ros) by extensions ['colcon_pkg']
[0.818s] Level 1:colcon.colcon_core.package_identification:_identify(src/rplidar_ros) by extension 'colcon_pkg'
[0.818s] Level 1:colcon.colcon_core.package_identification:_identify(src/rplidar_ros) by extensions ['colcon_meta']
[0.818s] Level 1:colcon.colcon_core.package_identification:_identify(src/rplidar_ros) by extension 'colcon_meta'
[0.818s] Level 1:colcon.colcon_core.package_identification:_identify(src/rplidar_ros) by extensions ['ros']
[0.818s] Level 1:colcon.colcon_core.package_identification:_identify(src/rplidar_ros) by extension 'ros'
[0.820s] DEBUG:colcon.colcon_core.package_identification:Package 'src/rplidar_ros' with type 'ros.ament_cmake' and name 'rplidar_ros'
[0.820s] Level 1:colcon.colcon_core.package_discovery:discover_packages(recursive) using defaults
[0.820s] Level 1:colcon.colcon_core.package_discovery:discover_packages(ignore) discover
[0.820s] Level 1:colcon.colcon_core.package_discovery:discover_packages(ignore) using defaults
[0.820s] Level 1:colcon.colcon_core.package_discovery:discover_packages(path) discover
[0.820s] Level 1:colcon.colcon_core.package_discovery:discover_packages(path) using defaults
[0.868s] Level 1:colcon.colcon_core.package_discovery:discover_packages(prefix_path) check parameters
[0.868s] Level 1:colcon.colcon_core.package_discovery:discover_packages(prefix_path) discover
[0.873s] DEBUG:colcon.colcon_installed_package_information.package_discovery:Found 7 installed packages in /home/robotics_lab/ros2_ws/install
[0.876s] DEBUG:colcon.colcon_installed_package_information.package_discovery:Found 410 installed packages in /opt/ros/humble
[0.881s] Level 1:colcon.colcon_core.package_discovery:discover_packages(prefix_path) using defaults
[0.973s] Level 5:colcon.colcon_core.verb:set package 'Urdf_model_description' build argument 'cmake_args' from command line to 'None'
[0.974s] Level 5:colcon.colcon_core.verb:set package 'Urdf_model_description' build argument 'cmake_target' from command line to 'None'
[0.974s] Level 5:colcon.colcon_core.verb:set package 'Urdf_model_description' build argument 'cmake_target_skip_unavailable' from command line to 'False'
[0.974s] Level 5:colcon.colcon_core.verb:set package 'Urdf_model_description' build argument 'cmake_clean_cache' from command line to 'False'
[0.974s] Level 5:colcon.colcon_core.verb:set package 'Urdf_model_description' build argument 'cmake_clean_first' from command line to 'False'
[0.974s] Level 5:colcon.colcon_core.verb:set package 'Urdf_model_description' build argument 'cmake_force_configure' from command line to 'False'
[0.974s] Level 5:colcon.colcon_core.verb:set package 'Urdf_model_description' build argument 'ament_cmake_args' from command line to 'None'
[0.974s] Level 5:colcon.colcon_core.verb:set package 'Urdf_model_description' build argument 'catkin_cmake_args' from command line to 'None'
[0.974s] Level 5:colcon.colcon_core.verb:set package 'Urdf_model_description' build argument 'catkin_skip_building_tests' from command line to 'False'
[0.974s] DEBUG:colcon.colcon_core.verb:Building package 'Urdf_model_description' with the following arguments: {'ament_cmake_args': None, 'build_base': '/home/robotics_lab/ros2_ws/build/Urdf_model_description', 'catkin_cmake_args': None, 'catkin_skip_building_tests': False, 'cmake_args': None, 'cmake_clean_cache': False, 'cmake_clean_first': False, 'cmake_force_configure': False, 'cmake_target': None, 'cmake_target_skip_unavailable': False, 'install_base': '/home/robotics_lab/ros2_ws/install/Urdf_model_description', 'merge_install': False, 'path': '/home/robotics_lab/ros2_ws/src/Urdf_model_description', 'symlink_install': False, 'test_result_base': None}
[0.975s] Level 5:colcon.colcon_core.verb:set package 'diff_drive_bridge' build argument 'cmake_args' from command line to 'None'
[0.975s] Level 5:colcon.colcon_core.verb:set package 'diff_drive_bridge' build argument 'cmake_target' from command line to 'None'
[0.975s] Level 5:colcon.colcon_core.verb:set package 'diff_drive_bridge' build argument 'cmake_target_skip_unavailable' from command line to 'False'
[0.975s] Level 5:colcon.colcon_core.verb:set package 'diff_drive_bridge' build argument 'cmake_clean_cache' from command line to 'False'
[0.975s] Level 5:colcon.colcon_core.verb:set package 'diff_drive_bridge' build argument 'cmake_clean_first' from command line to 'False'
[0.975s] Level 5:colcon.colcon_core.verb:set package 'diff_drive_bridge' build argument 'cmake_force_configure' from command line to 'False'
[0.975s] Level 5:colcon.colcon_core.verb:set package 'diff_drive_bridge' build argument 'ament_cmake_args' from command line to 'None'
[0.975s] Level 5:colcon.colcon_core.verb:set package 'diff_drive_bridge' build argument 'catkin_cmake_args' from command line to 'None'
[0.975s] Level 5:colcon.colcon_core.verb:set package 'diff_drive_bridge' build argument 'catkin_skip_building_tests' from command line to 'False'
[0.975s] DEBUG:colcon.colcon_core.verb:Building package 'diff_drive_bridge' with the following arguments: {'ament_cmake_args': None, 'build_base': '/home/robotics_lab/ros2_ws/build/diff_drive_bridge', 'catkin_cmake_args': None, 'catkin_skip_building_tests': False, 'cmake_args': None, 'cmake_clean_cache': False, 'cmake_clean_first': False, 'cmake_force_configure': False, 'cmake_target': None, 'cmake_target_skip_unavailable': False, 'install_base': '/home/robotics_lab/ros2_ws/install/diff_drive_bridge', 'merge_install': False, 'path': '/home/robotics_lab/ros2_ws/src/diff_drive_bridge', 'symlink_install': False, 'test_result_base': None}
[0.976s] Level 5:colcon.colcon_core.verb:set package 'navigation_pkg' build argument 'cmake_args' from command line to 'None'
[0.976s] Level 5:colcon.colcon_core.verb:set package 'navigation_pkg' build argument 'cmake_target' from command line to 'None'
[0.976s] Level 5:colcon.colcon_core.verb:set package 'navigation_pkg' build argument 'cmake_target_skip_unavailable' from command line to 'False'
[0.976s] Level 5:colcon.colcon_core.verb:set package 'navigation_pkg' build argument 'cmake_clean_cache' from command line to 'False'
[0.976s] Level 5:colcon.colcon_core.verb:set package 'navigation_pkg' build argument 'cmake_clean_first' from command line to 'False'
[0.976s] Level 5:colcon.colcon_core.verb:set package 'navigation_pkg' build argument 'cmake_force_configure' from command line to 'False'
[0.976s] Level 5:colcon.colcon_core.verb:set package 'navigation_pkg' build argument 'ament_cmake_args' from command line to 'None'
[0.976s] Level 5:colcon.colcon_core.verb:set package 'navigation_pkg' build argument 'catkin_cmake_args' from command line to 'None'
[0.976s] Level 5:colcon.colcon_core.verb:set package 'navigation_pkg' build argument 'catkin_skip_building_tests' from command line to 'False'
[0.976s] DEBUG:colcon.colcon_core.verb:Building package 'navigation_pkg' with the following arguments: {'ament_cmake_args': None, 'build_base': '/home/robotics_lab/ros2_ws/build/navigation_pkg', 'catkin_cmake_args': None, 'catkin_skip_building_tests': False, 'cmake_args': None, 'cmake_clean_cache': False, 'cmake_clean_first': False, 'cmake_force_configure': False, 'cmake_target': None, 'cmake_target_skip_unavailable': False, 'install_base': '/home/robotics_lab/ros2_ws/install/navigation_pkg', 'merge_install': False, 'path': '/home/robotics_lab/ros2_ws/src/navigation_pkg', 'symlink_install': False, 'test_result_base': None}
[0.976s] Level 5:colcon.colcon_core.verb:set package 'oak_object_detection' build argument 'cmake_args' from command line to 'None'
[0.977s] Level 5:colcon.colcon_core.verb:set package 'oak_object_detection' build argument 'cmake_target' from command line to 'None'
[0.977s] Level 5:colcon.colcon_core.verb:set package 'oak_object_detection' build argument 'cmake_target_skip_unavailable' from command line to 'False'
[0.977s] Level 5:colcon.colcon_core.verb:set package 'oak_object_detection' build argument 'cmake_clean_cache' from command line to 'False'
[0.977s] Level 5:colcon.colcon_core.verb:set package 'oak_object_detection' build argument 'cmake_clean_first' from command line to 'False'
[0.977s] Level 5:colcon.colcon_core.verb:set package 'oak_object_detection' build argument 'cmake_force_configure' from command line to 'False'
[0.977s] Level 5:colcon.colcon_core.verb:set package 'oak_object_detection' build argument 'ament_cmake_args' from command line to 'None'
[0.977s] Level 5:colcon.colcon_core.verb:set package 'oak_object_detection' build argument 'catkin_cmake_args' from command line to 'None'
[0.977s] Level 5:colcon.colcon_core.verb:set package 'oak_object_detection' build argument 'catkin_skip_building_tests' from command line to 'False'
[0.977s] DEBUG:colcon.colcon_core.verb:Building package 'oak_object_detection' with the following arguments: {'ament_cmake_args': None, 'build_base': '/home/robotics_lab/ros2_ws/build/oak_object_detection', 'catkin_cmake_args': None, 'catkin_skip_building_tests': False, 'cmake_args': None, 'cmake_clean_cache': False, 'cmake_clean_first': False, 'cmake_force_configure': False, 'cmake_target': None, 'cmake_target_skip_unavailable': False, 'install_base': '/home/robotics_lab/ros2_ws/install/oak_object_detection', 'merge_install': False, 'path': '/home/robotics_lab/ros2_ws/src/oak_object_detection', 'symlink_install': False, 'test_result_base': None}
[0.977s] Level 5:colcon.colcon_core.verb:set package 'rf2o_laser_odometry' build argument 'cmake_args' from command line to 'None'
[0.977s] Level 5:colcon.colcon_core.verb:set package 'rf2o_laser_odometry' build argument 'cmake_target' from command line to 'None'
[0.977s] Level 5:colcon.colcon_core.verb:set package 'rf2o_laser_odometry' build argument 'cmake_target_skip_unavailable' from command line to 'False'
[0.978s] Level 5:colcon.colcon_core.verb:set package 'rf2o_laser_odometry' build argument 'cmake_clean_cache' from command line to 'False'
[0.978s] Level 5:colcon.colcon_core.verb:set package 'rf2o_laser_odometry' build argument 'cmake_clean_first' from command line to 'False'
[0.978s] Level 5:colcon.colcon_core.verb:set package 'rf2o_laser_odometry' build argument 'cmake_force_configure' from command line to 'False'
[0.978s] Level 5:colcon.colcon_core.verb:set package 'rf2o_laser_odometry' build argument 'ament_cmake_args' from command line to 'None'
[0.978s] Level 5:colcon.colcon_core.verb:set package 'rf2o_laser_odometry' build argument 'catkin_cmake_args' from command line to 'None'
[0.978s] Level 5:colcon.colcon_core.verb:set package 'rf2o_laser_odometry' build argument 'catkin_skip_building_tests' from command line to 'False'
[0.978s] DEBUG:colcon.colcon_core.verb:Building package 'rf2o_laser_odometry' with the following arguments: {'ament_cmake_args': None, 'build_base': '/home/robotics_lab/ros2_ws/build/rf2o_laser_odometry', 'catkin_cmake_args': None, 'catkin_skip_building_tests': False, 'cmake_args': None, 'cmake_clean_cache': False, 'cmake_clean_first': False, 'cmake_force_configure': False, 'cmake_target': None, 'cmake_target_skip_unavailable': False, 'install_base': '/home/robotics_lab/ros2_ws/install/rf2o_laser_odometry', 'merge_install': False, 'path': '/home/robotics_lab/ros2_ws/src/rf2o_laser_odometry', 'symlink_install': False, 'test_result_base': None}
[0.978s] Level 5:colcon.colcon_core.verb:set package 'ros2toarduino' build argument 'cmake_args' from command line to 'None'
[0.978s] Level 5:colcon.colcon_core.verb:set package 'ros2toarduino' build argument 'cmake_target' from command line to 'None'
[0.978s] Level 5:colcon.colcon_core.verb:set package 'ros2toarduino' build argument 'cmake_target_skip_unavailable' from command line to 'False'
[0.978s] Level 5:colcon.colcon_core.verb:set package 'ros2toarduino' build argument 'cmake_clean_cache' from command line to 'False'
[0.978s] Level 5:colcon.colcon_core.verb:set package 'ros2toarduino' build argument 'cmake_clean_first' from command line to 'False'
[0.978s] Level 5:colcon.colcon_core.verb:set package 'ros2toarduino' build argument 'cmake_force_configure' from command line to 'False'
[0.979s] Level 5:colcon.colcon_core.verb:set package 'ros2toarduino' build argument 'ament_cmake_args' from command line to 'None'
[0.979s] Level 5:colcon.colcon_core.verb:set package 'ros2toarduino' build argument 'catkin_cmake_args' from command line to 'None'
[0.979s] Level 5:colcon.colcon_core.verb:set package 'ros2toarduino' build argument 'catkin_skip_building_tests' from command line to 'False'
[0.979s] DEBUG:colcon.colcon_core.verb:Building package 'ros2toarduino' with the following arguments: {'ament_cmake_args': None, 'build_base': '/home/robotics_lab/ros2_ws/build/ros2toarduino', 'catkin_cmake_args': None, 'catkin_skip_building_tests': False, 'cmake_args': None, 'cmake_clean_cache': False, 'cmake_clean_first': False, 'cmake_force_configure': False, 'cmake_target': None, 'cmake_target_skip_unavailable': False, 'install_base': '/home/robotics_lab/ros2_ws/install/ros2toarduino', 'merge_install': False, 'path': '/home/robotics_lab/ros2_ws/src/ros2toarduino', 'symlink_install': False, 'test_result_base': None}
[0.979s] Level 5:colcon.colcon_core.verb:set package 'rplidar_ros' build argument 'cmake_args' from command line to 'None'
[0.979s] Level 5:colcon.colcon_core.verb:set package 'rplidar_ros' build argument 'cmake_target' from command line to 'None'
[0.979s] Level 5:colcon.colcon_core.verb:set package 'rplidar_ros' build argument 'cmake_target_skip_unavailable' from command line to 'False'
[0.979s] Level 5:colcon.colcon_core.verb:set package 'rplidar_ros' build argument 'cmake_clean_cache' from command line to 'False'
[0.979s] Level 5:colcon.colcon_core.verb:set package 'rplidar_ros' build argument 'cmake_clean_first' from command line to 'False'
[0.979s] Level 5:colcon.colcon_core.verb:set package 'rplidar_ros' build argument 'cmake_force_configure' from command line to 'False'
[0.979s] Level 5:colcon.colcon_core.verb:set package 'rplidar_ros' build argument 'ament_cmake_args' from command line to 'None'
[0.979s] Level 5:colcon.colcon_core.verb:set package 'rplidar_ros' build argument 'catkin_cmake_args' from command line to 'None'
[0.979s] Level 5:colcon.colcon_core.verb:set package 'rplidar_ros' build argument 'catkin_skip_building_tests' from command line to 'False'
[0.980s] DEBUG:colcon.colcon_core.verb:Building package 'rplidar_ros' with the following arguments: {'ament_cmake_args': None, 'build_base': '/home/robotics_lab/ros2_ws/build/rplidar_ros', 'catkin_cmake_args': None, 'catkin_skip_building_tests': False, 'cmake_args': None, 'cmake_clean_cache': False, 'cmake_clean_first': False, 'cmake_force_configure': False, 'cmake_target': None, 'cmake_target_skip_unavailable': False, 'install_base': '/home/robotics_lab/ros2_ws/install/rplidar_ros', 'merge_install': False, 'path': '/home/robotics_lab/ros2_ws/src/rplidar_ros', 'symlink_install': False, 'test_result_base': None}
[0.980s] INFO:colcon.colcon_core.executor:Executing jobs using 'parallel' executor
[0.982s] DEBUG:colcon.colcon_parallel_executor.executor.parallel:run_until_complete
[0.982s] INFO:colcon.colcon_ros.task.ament_python.build:Building ROS package in '/home/robotics_lab/ros2_ws/src/Urdf_model_description' with build type 'ament_python'
[0.982s] Level 1:colcon.colcon_core.shell:create_environment_hook('Urdf_model_description', 'ament_prefix_path')
[0.990s] INFO:colcon.colcon_core.plugin_system:Skipping extension 'colcon_core.shell.bat': Not used on non-Windows systems
[0.990s] INFO:colcon.colcon_core.shell:Creating environment hook '/home/robotics_lab/ros2_ws/install/Urdf_model_description/share/Urdf_model_description/hook/ament_prefix_path.ps1'
[0.992s] INFO:colcon.colcon_core.shell:Creating environment descriptor '/home/robotics_lab/ros2_ws/install/Urdf_model_description/share/Urdf_model_description/hook/ament_prefix_path.dsv'
[0.993s] INFO:colcon.colcon_core.shell:Creating environment hook '/home/robotics_lab/ros2_ws/install/Urdf_model_description/share/Urdf_model_description/hook/ament_prefix_path.sh'
[0.994s] INFO:colcon.colcon_core.shell:Skip shell extension 'powershell' for command environment: Not usable outside of PowerShell
[0.994s] DEBUG:colcon.colcon_core.shell:Skip shell extension 'dsv' for command environment
[1.002s] INFO:colcon.colcon_ros.task.ament_python.build:Building ROS package in '/home/robotics_lab/ros2_ws/src/diff_drive_bridge' with build type 'ament_python'
[1.003s] Level 1:colcon.colcon_core.shell:create_environment_hook('diff_drive_bridge', 'ament_prefix_path')
[1.003s] INFO:colcon.colcon_core.shell:Creating environment hook '/home/robotics_lab/ros2_ws/install/diff_drive_bridge/share/diff_drive_bridge/hook/ament_prefix_path.ps1'
[1.004s] INFO:colcon.colcon_core.shell:Creating environment descriptor '/home/robotics_lab/ros2_ws/install/diff_drive_bridge/share/diff_drive_bridge/hook/ament_prefix_path.dsv'
[1.005s] INFO:colcon.colcon_core.shell:Creating environment hook '/home/robotics_lab/ros2_ws/install/diff_drive_bridge/share/diff_drive_bridge/hook/ament_prefix_path.sh'
[1.006s] INFO:colcon.colcon_core.shell:Skip shell extension 'powershell' for command environment: Not usable outside of PowerShell
[1.006s] DEBUG:colcon.colcon_core.shell:Skip shell extension 'dsv' for command environment
[1.014s] INFO:colcon.colcon_ros.task.ament_python.build:Building ROS package in '/home/robotics_lab/ros2_ws/src/navigation_pkg' with build type 'ament_python'
[1.014s] Level 1:colcon.colcon_core.shell:create_environment_hook('navigation_pkg', 'ament_prefix_path')
[1.015s] INFO:colcon.colcon_core.shell:Creating environment hook '/home/robotics_lab/ros2_ws/install/navigation_pkg/share/navigation_pkg/hook/ament_prefix_path.ps1'
[1.016s] INFO:colcon.colcon_core.shell:Creating environment descriptor '/home/robotics_lab/ros2_ws/install/navigation_pkg/share/navigation_pkg/hook/ament_prefix_path.dsv'
[1.017s] INFO:colcon.colcon_core.shell:Creating environment hook '/home/robotics_lab/ros2_ws/install/navigation_pkg/share/navigation_pkg/hook/ament_prefix_path.sh'
[1.018s] INFO:colcon.colcon_core.shell:Skip shell extension 'powershell' for command environment: Not usable outside of PowerShell
[1.018s] DEBUG:colcon.colcon_core.shell:Skip shell extension 'dsv' for command environment
[1.024s] INFO:colcon.colcon_ros.task.ament_python.build:Building ROS package in '/home/robotics_lab/ros2_ws/src/oak_object_detection' with build type 'ament_python'
[1.025s] Level 1:colcon.colcon_core.shell:create_environment_hook('oak_object_detection', 'ament_prefix_path')
[1.025s] INFO:colcon.colcon_core.shell:Creating environment hook '/home/robotics_lab/ros2_ws/install/oak_object_detection/share/oak_object_detection/hook/ament_prefix_path.ps1'
[1.026s] INFO:colcon.colcon_core.shell:Creating environment descriptor '/home/robotics_lab/ros2_ws/install/oak_object_detection/share/oak_object_detection/hook/ament_prefix_path.dsv'
[1.027s] INFO:colcon.colcon_core.shell:Creating environment hook '/home/robotics_lab/ros2_ws/install/oak_object_detection/share/oak_object_detection/hook/ament_prefix_path.sh'
[1.028s] INFO:colcon.colcon_core.shell:Skip shell extension 'powershell' for command environment: Not usable outside of PowerShell
[1.028s] DEBUG:colcon.colcon_core.shell:Skip shell extension 'dsv' for command environment
[1.035s] INFO:colcon.colcon_ros.task.ament_cmake.build:Building ROS package in '/home/robotics_lab/ros2_ws/src/rf2o_laser_odometry' with build type 'ament_cmake'
[1.035s] INFO:colcon.colcon_cmake.task.cmake.build:Building CMake package in '/home/robotics_lab/ros2_ws/src/rf2o_laser_odometry'
[1.035s] INFO:colcon.colcon_core.shell:Skip shell extension 'powershell' for command environment: Not usable outside of PowerShell
[1.036s] DEBUG:colcon.colcon_core.shell:Skip shell extension 'dsv' for command environment
[1.042s] INFO:colcon.colcon_ros.task.ament_python.build:Building ROS package in '/home/robotics_lab/ros2_ws/src/ros2toarduino' with build type 'ament_python'
[1.042s] Level 1:colcon.colcon_core.shell:create_environment_hook('ros2toarduino', 'ament_prefix_path')
[1.043s] INFO:colcon.colcon_core.shell:Creating environment hook '/home/robotics_lab/ros2_ws/install/ros2toarduino/share/ros2toarduino/hook/ament_prefix_path.ps1'
[1.044s] INFO:colcon.colcon_core.shell:Creating environment descriptor '/home/robotics_lab/ros2_ws/install/ros2toarduino/share/ros2toarduino/hook/ament_prefix_path.dsv'
[1.044s] INFO:colcon.colcon_core.shell:Creating environment hook '/home/robotics_lab/ros2_ws/install/ros2toarduino/share/ros2toarduino/hook/ament_prefix_path.sh'
[1.045s] INFO:colcon.colcon_core.shell:Skip shell extension 'powershell' for command environment: Not usable outside of PowerShell
[1.045s] DEBUG:colcon.colcon_core.shell:Skip shell extension 'dsv' for command environment
[1.625s] INFO:colcon.colcon_core.task.python.build:Building Python package in '/home/robotics_lab/ros2_ws/src/Urdf_model_description'
[1.626s] INFO:colcon.colcon_core.shell:Skip shell extension 'powershell' for command environment: Not usable outside of PowerShell
[1.626s] DEBUG:colcon.colcon_core.shell:Skip shell extension 'dsv' for command environment
[2.211s] INFO:colcon.colcon_core.task.python.build:Building Python package in '/home/robotics_lab/ros2_ws/src/diff_drive_bridge'
[2.212s] INFO:colcon.colcon_core.shell:Skip shell extension 'powershell' for command environment: Not usable outside of PowerShell
[2.212s] DEBUG:colcon.colcon_core.shell:Skip shell extension 'dsv' for command environment
[2.804s] INFO:colcon.colcon_core.task.python.build:Building Python package in '/home/robotics_lab/ros2_ws/src/navigation_pkg'
[2.805s] INFO:colcon.colcon_core.shell:Skip shell extension 'powershell' for command environment: Not usable outside of PowerShell
[2.805s] DEBUG:colcon.colcon_core.shell:Skip shell extension 'dsv' for command environment
[3.390s] INFO:colcon.colcon_core.task.python.build:Building Python package in '/home/robotics_lab/ros2_ws/src/oak_object_detection'
[3.391s] INFO:colcon.colcon_core.shell:Skip shell extension 'powershell' for command environment: Not usable outside of PowerShell
[3.391s] DEBUG:colcon.colcon_core.shell:Skip shell extension 'dsv' for command environment
[3.416s] DEBUG:colcon.colcon_core.event_handler.log_command:Invoking command in '/home/robotics_lab/ros2_ws/build/rf2o_laser_odometry': CMAKE_PREFIX_PATH=${CMAKE_PREFIX_PATH}:/home/robotics_lab/ros2_ws/install/ros2toarduino:/home/robotics_lab/ros2_ws/install/oak_object_detection:/home/robotics_lab/ros2_ws/install/navigation_pkg:/home/robotics_lab/ros2_ws/install/diff_drive_bridge:/home/robotics_lab/ros2_ws/install/Urdf_model_description:/opt/ros/humble /usr/bin/cmake --build /home/robotics_lab/ros2_ws/build/rf2o_laser_odometry -- -j6 -l6
[3.984s] INFO:colcon.colcon_core.task.python.build:Building Python package in '/home/robotics_lab/ros2_ws/src/ros2toarduino'
[3.985s] INFO:colcon.colcon_core.shell:Skip shell extension 'powershell' for command environment: Not usable outside of PowerShell
[3.985s] DEBUG:colcon.colcon_core.shell:Skip shell extension 'dsv' for command environment
[4.019s] DEBUG:colcon.colcon_core.event_handler.log_command:Invoked command in '/home/robotics_lab/ros2_ws/build/rf2o_laser_odometry' returned '0': CMAKE_PREFIX_PATH=${CMAKE_PREFIX_PATH}:/home/robotics_lab/ros2_ws/install/ros2toarduino:/home/robotics_lab/ros2_ws/install/oak_object_detection:/home/robotics_lab/ros2_ws/install/navigation_pkg:/home/robotics_lab/ros2_ws/install/diff_drive_bridge:/home/robotics_lab/ros2_ws/install/Urdf_model_description:/opt/ros/humble /usr/bin/cmake --build /home/robotics_lab/ros2_ws/build/rf2o_laser_odometry -- -j6 -l6
[4.038s] DEBUG:colcon.colcon_core.event_handler.log_command:Invoking command in '/home/robotics_lab/ros2_ws/build/rf2o_laser_odometry': CMAKE_PREFIX_PATH=${CMAKE_PREFIX_PATH}:/home/robotics_lab/ros2_ws/install/ros2toarduino:/home/robotics_lab/ros2_ws/install/oak_object_detection:/home/robotics_lab/ros2_ws/install/navigation_pkg:/home/robotics_lab/ros2_ws/install/diff_drive_bridge:/home/robotics_lab/ros2_ws/install/Urdf_model_description:/opt/ros/humble /usr/bin/cmake --install /home/robotics_lab/ros2_ws/build/rf2o_laser_odometry
[4.102s] Level 1:colcon.colcon_core.environment:create_environment_scripts_only(rf2o_laser_odometry)
[4.104s] DEBUG:colcon.colcon_core.event_handler.log_command:Invoked command in '/home/robotics_lab/ros2_ws/build/rf2o_laser_odometry' returned '0': CMAKE_PREFIX_PATH=${CMAKE_PREFIX_PATH}:/home/robotics_lab/ros2_ws/install/ros2toarduino:/home/robotics_lab/ros2_ws/install/oak_object_detection:/home/robotics_lab/ros2_ws/install/navigation_pkg:/home/robotics_lab/ros2_ws/install/diff_drive_bridge:/home/robotics_lab/ros2_ws/install/Urdf_model_description:/opt/ros/humble /usr/bin/cmake --install /home/robotics_lab/ros2_ws/build/rf2o_laser_odometry
[4.113s] Level 1:colcon.colcon_core.environment:checking '/home/robotics_lab/ros2_ws/install/rf2o_laser_odometry' for CMake module files
[4.114s] Level 1:colcon.colcon_core.environment:checking '/home/robotics_lab/ros2_ws/install/rf2o_laser_odometry' for CMake config files
[4.115s] Level 1:colcon.colcon_core.shell:create_environment_hook('rf2o_laser_odometry', 'cmake_prefix_path')
[4.115s] INFO:colcon.colcon_core.shell:Creating environment hook '/home/robotics_lab/ros2_ws/install/rf2o_laser_odometry/share/rf2o_laser_odometry/hook/cmake_prefix_path.ps1'
[4.117s] INFO:colcon.colcon_core.shell:Creating environment descriptor '/home/robotics_lab/ros2_ws/install/rf2o_laser_odometry/share/rf2o_laser_odometry/hook/cmake_prefix_path.dsv'
[4.117s] INFO:colcon.colcon_core.shell:Creating environment hook '/home/robotics_lab/ros2_ws/install/rf2o_laser_odometry/share/rf2o_laser_odometry/hook/cmake_prefix_path.sh'
[4.119s] Level 1:colcon.colcon_core.environment:checking '/home/robotics_lab/ros2_ws/install/rf2o_laser_odometry/lib'
[4.119s] Level 1:colcon.colcon_core.environment:checking '/home/robotics_lab/ros2_ws/install/rf2o_laser_odometry/bin'
[4.119s] Level 1:colcon.colcon_core.environment:checking '/home/robotics_lab/ros2_ws/install/rf2o_laser_odometry/lib/pkgconfig/rf2o_laser_odometry.pc'
[4.120s] Level 1:colcon.colcon_core.environment:checking '/home/robotics_lab/ros2_ws/install/rf2o_laser_odometry/lib/python3.10/site-packages'
[4.121s] Level 1:colcon.colcon_core.environment:checking '/home/robotics_lab/ros2_ws/install/rf2o_laser_odometry/bin'
[4.121s] INFO:colcon.colcon_core.shell:Creating package script '/home/robotics_lab/ros2_ws/install/rf2o_laser_odometry/share/rf2o_laser_odometry/package.ps1'
[4.124s] INFO:colcon.colcon_core.shell:Creating package descriptor '/home/robotics_lab/ros2_ws/install/rf2o_laser_odometry/share/rf2o_laser_odometry/package.dsv'
[4.126s] INFO:colcon.colcon_core.shell:Creating package script '/home/robotics_lab/ros2_ws/install/rf2o_laser_odometry/share/rf2o_laser_odometry/package.sh'
[4.127s] INFO:colcon.colcon_core.shell:Creating package script '/home/robotics_lab/ros2_ws/install/rf2o_laser_odometry/share/rf2o_laser_odometry/package.bash'
[4.129s] INFO:colcon.colcon_core.shell:Creating package script '/home/robotics_lab/ros2_ws/install/rf2o_laser_odometry/share/rf2o_laser_odometry/package.zsh'
[4.131s] Level 1:colcon.colcon_core.environment:create_file_with_runtime_dependencies(/home/robotics_lab/ros2_ws/install/rf2o_laser_odometry/share/colcon-core/packages/rf2o_laser_odometry)
[4.133s] Level 1:colcon.colcon_core.environment:create_environment_scripts_only(rf2o_laser_odometry)
[4.133s] Level 1:colcon.colcon_core.environment:checking '/home/robotics_lab/ros2_ws/install/rf2o_laser_odometry' for CMake module files
[4.134s] Level 1:colcon.colcon_core.environment:checking '/home/robotics_lab/ros2_ws/install/rf2o_laser_odometry' for CMake config files
[4.135s] Level 1:colcon.colcon_core.shell:create_environment_hook('rf2o_laser_odometry', 'cmake_prefix_path')
[4.135s] INFO:colcon.colcon_core.shell:Creating environment hook '/home/robotics_lab/ros2_ws/install/rf2o_laser_odometry/share/rf2o_laser_odometry/hook/cmake_prefix_path.ps1'
[4.136s] INFO:colcon.colcon_core.shell:Creating environment descriptor '/home/robotics_lab/ros2_ws/install/rf2o_laser_odometry/share/rf2o_laser_odometry/hook/cmake_prefix_path.dsv'
[4.137s] INFO:colcon.colcon_core.shell:Creating environment hook '/home/robotics_lab/ros2_ws/install/rf2o_laser_odometry/share/rf2o_laser_odometry/hook/cmake_prefix_path.sh'
[4.139s] Level 1:colcon.colcon_core.environment:checking '/home/robotics_lab/ros2_ws/install/rf2o_laser_odometry/lib'
[4.139s] Level 1:colcon.colcon_core.environment:checking '/home/robotics_lab/ros2_ws/install/rf2o_laser_odometry/bin'
[4.139s] Level 1:colcon.colcon_core.environment:checking '/home/robotics_lab/ros2_ws/install/rf2o_laser_odometry/lib/pkgconfig/rf2o_laser_odometry.pc'
[4.139s] Level 1:colcon.colcon_core.environment:checking '/home/robotics_lab/ros2_ws/install/rf2o_laser_odometry/lib/python3.10/site-packages'
[4.140s] Level 1:colcon.colcon_core.environment:checking '/home/robotics_lab/ros2_ws/install/rf2o_laser_odometry/bin'
[4.141s] INFO:colcon.colcon_core.shell:Creating package script '/home/robotics_lab/ros2_ws/install/rf2o_laser_odometry/share/rf2o_laser_odometry/package.ps1'
[4.142s] INFO:colcon.colcon_core.shell:Creating package descriptor '/home/robotics_lab/ros2_ws/install/rf2o_laser_odometry/share/rf2o_laser_odometry/package.dsv'
[4.143s] INFO:colcon.colcon_core.shell:Creating package script '/home/robotics_lab/ros2_ws/install/rf2o_laser_odometry/share/rf2o_laser_odometry/package.sh'
[4.144s] INFO:colcon.colcon_core.shell:Creating package script '/home/robotics_lab/ros2_ws/install/rf2o_laser_odometry/share/rf2o_laser_odometry/package.bash'
[4.145s] INFO:colcon.colcon_core.shell:Creating package script '/home/robotics_lab/ros2_ws/install/rf2o_laser_odometry/share/rf2o_laser_odometry/package.zsh'
[4.146s] Level 1:colcon.colcon_core.environment:create_file_with_runtime_dependencies(/home/robotics_lab/ros2_ws/install/rf2o_laser_odometry/share/colcon-core/packages/rf2o_laser_odometry)
[4.148s] INFO:colcon.colcon_ros.task.ament_cmake.build:Building ROS package in '/home/robotics_lab/ros2_ws/src/rplidar_ros' with build type 'ament_cmake'
[4.149s] INFO:colcon.colcon_cmake.task.cmake.build:Building CMake package in '/home/robotics_lab/ros2_ws/src/rplidar_ros'
[4.149s] INFO:colcon.colcon_core.shell:Skip shell extension 'powershell' for command environment: Not usable outside of PowerShell
[4.150s] DEBUG:colcon.colcon_core.shell:Skip shell extension 'dsv' for command environment
[4.175s] DEBUG:colcon.colcon_core.event_handler.log_command:Invoking command in '/home/robotics_lab/ros2_ws/build/rplidar_ros': CMAKE_PREFIX_PATH=${CMAKE_PREFIX_PATH}:/home/robotics_lab/ros2_ws/install/ros2toarduino:/home/robotics_lab/ros2_ws/install/oak_object_detection:/home/robotics_lab/ros2_ws/install/navigation_pkg:/home/robotics_lab/ros2_ws/install/diff_drive_bridge:/home/robotics_lab/ros2_ws/install/Urdf_model_description:/opt/ros/humble /usr/bin/cmake --build /home/robotics_lab/ros2_ws/build/rplidar_ros -- -j6 -l6
[4.432s] DEBUG:colcon.colcon_core.event_handler.log_command:Invoked command in '/home/robotics_lab/ros2_ws/build/rplidar_ros' returned '0': CMAKE_PREFIX_PATH=${CMAKE_PREFIX_PATH}:/home/robotics_lab/ros2_ws/install/ros2toarduino:/home/robotics_lab/ros2_ws/install/oak_object_detection:/home/robotics_lab/ros2_ws/install/navigation_pkg:/home/robotics_lab/ros2_ws/install/diff_drive_bridge:/home/robotics_lab/ros2_ws/install/Urdf_model_description:/opt/ros/humble /usr/bin/cmake --build /home/robotics_lab/ros2_ws/build/rplidar_ros -- -j6 -l6
[4.435s] DEBUG:colcon.colcon_core.event_handler.log_command:Invoking command in '/home/robotics_lab/ros2_ws/build/rplidar_ros': CMAKE_PREFIX_PATH=${CMAKE_PREFIX_PATH}:/home/robotics_lab/ros2_ws/install/ros2toarduino:/home/robotics_lab/ros2_ws/install/oak_object_detection:/home/robotics_lab/ros2_ws/install/navigation_pkg:/home/robotics_lab/ros2_ws/install/diff_drive_bridge:/home/robotics_lab/ros2_ws/install/Urdf_model_description:/opt/ros/humble /usr/bin/cmake --install /home/robotics_lab/ros2_ws/build/rplidar_ros
[4.491s] Level 1:colcon.colcon_core.environment:create_environment_scripts_only(rplidar_ros)
[4.492s] Level 1:colcon.colcon_core.environment:checking '/home/robotics_lab/ros2_ws/install/rplidar_ros' for CMake module files
[4.493s] Level 1:colcon.colcon_core.environment:checking '/home/robotics_lab/ros2_ws/install/rplidar_ros' for CMake config files
[4.494s] Level 1:colcon.colcon_core.shell:create_environment_hook('rplidar_ros', 'cmake_prefix_path')
[4.494s] INFO:colcon.colcon_core.shell:Creating environment hook '/home/robotics_lab/ros2_ws/install/rplidar_ros/share/rplidar_ros/hook/cmake_prefix_path.ps1'
[4.495s] INFO:colcon.colcon_core.shell:Creating environment descriptor '/home/robotics_lab/ros2_ws/install/rplidar_ros/share/rplidar_ros/hook/cmake_prefix_path.dsv'
[4.496s] DEBUG:colcon.colcon_core.event_handler.log_command:Invoked command in '/home/robotics_lab/ros2_ws/build/rplidar_ros' returned '0': CMAKE_PREFIX_PATH=${CMAKE_PREFIX_PATH}:/home/robotics_lab/ros2_ws/install/ros2toarduino:/home/robotics_lab/ros2_ws/install/oak_object_detection:/home/robotics_lab/ros2_ws/install/navigation_pkg:/home/robotics_lab/ros2_ws/install/diff_drive_bridge:/home/robotics_lab/ros2_ws/install/Urdf_model_description:/opt/ros/humble /usr/bin/cmake --install /home/robotics_lab/ros2_ws/build/rplidar_ros
[4.498s] INFO:colcon.colcon_core.shell:Creating environment hook '/home/robotics_lab/ros2_ws/install/rplidar_ros/share/rplidar_ros/hook/cmake_prefix_path.sh'
[4.499s] Level 1:colcon.colcon_core.environment:checking '/home/robotics_lab/ros2_ws/install/rplidar_ros/lib'
[4.500s] Level 1:colcon.colcon_core.environment:checking '/home/robotics_lab/ros2_ws/install/rplidar_ros/bin'
[4.500s] Level 1:colcon.colcon_core.environment:checking '/home/robotics_lab/ros2_ws/install/rplidar_ros/lib/pkgconfig/rplidar_ros.pc'
[4.500s] Level 1:colcon.colcon_core.environment:checking '/home/robotics_lab/ros2_ws/install/rplidar_ros/lib/python3.10/site-packages'
[4.501s] Level 1:colcon.colcon_core.environment:checking '/home/robotics_lab/ros2_ws/install/rplidar_ros/bin'
[4.502s] INFO:colcon.colcon_core.shell:Creating package script '/home/robotics_lab/ros2_ws/install/rplidar_ros/share/rplidar_ros/package.ps1'
[4.503s] INFO:colcon.colcon_core.shell:Creating package descriptor '/home/robotics_lab/ros2_ws/install/rplidar_ros/share/rplidar_ros/package.dsv'
[4.504s] INFO:colcon.colcon_core.shell:Creating package script '/home/robotics_lab/ros2_ws/install/rplidar_ros/share/rplidar_ros/package.sh'
[4.505s] INFO:colcon.colcon_core.shell:Creating package script '/home/robotics_lab/ros2_ws/install/rplidar_ros/share/rplidar_ros/package.bash'
[4.506s] INFO:colcon.colcon_core.shell:Creating package script '/home/robotics_lab/ros2_ws/install/rplidar_ros/share/rplidar_ros/package.zsh'
[4.507s] Level 1:colcon.colcon_core.environment:create_file_with_runtime_dependencies(/home/robotics_lab/ros2_ws/install/rplidar_ros/share/colcon-core/packages/rplidar_ros)
[4.509s] Level 1:colcon.colcon_core.environment:create_environment_scripts_only(rplidar_ros)
[4.509s] Level 1:colcon.colcon_core.environment:checking '/home/robotics_lab/ros2_ws/install/rplidar_ros' for CMake module files
[4.510s] Level 1:colcon.colcon_core.environment:checking '/home/robotics_lab/ros2_ws/install/rplidar_ros' for CMake config files
[4.511s] Level 1:colcon.colcon_core.shell:create_environment_hook('rplidar_ros', 'cmake_prefix_path')
[4.511s] INFO:colcon.colcon_core.shell:Creating environment hook '/home/robotics_lab/ros2_ws/install/rplidar_ros/share/rplidar_ros/hook/cmake_prefix_path.ps1'
[4.512s] INFO:colcon.colcon_core.shell:Creating environment descriptor '/home/robotics_lab/ros2_ws/install/rplidar_ros/share/rplidar_ros/hook/cmake_prefix_path.dsv'
[4.513s] INFO:colcon.colcon_core.shell:Creating environment hook '/home/robotics_lab/ros2_ws/install/rplidar_ros/share/rplidar_ros/hook/cmake_prefix_path.sh'
[4.514s] Level 1:colcon.colcon_core.environment:checking '/home/robotics_lab/ros2_ws/install/rplidar_ros/lib'
[4.515s] Level 1:colcon.colcon_core.environment:checking '/home/robotics_lab/ros2_ws/install/rplidar_ros/bin'
[4.515s] Level 1:colcon.colcon_core.environment:checking '/home/robotics_lab/ros2_ws/install/rplidar_ros/lib/pkgconfig/rplidar_ros.pc'
[4.515s] Level 1:colcon.colcon_core.environment:checking '/home/robotics_lab/ros2_ws/install/rplidar_ros/lib/python3.10/site-packages'
[4.516s] Level 1:colcon.colcon_core.environment:checking '/home/robotics_lab/ros2_ws/install/rplidar_ros/bin'
[4.516s] INFO:colcon.colcon_core.shell:Creating package script '/home/robotics_lab/ros2_ws/install/rplidar_ros/share/rplidar_ros/package.ps1'
[4.518s] INFO:colcon.colcon_core.shell:Creating package descriptor '/home/robotics_lab/ros2_ws/install/rplidar_ros/share/rplidar_ros/package.dsv'
[4.519s] INFO:colcon.colcon_core.shell:Creating package script '/home/robotics_lab/ros2_ws/install/rplidar_ros/share/rplidar_ros/package.sh'
[4.521s] INFO:colcon.colcon_core.shell:Creating package script '/home/robotics_lab/ros2_ws/install/rplidar_ros/share/rplidar_ros/package.bash'
[4.521s] INFO:colcon.colcon_core.shell:Creating package script '/home/robotics_lab/ros2_ws/install/rplidar_ros/share/rplidar_ros/package.zsh'
[4.522s] Level 1:colcon.colcon_core.environment:create_file_with_runtime_dependencies(/home/robotics_lab/ros2_ws/install/rplidar_ros/share/colcon-core/packages/rplidar_ros)
[5.106s] DEBUG:colcon.colcon_core.event_handler.log_command:Invoking command in '/home/robotics_lab/ros2_ws/src/ros2toarduino': PYTHONPATH=/home/robotics_lab/ros2_ws/build/ros2toarduino/prefix_override:/usr/lib/python3/dist-packages/colcon_core/task/python/colcon_distutils_commands:/home/robotics_lab/ros2_ws/install/ros2toarduino/lib/python3.10/site-packages:${PYTHONPATH} /usr/bin/python3 -W ignore:setup.py install is deprecated -W ignore:easy_install command is deprecated setup.py egg_info --egg-base ../../build/ros2toarduino build --build-base /home/robotics_lab/ros2_ws/build/ros2toarduino/build install --record /home/robotics_lab/ros2_ws/build/ros2toarduino/install.log --single-version-externally-managed install_data
[5.113s] DEBUG:colcon.colcon_core.event_handler.log_command:Invoking command in '/home/robotics_lab/ros2_ws/src/diff_drive_bridge': PYTHONPATH=/home/robotics_lab/ros2_ws/build/diff_drive_bridge/prefix_override:/usr/lib/python3/dist-packages/colcon_core/task/python/colcon_distutils_commands:/home/robotics_lab/ros2_ws/install/diff_drive_bridge/lib/python3.10/site-packages:${PYTHONPATH} /usr/bin/python3 -W ignore:setup.py install is deprecated -W ignore:easy_install command is deprecated setup.py egg_info --egg-base ../../build/diff_drive_bridge build --build-base /home/robotics_lab/ros2_ws/build/diff_drive_bridge/build install --record /home/robotics_lab/ros2_ws/build/diff_drive_bridge/install.log --single-version-externally-managed install_data
[5.131s] DEBUG:colcon.colcon_core.event_handler.log_command:Invoking command in '/home/robotics_lab/ros2_ws/src/oak_object_detection': PYTHONPATH=/home/robotics_lab/ros2_ws/build/oak_object_detection/prefix_override:/usr/lib/python3/dist-packages/colcon_core/task/python/colcon_distutils_commands:/home/robotics_lab/ros2_ws/install/oak_object_detection/lib/python3.10/site-packages:${PYTHONPATH} /usr/bin/python3 -W ignore:setup.py install is deprecated -W ignore:easy_install command is deprecated setup.py egg_info --egg-base ../../build/oak_object_detection build --build-base /home/robotics_lab/ros2_ws/build/oak_object_detection/build install --record /home/robotics_lab/ros2_ws/build/oak_object_detection/install.log --single-version-externally-managed install_data
[5.139s] DEBUG:colcon.colcon_core.event_handler.log_command:Invoking command in '/home/robotics_lab/ros2_ws/src/navigation_pkg': PYTHONPATH=/home/robotics_lab/ros2_ws/build/navigation_pkg/prefix_override:/usr/lib/python3/dist-packages/colcon_core/task/python/colcon_distutils_commands:/home/robotics_lab/ros2_ws/install/navigation_pkg/lib/python3.10/site-packages:${PYTHONPATH} /usr/bin/python3 -W ignore:setup.py install is deprecated -W ignore:easy_install command is deprecated setup.py egg_info --egg-base ../../build/navigation_pkg build --build-base /home/robotics_lab/ros2_ws/build/navigation_pkg/build install --record /home/robotics_lab/ros2_ws/build/navigation_pkg/install.log --single-version-externally-managed install_data
[5.144s] DEBUG:colcon.colcon_core.event_handler.log_command:Invoking command in '/home/robotics_lab/ros2_ws/src/Urdf_model_description': PYTHONPATH=/home/robotics_lab/ros2_ws/build/Urdf_model_description/prefix_override:/usr/lib/python3/dist-packages/colcon_core/task/python/colcon_distutils_commands:/home/robotics_lab/ros2_ws/install/Urdf_model_description/lib/python3.10/site-packages:${PYTHONPATH} /usr/bin/python3 -W ignore:setup.py install is deprecated -W ignore:easy_install command is deprecated setup.py egg_info --egg-base ../../build/Urdf_model_description build --build-base /home/robotics_lab/ros2_ws/build/Urdf_model_description/build install --record /home/robotics_lab/ros2_ws/build/Urdf_model_description/install.log --install-scripts $base/lib/Urdf_model_description --single-version-externally-managed install_data
[5.789s] Level 1:colcon.colcon_core.environment:checking '/home/robotics_lab/ros2_ws/install/ros2toarduino' for CMake module files
[5.790s] Level 1:colcon.colcon_core.environment:checking '/home/robotics_lab/ros2_ws/install/ros2toarduino' for CMake config files
[5.791s] Level 1:colcon.colcon_core.environment:checking '/home/robotics_lab/ros2_ws/install/ros2toarduino/lib'
[5.791s] Level 1:colcon.colcon_core.environment:checking '/home/robotics_lab/ros2_ws/install/ros2toarduino/bin'
[5.792s] Level 1:colcon.colcon_core.environment:checking '/home/robotics_lab/ros2_ws/install/ros2toarduino/lib/pkgconfig/ros2toarduino.pc'
[5.792s] Level 1:colcon.colcon_core.environment:checking '/home/robotics_lab/ros2_ws/install/ros2toarduino/lib/python3.10/site-packages'
[5.792s] Level 1:colcon.colcon_core.shell:create_environment_hook('ros2toarduino', 'pythonpath')
[5.793s] INFO:colcon.colcon_core.shell:Creating environment hook '/home/robotics_lab/ros2_ws/install/ros2toarduino/share/ros2toarduino/hook/pythonpath.ps1'
[5.794s] INFO:colcon.colcon_core.shell:Creating environment descriptor '/home/robotics_lab/ros2_ws/install/ros2toarduino/share/ros2toarduino/hook/pythonpath.dsv'
[5.796s] INFO:colcon.colcon_core.shell:Creating environment hook '/home/robotics_lab/ros2_ws/install/ros2toarduino/share/ros2toarduino/hook/pythonpath.sh'
[5.796s] DEBUG:colcon.colcon_core.event_handler.log_command:Invoked command in '/home/robotics_lab/ros2_ws/src/ros2toarduino' returned '0': PYTHONPATH=/home/robotics_lab/ros2_ws/build/ros2toarduino/prefix_override:/usr/lib/python3/dist-packages/colcon_core/task/python/colcon_distutils_commands:/home/robotics_lab/ros2_ws/install/ros2toarduino/lib/python3.10/site-packages:${PYTHONPATH} /usr/bin/python3 -W ignore:setup.py install is deprecated -W ignore:easy_install command is deprecated setup.py egg_info --egg-base ../../build/ros2toarduino build --build-base /home/robotics_lab/ros2_ws/build/ros2toarduino/build install --record /home/robotics_lab/ros2_ws/build/ros2toarduino/install.log --single-version-externally-managed install_data
[5.799s] Level 1:colcon.colcon_core.environment:checking '/home/robotics_lab/ros2_ws/install/ros2toarduino/bin'
[5.799s] Level 1:colcon.colcon_core.environment:create_environment_scripts_only(ros2toarduino)
[5.800s] INFO:colcon.colcon_core.shell:Creating package script '/home/robotics_lab/ros2_ws/install/ros2toarduino/share/ros2toarduino/package.ps1'
[5.802s] INFO:colcon.colcon_core.shell:Creating package descriptor '/home/robotics_lab/ros2_ws/install/ros2toarduino/share/ros2toarduino/package.dsv'
[5.803s] INFO:colcon.colcon_core.shell:Creating package script '/home/robotics_lab/ros2_ws/install/ros2toarduino/share/ros2toarduino/package.sh'
[5.804s] INFO:colcon.colcon_core.shell:Creating package script '/home/robotics_lab/ros2_ws/install/ros2toarduino/share/ros2toarduino/package.bash'
[5.805s] INFO:colcon.colcon_core.shell:Creating package script '/home/robotics_lab/ros2_ws/install/ros2toarduino/share/ros2toarduino/package.zsh'
[5.806s] Level 1:colcon.colcon_core.environment:create_file_with_runtime_dependencies(/home/robotics_lab/ros2_ws/install/ros2toarduino/share/colcon-core/packages/ros2toarduino)
[5.807s] Level 1:colcon.colcon_core.environment:checking '/home/robotics_lab/ros2_ws/install/diff_drive_bridge' for CMake module files
[5.811s] DEBUG:colcon.colcon_core.event_handler.log_command:Invoked command in '/home/robotics_lab/ros2_ws/src/diff_drive_bridge' returned '0': PYTHONPATH=/home/robotics_lab/ros2_ws/build/diff_drive_bridge/prefix_override:/usr/lib/python3/dist-packages/colcon_core/task/python/colcon_distutils_commands:/home/robotics_lab/ros2_ws/install/diff_drive_bridge/lib/python3.10/site-packages:${PYTHONPATH} /usr/bin/python3 -W ignore:setup.py install is deprecated -W ignore:easy_install command is deprecated setup.py egg_info --egg-base ../../build/diff_drive_bridge build --build-base /home/robotics_lab/ros2_ws/build/diff_drive_bridge/build install --record /home/robotics_lab/ros2_ws/build/diff_drive_bridge/install.log --single-version-externally-managed install_data
[5.812s] Level 1:colcon.colcon_core.environment:checking '/home/robotics_lab/ros2_ws/install/diff_drive_bridge' for CMake config files
[5.813s] Level 1:colcon.colcon_core.environment:checking '/home/robotics_lab/ros2_ws/install/diff_drive_bridge/lib'
[5.813s] Level 1:colcon.colcon_core.environment:checking '/home/robotics_lab/ros2_ws/install/diff_drive_bridge/bin'
[5.814s] Level 1:colcon.colcon_core.environment:checking '/home/robotics_lab/ros2_ws/install/diff_drive_bridge/lib/pkgconfig/diff_drive_bridge.pc'
[5.814s] Level 1:colcon.colcon_core.environment:checking '/home/robotics_lab/ros2_ws/install/diff_drive_bridge/lib/python3.10/site-packages'
[5.814s] Level 1:colcon.colcon_core.shell:create_environment_hook('diff_drive_bridge', 'pythonpath')
[5.815s] INFO:colcon.colcon_core.shell:Creating environment hook '/home/robotics_lab/ros2_ws/install/diff_drive_bridge/share/diff_drive_bridge/hook/pythonpath.ps1'
[5.816s] INFO:colcon.colcon_core.shell:Creating environment descriptor '/home/robotics_lab/ros2_ws/install/diff_drive_bridge/share/diff_drive_bridge/hook/pythonpath.dsv'
[5.817s] INFO:colcon.colcon_core.shell:Creating environment hook '/home/robotics_lab/ros2_ws/install/diff_drive_bridge/share/diff_drive_bridge/hook/pythonpath.sh'
[5.819s] Level 1:colcon.colcon_core.environment:checking '/home/robotics_lab/ros2_ws/install/diff_drive_bridge/bin'
[5.824s] Level 1:colcon.colcon_core.environment:create_environment_scripts_only(diff_drive_bridge)
[5.825s] INFO:colcon.colcon_core.shell:Creating package script '/home/robotics_lab/ros2_ws/install/diff_drive_bridge/share/diff_drive_bridge/package.ps1'
[5.827s] INFO:colcon.colcon_core.shell:Creating package descriptor '/home/robotics_lab/ros2_ws/install/diff_drive_bridge/share/diff_drive_bridge/package.dsv'
[5.828s] INFO:colcon.colcon_core.shell:Creating package script '/home/robotics_lab/ros2_ws/install/diff_drive_bridge/share/diff_drive_bridge/package.sh'
[5.829s] INFO:colcon.colcon_core.shell:Creating package script '/home/robotics_lab/ros2_ws/install/diff_drive_bridge/share/diff_drive_bridge/package.bash'
[5.830s] INFO:colcon.colcon_core.shell:Creating package script '/home/robotics_lab/ros2_ws/install/diff_drive_bridge/share/diff_drive_bridge/package.zsh'
[5.831s] Level 1:colcon.colcon_core.environment:create_file_with_runtime_dependencies(/home/robotics_lab/ros2_ws/install/diff_drive_bridge/share/colcon-core/packages/diff_drive_bridge)
[5.839s] Level 1:colcon.colcon_core.environment:checking '/home/robotics_lab/ros2_ws/install/navigation_pkg' for CMake module files
[5.840s] DEBUG:colcon.colcon_core.event_handler.log_command:Invoked command in '/home/robotics_lab/ros2_ws/src/navigation_pkg' returned '0': PYTHONPATH=/home/robotics_lab/ros2_ws/build/navigation_pkg/prefix_override:/usr/lib/python3/dist-packages/colcon_core/task/python/colcon_distutils_commands:/home/robotics_lab/ros2_ws/install/navigation_pkg/lib/python3.10/site-packages:${PYTHONPATH} /usr/bin/python3 -W ignore:setup.py install is deprecated -W ignore:easy_install command is deprecated setup.py egg_info --egg-base ../../build/navigation_pkg build --build-base /home/robotics_lab/ros2_ws/build/navigation_pkg/build install --record /home/robotics_lab/ros2_ws/build/navigation_pkg/install.log --single-version-externally-managed install_data
[5.841s] Level 1:colcon.colcon_core.environment:checking '/home/robotics_lab/ros2_ws/install/navigation_pkg' for CMake config files
[5.842s] Level 1:colcon.colcon_core.environment:checking '/home/robotics_lab/ros2_ws/install/navigation_pkg/lib'
[5.843s] Level 1:colcon.colcon_core.environment:checking '/home/robotics_lab/ros2_ws/install/navigation_pkg/bin'
[5.843s] Level 1:colcon.colcon_core.environment:checking '/home/robotics_lab/ros2_ws/install/navigation_pkg/lib/pkgconfig/navigation_pkg.pc'
[5.844s] Level 1:colcon.colcon_core.environment:checking '/home/robotics_lab/ros2_ws/install/navigation_pkg/lib/python3.10/site-packages'
[5.844s] Level 1:colcon.colcon_core.shell:create_environment_hook('navigation_pkg', 'pythonpath')
[5.844s] INFO:colcon.colcon_core.shell:Creating environment hook '/home/robotics_lab/ros2_ws/install/navigation_pkg/share/navigation_pkg/hook/pythonpath.ps1'
[5.846s] INFO:colcon.colcon_core.shell:Creating environment descriptor '/home/robotics_lab/ros2_ws/install/navigation_pkg/share/navigation_pkg/hook/pythonpath.dsv'
[5.847s] INFO:colcon.colcon_core.shell:Creating environment hook '/home/robotics_lab/ros2_ws/install/navigation_pkg/share/navigation_pkg/hook/pythonpath.sh'
[5.849s] Level 1:colcon.colcon_core.environment:checking '/home/robotics_lab/ros2_ws/install/navigation_pkg/bin'
[5.849s] Level 1:colcon.colcon_core.environment:create_environment_scripts_only(navigation_pkg)
[5.850s] INFO:colcon.colcon_core.shell:Creating package script '/home/robotics_lab/ros2_ws/install/navigation_pkg/share/navigation_pkg/package.ps1'
[5.852s] INFO:colcon.colcon_core.shell:Creating package descriptor '/home/robotics_lab/ros2_ws/install/navigation_pkg/share/navigation_pkg/package.dsv'
[5.854s] INFO:colcon.colcon_core.shell:Creating package script '/home/robotics_lab/ros2_ws/install/navigation_pkg/share/navigation_pkg/package.sh'
[5.855s] INFO:colcon.colcon_core.shell:Creating package script '/home/robotics_lab/ros2_ws/install/navigation_pkg/share/navigation_pkg/package.bash'
[5.856s] INFO:colcon.colcon_core.shell:Creating package script '/home/robotics_lab/ros2_ws/install/navigation_pkg/share/navigation_pkg/package.zsh'
[5.857s] Level 1:colcon.colcon_core.environment:create_file_with_runtime_dependencies(/home/robotics_lab/ros2_ws/install/navigation_pkg/share/colcon-core/packages/navigation_pkg)
[5.860s] Level 1:colcon.colcon_core.environment:checking '/home/robotics_lab/ros2_ws/install/oak_object_detection' for CMake module files
[5.862s] DEBUG:colcon.colcon_core.event_handler.log_command:Invoked command in '/home/robotics_lab/ros2_ws/src/oak_object_detection' returned '0': PYTHONPATH=/home/robotics_lab/ros2_ws/build/oak_object_detection/prefix_override:/usr/lib/python3/dist-packages/colcon_core/task/python/colcon_distutils_commands:/home/robotics_lab/ros2_ws/install/oak_object_detection/lib/python3.10/site-packages:${PYTHONPATH} /usr/bin/python3 -W ignore:setup.py install is deprecated -W ignore:easy_install command is deprecated setup.py egg_info --egg-base ../../build/oak_object_detection build --build-base /home/robotics_lab/ros2_ws/build/oak_object_detection/build install --record /home/robotics_lab/ros2_ws/build/oak_object_detection/install.log --single-version-externally-managed install_data
[5.863s] Level 1:colcon.colcon_core.environment:checking '/home/robotics_lab/ros2_ws/install/oak_object_detection' for CMake config files
[5.864s] Level 1:colcon.colcon_core.environment:checking '/home/robotics_lab/ros2_ws/install/oak_object_detection/lib'
[5.865s] Level 1:colcon.colcon_core.environment:checking '/home/robotics_lab/ros2_ws/install/oak_object_detection/bin'
[5.865s] Level 1:colcon.colcon_core.environment:checking '/home/robotics_lab/ros2_ws/install/oak_object_detection/lib/pkgconfig/oak_object_detection.pc'
[5.866s] Level 1:colcon.colcon_core.environment:checking '/home/robotics_lab/ros2_ws/install/oak_object_detection/lib/python3.10/site-packages'
[5.866s] Level 1:colcon.colcon_core.shell:create_environment_hook('oak_object_detection', 'pythonpath')
[5.866s] INFO:colcon.colcon_core.shell:Creating environment hook '/home/robotics_lab/ros2_ws/install/oak_object_detection/share/oak_object_detection/hook/pythonpath.ps1'
[5.868s] INFO:colcon.colcon_core.shell:Creating environment descriptor '/home/robotics_lab/ros2_ws/install/oak_object_detection/share/oak_object_detection/hook/pythonpath.dsv'
[5.869s] INFO:colcon.colcon_core.shell:Creating environment hook '/home/robotics_lab/ros2_ws/install/oak_object_detection/share/oak_object_detection/hook/pythonpath.sh'
[5.871s] Level 1:colcon.colcon_core.environment:checking '/home/robotics_lab/ros2_ws/install/oak_object_detection/bin'
[5.871s] Level 1:colcon.colcon_core.environment:create_environment_scripts_only(oak_object_detection)
[5.872s] INFO:colcon.colcon_core.shell:Creating package script '/home/robotics_lab/ros2_ws/install/oak_object_detection/share/oak_object_detection/package.ps1'
[5.874s] INFO:colcon.colcon_core.shell:Creating package descriptor '/home/robotics_lab/ros2_ws/install/oak_object_detection/share/oak_object_detection/package.dsv'
[5.876s] INFO:colcon.colcon_core.shell:Creating package script '/home/robotics_lab/ros2_ws/install/oak_object_detection/share/oak_object_detection/package.sh'
[5.877s] INFO:colcon.colcon_core.shell:Creating package script '/home/robotics_lab/ros2_ws/install/oak_object_detection/share/oak_object_detection/package.bash'
[5.878s] INFO:colcon.colcon_core.shell:Creating package script '/home/robotics_lab/ros2_ws/install/oak_object_detection/share/oak_object_detection/package.zsh'
[5.879s] Level 1:colcon.colcon_core.environment:create_file_with_runtime_dependencies(/home/robotics_lab/ros2_ws/install/oak_object_detection/share/colcon-core/packages/oak_object_detection)
[5.888s] Level 1:colcon.colcon_core.environment:checking '/home/robotics_lab/ros2_ws/install/Urdf_model_description' for CMake module files
[5.890s] DEBUG:colcon.colcon_core.event_handler.log_command:Invoked command in '/home/robotics_lab/ros2_ws/src/Urdf_model_description' returned '0': PYTHONPATH=/home/robotics_lab/ros2_ws/build/Urdf_model_description/prefix_override:/usr/lib/python3/dist-packages/colcon_core/task/python/colcon_distutils_commands:/home/robotics_lab/ros2_ws/install/Urdf_model_description/lib/python3.10/site-packages:${PYTHONPATH} /usr/bin/python3 -W ignore:setup.py install is deprecated -W ignore:easy_install command is deprecated setup.py egg_info --egg-base ../../build/Urdf_model_description build --build-base /home/robotics_lab/ros2_ws/build/Urdf_model_description/build install --record /home/robotics_lab/ros2_ws/build/Urdf_model_description/install.log --install-scripts $base/lib/Urdf_model_description --single-version-externally-managed install_data
[5.891s] Level 1:colcon.colcon_core.environment:checking '/home/robotics_lab/ros2_ws/install/Urdf_model_description' for CMake config files
[5.893s] Level 1:colcon.colcon_core.environment:checking '/home/robotics_lab/ros2_ws/install/Urdf_model_description/lib'
[5.893s] Level 1:colcon.colcon_core.environment:checking '/home/robotics_lab/ros2_ws/install/Urdf_model_description/bin'
[5.893s] Level 1:colcon.colcon_core.environment:checking '/home/robotics_lab/ros2_ws/install/Urdf_model_description/lib/pkgconfig/Urdf_model_description.pc'
[5.894s] Level 1:colcon.colcon_core.environment:checking '/home/robotics_lab/ros2_ws/install/Urdf_model_description/lib/python3.10/site-packages'
[5.894s] Level 1:colcon.colcon_core.shell:create_environment_hook('Urdf_model_description', 'pythonpath')
[5.895s] INFO:colcon.colcon_core.shell:Creating environment hook '/home/robotics_lab/ros2_ws/install/Urdf_model_description/share/Urdf_model_description/hook/pythonpath.ps1'
[5.896s] INFO:colcon.colcon_core.shell:Creating environment descriptor '/home/robotics_lab/ros2_ws/install/Urdf_model_description/share/Urdf_model_description/hook/pythonpath.dsv'
[5.896s] INFO:colcon.colcon_core.shell:Creating environment hook '/home/robotics_lab/ros2_ws/install/Urdf_model_description/share/Urdf_model_description/hook/pythonpath.sh'
[5.898s] Level 1:colcon.colcon_core.environment:checking '/home/robotics_lab/ros2_ws/install/Urdf_model_description/bin'
[5.898s] Level 1:colcon.colcon_core.environment:create_environment_scripts_only(Urdf_model_description)
[5.899s] INFO:colcon.colcon_core.shell:Creating package script '/home/robotics_lab/ros2_ws/install/Urdf_model_description/share/Urdf_model_description/package.ps1'
[5.901s] INFO:colcon.colcon_core.shell:Creating package descriptor '/home/robotics_lab/ros2_ws/install/Urdf_model_description/share/Urdf_model_description/package.dsv'
[5.902s] INFO:colcon.colcon_core.shell:Creating package script '/home/robotics_lab/ros2_ws/install/Urdf_model_description/share/Urdf_model_description/package.sh'
[5.904s] INFO:colcon.colcon_core.shell:Creating package script '/home/robotics_lab/ros2_ws/install/Urdf_model_description/share/Urdf_model_description/package.bash'
[5.905s] INFO:colcon.colcon_core.shell:Creating package script '/home/robotics_lab/ros2_ws/install/Urdf_model_description/share/Urdf_model_description/package.zsh'
[5.906s] Level 1:colcon.colcon_core.environment:create_file_with_runtime_dependencies(/home/robotics_lab/ros2_ws/install/Urdf_model_description/share/colcon-core/packages/Urdf_model_description)
[5.907s] DEBUG:colcon.colcon_parallel_executor.executor.parallel:closing loop
[5.908s] DEBUG:colcon.colcon_parallel_executor.executor.parallel:loop closed
[5.908s] DEBUG:colcon.colcon_parallel_executor.executor.parallel:run_until_complete finished with '0'
[5.909s] DEBUG:colcon.colcon_core.event_reactor:joining thread
[5.931s] INFO:colcon.colcon_core.plugin_system:Skipping extension 'colcon_notification.desktop_notification.terminal_notifier': Not used on non-Darwin systems
[5.931s] INFO:colcon.colcon_core.plugin_system:Skipping extension 'colcon_notification.desktop_notification.win32': Not used on non-Windows systems
[5.931s] INFO:colcon.colcon_notification.desktop_notification:Sending desktop notification using 'notify2'
[6.005s] DEBUG:colcon.colcon_core.event_reactor:joined thread
[6.006s] INFO:colcon.colcon_core.shell:Creating prefix script '/home/robotics_lab/ros2_ws/install/local_setup.ps1'
[6.009s] INFO:colcon.colcon_core.shell:Creating prefix util module '/home/robotics_lab/ros2_ws/install/_local_setup_util_ps1.py'
[6.013s] INFO:colcon.colcon_core.shell:Creating prefix chain script '/home/robotics_lab/ros2_ws/install/setup.ps1'
[6.017s] INFO:colcon.colcon_core.shell:Creating prefix script '/home/robotics_lab/ros2_ws/install/local_setup.sh'
[6.019s] INFO:colcon.colcon_core.shell:Creating prefix util module '/home/robotics_lab/ros2_ws/install/_local_setup_util_sh.py'
[6.021s] INFO:colcon.colcon_core.shell:Creating prefix chain script '/home/robotics_lab/ros2_ws/install/setup.sh'
[6.026s] INFO:colcon.colcon_core.shell:Creating prefix script '/home/robotics_lab/ros2_ws/install/local_setup.bash'
[6.028s] INFO:colcon.colcon_core.shell:Creating prefix chain script '/home/robotics_lab/ros2_ws/install/setup.bash'
[6.031s] INFO:colcon.colcon_core.shell:Creating prefix script '/home/robotics_lab/ros2_ws/install/local_setup.zsh'
[6.033s] INFO:colcon.colcon_core.shell:Creating prefix chain script '/home/robotics_lab/ros2_ws/install/setup.zsh'
