[0.028s] Invoking command in '/home/robotics_lab/ros2_ws/build/rplidar_ros': CMAKE_PREFIX_PATH=${CMAKE_PREFIX_PATH}:/home/robotics_lab/ros2_ws/install/ros2toarduino:/home/robotics_lab/ros2_ws/install/oak_object_detection:/home/robotics_lab/ros2_ws/install/navigation_pkg:/home/robotics_lab/ros2_ws/install/diff_drive_bridge:/home/robotics_lab/ros2_ws/install/Urdf_model_description:/opt/ros/humble /usr/bin/cmake --build /home/robotics_lab/ros2_ws/build/rplidar_ros -- -j6 -l6
[0.205s] [ 47%] Built target rplidar_node
[0.222s] [ 52%] Built target rplidar_client
[0.238s] [100%] Built target rplidar_composition
[0.262s] Invoked command in '/home/robotics_lab/ros2_ws/build/rplidar_ros' returned '0': CMAKE_PREFIX_PATH=${CMAKE_PREFIX_PATH}:/home/robotics_lab/ros2_ws/install/ros2toarduino:/home/robotics_lab/ros2_ws/install/oak_object_detection:/home/robotics_lab/ros2_ws/install/navigation_pkg:/home/robotics_lab/ros2_ws/install/diff_drive_bridge:/home/robotics_lab/ros2_ws/install/Urdf_model_description:/opt/ros/humble /usr/bin/cmake --build /home/robotics_lab/ros2_ws/build/rplidar_ros -- -j6 -l6
[0.262s] Invoking command in '/home/robotics_lab/ros2_ws/build/rplidar_ros': CMAKE_PREFIX_PATH=${CMAKE_PREFIX_PATH}:/home/robotics_lab/ros2_ws/install/ros2toarduino:/home/robotics_lab/ros2_ws/install/oak_object_detection:/home/robotics_lab/ros2_ws/install/navigation_pkg:/home/robotics_lab/ros2_ws/install/diff_drive_bridge:/home/robotics_lab/ros2_ws/install/Urdf_model_description:/opt/ros/humble /usr/bin/cmake --install /home/robotics_lab/ros2_ws/build/rplidar_ros
[0.277s] -- Install configuration: ""
[0.279s] -- Execute custom install script
[0.279s] -- Up-to-date symlink: /home/robotics_lab/ros2_ws/install/rplidar_ros/share/rplidar_ros/launch/rplidar_a1_launch.py
[0.280s] -- Up-to-date symlink: /home/robotics_lab/ros2_ws/install/rplidar_ros/share/rplidar_ros/launch/view_rplidar_a1_launch.py
[0.280s] -- Up-to-date symlink: /home/robotics_lab/ros2_ws/install/rplidar_ros/share/rplidar_ros/rviz/rplidar_ros.rviz
[0.280s] -- Up-to-date symlink: /home/robotics_lab/ros2_ws/install/rplidar_ros/lib/rplidar_ros/rplidar_node
[0.281s] -- Up-to-date symlink: /home/robotics_lab/ros2_ws/install/rplidar_ros/lib/rplidar_ros/rplidar_composition
[0.281s] -- Up-to-date symlink: /home/robotics_lab/ros2_ws/install/rplidar_ros/lib/rplidar_ros/rplidar_client
[0.281s] -- Up-to-date symlink: /home/robotics_lab/ros2_ws/install/rplidar_ros/share/ament_index/resource_index/package_run_dependencies/rplidar_ros
[0.282s] -- Up-to-date symlink: /home/robotics_lab/ros2_ws/install/rplidar_ros/share/ament_index/resource_index/parent_prefix_path/rplidar_ros
[0.282s] -- Up-to-date symlink: /home/robotics_lab/ros2_ws/install/rplidar_ros/share/rplidar_ros/environment/ament_prefix_path.sh
[0.282s] -- Up-to-date symlink: /home/robotics_lab/ros2_ws/install/rplidar_ros/share/rplidar_ros/environment/ament_prefix_path.dsv
[0.282s] -- Up-to-date symlink: /home/robotics_lab/ros2_ws/install/rplidar_ros/share/rplidar_ros/environment/path.sh
[0.283s] -- Up-to-date symlink: /home/robotics_lab/ros2_ws/install/rplidar_ros/share/rplidar_ros/environment/path.dsv
[0.283s] -- Up-to-date symlink: /home/robotics_lab/ros2_ws/install/rplidar_ros/share/rplidar_ros/local_setup.bash
[0.283s] -- Up-to-date symlink: /home/robotics_lab/ros2_ws/install/rplidar_ros/share/rplidar_ros/local_setup.sh
[0.283s] -- Up-to-date symlink: /home/robotics_lab/ros2_ws/install/rplidar_ros/share/rplidar_ros/local_setup.zsh
[0.283s] -- Up-to-date symlink: /home/robotics_lab/ros2_ws/install/rplidar_ros/share/rplidar_ros/local_setup.dsv
[0.284s] -- Symlinking: /home/robotics_lab/ros2_ws/install/rplidar_ros/share/rplidar_ros/package.dsv
[0.304s] -- Up-to-date symlink: /home/robotics_lab/ros2_ws/install/rplidar_ros/share/ament_index/resource_index/packages/rplidar_ros
[0.305s] -- Up-to-date symlink: /home/robotics_lab/ros2_ws/install/rplidar_ros/share/rplidar_ros/cmake/ament_cmake_export_dependencies-extras.cmake
[0.305s] -- Up-to-date symlink: /home/robotics_lab/ros2_ws/install/rplidar_ros/share/rplidar_ros/cmake/ament_cmake_export_include_directories-extras.cmake
[0.305s] -- Up-to-date symlink: /home/robotics_lab/ros2_ws/install/rplidar_ros/share/rplidar_ros/cmake/rplidar_rosConfig.cmake
[0.305s] -- Up-to-date symlink: /home/robotics_lab/ros2_ws/install/rplidar_ros/share/rplidar_ros/cmake/rplidar_rosConfig-version.cmake
[0.305s] -- Up-to-date symlink: /home/robotics_lab/ros2_ws/install/rplidar_ros/share/rplidar_ros/package.xml
[0.321s] Invoked command in '/home/robotics_lab/ros2_ws/build/rplidar_ros' returned '0': CMAKE_PREFIX_PATH=${CMAKE_PREFIX_PATH}:/home/robotics_lab/ros2_ws/install/ros2toarduino:/home/robotics_lab/ros2_ws/install/oak_object_detection:/home/robotics_lab/ros2_ws/install/navigation_pkg:/home/robotics_lab/ros2_ws/install/diff_drive_bridge:/home/robotics_lab/ros2_ws/install/Urdf_model_description:/opt/ros/humble /usr/bin/cmake --install /home/robotics_lab/ros2_ws/build/rplidar_ros
