[2.350s] Invoking command in '/home/robotics_lab/ros2_ws/build/rf2o_laser_odometry': CMAKE_PREFIX_PATH=${CMAKE_PREFIX_PATH}:/home/robotics_lab/ros2_ws/install/ros2toarduino:/home/robotics_lab/ros2_ws/install/oak_object_detection:/home/robotics_lab/ros2_ws/install/navigation_pkg:/home/robotics_lab/ros2_ws/install/diff_drive_bridge:/home/robotics_lab/ros2_ws/install/Urdf_model_description:/opt/ros/humble /usr/bin/cmake /home/robotics_lab/ros2_ws/src/rf2o_laser_odometry -DAMENT_CMAKE_SYMLINK_INSTALL=1 -DCMAKE_INSTALL_PREFIX=/home/robotics_lab/ros2_ws/install/rf2o_laser_odometry
[2.399s] -- Found ament_cmake: 1.3.14 (/opt/ros/humble/share/ament_cmake/cmake)
[2.646s] -- Override CMake install command with custom implementation using symlinks instead of copying resources
[2.670s] -- Found rclcpp: 16.0.19 (/opt/ros/humble/share/rclcpp/cmake)
[2.743s] -- Found rosidl_generator_c: 3.1.8 (/opt/ros/humble/share/rosidl_generator_c/cmake)
[2.749s] -- Found rosidl_adapter: 3.1.8 (/opt/ros/humble/share/rosidl_adapter/cmake)
[2.763s] -- Found rosidl_generator_cpp: 3.1.8 (/opt/ros/humble/share/rosidl_generator_cpp/cmake)
[2.784s] -- Using all available rosidl_typesupport_c: rosidl_typesupport_fastrtps_c;rosidl_typesupport_introspection_c
[2.809s] -- Using all available rosidl_typesupport_cpp: rosidl_typesupport_fastrtps_cpp;rosidl_typesupport_introspection_cpp
[2.874s] -- Found rmw_implementation_cmake: 6.1.2 (/opt/ros/humble/share/rmw_implementation_cmake/cmake)
[2.878s] -- Found rmw_cyclonedds_cpp: 1.3.4 (/opt/ros/humble/share/rmw_cyclonedds_cpp/cmake)
[2.917s] -- Using RMW implementation 'rmw_cyclonedds_cpp' as default
[3.025s] -- Found geometry_msgs: 4.9.1 (/opt/ros/humble/share/geometry_msgs/cmake)
[3.051s] -- Found tf2_geometry_msgs: 0.25.20 (/opt/ros/humble/share/tf2_geometry_msgs/cmake)
[3.064s] -- Found eigen3_cmake_module: 0.1.1 (/opt/ros/humble/share/eigen3_cmake_module/cmake)
[3.067s] -- Ensuring Eigen3 include directory is part of orocos-kdl CMake target
[3.251s] -- Found sensor_msgs: 4.9.1 (/opt/ros/humble/share/sensor_msgs/cmake)
[3.286s] -- Found nav_msgs: 4.9.1 (/opt/ros/humble/share/nav_msgs/cmake)
[3.488s] -- Configuring done
[3.532s] -- Generating done
[3.545s] -- Build files have been written to: /home/robotics_lab/ros2_ws/build/rf2o_laser_odometry
[3.572s] Invoked command in '/home/robotics_lab/ros2_ws/build/rf2o_laser_odometry' returned '0': CMAKE_PREFIX_PATH=${CMAKE_PREFIX_PATH}:/home/robotics_lab/ros2_ws/install/ros2toarduino:/home/robotics_lab/ros2_ws/install/oak_object_detection:/home/robotics_lab/ros2_ws/install/navigation_pkg:/home/robotics_lab/ros2_ws/install/diff_drive_bridge:/home/robotics_lab/ros2_ws/install/Urdf_model_description:/opt/ros/humble /usr/bin/cmake /home/robotics_lab/ros2_ws/src/rf2o_laser_odometry -DAMENT_CMAKE_SYMLINK_INSTALL=1 -DCMAKE_INSTALL_PREFIX=/home/robotics_lab/ros2_ws/install/rf2o_laser_odometry
[3.573s] Invoking command in '/home/robotics_lab/ros2_ws/build/rf2o_laser_odometry': CMAKE_PREFIX_PATH=${CMAKE_PREFIX_PATH}:/home/robotics_lab/ros2_ws/install/ros2toarduino:/home/robotics_lab/ros2_ws/install/oak_object_detection:/home/robotics_lab/ros2_ws/install/navigation_pkg:/home/robotics_lab/ros2_ws/install/diff_drive_bridge:/home/robotics_lab/ros2_ws/install/Urdf_model_description:/opt/ros/humble /usr/bin/cmake --build /home/robotics_lab/ros2_ws/build/rf2o_laser_odometry -- -j6 -l6
[3.675s] [35m[1mConsolidate compiler generated dependencies of target rf2o_laser_odometry[0m
[3.684s] [35m[1mConsolidate compiler generated dependencies of target rf2o_laser_odometry_node[0m
[3.761s] [ 40%] Built target rf2o_laser_odometry
[3.773s] [ 60%] [32m[1mLinking CXX executable rf2o_laser_odometry_node[0m
[6.766s] [100%] Built target rf2o_laser_odometry_node
