[4.310s] Invoking command in '/home/robotics_lab/ros2_ws/src/diff_drive_bridge': PYTHONPATH=/home/robotics_lab/ros2_ws/build/diff_drive_bridge/prefix_override:/usr/lib/python3/dist-packages/colcon_core/task/python/colcon_distutils_commands:/home/robotics_lab/ros2_ws/install/diff_drive_bridge/lib/python3.10/site-packages:${PYTHONPATH} /usr/bin/python3 -W ignore:setup.py install is deprecated -W ignore:easy_install command is deprecated setup.py egg_info --egg-base ../../build/diff_drive_bridge build --build-base /home/robotics_lab/ros2_ws/build/diff_drive_bridge/build install --record /home/robotics_lab/ros2_ws/build/diff_drive_bridge/install.log --single-version-externally-managed install_data
[4.890s] running egg_info
[4.893s] writing ../../build/diff_drive_bridge/diff_drive_bridge.egg-info/PKG-INFO
[4.895s] writing dependency_links to ../../build/diff_drive_bridge/diff_drive_bridge.egg-info/dependency_links.txt
[4.896s] writing entry points to ../../build/diff_drive_bridge/diff_drive_bridge.egg-info/entry_points.txt
[4.897s] writing requirements to ../../build/diff_drive_bridge/diff_drive_bridge.egg-info/requires.txt
[4.898s] writing top-level names to ../../build/diff_drive_bridge/diff_drive_bridge.egg-info/top_level.txt
[4.905s] reading manifest file '../../build/diff_drive_bridge/diff_drive_bridge.egg-info/SOURCES.txt'
[4.909s] writing manifest file '../../build/diff_drive_bridge/diff_drive_bridge.egg-info/SOURCES.txt'
[4.909s] running build
[4.909s] running build_py
[4.911s] running install
[4.912s] running install_lib
[4.917s] running install_data
[4.918s] running install_egg_info
[4.923s] removing '/home/robotics_lab/ros2_ws/install/diff_drive_bridge/lib/python3.10/site-packages/diff_drive_bridge-0.0.0-py3.10.egg-info' (and everything under it)
[4.924s] Copying ../../build/diff_drive_bridge/diff_drive_bridge.egg-info to /home/robotics_lab/ros2_ws/install/diff_drive_bridge/lib/python3.10/site-packages/diff_drive_bridge-0.0.0-py3.10.egg-info
[4.927s] running install_scripts
[4.981s] Installing diff_drive_bridge script to /home/robotics_lab/ros2_ws/install/diff_drive_bridge/lib/diff_drive_bridge
[4.982s] Installing noodom_diff_drive_bridge script to /home/robotics_lab/ros2_ws/install/diff_drive_bridge/lib/diff_drive_bridge
[4.982s] Installing scan_rotator script to /home/robotics_lab/ros2_ws/install/diff_drive_bridge/lib/diff_drive_bridge
[4.982s] writing list of installed files to '/home/robotics_lab/ros2_ws/build/diff_drive_bridge/install.log'
[5.091s] Invoked command in '/home/robotics_lab/ros2_ws/src/diff_drive_bridge' returned '0': PYTHONPATH=/home/robotics_lab/ros2_ws/build/diff_drive_bridge/prefix_override:/usr/lib/python3/dist-packages/colcon_core/task/python/colcon_distutils_commands:/home/robotics_lab/ros2_ws/install/diff_drive_bridge/lib/python3.10/site-packages:${PYTHONPATH} /usr/bin/python3 -W ignore:setup.py install is deprecated -W ignore:easy_install command is deprecated setup.py egg_info --egg-base ../../build/diff_drive_bridge build --build-base /home/robotics_lab/ros2_ws/build/diff_drive_bridge/build install --record /home/robotics_lab/ros2_ws/build/diff_drive_bridge/install.log --single-version-externally-managed install_data
