/home/robotics_lab/ros2_ws/install/oak_object_detection/lib/python3.10/site-packages/oak_object_detection/__init__.py
/home/robotics_lab/ros2_ws/install/oak_object_detection/lib/python3.10/site-packages/oak_object_detection/yolo_commander.py
/home/robotics_lab/ros2_ws/install/oak_object_detection/lib/python3.10/site-packages/oak_object_detection/yolo_vlm_commander.py
/home/robotics_lab/ros2_ws/install/oak_object_detection/lib/python3.10/site-packages/oak_object_detection/no_spin search.py
/home/robotics_lab/ros2_ws/install/oak_object_detection/lib/python3.10/site-packages/oak_object_detection/ros2_yolo_vlm.py
/home/robotics_lab/ros2_ws/install/oak_object_detection/lib/python3.10/site-packages/oak_object_detection/tested codes/vlm_depth_commander.py
/home/robotics_lab/ros2_ws/install/oak_object_detection/lib/python3.10/site-packages/oak_object_detection/tested codes/vlm_hybrid_commander.py
/home/robotics_lab/ros2_ws/install/oak_object_detection/lib/python3.10/site-packages/oak_object_detection/tested codes/oakd_spatial_node.py
/home/robotics_lab/ros2_ws/install/oak_object_detection/lib/python3.10/site-packages/oak_object_detection/tested codes/__init__.py
/home/robotics_lab/ros2_ws/install/oak_object_detection/lib/python3.10/site-packages/oak_object_detection/tested codes/capture_frame.py
/home/robotics_lab/ros2_ws/install/oak_object_detection/lib/python3.10/site-packages/oak_object_detection/tested codes/vlm_bridge_test.py
/home/robotics_lab/ros2_ws/install/oak_object_detection/lib/python3.10/site-packages/oak_object_detection/__pycache__/__init__.cpython-310.pyc
/home/robotics_lab/ros2_ws/install/oak_object_detection/lib/python3.10/site-packages/oak_object_detection/__pycache__/yolo_commander.cpython-310.pyc
/home/robotics_lab/ros2_ws/install/oak_object_detection/lib/python3.10/site-packages/oak_object_detection/__pycache__/yolo_vlm_commander.cpython-310.pyc
/home/robotics_lab/ros2_ws/install/oak_object_detection/lib/python3.10/site-packages/oak_object_detection/__pycache__/no_spin search.cpython-310.pyc
/home/robotics_lab/ros2_ws/install/oak_object_detection/lib/python3.10/site-packages/oak_object_detection/__pycache__/ros2_yolo_vlm.cpython-310.pyc
/home/robotics_lab/ros2_ws/install/oak_object_detection/lib/python3.10/site-packages/oak_object_detection/tested codes/__pycache__/vlm_depth_commander.cpython-310.pyc
/home/robotics_lab/ros2_ws/install/oak_object_detection/lib/python3.10/site-packages/oak_object_detection/tested codes/__pycache__/vlm_hybrid_commander.cpython-310.pyc
/home/robotics_lab/ros2_ws/install/oak_object_detection/lib/python3.10/site-packages/oak_object_detection/tested codes/__pycache__/oakd_spatial_node.cpython-310.pyc
/home/robotics_lab/ros2_ws/install/oak_object_detection/lib/python3.10/site-packages/oak_object_detection/tested codes/__pycache__/__init__.cpython-310.pyc
/home/robotics_lab/ros2_ws/install/oak_object_detection/lib/python3.10/site-packages/oak_object_detection/tested codes/__pycache__/capture_frame.cpython-310.pyc
/home/robotics_lab/ros2_ws/install/oak_object_detection/lib/python3.10/site-packages/oak_object_detection/tested codes/__pycache__/vlm_bridge_test.cpython-310.pyc
/home/robotics_lab/ros2_ws/install/oak_object_detection/share/ament_index/resource_index/packages/oak_object_detection
/home/robotics_lab/ros2_ws/install/oak_object_detection/share/oak_object_detection/package.xml
/home/robotics_lab/ros2_ws/install/oak_object_detection/lib/python3.10/site-packages/oak_object_detection-0.0.0-py3.10.egg-info/dependency_links.txt
/home/robotics_lab/ros2_ws/install/oak_object_detection/lib/python3.10/site-packages/oak_object_detection-0.0.0-py3.10.egg-info/entry_points.txt
/home/robotics_lab/ros2_ws/install/oak_object_detection/lib/python3.10/site-packages/oak_object_detection-0.0.0-py3.10.egg-info/requires.txt
/home/robotics_lab/ros2_ws/install/oak_object_detection/lib/python3.10/site-packages/oak_object_detection-0.0.0-py3.10.egg-info/PKG-INFO
/home/robotics_lab/ros2_ws/install/oak_object_detection/lib/python3.10/site-packages/oak_object_detection-0.0.0-py3.10.egg-info/SOURCES.txt
/home/robotics_lab/ros2_ws/install/oak_object_detection/lib/python3.10/site-packages/oak_object_detection-0.0.0-py3.10.egg-info/zip-safe
/home/robotics_lab/ros2_ws/install/oak_object_detection/lib/python3.10/site-packages/oak_object_detection-0.0.0-py3.10.egg-info/top_level.txt
/home/robotics_lab/ros2_ws/install/oak_object_detection/lib/oak_object_detection/oakd_spatial_node
/home/robotics_lab/ros2_ws/install/oak_object_detection/lib/oak_object_detection/vlm_depth_commander
