[0.046s] Invoking command in '/home/robotics_lab/ros2_ws/build/rplidar_ros': CMAKE_PREFIX_PATH=${CMAKE_PREFIX_PATH}:/home/robotics_lab/ros2_ws/install/ros2toarduino:/home/robotics_lab/ros2_ws/install/oak_object_detection:/home/robotics_lab/ros2_ws/install/navigation_pkg:/home/robotics_lab/ros2_ws/install/diff_drive_bridge:/home/robotics_lab/ros2_ws/install/Urdf_model_description:/opt/ros/humble /usr/bin/cmake --build /home/robotics_lab/ros2_ws/build/rplidar_ros -- -j6 -l6
[0.282s] [ 47%] Built target rplidar_composition
[0.297s] [ 52%] Built target rplidar_client
[0.298s] [100%] Built target rplidar_node
[0.322s] Invoked command in '/home/robotics_lab/ros2_ws/build/rplidar_ros' returned '0': CMAKE_PREFIX_PATH=${CMAKE_PREFIX_PATH}:/home/robotics_lab/ros2_ws/install/ros2toarduino:/home/robotics_lab/ros2_ws/install/oak_object_detection:/home/robotics_lab/ros2_ws/install/navigation_pkg:/home/robotics_lab/ros2_ws/install/diff_drive_bridge:/home/robotics_lab/ros2_ws/install/Urdf_model_description:/opt/ros/humble /usr/bin/cmake --build /home/robotics_lab/ros2_ws/build/rplidar_ros -- -j6 -l6
[0.326s] Invoking command in '/home/robotics_lab/ros2_ws/build/rplidar_ros': CMAKE_PREFIX_PATH=${CMAKE_PREFIX_PATH}:/home/robotics_lab/ros2_ws/install/ros2toarduino:/home/robotics_lab/ros2_ws/install/oak_object_detection:/home/robotics_lab/ros2_ws/install/navigation_pkg:/home/robotics_lab/ros2_ws/install/diff_drive_bridge:/home/robotics_lab/ros2_ws/install/Urdf_model_description:/opt/ros/humble /usr/bin/cmake --install /home/robotics_lab/ros2_ws/build/rplidar_ros
[0.343s] -- Install configuration: ""
[0.344s] -- Up-to-date: /home/robotics_lab/ros2_ws/install/rplidar_ros/share/rplidar_ros/launch
[0.345s] -- Up-to-date: /home/robotics_lab/ros2_ws/install/rplidar_ros/share/rplidar_ros/launch/rplidar_a1_launch.py
[0.345s] -- Up-to-date: /home/robotics_lab/ros2_ws/install/rplidar_ros/share/rplidar_ros/launch/view_rplidar_a1_launch.py
[0.345s] -- Up-to-date: /home/robotics_lab/ros2_ws/install/rplidar_ros/share/rplidar_ros/rviz
[0.346s] -- Up-to-date: /home/robotics_lab/ros2_ws/install/rplidar_ros/share/rplidar_ros/rviz/rplidar_ros.rviz
[0.348s] -- Up-to-date: /home/robotics_lab/ros2_ws/install/rplidar_ros/lib/rplidar_ros/rplidar_node
[0.349s] -- Up-to-date: /home/robotics_lab/ros2_ws/install/rplidar_ros/lib/rplidar_ros/rplidar_composition
[0.351s] -- Up-to-date: /home/robotics_lab/ros2_ws/install/rplidar_ros/lib/rplidar_ros/rplidar_client
[0.351s] -- Up-to-date: /home/robotics_lab/ros2_ws/install/rplidar_ros/share/ament_index/resource_index/package_run_dependencies/rplidar_ros
[0.352s] -- Up-to-date: /home/robotics_lab/ros2_ws/install/rplidar_ros/share/ament_index/resource_index/parent_prefix_path/rplidar_ros
[0.352s] -- Up-to-date: /home/robotics_lab/ros2_ws/install/rplidar_ros/share/rplidar_ros/environment/ament_prefix_path.sh
[0.353s] -- Up-to-date: /home/robotics_lab/ros2_ws/install/rplidar_ros/share/rplidar_ros/environment/ament_prefix_path.dsv
[0.354s] -- Up-to-date: /home/robotics_lab/ros2_ws/install/rplidar_ros/share/rplidar_ros/environment/path.sh
[0.354s] -- Up-to-date: /home/robotics_lab/ros2_ws/install/rplidar_ros/share/rplidar_ros/environment/path.dsv
[0.354s] -- Up-to-date: /home/robotics_lab/ros2_ws/install/rplidar_ros/share/rplidar_ros/local_setup.bash
[0.355s] -- Up-to-date: /home/robotics_lab/ros2_ws/install/rplidar_ros/share/rplidar_ros/local_setup.sh
[0.355s] -- Up-to-date: /home/robotics_lab/ros2_ws/install/rplidar_ros/share/rplidar_ros/local_setup.zsh
[0.356s] -- Up-to-date: /home/robotics_lab/ros2_ws/install/rplidar_ros/share/rplidar_ros/local_setup.dsv
[0.356s] -- Installing: /home/robotics_lab/ros2_ws/install/rplidar_ros/share/rplidar_ros/package.dsv
[0.357s] -- Up-to-date: /home/robotics_lab/ros2_ws/install/rplidar_ros/share/ament_index/resource_index/packages/rplidar_ros
[0.358s] -- Up-to-date: /home/robotics_lab/ros2_ws/install/rplidar_ros/share/rplidar_ros/cmake/ament_cmake_export_dependencies-extras.cmake
[0.358s] -- Up-to-date: /home/robotics_lab/ros2_ws/install/rplidar_ros/share/rplidar_ros/cmake/ament_cmake_export_include_directories-extras.cmake
[0.359s] -- Up-to-date: /home/robotics_lab/ros2_ws/install/rplidar_ros/share/rplidar_ros/cmake/rplidar_rosConfig.cmake
[0.359s] -- Up-to-date: /home/robotics_lab/ros2_ws/install/rplidar_ros/share/rplidar_ros/cmake/rplidar_rosConfig-version.cmake
[0.359s] -- Up-to-date: /home/robotics_lab/ros2_ws/install/rplidar_ros/share/rplidar_ros/package.xml
[0.367s] Invoked command in '/home/robotics_lab/ros2_ws/build/rplidar_ros' returned '0': CMAKE_PREFIX_PATH=${CMAKE_PREFIX_PATH}:/home/robotics_lab/ros2_ws/install/ros2toarduino:/home/robotics_lab/ros2_ws/install/oak_object_detection:/home/robotics_lab/ros2_ws/install/navigation_pkg:/home/robotics_lab/ros2_ws/install/diff_drive_bridge:/home/robotics_lab/ros2_ws/install/Urdf_model_description:/opt/ros/humble /usr/bin/cmake --install /home/robotics_lab/ros2_ws/build/rplidar_ros
