[4.176s] Invoking command in '/home/robotics_lab/ros2_ws/src/oak_object_detection': PYTHONPATH=/home/robotics_lab/ros2_ws/build/oak_object_detection/prefix_override:/usr/lib/python3/dist-packages/colcon_core/task/python/colcon_distutils_commands:/home/robotics_lab/ros2_ws/install/oak_object_detection/lib/python3.10/site-packages:${PYTHONPATH} /usr/bin/python3 -W ignore:setup.py install is deprecated -W ignore:easy_install command is deprecated setup.py egg_info --egg-base ../../build/oak_object_detection build --build-base /home/robotics_lab/ros2_ws/build/oak_object_detection/build install --record /home/robotics_lab/ros2_ws/build/oak_object_detection/install.log --single-version-externally-managed install_data
[4.878s] running egg_info
[4.878s] creating ../../build/oak_object_detection/oak_object_detection.egg-info
[4.879s] writing ../../build/oak_object_detection/oak_object_detection.egg-info/PKG-INFO
[4.880s] writing dependency_links to ../../build/oak_object_detection/oak_object_detection.egg-info/dependency_links.txt
[4.880s] writing entry points to ../../build/oak_object_detection/oak_object_detection.egg-info/entry_points.txt
[4.881s] writing requirements to ../../build/oak_object_detection/oak_object_detection.egg-info/requires.txt
[4.881s] writing top-level names to ../../build/oak_object_detection/oak_object_detection.egg-info/top_level.txt
[4.881s] writing manifest file '../../build/oak_object_detection/oak_object_detection.egg-info/SOURCES.txt'
[4.894s] reading manifest file '../../build/oak_object_detection/oak_object_detection.egg-info/SOURCES.txt'
[4.896s] writing manifest file '../../build/oak_object_detection/oak_object_detection.egg-info/SOURCES.txt'
[4.896s] running build
[4.897s] running build_py
[4.897s] creating /home/robotics_lab/ros2_ws/build/oak_object_detection/build
[4.897s] creating /home/robotics_lab/ros2_ws/build/oak_object_detection/build/lib
[4.897s] creating /home/robotics_lab/ros2_ws/build/oak_object_detection/build/lib/oak_object_detection
[4.898s] copying oak_object_detection/__init__.py -> /home/robotics_lab/ros2_ws/build/oak_object_detection/build/lib/oak_object_detection
[4.898s] copying oak_object_detection/yolo_commander.py -> /home/robotics_lab/ros2_ws/build/oak_object_detection/build/lib/oak_object_detection
[4.898s] copying oak_object_detection/yolo_vlm_commander.py -> /home/robotics_lab/ros2_ws/build/oak_object_detection/build/lib/oak_object_detection
[4.899s] creating /home/robotics_lab/ros2_ws/build/oak_object_detection/build/lib/oak_object_detection/tested codes
[4.900s] copying oak_object_detection/tested codes/vlm_depth_commander.py -> /home/robotics_lab/ros2_ws/build/oak_object_detection/build/lib/oak_object_detection/tested codes
[4.900s] copying oak_object_detection/tested codes/vlm_hybrid_commander.py -> /home/robotics_lab/ros2_ws/build/oak_object_detection/build/lib/oak_object_detection/tested codes
[4.900s] copying oak_object_detection/tested codes/oakd_spatial_node.py -> /home/robotics_lab/ros2_ws/build/oak_object_detection/build/lib/oak_object_detection/tested codes
[4.901s] copying oak_object_detection/tested codes/__init__.py -> /home/robotics_lab/ros2_ws/build/oak_object_detection/build/lib/oak_object_detection/tested codes
[4.901s] copying oak_object_detection/tested codes/capture_frame.py -> /home/robotics_lab/ros2_ws/build/oak_object_detection/build/lib/oak_object_detection/tested codes
[4.905s] copying oak_object_detection/tested codes/vlm_bridge_test.py -> /home/robotics_lab/ros2_ws/build/oak_object_detection/build/lib/oak_object_detection/tested codes
[4.907s] running install
[4.908s] running install_lib
[4.913s] creating /home/robotics_lab/ros2_ws/install/oak_object_detection/lib/python3.10/site-packages/oak_object_detection
[4.913s] creating /home/robotics_lab/ros2_ws/install/oak_object_detection/lib/python3.10/site-packages/oak_object_detection/tested codes
[4.913s] copying /home/robotics_lab/ros2_ws/build/oak_object_detection/build/lib/oak_object_detection/tested codes/vlm_depth_commander.py -> /home/robotics_lab/ros2_ws/install/oak_object_detection/lib/python3.10/site-packages/oak_object_detection/tested codes
[4.913s] copying /home/robotics_lab/ros2_ws/build/oak_object_detection/build/lib/oak_object_detection/tested codes/vlm_hybrid_commander.py -> /home/robotics_lab/ros2_ws/install/oak_object_detection/lib/python3.10/site-packages/oak_object_detection/tested codes
[4.913s] copying /home/robotics_lab/ros2_ws/build/oak_object_detection/build/lib/oak_object_detection/tested codes/oakd_spatial_node.py -> /home/robotics_lab/ros2_ws/install/oak_object_detection/lib/python3.10/site-packages/oak_object_detection/tested codes
[4.914s] copying /home/robotics_lab/ros2_ws/build/oak_object_detection/build/lib/oak_object_detection/tested codes/__init__.py -> /home/robotics_lab/ros2_ws/install/oak_object_detection/lib/python3.10/site-packages/oak_object_detection/tested codes
[4.914s] copying /home/robotics_lab/ros2_ws/build/oak_object_detection/build/lib/oak_object_detection/tested codes/capture_frame.py -> /home/robotics_lab/ros2_ws/install/oak_object_detection/lib/python3.10/site-packages/oak_object_detection/tested codes
[4.914s] copying /home/robotics_lab/ros2_ws/build/oak_object_detection/build/lib/oak_object_detection/tested codes/vlm_bridge_test.py -> /home/robotics_lab/ros2_ws/install/oak_object_detection/lib/python3.10/site-packages/oak_object_detection/tested codes
[4.914s] copying /home/robotics_lab/ros2_ws/build/oak_object_detection/build/lib/oak_object_detection/__init__.py -> /home/robotics_lab/ros2_ws/install/oak_object_detection/lib/python3.10/site-packages/oak_object_detection
[4.914s] copying /home/robotics_lab/ros2_ws/build/oak_object_detection/build/lib/oak_object_detection/yolo_commander.py -> /home/robotics_lab/ros2_ws/install/oak_object_detection/lib/python3.10/site-packages/oak_object_detection
[4.915s] copying /home/robotics_lab/ros2_ws/build/oak_object_detection/build/lib/oak_object_detection/yolo_vlm_commander.py -> /home/robotics_lab/ros2_ws/install/oak_object_detection/lib/python3.10/site-packages/oak_object_detection
[4.916s] byte-compiling /home/robotics_lab/ros2_ws/install/oak_object_detection/lib/python3.10/site-packages/oak_object_detection/tested codes/vlm_depth_commander.py to vlm_depth_commander.cpython-310.pyc
[4.918s] byte-compiling /home/robotics_lab/ros2_ws/install/oak_object_detection/lib/python3.10/site-packages/oak_object_detection/tested codes/vlm_hybrid_commander.py to vlm_hybrid_commander.cpython-310.pyc
[4.918s] byte-compiling /home/robotics_lab/ros2_ws/install/oak_object_detection/lib/python3.10/site-packages/oak_object_detection/tested codes/oakd_spatial_node.py to oakd_spatial_node.cpython-310.pyc
[4.921s] byte-compiling /home/robotics_lab/ros2_ws/install/oak_object_detection/lib/python3.10/site-packages/oak_object_detection/tested codes/__init__.py to __init__.cpython-310.pyc
[4.921s] byte-compiling /home/robotics_lab/ros2_ws/install/oak_object_detection/lib/python3.10/site-packages/oak_object_detection/tested codes/capture_frame.py to capture_frame.cpython-310.pyc
[4.923s] byte-compiling /home/robotics_lab/ros2_ws/install/oak_object_detection/lib/python3.10/site-packages/oak_object_detection/tested codes/vlm_bridge_test.py to vlm_bridge_test.cpython-310.pyc
[4.924s] byte-compiling /home/robotics_lab/ros2_ws/install/oak_object_detection/lib/python3.10/site-packages/oak_object_detection/__init__.py to __init__.cpython-310.pyc
[4.924s] byte-compiling /home/robotics_lab/ros2_ws/install/oak_object_detection/lib/python3.10/site-packages/oak_object_detection/yolo_commander.py to yolo_commander.cpython-310.pyc
[4.928s] byte-compiling /home/robotics_lab/ros2_ws/install/oak_object_detection/lib/python3.10/site-packages/oak_object_detection/yolo_vlm_commander.py to yolo_vlm_commander.cpython-310.pyc
[4.932s] running install_data
[4.932s] creating /home/robotics_lab/ros2_ws/install/oak_object_detection/share/ament_index
[4.932s] creating /home/robotics_lab/ros2_ws/install/oak_object_detection/share/ament_index/resource_index
[4.932s] creating /home/robotics_lab/ros2_ws/install/oak_object_detection/share/ament_index/resource_index/packages
[4.933s] copying resource/oak_object_detection -> /home/robotics_lab/ros2_ws/install/oak_object_detection/share/ament_index/resource_index/packages
[4.933s] copying package.xml -> /home/robotics_lab/ros2_ws/install/oak_object_detection/share/oak_object_detection
[4.933s] running install_egg_info
[4.938s] Copying ../../build/oak_object_detection/oak_object_detection.egg-info to /home/robotics_lab/ros2_ws/install/oak_object_detection/lib/python3.10/site-packages/oak_object_detection-0.0.0-py3.10.egg-info
[4.940s] running install_scripts
[4.989s] Installing oakd_spatial_node script to /home/robotics_lab/ros2_ws/install/oak_object_detection/lib/oak_object_detection
[4.990s] Installing vlm_depth_commander script to /home/robotics_lab/ros2_ws/install/oak_object_detection/lib/oak_object_detection
[4.991s] writing list of installed files to '/home/robotics_lab/ros2_ws/build/oak_object_detection/install.log'
[5.070s] Invoked command in '/home/robotics_lab/ros2_ws/src/oak_object_detection' returned '0': PYTHONPATH=/home/robotics_lab/ros2_ws/build/oak_object_detection/prefix_override:/usr/lib/python3/dist-packages/colcon_core/task/python/colcon_distutils_commands:/home/robotics_lab/ros2_ws/install/oak_object_detection/lib/python3.10/site-packages:${PYTHONPATH} /usr/bin/python3 -W ignore:setup.py install is deprecated -W ignore:easy_install command is deprecated setup.py egg_info --egg-base ../../build/oak_object_detection build --build-base /home/robotics_lab/ros2_ws/build/oak_object_detection/build install --record /home/robotics_lab/ros2_ws/build/oak_object_detection/install.log --single-version-externally-managed install_data
