[4.031s] Invoking command in '/home/robotics_lab/ros2_ws/build/oak_object_detection': PYTHONPATH=/home/robotics_lab/ros2_ws/build/oak_object_detection/prefix_override:/usr/lib/python3/dist-packages/colcon_core/task/python/colcon_distutils_commands:/home/robotics_lab/ros2_ws/install/oak_object_detection/lib/python3.10/site-packages:${PYTHONPATH} /usr/bin/python3 -W ignore:setup.py install is deprecated -W ignore:easy_install command is deprecated setup.py develop --editable --build-directory /home/robotics_lab/ros2_ws/build/oak_object_detection/build --no-deps symlink_data --force
[4.619s] running develop
[5.064s] running egg_info
[5.065s] writing oak_object_detection.egg-info/PKG-INFO
[5.065s] writing dependency_links to oak_object_detection.egg-info/dependency_links.txt
[5.066s] writing entry points to oak_object_detection.egg-info/entry_points.txt
[5.066s] writing requirements to oak_object_detection.egg-info/requires.txt
[5.066s] writing top-level names to oak_object_detection.egg-info/top_level.txt
[5.071s] reading manifest file 'oak_object_detection.egg-info/SOURCES.txt'
[5.073s] writing manifest file 'oak_object_detection.egg-info/SOURCES.txt'
[5.155s] running build_ext
[5.156s] Creating /home/robotics_lab/ros2_ws/install/oak_object_detection/lib/python3.10/site-packages/oak-object-detection.egg-link (link to .)
[5.158s] Installing oakd_spatial_node script to /home/robotics_lab/ros2_ws/install/oak_object_detection/lib/oak_object_detection
[5.158s] Installing vlm_depth_commander script to /home/robotics_lab/ros2_ws/install/oak_object_detection/lib/oak_object_detection
[5.158s] 
[5.158s] Installed /home/robotics_lab/ros2_ws/build/oak_object_detection
[5.159s] running symlink_data
[5.159s] symbolically linking /home/robotics_lab/ros2_ws/build/oak_object_detection/resource/oak_object_detection -> /home/robotics_lab/ros2_ws/install/oak_object_detection/share/ament_index/resource_index/packages
[5.159s] symbolically linking /home/robotics_lab/ros2_ws/build/oak_object_detection/package.xml -> /home/robotics_lab/ros2_ws/install/oak_object_detection/share/oak_object_detection
[5.276s] Invoked command in '/home/robotics_lab/ros2_ws/build/oak_object_detection' returned '0': PYTHONPATH=/home/robotics_lab/ros2_ws/build/oak_object_detection/prefix_override:/usr/lib/python3/dist-packages/colcon_core/task/python/colcon_distutils_commands:/home/robotics_lab/ros2_ws/install/oak_object_detection/lib/python3.10/site-packages:${PYTHONPATH} /usr/bin/python3 -W ignore:setup.py install is deprecated -W ignore:easy_install command is deprecated setup.py develop --editable --build-directory /home/robotics_lab/ros2_ws/build/oak_object_detection/build --no-deps symlink_data --force
