[0.214s] DEBUG:colcon:Command line arguments: ['/usr/bin/colcon', 'build']
[0.214s] DEBUG:colcon:Parsed command line arguments: Namespace(log_base=None, log_level=None, verb_name='build', build_base='build', install_base='install', merge_install=False, symlink_install=False, test_result_base=None, continue_on_error=False, executor='parallel', parallel_workers=6, event_handlers=None, ignore_user_meta=False, metas=['./colcon.meta'], base_paths=['.'], packages_ignore=None, packages_ignore_regex=None, paths=None, packages_up_to=None, packages_up_to_regex=None, packages_above=None, packages_above_and_dependencies=None, packages_above_depth=None, packages_select_by_dep=None, packages_skip_by_dep=None, packages_skip_up_to=None, packages_select_build_failed=False, packages_skip_build_finished=False, packages_select_test_failures=False, packages_skip_test_passed=False, packages_select=None, packages_skip=None, packages_select_regex=None, packages_skip_regex=None, packages_start=None, packages_end=None, allow_overriding=[], cmake_args=None, cmake_target=None, cmake_target_skip_unavailable=False, cmake_clean_cache=False, cmake_clean_first=False, cmake_force_configure=False, ament_cmake_args=None, catkin_cmake_args=None, catkin_skip_building_tests=False, verb_parser=<colcon_defaults.argument_parser.defaults.DefaultArgumentsDecorator object at 0xffffb473b130>, verb_extension=<colcon_core.verb.build.BuildVerb object at 0xffffb4934d00>, main=<bound method BuildVerb.main of <colcon_core.verb.build.BuildVerb object at 0xffffb4934d00>>)
[0.583s] Level 1:colcon.colcon_core.package_discovery:discover_packages(colcon_meta) check parameters
[0.584s] Level 1:colcon.colcon_core.package_discovery:discover_packages(recursive) check parameters
[0.584s] Level 1:colcon.colcon_core.package_discovery:discover_packages(ignore) check parameters
[0.584s] Level 1:colcon.colcon_core.package_discovery:discover_packages(path) check parameters
[0.584s] Level 1:colcon.colcon_core.package_discovery:discover_packages(colcon_meta) discover
[0.584s] Level 1:colcon.colcon_core.package_discovery:discover_packages(recursive) discover
[0.584s] INFO:colcon.colcon_core.package_discovery:Crawling recursively for packages in '/home/robotics_lab/ros2_ws'
[0.584s] Level 1:colcon.colcon_core.package_identification:_identify(.) by extensions ['ignore', 'ignore_ament_install']
[0.585s] Level 1:colcon.colcon_core.package_identification:_identify(.) by extension 'ignore'
[0.585s] Level 1:colcon.colcon_core.package_identification:_identify(.) by extension 'ignore_ament_install'
[0.585s] Level 1:colcon.colcon_core.package_identification:_identify(.) by extensions ['colcon_pkg']
[0.585s] Level 1:colcon.colcon_core.package_identification:_identify(.) by extension 'colcon_pkg'
[0.585s] Level 1:colcon.colcon_core.package_identification:_identify(.) by extensions ['colcon_meta']
[0.585s] Level 1:colcon.colcon_core.package_identification:_identify(.) by extension 'colcon_meta'
[0.585s] Level 1:colcon.colcon_core.package_identification:_identify(.) by extensions ['ros']
[0.585s] Level 1:colcon.colcon_core.package_identification:_identify(.) by extension 'ros'
[0.635s] Level 1:colcon.colcon_core.package_identification:_identify(.) by extensions ['cmake', 'python']
[0.635s] Level 1:colcon.colcon_core.package_identification:_identify(.) by extension 'cmake'
[0.635s] Level 1:colcon.colcon_core.package_identification:_identify(.) by extension 'python'
[0.635s] Level 1:colcon.colcon_core.package_identification:_identify(.) by extensions ['python_setup_py']
[0.635s] Level 1:colcon.colcon_core.package_identification:_identify(.) by extension 'python_setup_py'
[0.635s] Level 1:colcon.colcon_core.package_identification:_identify(build) by extensions ['ignore', 'ignore_ament_install']
[0.636s] Level 1:colcon.colcon_core.package_identification:_identify(build) by extension 'ignore'
[0.636s] Level 1:colcon.colcon_core.package_identification:_identify(build) ignored
[0.636s] Level 1:colcon.colcon_core.package_identification:_identify(install) by extensions ['ignore', 'ignore_ament_install']
[0.636s] Level 1:colcon.colcon_core.package_identification:_identify(install) by extension 'ignore'
[0.636s] Level 1:colcon.colcon_core.package_identification:_identify(install) ignored
[0.637s] Level 1:colcon.colcon_core.package_identification:_identify(log) by extensions ['ignore', 'ignore_ament_install']
[0.637s] Level 1:colcon.colcon_core.package_identification:_identify(log) by extension 'ignore'
[0.637s] Level 1:colcon.colcon_core.package_identification:_identify(log) ignored
[0.637s] Level 1:colcon.colcon_core.package_identification:_identify(src) by extensions ['ignore', 'ignore_ament_install']
[0.637s] Level 1:colcon.colcon_core.package_identification:_identify(src) by extension 'ignore'
[0.637s] Level 1:colcon.colcon_core.package_identification:_identify(src) by extension 'ignore_ament_install'
[0.637s] Level 1:colcon.colcon_core.package_identification:_identify(src) by extensions ['colcon_pkg']
[0.637s] Level 1:colcon.colcon_core.package_identification:_identify(src) by extension 'colcon_pkg'
[0.638s] Level 1:colcon.colcon_core.package_identification:_identify(src) by extensions ['colcon_meta']
[0.638s] Level 1:colcon.colcon_core.package_identification:_identify(src) by extension 'colcon_meta'
[0.638s] Level 1:colcon.colcon_core.package_identification:_identify(src) by extensions ['ros']
[0.638s] Level 1:colcon.colcon_core.package_identification:_identify(src) by extension 'ros'
[0.638s] Level 1:colcon.colcon_core.package_identification:_identify(src) by extensions ['cmake', 'python']
[0.638s] Level 1:colcon.colcon_core.package_identification:_identify(src) by extension 'cmake'
[0.638s] Level 1:colcon.colcon_core.package_identification:_identify(src) by extension 'python'
[0.638s] Level 1:colcon.colcon_core.package_identification:_identify(src) by extensions ['python_setup_py']
[0.638s] Level 1:colcon.colcon_core.package_identification:_identify(src) by extension 'python_setup_py'
[0.638s] Level 1:colcon.colcon_core.package_identification:_identify(src/Urdf_model_description) by extensions ['ignore', 'ignore_ament_install']
[0.639s] Level 1:colcon.colcon_core.package_identification:_identify(src/Urdf_model_description) by extension 'ignore'
[0.639s] Level 1:colcon.colcon_core.package_identification:_identify(src/Urdf_model_description) by extension 'ignore_ament_install'
[0.639s] Level 1:colcon.colcon_core.package_identification:_identify(src/Urdf_model_description) by extensions ['colcon_pkg']
[0.639s] Level 1:colcon.colcon_core.package_identification:_identify(src/Urdf_model_description) by extension 'colcon_pkg'
[0.639s] Level 1:colcon.colcon_core.package_identification:_identify(src/Urdf_model_description) by extensions ['colcon_meta']
[0.639s] Level 1:colcon.colcon_core.package_identification:_identify(src/Urdf_model_description) by extension 'colcon_meta'
[0.639s] Level 1:colcon.colcon_core.package_identification:_identify(src/Urdf_model_description) by extensions ['ros']
[0.639s] Level 1:colcon.colcon_core.package_identification:_identify(src/Urdf_model_description) by extension 'ros'
[0.645s] DEBUG:colcon.colcon_core.package_identification:Package 'src/Urdf_model_description' with type 'ros.ament_python' and name 'Urdf_model_description'
[0.645s] Level 1:colcon.colcon_core.package_identification:_identify(src/diff_drive_bridge) by extensions ['ignore', 'ignore_ament_install']
[0.645s] Level 1:colcon.colcon_core.package_identification:_identify(src/diff_drive_bridge) by extension 'ignore'
[0.645s] Level 1:colcon.colcon_core.package_identification:_identify(src/diff_drive_bridge) by extension 'ignore_ament_install'
[0.646s] Level 1:colcon.colcon_core.package_identification:_identify(src/diff_drive_bridge) by extensions ['colcon_pkg']
[0.646s] Level 1:colcon.colcon_core.package_identification:_identify(src/diff_drive_bridge) by extension 'colcon_pkg'
[0.646s] Level 1:colcon.colcon_core.package_identification:_identify(src/diff_drive_bridge) by extensions ['colcon_meta']
[0.646s] Level 1:colcon.colcon_core.package_identification:_identify(src/diff_drive_bridge) by extension 'colcon_meta'
[0.646s] Level 1:colcon.colcon_core.package_identification:_identify(src/diff_drive_bridge) by extensions ['ros']
[0.646s] Level 1:colcon.colcon_core.package_identification:_identify(src/diff_drive_bridge) by extension 'ros'
[0.647s] DEBUG:colcon.colcon_core.package_identification:Package 'src/diff_drive_bridge' with type 'ros.ament_python' and name 'diff_drive_bridge'
[0.648s] Level 1:colcon.colcon_core.package_identification:_identify(src/navigation_pkg) by extensions ['ignore', 'ignore_ament_install']
[0.648s] Level 1:colcon.colcon_core.package_identification:_identify(src/navigation_pkg) by extension 'ignore'
[0.648s] Level 1:colcon.colcon_core.package_identification:_identify(src/navigation_pkg) by extension 'ignore_ament_install'
[0.648s] Level 1:colcon.colcon_core.package_identification:_identify(src/navigation_pkg) by extensions ['colcon_pkg']
[0.648s] Level 1:colcon.colcon_core.package_identification:_identify(src/navigation_pkg) by extension 'colcon_pkg'
[0.648s] Level 1:colcon.colcon_core.package_identification:_identify(src/navigation_pkg) by extensions ['colcon_meta']
[0.648s] Level 1:colcon.colcon_core.package_identification:_identify(src/navigation_pkg) by extension 'colcon_meta'
[0.648s] Level 1:colcon.colcon_core.package_identification:_identify(src/navigation_pkg) by extensions ['ros']
[0.648s] Level 1:colcon.colcon_core.package_identification:_identify(src/navigation_pkg) by extension 'ros'
[0.649s] DEBUG:colcon.colcon_core.package_identification:Package 'src/navigation_pkg' with type 'ros.ament_python' and name 'navigation_pkg'
[0.650s] Level 1:colcon.colcon_core.package_identification:_identify(src/oak_object_detection) by extensions ['ignore', 'ignore_ament_install']
[0.650s] Level 1:colcon.colcon_core.package_identification:_identify(src/oak_object_detection) by extension 'ignore'
[0.650s] Level 1:colcon.colcon_core.package_identification:_identify(src/oak_object_detection) by extension 'ignore_ament_install'
[0.650s] Level 1:colcon.colcon_core.package_identification:_identify(src/oak_object_detection) by extensions ['colcon_pkg']
[0.650s] Level 1:colcon.colcon_core.package_identification:_identify(src/oak_object_detection) by extension 'colcon_pkg'
[0.650s] Level 1:colcon.colcon_core.package_identification:_identify(src/oak_object_detection) by extensions ['colcon_meta']
[0.650s] Level 1:colcon.colcon_core.package_identification:_identify(src/oak_object_detection) by extension 'colcon_meta'
[0.650s] Level 1:colcon.colcon_core.package_identification:_identify(src/oak_object_detection) by extensions ['ros']
[0.650s] Level 1:colcon.colcon_core.package_identification:_identify(src/oak_object_detection) by extension 'ros'
[0.651s] DEBUG:colcon.colcon_core.package_identification:Package 'src/oak_object_detection' with type 'ros.ament_python' and name 'oak_object_detection'
[0.652s] Level 1:colcon.colcon_core.package_identification:_identify(src/rf2o_laser_odometry) by extensions ['ignore', 'ignore_ament_install']
[0.652s] Level 1:colcon.colcon_core.package_identification:_identify(src/rf2o_laser_odometry) by extension 'ignore'
[0.652s] Level 1:colcon.colcon_core.package_identification:_identify(src/rf2o_laser_odometry) by extension 'ignore_ament_install'
[0.652s] Level 1:colcon.colcon_core.package_identification:_identify(src/rf2o_laser_odometry) by extensions ['colcon_pkg']
[0.652s] Level 1:colcon.colcon_core.package_identification:_identify(src/rf2o_laser_odometry) by extension 'colcon_pkg'
[0.652s] Level 1:colcon.colcon_core.package_identification:_identify(src/rf2o_laser_odometry) by extensions ['colcon_meta']
[0.652s] Level 1:colcon.colcon_core.package_identification:_identify(src/rf2o_laser_odometry) by extension 'colcon_meta'
[0.652s] Level 1:colcon.colcon_core.package_identification:_identify(src/rf2o_laser_odometry) by extensions ['ros']
[0.652s] Level 1:colcon.colcon_core.package_identification:_identify(src/rf2o_laser_odometry) by extension 'ros'
[0.654s] DEBUG:colcon.colcon_core.package_identification:Package 'src/rf2o_laser_odometry' with type 'ros.ament_cmake' and name 'rf2o_laser_odometry'
[0.654s] Level 1:colcon.colcon_core.package_identification:_identify(src/ros2toarduino) by extensions ['ignore', 'ignore_ament_install']
[0.655s] Level 1:colcon.colcon_core.package_identification:_identify(src/ros2toarduino) by extension 'ignore'
[0.655s] Level 1:colcon.colcon_core.package_identification:_identify(src/ros2toarduino) by extension 'ignore_ament_install'
[0.655s] Level 1:colcon.colcon_core.package_identification:_identify(src/ros2toarduino) by extensions ['colcon_pkg']
[0.655s] Level 1:colcon.colcon_core.package_identification:_identify(src/ros2toarduino) by extension 'colcon_pkg'
[0.655s] Level 1:colcon.colcon_core.package_identification:_identify(src/ros2toarduino) by extensions ['colcon_meta']
[0.655s] Level 1:colcon.colcon_core.package_identification:_identify(src/ros2toarduino) by extension 'colcon_meta'
[0.655s] Level 1:colcon.colcon_core.package_identification:_identify(src/ros2toarduino) by extensions ['ros']
[0.655s] Level 1:colcon.colcon_core.package_identification:_identify(src/ros2toarduino) by extension 'ros'
[0.656s] DEBUG:colcon.colcon_core.package_identification:Package 'src/ros2toarduino' with type 'ros.ament_python' and name 'ros2toarduino'
[0.656s] Level 1:colcon.colcon_core.package_identification:_identify(src/rplidar_ros) by extensions ['ignore', 'ignore_ament_install']
[0.657s] Level 1:colcon.colcon_core.package_identification:_identify(src/rplidar_ros) by extension 'ignore'
[0.657s] Level 1:colcon.colcon_core.package_identification:_identify(src/rplidar_ros) by extension 'ignore_ament_install'
[0.657s] Level 1:colcon.colcon_core.package_identification:_identify(src/rplidar_ros) by extensions ['colcon_pkg']
[0.657s] Level 1:colcon.colcon_core.package_identification:_identify(src/rplidar_ros) by extension 'colcon_pkg'
[0.657s] Level 1:colcon.colcon_core.package_identification:_identify(src/rplidar_ros) by extensions ['colcon_meta']
[0.657s] Level 1:colcon.colcon_core.package_identification:_identify(src/rplidar_ros) by extension 'colcon_meta'
[0.657s] Level 1:colcon.colcon_core.package_identification:_identify(src/rplidar_ros) by extensions ['ros']
[0.657s] Level 1:colcon.colcon_core.package_identification:_identify(src/rplidar_ros) by extension 'ros'
[0.658s] DEBUG:colcon.colcon_core.package_identification:Package 'src/rplidar_ros' with type 'ros.ament_cmake' and name 'rplidar_ros'
[0.658s] Level 1:colcon.colcon_core.package_discovery:discover_packages(recursive) using defaults
[0.658s] Level 1:colcon.colcon_core.package_discovery:discover_packages(ignore) discover
[0.658s] Level 1:colcon.colcon_core.package_discovery:discover_packages(ignore) using defaults
[0.658s] Level 1:colcon.colcon_core.package_discovery:discover_packages(path) discover
[0.659s] Level 1:colcon.colcon_core.package_discovery:discover_packages(path) using defaults
[0.698s] Level 1:colcon.colcon_core.package_discovery:discover_packages(prefix_path) check parameters
[0.698s] Level 1:colcon.colcon_core.package_discovery:discover_packages(prefix_path) discover
[0.702s] DEBUG:colcon.colcon_installed_package_information.package_discovery:Found 7 installed packages in /home/robotics_lab/ros2_ws/install
[0.703s] DEBUG:colcon.colcon_installed_package_information.package_discovery:Found 7 installed packages in /home/robotics_lab/dai_ws/install
[0.706s] DEBUG:colcon.colcon_installed_package_information.package_discovery:Found 403 installed packages in /opt/ros/humble
[0.711s] Level 1:colcon.colcon_core.package_discovery:discover_packages(prefix_path) using defaults
[0.803s] Level 5:colcon.colcon_core.verb:set package 'Urdf_model_description' build argument 'cmake_args' from command line to 'None'
[0.803s] Level 5:colcon.colcon_core.verb:set package 'Urdf_model_description' build argument 'cmake_target' from command line to 'None'
[0.804s] Level 5:colcon.colcon_core.verb:set package 'Urdf_model_description' build argument 'cmake_target_skip_unavailable' from command line to 'False'
[0.804s] Level 5:colcon.colcon_core.verb:set package 'Urdf_model_description' build argument 'cmake_clean_cache' from command line to 'False'
[0.804s] Level 5:colcon.colcon_core.verb:set package 'Urdf_model_description' build argument 'cmake_clean_first' from command line to 'False'
[0.804s] Level 5:colcon.colcon_core.verb:set package 'Urdf_model_description' build argument 'cmake_force_configure' from command line to 'False'
[0.804s] Level 5:colcon.colcon_core.verb:set package 'Urdf_model_description' build argument 'ament_cmake_args' from command line to 'None'
[0.804s] Level 5:colcon.colcon_core.verb:set package 'Urdf_model_description' build argument 'catkin_cmake_args' from command line to 'None'
[0.804s] Level 5:colcon.colcon_core.verb:set package 'Urdf_model_description' build argument 'catkin_skip_building_tests' from command line to 'False'
[0.804s] DEBUG:colcon.colcon_core.verb:Building package 'Urdf_model_description' with the following arguments: {'ament_cmake_args': None, 'build_base': '/home/robotics_lab/ros2_ws/build/Urdf_model_description', 'catkin_cmake_args': None, 'catkin_skip_building_tests': False, 'cmake_args': None, 'cmake_clean_cache': False, 'cmake_clean_first': False, 'cmake_force_configure': False, 'cmake_target': None, 'cmake_target_skip_unavailable': False, 'install_base': '/home/robotics_lab/ros2_ws/install/Urdf_model_description', 'merge_install': False, 'path': '/home/robotics_lab/ros2_ws/src/Urdf_model_description', 'symlink_install': False, 'test_result_base': None}
[0.804s] Level 5:colcon.colcon_core.verb:set package 'diff_drive_bridge' build argument 'cmake_args' from command line to 'None'
[0.805s] Level 5:colcon.colcon_core.verb:set package 'diff_drive_bridge' build argument 'cmake_target' from command line to 'None'
[0.805s] Level 5:colcon.colcon_core.verb:set package 'diff_drive_bridge' build argument 'cmake_target_skip_unavailable' from command line to 'False'
[0.805s] Level 5:colcon.colcon_core.verb:set package 'diff_drive_bridge' build argument 'cmake_clean_cache' from command line to 'False'
[0.805s] Level 5:colcon.colcon_core.verb:set package 'diff_drive_bridge' build argument 'cmake_clean_first' from command line to 'False'
[0.805s] Level 5:colcon.colcon_core.verb:set package 'diff_drive_bridge' build argument 'cmake_force_configure' from command line to 'False'
[0.805s] Level 5:colcon.colcon_core.verb:set package 'diff_drive_bridge' build argument 'ament_cmake_args' from command line to 'None'
[0.805s] Level 5:colcon.colcon_core.verb:set package 'diff_drive_bridge' build argument 'catkin_cmake_args' from command line to 'None'
[0.805s] Level 5:colcon.colcon_core.verb:set package 'diff_drive_bridge' build argument 'catkin_skip_building_tests' from command line to 'False'
[0.805s] DEBUG:colcon.colcon_core.verb:Building package 'diff_drive_bridge' with the following arguments: {'ament_cmake_args': None, 'build_base': '/home/robotics_lab/ros2_ws/build/diff_drive_bridge', 'catkin_cmake_args': None, 'catkin_skip_building_tests': False, 'cmake_args': None, 'cmake_clean_cache': False, 'cmake_clean_first': False, 'cmake_force_configure': False, 'cmake_target': None, 'cmake_target_skip_unavailable': False, 'install_base': '/home/robotics_lab/ros2_ws/install/diff_drive_bridge', 'merge_install': False, 'path': '/home/robotics_lab/ros2_ws/src/diff_drive_bridge', 'symlink_install': False, 'test_result_base': None}
[0.805s] Level 5:colcon.colcon_core.verb:set package 'navigation_pkg' build argument 'cmake_args' from command line to 'None'
[0.805s] Level 5:colcon.colcon_core.verb:set package 'navigation_pkg' build argument 'cmake_target' from command line to 'None'
[0.805s] Level 5:colcon.colcon_core.verb:set package 'navigation_pkg' build argument 'cmake_target_skip_unavailable' from command line to 'False'
[0.806s] Level 5:colcon.colcon_core.verb:set package 'navigation_pkg' build argument 'cmake_clean_cache' from command line to 'False'
[0.806s] Level 5:colcon.colcon_core.verb:set package 'navigation_pkg' build argument 'cmake_clean_first' from command line to 'False'
[0.806s] Level 5:colcon.colcon_core.verb:set package 'navigation_pkg' build argument 'cmake_force_configure' from command line to 'False'
[0.806s] Level 5:colcon.colcon_core.verb:set package 'navigation_pkg' build argument 'ament_cmake_args' from command line to 'None'
[0.806s] Level 5:colcon.colcon_core.verb:set package 'navigation_pkg' build argument 'catkin_cmake_args' from command line to 'None'
[0.806s] Level 5:colcon.colcon_core.verb:set package 'navigation_pkg' build argument 'catkin_skip_building_tests' from command line to 'False'
[0.806s] DEBUG:colcon.colcon_core.verb:Building package 'navigation_pkg' with the following arguments: {'ament_cmake_args': None, 'build_base': '/home/robotics_lab/ros2_ws/build/navigation_pkg', 'catkin_cmake_args': None, 'catkin_skip_building_tests': False, 'cmake_args': None, 'cmake_clean_cache': False, 'cmake_clean_first': False, 'cmake_force_configure': False, 'cmake_target': None, 'cmake_target_skip_unavailable': False, 'install_base': '/home/robotics_lab/ros2_ws/install/navigation_pkg', 'merge_install': False, 'path': '/home/robotics_lab/ros2_ws/src/navigation_pkg', 'symlink_install': False, 'test_result_base': None}
[0.806s] Level 5:colcon.colcon_core.verb:set package 'oak_object_detection' build argument 'cmake_args' from command line to 'None'
[0.806s] Level 5:colcon.colcon_core.verb:set package 'oak_object_detection' build argument 'cmake_target' from command line to 'None'
[0.806s] Level 5:colcon.colcon_core.verb:set package 'oak_object_detection' build argument 'cmake_target_skip_unavailable' from command line to 'False'
[0.806s] Level 5:colcon.colcon_core.verb:set package 'oak_object_detection' build argument 'cmake_clean_cache' from command line to 'False'
[0.806s] Level 5:colcon.colcon_core.verb:set package 'oak_object_detection' build argument 'cmake_clean_first' from command line to 'False'
[0.806s] Level 5:colcon.colcon_core.verb:set package 'oak_object_detection' build argument 'cmake_force_configure' from command line to 'False'
[0.807s] Level 5:colcon.colcon_core.verb:set package 'oak_object_detection' build argument 'ament_cmake_args' from command line to 'None'
[0.807s] Level 5:colcon.colcon_core.verb:set package 'oak_object_detection' build argument 'catkin_cmake_args' from command line to 'None'
[0.807s] Level 5:colcon.colcon_core.verb:set package 'oak_object_detection' build argument 'catkin_skip_building_tests' from command line to 'False'
[0.807s] DEBUG:colcon.colcon_core.verb:Building package 'oak_object_detection' with the following arguments: {'ament_cmake_args': None, 'build_base': '/home/robotics_lab/ros2_ws/build/oak_object_detection', 'catkin_cmake_args': None, 'catkin_skip_building_tests': False, 'cmake_args': None, 'cmake_clean_cache': False, 'cmake_clean_first': False, 'cmake_force_configure': False, 'cmake_target': None, 'cmake_target_skip_unavailable': False, 'install_base': '/home/robotics_lab/ros2_ws/install/oak_object_detection', 'merge_install': False, 'path': '/home/robotics_lab/ros2_ws/src/oak_object_detection', 'symlink_install': False, 'test_result_base': None}
[0.807s] Level 5:colcon.colcon_core.verb:set package 'rf2o_laser_odometry' build argument 'cmake_args' from command line to 'None'
[0.807s] Level 5:colcon.colcon_core.verb:set package 'rf2o_laser_odometry' build argument 'cmake_target' from command line to 'None'
[0.807s] Level 5:colcon.colcon_core.verb:set package 'rf2o_laser_odometry' build argument 'cmake_target_skip_unavailable' from command line to 'False'
[0.807s] Level 5:colcon.colcon_core.verb:set package 'rf2o_laser_odometry' build argument 'cmake_clean_cache' from command line to 'False'
[0.807s] Level 5:colcon.colcon_core.verb:set package 'rf2o_laser_odometry' build argument 'cmake_clean_first' from command line to 'False'
[0.807s] Level 5:colcon.colcon_core.verb:set package 'rf2o_laser_odometry' build argument 'cmake_force_configure' from command line to 'False'
[0.807s] Level 5:colcon.colcon_core.verb:set package 'rf2o_laser_odometry' build argument 'ament_cmake_args' from command line to 'None'
[0.807s] Level 5:colcon.colcon_core.verb:set package 'rf2o_laser_odometry' build argument 'catkin_cmake_args' from command line to 'None'
[0.807s] Level 5:colcon.colcon_core.verb:set package 'rf2o_laser_odometry' build argument 'catkin_skip_building_tests' from command line to 'False'
[0.808s] DEBUG:colcon.colcon_core.verb:Building package 'rf2o_laser_odometry' with the following arguments: {'ament_cmake_args': None, 'build_base': '/home/robotics_lab/ros2_ws/build/rf2o_laser_odometry', 'catkin_cmake_args': None, 'catkin_skip_building_tests': False, 'cmake_args': None, 'cmake_clean_cache': False, 'cmake_clean_first': False, 'cmake_force_configure': False, 'cmake_target': None, 'cmake_target_skip_unavailable': False, 'install_base': '/home/robotics_lab/ros2_ws/install/rf2o_laser_odometry', 'merge_install': False, 'path': '/home/robotics_lab/ros2_ws/src/rf2o_laser_odometry', 'symlink_install': False, 'test_result_base': None}
[0.808s] Level 5:colcon.colcon_core.verb:set package 'ros2toarduino' build argument 'cmake_args' from command line to 'None'
[0.808s] Level 5:colcon.colcon_core.verb:set package 'ros2toarduino' build argument 'cmake_target' from command line to 'None'
[0.808s] Level 5:colcon.colcon_core.verb:set package 'ros2toarduino' build argument 'cmake_target_skip_unavailable' from command line to 'False'
[0.808s] Level 5:colcon.colcon_core.verb:set package 'ros2toarduino' build argument 'cmake_clean_cache' from command line to 'False'
[0.808s] Level 5:colcon.colcon_core.verb:set package 'ros2toarduino' build argument 'cmake_clean_first' from command line to 'False'
[0.808s] Level 5:colcon.colcon_core.verb:set package 'ros2toarduino' build argument 'cmake_force_configure' from command line to 'False'
[0.808s] Level 5:colcon.colcon_core.verb:set package 'ros2toarduino' build argument 'ament_cmake_args' from command line to 'None'
[0.808s] Level 5:colcon.colcon_core.verb:set package 'ros2toarduino' build argument 'catkin_cmake_args' from command line to 'None'
[0.808s] Level 5:colcon.colcon_core.verb:set package 'ros2toarduino' build argument 'catkin_skip_building_tests' from command line to 'False'
[0.808s] DEBUG:colcon.colcon_core.verb:Building package 'ros2toarduino' with the following arguments: {'ament_cmake_args': None, 'build_base': '/home/robotics_lab/ros2_ws/build/ros2toarduino', 'catkin_cmake_args': None, 'catkin_skip_building_tests': False, 'cmake_args': None, 'cmake_clean_cache': False, 'cmake_clean_first': False, 'cmake_force_configure': False, 'cmake_target': None, 'cmake_target_skip_unavailable': False, 'install_base': '/home/robotics_lab/ros2_ws/install/ros2toarduino', 'merge_install': False, 'path': '/home/robotics_lab/ros2_ws/src/ros2toarduino', 'symlink_install': False, 'test_result_base': None}
[0.809s] Level 5:colcon.colcon_core.verb:set package 'rplidar_ros' build argument 'cmake_args' from command line to 'None'
[0.809s] Level 5:colcon.colcon_core.verb:set package 'rplidar_ros' build argument 'cmake_target' from command line to 'None'
[0.809s] Level 5:colcon.colcon_core.verb:set package 'rplidar_ros' build argument 'cmake_target_skip_unavailable' from command line to 'False'
[0.809s] Level 5:colcon.colcon_core.verb:set package 'rplidar_ros' build argument 'cmake_clean_cache' from command line to 'False'
[0.809s] Level 5:colcon.colcon_core.verb:set package 'rplidar_ros' build argument 'cmake_clean_first' from command line to 'False'
[0.809s] Level 5:colcon.colcon_core.verb:set package 'rplidar_ros' build argument 'cmake_force_configure' from command line to 'False'
[0.809s] Level 5:colcon.colcon_core.verb:set package 'rplidar_ros' build argument 'ament_cmake_args' from command line to 'None'
[0.809s] Level 5:colcon.colcon_core.verb:set package 'rplidar_ros' build argument 'catkin_cmake_args' from command line to 'None'
[0.809s] Level 5:colcon.colcon_core.verb:set package 'rplidar_ros' build argument 'catkin_skip_building_tests' from command line to 'False'
[0.809s] DEBUG:colcon.colcon_core.verb:Building package 'rplidar_ros' with the following arguments: {'ament_cmake_args': None, 'build_base': '/home/robotics_lab/ros2_ws/build/rplidar_ros', 'catkin_cmake_args': None, 'catkin_skip_building_tests': False, 'cmake_args': None, 'cmake_clean_cache': False, 'cmake_clean_first': False, 'cmake_force_configure': False, 'cmake_target': None, 'cmake_target_skip_unavailable': False, 'install_base': '/home/robotics_lab/ros2_ws/install/rplidar_ros', 'merge_install': False, 'path': '/home/robotics_lab/ros2_ws/src/rplidar_ros', 'symlink_install': False, 'test_result_base': None}
[0.810s] INFO:colcon.colcon_core.executor:Executing jobs using 'parallel' executor
[0.812s] DEBUG:colcon.colcon_parallel_executor.executor.parallel:run_until_complete
[0.813s] INFO:colcon.colcon_ros.task.ament_python.build:Building ROS package in '/home/robotics_lab/ros2_ws/src/Urdf_model_description' with build type 'ament_python'
[0.813s] Level 1:colcon.colcon_core.shell:create_environment_hook('Urdf_model_description', 'ament_prefix_path')
[0.817s] INFO:colcon.colcon_core.plugin_system:Skipping extension 'colcon_core.shell.bat': Not used on non-Windows systems
[0.817s] INFO:colcon.colcon_core.shell:Creating environment hook '/home/robotics_lab/ros2_ws/install/Urdf_model_description/share/Urdf_model_description/hook/ament_prefix_path.ps1'
[0.819s] INFO:colcon.colcon_core.shell:Creating environment descriptor '/home/robotics_lab/ros2_ws/install/Urdf_model_description/share/Urdf_model_description/hook/ament_prefix_path.dsv'
[0.819s] INFO:colcon.colcon_core.shell:Creating environment hook '/home/robotics_lab/ros2_ws/install/Urdf_model_description/share/Urdf_model_description/hook/ament_prefix_path.sh'
[0.821s] INFO:colcon.colcon_core.shell:Skip shell extension 'powershell' for command environment: Not usable outside of PowerShell
[0.821s] DEBUG:colcon.colcon_core.shell:Skip shell extension 'dsv' for command environment
[0.829s] INFO:colcon.colcon_ros.task.ament_python.build:Building ROS package in '/home/robotics_lab/ros2_ws/src/diff_drive_bridge' with build type 'ament_python'
[0.829s] Level 1:colcon.colcon_core.shell:create_environment_hook('diff_drive_bridge', 'ament_prefix_path')
[0.830s] INFO:colcon.colcon_core.shell:Creating environment hook '/home/robotics_lab/ros2_ws/install/diff_drive_bridge/share/diff_drive_bridge/hook/ament_prefix_path.ps1'
[0.831s] INFO:colcon.colcon_core.shell:Creating environment descriptor '/home/robotics_lab/ros2_ws/install/diff_drive_bridge/share/diff_drive_bridge/hook/ament_prefix_path.dsv'
[0.832s] INFO:colcon.colcon_core.shell:Creating environment hook '/home/robotics_lab/ros2_ws/install/diff_drive_bridge/share/diff_drive_bridge/hook/ament_prefix_path.sh'
[0.833s] INFO:colcon.colcon_core.shell:Skip shell extension 'powershell' for command environment: Not usable outside of PowerShell
[0.833s] DEBUG:colcon.colcon_core.shell:Skip shell extension 'dsv' for command environment
[0.840s] INFO:colcon.colcon_ros.task.ament_python.build:Building ROS package in '/home/robotics_lab/ros2_ws/src/navigation_pkg' with build type 'ament_python'
[0.840s] Level 1:colcon.colcon_core.shell:create_environment_hook('navigation_pkg', 'ament_prefix_path')
[0.841s] INFO:colcon.colcon_core.shell:Creating environment hook '/home/robotics_lab/ros2_ws/install/navigation_pkg/share/navigation_pkg/hook/ament_prefix_path.ps1'
[0.842s] INFO:colcon.colcon_core.shell:Creating environment descriptor '/home/robotics_lab/ros2_ws/install/navigation_pkg/share/navigation_pkg/hook/ament_prefix_path.dsv'
[0.842s] INFO:colcon.colcon_core.shell:Creating environment hook '/home/robotics_lab/ros2_ws/install/navigation_pkg/share/navigation_pkg/hook/ament_prefix_path.sh'
[0.844s] INFO:colcon.colcon_core.shell:Skip shell extension 'powershell' for command environment: Not usable outside of PowerShell
[0.844s] DEBUG:colcon.colcon_core.shell:Skip shell extension 'dsv' for command environment
[0.852s] INFO:colcon.colcon_ros.task.ament_python.build:Building ROS package in '/home/robotics_lab/ros2_ws/src/oak_object_detection' with build type 'ament_python'
[0.852s] Level 1:colcon.colcon_core.shell:create_environment_hook('oak_object_detection', 'ament_prefix_path')
[0.852s] INFO:colcon.colcon_core.shell:Creating environment hook '/home/robotics_lab/ros2_ws/install/oak_object_detection/share/oak_object_detection/hook/ament_prefix_path.ps1'
[0.853s] INFO:colcon.colcon_core.shell:Creating environment descriptor '/home/robotics_lab/ros2_ws/install/oak_object_detection/share/oak_object_detection/hook/ament_prefix_path.dsv'
[0.854s] INFO:colcon.colcon_core.shell:Creating environment hook '/home/robotics_lab/ros2_ws/install/oak_object_detection/share/oak_object_detection/hook/ament_prefix_path.sh'
[0.856s] INFO:colcon.colcon_core.shell:Skip shell extension 'powershell' for command environment: Not usable outside of PowerShell
[0.856s] DEBUG:colcon.colcon_core.shell:Skip shell extension 'dsv' for command environment
[0.863s] INFO:colcon.colcon_ros.task.ament_cmake.build:Building ROS package in '/home/robotics_lab/ros2_ws/src/rf2o_laser_odometry' with build type 'ament_cmake'
[0.864s] INFO:colcon.colcon_cmake.task.cmake.build:Building CMake package in '/home/robotics_lab/ros2_ws/src/rf2o_laser_odometry'
[0.864s] INFO:colcon.colcon_core.shell:Skip shell extension 'powershell' for command environment: Not usable outside of PowerShell
[0.864s] DEBUG:colcon.colcon_core.shell:Skip shell extension 'dsv' for command environment
[0.872s] INFO:colcon.colcon_ros.task.ament_python.build:Building ROS package in '/home/robotics_lab/ros2_ws/src/ros2toarduino' with build type 'ament_python'
[0.872s] Level 1:colcon.colcon_core.shell:create_environment_hook('ros2toarduino', 'ament_prefix_path')
[0.872s] INFO:colcon.colcon_core.shell:Creating environment hook '/home/robotics_lab/ros2_ws/install/ros2toarduino/share/ros2toarduino/hook/ament_prefix_path.ps1'
[0.873s] INFO:colcon.colcon_core.shell:Creating environment descriptor '/home/robotics_lab/ros2_ws/install/ros2toarduino/share/ros2toarduino/hook/ament_prefix_path.dsv'
[0.874s] INFO:colcon.colcon_core.shell:Creating environment hook '/home/robotics_lab/ros2_ws/install/ros2toarduino/share/ros2toarduino/hook/ament_prefix_path.sh'
[0.875s] INFO:colcon.colcon_core.shell:Skip shell extension 'powershell' for command environment: Not usable outside of PowerShell
[0.875s] DEBUG:colcon.colcon_core.shell:Skip shell extension 'dsv' for command environment
[1.469s] INFO:colcon.colcon_core.task.python.build:Building Python package in '/home/robotics_lab/ros2_ws/src/Urdf_model_description'
[1.470s] INFO:colcon.colcon_core.shell:Skip shell extension 'powershell' for command environment: Not usable outside of PowerShell
[1.470s] DEBUG:colcon.colcon_core.shell:Skip shell extension 'dsv' for command environment
[2.068s] INFO:colcon.colcon_core.task.python.build:Building Python package in '/home/robotics_lab/ros2_ws/src/diff_drive_bridge'
[2.069s] INFO:colcon.colcon_core.shell:Skip shell extension 'powershell' for command environment: Not usable outside of PowerShell
[2.070s] DEBUG:colcon.colcon_core.shell:Skip shell extension 'dsv' for command environment
[2.656s] INFO:colcon.colcon_core.task.python.build:Building Python package in '/home/robotics_lab/ros2_ws/src/navigation_pkg'
[2.658s] INFO:colcon.colcon_core.shell:Skip shell extension 'powershell' for command environment: Not usable outside of PowerShell
[2.658s] DEBUG:colcon.colcon_core.shell:Skip shell extension 'dsv' for command environment
[3.254s] INFO:colcon.colcon_core.task.python.build:Building Python package in '/home/robotics_lab/ros2_ws/src/oak_object_detection'
[3.255s] INFO:colcon.colcon_core.shell:Skip shell extension 'powershell' for command environment: Not usable outside of PowerShell
[3.255s] DEBUG:colcon.colcon_core.shell:Skip shell extension 'dsv' for command environment
[3.275s] DEBUG:colcon.colcon_core.event_handler.log_command:Invoking command in '/home/robotics_lab/ros2_ws/build/rf2o_laser_odometry': CMAKE_PREFIX_PATH=${CMAKE_PREFIX_PATH}:/home/robotics_lab/ros2_ws/install/ros2toarduino:/home/robotics_lab/ros2_ws/install/oak_object_detection:/home/robotics_lab/ros2_ws/install/navigation_pkg:/home/robotics_lab/ros2_ws/install/diff_drive_bridge:/home/robotics_lab/ros2_ws/install/Urdf_model_description:/opt/ros/humble /usr/bin/cmake --build /home/robotics_lab/ros2_ws/build/rf2o_laser_odometry -- -j6 -l6
[3.890s] INFO:colcon.colcon_core.task.python.build:Building Python package in '/home/robotics_lab/ros2_ws/src/ros2toarduino'
[3.891s] INFO:colcon.colcon_core.shell:Skip shell extension 'powershell' for command environment: Not usable outside of PowerShell
[3.891s] DEBUG:colcon.colcon_core.shell:Skip shell extension 'dsv' for command environment
[3.926s] DEBUG:colcon.colcon_core.event_handler.log_command:Invoked command in '/home/robotics_lab/ros2_ws/build/rf2o_laser_odometry' returned '0': CMAKE_PREFIX_PATH=${CMAKE_PREFIX_PATH}:/home/robotics_lab/ros2_ws/install/ros2toarduino:/home/robotics_lab/ros2_ws/install/oak_object_detection:/home/robotics_lab/ros2_ws/install/navigation_pkg:/home/robotics_lab/ros2_ws/install/diff_drive_bridge:/home/robotics_lab/ros2_ws/install/Urdf_model_description:/opt/ros/humble /usr/bin/cmake --build /home/robotics_lab/ros2_ws/build/rf2o_laser_odometry -- -j6 -l6
[3.953s] DEBUG:colcon.colcon_core.event_handler.log_command:Invoking command in '/home/robotics_lab/ros2_ws/build/rf2o_laser_odometry': CMAKE_PREFIX_PATH=${CMAKE_PREFIX_PATH}:/home/robotics_lab/ros2_ws/install/ros2toarduino:/home/robotics_lab/ros2_ws/install/oak_object_detection:/home/robotics_lab/ros2_ws/install/navigation_pkg:/home/robotics_lab/ros2_ws/install/diff_drive_bridge:/home/robotics_lab/ros2_ws/install/Urdf_model_description:/opt/ros/humble /usr/bin/cmake --install /home/robotics_lab/ros2_ws/build/rf2o_laser_odometry
[3.986s] Level 1:colcon.colcon_core.environment:create_environment_scripts_only(rf2o_laser_odometry)
[3.990s] DEBUG:colcon.colcon_core.event_handler.log_command:Invoked command in '/home/robotics_lab/ros2_ws/build/rf2o_laser_odometry' returned '0': CMAKE_PREFIX_PATH=${CMAKE_PREFIX_PATH}:/home/robotics_lab/ros2_ws/install/ros2toarduino:/home/robotics_lab/ros2_ws/install/oak_object_detection:/home/robotics_lab/ros2_ws/install/navigation_pkg:/home/robotics_lab/ros2_ws/install/diff_drive_bridge:/home/robotics_lab/ros2_ws/install/Urdf_model_description:/opt/ros/humble /usr/bin/cmake --install /home/robotics_lab/ros2_ws/build/rf2o_laser_odometry
[3.993s] Level 1:colcon.colcon_core.environment:checking '/home/robotics_lab/ros2_ws/install/rf2o_laser_odometry' for CMake module files
[3.994s] Level 1:colcon.colcon_core.environment:checking '/home/robotics_lab/ros2_ws/install/rf2o_laser_odometry' for CMake config files
[3.995s] Level 1:colcon.colcon_core.shell:create_environment_hook('rf2o_laser_odometry', 'cmake_prefix_path')
[3.996s] INFO:colcon.colcon_core.shell:Creating environment hook '/home/robotics_lab/ros2_ws/install/rf2o_laser_odometry/share/rf2o_laser_odometry/hook/cmake_prefix_path.ps1'
[3.997s] INFO:colcon.colcon_core.shell:Creating environment descriptor '/home/robotics_lab/ros2_ws/install/rf2o_laser_odometry/share/rf2o_laser_odometry/hook/cmake_prefix_path.dsv'
[3.998s] INFO:colcon.colcon_core.shell:Creating environment hook '/home/robotics_lab/ros2_ws/install/rf2o_laser_odometry/share/rf2o_laser_odometry/hook/cmake_prefix_path.sh'
[3.999s] Level 1:colcon.colcon_core.environment:checking '/home/robotics_lab/ros2_ws/install/rf2o_laser_odometry/lib'
[4.000s] Level 1:colcon.colcon_core.environment:checking '/home/robotics_lab/ros2_ws/install/rf2o_laser_odometry/bin'
[4.000s] Level 1:colcon.colcon_core.environment:checking '/home/robotics_lab/ros2_ws/install/rf2o_laser_odometry/lib/pkgconfig/rf2o_laser_odometry.pc'
[4.000s] Level 1:colcon.colcon_core.environment:checking '/home/robotics_lab/ros2_ws/install/rf2o_laser_odometry/lib/python3.10/site-packages'
[4.001s] Level 1:colcon.colcon_core.environment:checking '/home/robotics_lab/ros2_ws/install/rf2o_laser_odometry/bin'
[4.002s] INFO:colcon.colcon_core.shell:Creating package script '/home/robotics_lab/ros2_ws/install/rf2o_laser_odometry/share/rf2o_laser_odometry/package.ps1'
[4.004s] INFO:colcon.colcon_core.shell:Creating package descriptor '/home/robotics_lab/ros2_ws/install/rf2o_laser_odometry/share/rf2o_laser_odometry/package.dsv'
[4.006s] INFO:colcon.colcon_core.shell:Creating package script '/home/robotics_lab/ros2_ws/install/rf2o_laser_odometry/share/rf2o_laser_odometry/package.sh'
[4.007s] INFO:colcon.colcon_core.shell:Creating package script '/home/robotics_lab/ros2_ws/install/rf2o_laser_odometry/share/rf2o_laser_odometry/package.bash'
[4.009s] INFO:colcon.colcon_core.shell:Creating package script '/home/robotics_lab/ros2_ws/install/rf2o_laser_odometry/share/rf2o_laser_odometry/package.zsh'
[4.010s] Level 1:colcon.colcon_core.environment:create_file_with_runtime_dependencies(/home/robotics_lab/ros2_ws/install/rf2o_laser_odometry/share/colcon-core/packages/rf2o_laser_odometry)
[4.012s] Level 1:colcon.colcon_core.environment:create_environment_scripts_only(rf2o_laser_odometry)
[4.012s] Level 1:colcon.colcon_core.environment:checking '/home/robotics_lab/ros2_ws/install/rf2o_laser_odometry' for CMake module files
[4.013s] Level 1:colcon.colcon_core.environment:checking '/home/robotics_lab/ros2_ws/install/rf2o_laser_odometry' for CMake config files
[4.014s] Level 1:colcon.colcon_core.shell:create_environment_hook('rf2o_laser_odometry', 'cmake_prefix_path')
[4.014s] INFO:colcon.colcon_core.shell:Creating environment hook '/home/robotics_lab/ros2_ws/install/rf2o_laser_odometry/share/rf2o_laser_odometry/hook/cmake_prefix_path.ps1'
[4.015s] INFO:colcon.colcon_core.shell:Creating environment descriptor '/home/robotics_lab/ros2_ws/install/rf2o_laser_odometry/share/rf2o_laser_odometry/hook/cmake_prefix_path.dsv'
[4.016s] INFO:colcon.colcon_core.shell:Creating environment hook '/home/robotics_lab/ros2_ws/install/rf2o_laser_odometry/share/rf2o_laser_odometry/hook/cmake_prefix_path.sh'
[4.017s] Level 1:colcon.colcon_core.environment:checking '/home/robotics_lab/ros2_ws/install/rf2o_laser_odometry/lib'
[4.017s] Level 1:colcon.colcon_core.environment:checking '/home/robotics_lab/ros2_ws/install/rf2o_laser_odometry/bin'
[4.018s] Level 1:colcon.colcon_core.environment:checking '/home/robotics_lab/ros2_ws/install/rf2o_laser_odometry/lib/pkgconfig/rf2o_laser_odometry.pc'
[4.018s] Level 1:colcon.colcon_core.environment:checking '/home/robotics_lab/ros2_ws/install/rf2o_laser_odometry/lib/python3.10/site-packages'
[4.019s] Level 1:colcon.colcon_core.environment:checking '/home/robotics_lab/ros2_ws/install/rf2o_laser_odometry/bin'
[4.019s] INFO:colcon.colcon_core.shell:Creating package script '/home/robotics_lab/ros2_ws/install/rf2o_laser_odometry/share/rf2o_laser_odometry/package.ps1'
[4.021s] INFO:colcon.colcon_core.shell:Creating package descriptor '/home/robotics_lab/ros2_ws/install/rf2o_laser_odometry/share/rf2o_laser_odometry/package.dsv'
[4.022s] INFO:colcon.colcon_core.shell:Creating package script '/home/robotics_lab/ros2_ws/install/rf2o_laser_odometry/share/rf2o_laser_odometry/package.sh'
[4.023s] INFO:colcon.colcon_core.shell:Creating package script '/home/robotics_lab/ros2_ws/install/rf2o_laser_odometry/share/rf2o_laser_odometry/package.bash'
[4.024s] INFO:colcon.colcon_core.shell:Creating package script '/home/robotics_lab/ros2_ws/install/rf2o_laser_odometry/share/rf2o_laser_odometry/package.zsh'
[4.024s] Level 1:colcon.colcon_core.environment:create_file_with_runtime_dependencies(/home/robotics_lab/ros2_ws/install/rf2o_laser_odometry/share/colcon-core/packages/rf2o_laser_odometry)
[4.027s] INFO:colcon.colcon_ros.task.ament_cmake.build:Building ROS package in '/home/robotics_lab/ros2_ws/src/rplidar_ros' with build type 'ament_cmake'
[4.027s] INFO:colcon.colcon_cmake.task.cmake.build:Building CMake package in '/home/robotics_lab/ros2_ws/src/rplidar_ros'
[4.028s] INFO:colcon.colcon_core.shell:Skip shell extension 'powershell' for command environment: Not usable outside of PowerShell
[4.028s] DEBUG:colcon.colcon_core.shell:Skip shell extension 'dsv' for command environment
[4.067s] DEBUG:colcon.colcon_core.event_handler.log_command:Invoking command in '/home/robotics_lab/ros2_ws/build/rplidar_ros': CMAKE_PREFIX_PATH=${CMAKE_PREFIX_PATH}:/home/robotics_lab/ros2_ws/install/ros2toarduino:/home/robotics_lab/ros2_ws/install/oak_object_detection:/home/robotics_lab/ros2_ws/install/navigation_pkg:/home/robotics_lab/ros2_ws/install/diff_drive_bridge:/home/robotics_lab/ros2_ws/install/Urdf_model_description:/opt/ros/humble /usr/bin/cmake --build /home/robotics_lab/ros2_ws/build/rplidar_ros -- -j6 -l6
[4.328s] DEBUG:colcon.colcon_core.event_handler.log_command:Invoked command in '/home/robotics_lab/ros2_ws/build/rplidar_ros' returned '0': CMAKE_PREFIX_PATH=${CMAKE_PREFIX_PATH}:/home/robotics_lab/ros2_ws/install/ros2toarduino:/home/robotics_lab/ros2_ws/install/oak_object_detection:/home/robotics_lab/ros2_ws/install/navigation_pkg:/home/robotics_lab/ros2_ws/install/diff_drive_bridge:/home/robotics_lab/ros2_ws/install/Urdf_model_description:/opt/ros/humble /usr/bin/cmake --build /home/robotics_lab/ros2_ws/build/rplidar_ros -- -j6 -l6
[4.329s] DEBUG:colcon.colcon_core.event_handler.log_command:Invoking command in '/home/robotics_lab/ros2_ws/build/rplidar_ros': CMAKE_PREFIX_PATH=${CMAKE_PREFIX_PATH}:/home/robotics_lab/ros2_ws/install/ros2toarduino:/home/robotics_lab/ros2_ws/install/oak_object_detection:/home/robotics_lab/ros2_ws/install/navigation_pkg:/home/robotics_lab/ros2_ws/install/diff_drive_bridge:/home/robotics_lab/ros2_ws/install/Urdf_model_description:/opt/ros/humble /usr/bin/cmake --install /home/robotics_lab/ros2_ws/build/rplidar_ros
[4.366s] Level 1:colcon.colcon_core.environment:create_environment_scripts_only(rplidar_ros)
[4.366s] Level 1:colcon.colcon_core.environment:checking '/home/robotics_lab/ros2_ws/install/rplidar_ros' for CMake module files
[4.367s] Level 1:colcon.colcon_core.environment:checking '/home/robotics_lab/ros2_ws/install/rplidar_ros' for CMake config files
[4.368s] Level 1:colcon.colcon_core.shell:create_environment_hook('rplidar_ros', 'cmake_prefix_path')
[4.368s] INFO:colcon.colcon_core.shell:Creating environment hook '/home/robotics_lab/ros2_ws/install/rplidar_ros/share/rplidar_ros/hook/cmake_prefix_path.ps1'
[4.370s] DEBUG:colcon.colcon_core.event_handler.log_command:Invoked command in '/home/robotics_lab/ros2_ws/build/rplidar_ros' returned '0': CMAKE_PREFIX_PATH=${CMAKE_PREFIX_PATH}:/home/robotics_lab/ros2_ws/install/ros2toarduino:/home/robotics_lab/ros2_ws/install/oak_object_detection:/home/robotics_lab/ros2_ws/install/navigation_pkg:/home/robotics_lab/ros2_ws/install/diff_drive_bridge:/home/robotics_lab/ros2_ws/install/Urdf_model_description:/opt/ros/humble /usr/bin/cmake --install /home/robotics_lab/ros2_ws/build/rplidar_ros
[4.371s] INFO:colcon.colcon_core.shell:Creating environment descriptor '/home/robotics_lab/ros2_ws/install/rplidar_ros/share/rplidar_ros/hook/cmake_prefix_path.dsv'
[4.371s] INFO:colcon.colcon_core.shell:Creating environment hook '/home/robotics_lab/ros2_ws/install/rplidar_ros/share/rplidar_ros/hook/cmake_prefix_path.sh'
[4.373s] Level 1:colcon.colcon_core.environment:checking '/home/robotics_lab/ros2_ws/install/rplidar_ros/lib'
[4.373s] Level 1:colcon.colcon_core.environment:checking '/home/robotics_lab/ros2_ws/install/rplidar_ros/bin'
[4.373s] Level 1:colcon.colcon_core.environment:checking '/home/robotics_lab/ros2_ws/install/rplidar_ros/lib/pkgconfig/rplidar_ros.pc'
[4.373s] Level 1:colcon.colcon_core.environment:checking '/home/robotics_lab/ros2_ws/install/rplidar_ros/lib/python3.10/site-packages'
[4.374s] Level 1:colcon.colcon_core.environment:checking '/home/robotics_lab/ros2_ws/install/rplidar_ros/bin'
[4.375s] INFO:colcon.colcon_core.shell:Creating package script '/home/robotics_lab/ros2_ws/install/rplidar_ros/share/rplidar_ros/package.ps1'
[4.376s] INFO:colcon.colcon_core.shell:Creating package descriptor '/home/robotics_lab/ros2_ws/install/rplidar_ros/share/rplidar_ros/package.dsv'
[4.377s] INFO:colcon.colcon_core.shell:Creating package script '/home/robotics_lab/ros2_ws/install/rplidar_ros/share/rplidar_ros/package.sh'
[4.378s] INFO:colcon.colcon_core.shell:Creating package script '/home/robotics_lab/ros2_ws/install/rplidar_ros/share/rplidar_ros/package.bash'
[4.379s] INFO:colcon.colcon_core.shell:Creating package script '/home/robotics_lab/ros2_ws/install/rplidar_ros/share/rplidar_ros/package.zsh'
[4.380s] Level 1:colcon.colcon_core.environment:create_file_with_runtime_dependencies(/home/robotics_lab/ros2_ws/install/rplidar_ros/share/colcon-core/packages/rplidar_ros)
[4.381s] Level 1:colcon.colcon_core.environment:create_environment_scripts_only(rplidar_ros)
[4.381s] Level 1:colcon.colcon_core.environment:checking '/home/robotics_lab/ros2_ws/install/rplidar_ros' for CMake module files
[4.382s] Level 1:colcon.colcon_core.environment:checking '/home/robotics_lab/ros2_ws/install/rplidar_ros' for CMake config files
[4.383s] Level 1:colcon.colcon_core.shell:create_environment_hook('rplidar_ros', 'cmake_prefix_path')
[4.383s] INFO:colcon.colcon_core.shell:Creating environment hook '/home/robotics_lab/ros2_ws/install/rplidar_ros/share/rplidar_ros/hook/cmake_prefix_path.ps1'
[4.384s] INFO:colcon.colcon_core.shell:Creating environment descriptor '/home/robotics_lab/ros2_ws/install/rplidar_ros/share/rplidar_ros/hook/cmake_prefix_path.dsv'
[4.385s] INFO:colcon.colcon_core.shell:Creating environment hook '/home/robotics_lab/ros2_ws/install/rplidar_ros/share/rplidar_ros/hook/cmake_prefix_path.sh'
[4.386s] Level 1:colcon.colcon_core.environment:checking '/home/robotics_lab/ros2_ws/install/rplidar_ros/lib'
[4.386s] Level 1:colcon.colcon_core.environment:checking '/home/robotics_lab/ros2_ws/install/rplidar_ros/bin'
[4.386s] Level 1:colcon.colcon_core.environment:checking '/home/robotics_lab/ros2_ws/install/rplidar_ros/lib/pkgconfig/rplidar_ros.pc'
[4.386s] Level 1:colcon.colcon_core.environment:checking '/home/robotics_lab/ros2_ws/install/rplidar_ros/lib/python3.10/site-packages'
[4.387s] Level 1:colcon.colcon_core.environment:checking '/home/robotics_lab/ros2_ws/install/rplidar_ros/bin'
[4.388s] INFO:colcon.colcon_core.shell:Creating package script '/home/robotics_lab/ros2_ws/install/rplidar_ros/share/rplidar_ros/package.ps1'
[4.389s] INFO:colcon.colcon_core.shell:Creating package descriptor '/home/robotics_lab/ros2_ws/install/rplidar_ros/share/rplidar_ros/package.dsv'
[4.390s] INFO:colcon.colcon_core.shell:Creating package script '/home/robotics_lab/ros2_ws/install/rplidar_ros/share/rplidar_ros/package.sh'
[4.391s] INFO:colcon.colcon_core.shell:Creating package script '/home/robotics_lab/ros2_ws/install/rplidar_ros/share/rplidar_ros/package.bash'
[4.392s] INFO:colcon.colcon_core.shell:Creating package script '/home/robotics_lab/ros2_ws/install/rplidar_ros/share/rplidar_ros/package.zsh'
[4.392s] Level 1:colcon.colcon_core.environment:create_file_with_runtime_dependencies(/home/robotics_lab/ros2_ws/install/rplidar_ros/share/colcon-core/packages/rplidar_ros)
[4.929s] DEBUG:colcon.colcon_core.event_handler.log_command:Invoking command in '/home/robotics_lab/ros2_ws/src/navigation_pkg': PYTHONPATH=/home/robotics_lab/ros2_ws/build/navigation_pkg/prefix_override:/usr/lib/python3/dist-packages/colcon_core/task/python/colcon_distutils_commands:/home/robotics_lab/ros2_ws/install/navigation_pkg/lib/python3.10/site-packages:${PYTHONPATH} /usr/bin/python3 -W ignore:setup.py install is deprecated -W ignore:easy_install command is deprecated setup.py egg_info --egg-base ../../build/navigation_pkg build --build-base /home/robotics_lab/ros2_ws/build/navigation_pkg/build install --record /home/robotics_lab/ros2_ws/build/navigation_pkg/install.log --single-version-externally-managed install_data
[4.941s] DEBUG:colcon.colcon_core.event_handler.log_command:Invoking command in '/home/robotics_lab/ros2_ws/src/Urdf_model_description': PYTHONPATH=/home/robotics_lab/ros2_ws/build/Urdf_model_description/prefix_override:/usr/lib/python3/dist-packages/colcon_core/task/python/colcon_distutils_commands:/home/robotics_lab/ros2_ws/install/Urdf_model_description/lib/python3.10/site-packages:${PYTHONPATH} /usr/bin/python3 -W ignore:setup.py install is deprecated -W ignore:easy_install command is deprecated setup.py egg_info --egg-base ../../build/Urdf_model_description build --build-base /home/robotics_lab/ros2_ws/build/Urdf_model_description/build install --record /home/robotics_lab/ros2_ws/build/Urdf_model_description/install.log --install-scripts $base/lib/Urdf_model_description --single-version-externally-managed install_data
[4.976s] DEBUG:colcon.colcon_core.event_handler.log_command:Invoking command in '/home/robotics_lab/ros2_ws/src/ros2toarduino': PYTHONPATH=/home/robotics_lab/ros2_ws/build/ros2toarduino/prefix_override:/usr/lib/python3/dist-packages/colcon_core/task/python/colcon_distutils_commands:/home/robotics_lab/ros2_ws/install/ros2toarduino/lib/python3.10/site-packages:${PYTHONPATH} /usr/bin/python3 -W ignore:setup.py install is deprecated -W ignore:easy_install command is deprecated setup.py egg_info --egg-base ../../build/ros2toarduino build --build-base /home/robotics_lab/ros2_ws/build/ros2toarduino/build install --record /home/robotics_lab/ros2_ws/build/ros2toarduino/install.log --single-version-externally-managed install_data
[5.057s] DEBUG:colcon.colcon_core.event_handler.log_command:Invoking command in '/home/robotics_lab/ros2_ws/src/diff_drive_bridge': PYTHONPATH=/home/robotics_lab/ros2_ws/build/diff_drive_bridge/prefix_override:/usr/lib/python3/dist-packages/colcon_core/task/python/colcon_distutils_commands:/home/robotics_lab/ros2_ws/install/diff_drive_bridge/lib/python3.10/site-packages:${PYTHONPATH} /usr/bin/python3 -W ignore:setup.py install is deprecated -W ignore:easy_install command is deprecated setup.py egg_info --egg-base ../../build/diff_drive_bridge build --build-base /home/robotics_lab/ros2_ws/build/diff_drive_bridge/build install --record /home/robotics_lab/ros2_ws/build/diff_drive_bridge/install.log --single-version-externally-managed install_data
[5.059s] DEBUG:colcon.colcon_core.event_handler.log_command:Invoking command in '/home/robotics_lab/ros2_ws/src/oak_object_detection': PYTHONPATH=/home/robotics_lab/ros2_ws/build/oak_object_detection/prefix_override:/usr/lib/python3/dist-packages/colcon_core/task/python/colcon_distutils_commands:/home/robotics_lab/ros2_ws/install/oak_object_detection/lib/python3.10/site-packages:${PYTHONPATH} /usr/bin/python3 -W ignore:setup.py install is deprecated -W ignore:easy_install command is deprecated setup.py egg_info --egg-base ../../build/oak_object_detection build --build-base /home/robotics_lab/ros2_ws/build/oak_object_detection/build install --record /home/robotics_lab/ros2_ws/build/oak_object_detection/install.log --single-version-externally-managed install_data
[5.615s] Level 1:colcon.colcon_core.environment:checking '/home/robotics_lab/ros2_ws/install/navigation_pkg' for CMake module files
[5.616s] DEBUG:colcon.colcon_core.event_handler.log_command:Invoked command in '/home/robotics_lab/ros2_ws/src/navigation_pkg' returned '0': PYTHONPATH=/home/robotics_lab/ros2_ws/build/navigation_pkg/prefix_override:/usr/lib/python3/dist-packages/colcon_core/task/python/colcon_distutils_commands:/home/robotics_lab/ros2_ws/install/navigation_pkg/lib/python3.10/site-packages:${PYTHONPATH} /usr/bin/python3 -W ignore:setup.py install is deprecated -W ignore:easy_install command is deprecated setup.py egg_info --egg-base ../../build/navigation_pkg build --build-base /home/robotics_lab/ros2_ws/build/navigation_pkg/build install --record /home/robotics_lab/ros2_ws/build/navigation_pkg/install.log --single-version-externally-managed install_data
[5.617s] Level 1:colcon.colcon_core.environment:checking '/home/robotics_lab/ros2_ws/install/navigation_pkg' for CMake config files
[5.618s] Level 1:colcon.colcon_core.environment:checking '/home/robotics_lab/ros2_ws/install/navigation_pkg/lib'
[5.618s] Level 1:colcon.colcon_core.environment:checking '/home/robotics_lab/ros2_ws/install/navigation_pkg/bin'
[5.619s] Level 1:colcon.colcon_core.environment:checking '/home/robotics_lab/ros2_ws/install/navigation_pkg/lib/pkgconfig/navigation_pkg.pc'
[5.619s] Level 1:colcon.colcon_core.environment:checking '/home/robotics_lab/ros2_ws/install/navigation_pkg/lib/python3.10/site-packages'
[5.620s] Level 1:colcon.colcon_core.shell:create_environment_hook('navigation_pkg', 'pythonpath')
[5.620s] INFO:colcon.colcon_core.shell:Creating environment hook '/home/robotics_lab/ros2_ws/install/navigation_pkg/share/navigation_pkg/hook/pythonpath.ps1'
[5.623s] INFO:colcon.colcon_core.shell:Creating environment descriptor '/home/robotics_lab/ros2_ws/install/navigation_pkg/share/navigation_pkg/hook/pythonpath.dsv'
[5.624s] INFO:colcon.colcon_core.shell:Creating environment hook '/home/robotics_lab/ros2_ws/install/navigation_pkg/share/navigation_pkg/hook/pythonpath.sh'
[5.625s] Level 1:colcon.colcon_core.environment:checking '/home/robotics_lab/ros2_ws/install/navigation_pkg/bin'
[5.625s] Level 1:colcon.colcon_core.environment:create_environment_scripts_only(navigation_pkg)
[5.626s] INFO:colcon.colcon_core.shell:Creating package script '/home/robotics_lab/ros2_ws/install/navigation_pkg/share/navigation_pkg/package.ps1'
[5.628s] INFO:colcon.colcon_core.shell:Creating package descriptor '/home/robotics_lab/ros2_ws/install/navigation_pkg/share/navigation_pkg/package.dsv'
[5.631s] INFO:colcon.colcon_core.shell:Creating package script '/home/robotics_lab/ros2_ws/install/navigation_pkg/share/navigation_pkg/package.sh'
[5.632s] INFO:colcon.colcon_core.shell:Creating package script '/home/robotics_lab/ros2_ws/install/navigation_pkg/share/navigation_pkg/package.bash'
[5.633s] INFO:colcon.colcon_core.shell:Creating package script '/home/robotics_lab/ros2_ws/install/navigation_pkg/share/navigation_pkg/package.zsh'
[5.635s] Level 1:colcon.colcon_core.environment:create_file_with_runtime_dependencies(/home/robotics_lab/ros2_ws/install/navigation_pkg/share/colcon-core/packages/navigation_pkg)
[5.668s] Level 1:colcon.colcon_core.environment:checking '/home/robotics_lab/ros2_ws/install/Urdf_model_description' for CMake module files
[5.669s] Level 1:colcon.colcon_core.environment:checking '/home/robotics_lab/ros2_ws/install/Urdf_model_description' for CMake config files
[5.670s] DEBUG:colcon.colcon_core.event_handler.log_command:Invoked command in '/home/robotics_lab/ros2_ws/src/Urdf_model_description' returned '0': PYTHONPATH=/home/robotics_lab/ros2_ws/build/Urdf_model_description/prefix_override:/usr/lib/python3/dist-packages/colcon_core/task/python/colcon_distutils_commands:/home/robotics_lab/ros2_ws/install/Urdf_model_description/lib/python3.10/site-packages:${PYTHONPATH} /usr/bin/python3 -W ignore:setup.py install is deprecated -W ignore:easy_install command is deprecated setup.py egg_info --egg-base ../../build/Urdf_model_description build --build-base /home/robotics_lab/ros2_ws/build/Urdf_model_description/build install --record /home/robotics_lab/ros2_ws/build/Urdf_model_description/install.log --install-scripts $base/lib/Urdf_model_description --single-version-externally-managed install_data
[5.671s] Level 1:colcon.colcon_core.environment:checking '/home/robotics_lab/ros2_ws/install/Urdf_model_description/lib'
[5.672s] Level 1:colcon.colcon_core.environment:checking '/home/robotics_lab/ros2_ws/install/Urdf_model_description/bin'
[5.672s] Level 1:colcon.colcon_core.environment:checking '/home/robotics_lab/ros2_ws/install/Urdf_model_description/lib/pkgconfig/Urdf_model_description.pc'
[5.672s] Level 1:colcon.colcon_core.environment:checking '/home/robotics_lab/ros2_ws/install/Urdf_model_description/lib/python3.10/site-packages'
[5.673s] Level 1:colcon.colcon_core.shell:create_environment_hook('Urdf_model_description', 'pythonpath')
[5.673s] INFO:colcon.colcon_core.shell:Creating environment hook '/home/robotics_lab/ros2_ws/install/Urdf_model_description/share/Urdf_model_description/hook/pythonpath.ps1'
[5.675s] INFO:colcon.colcon_core.shell:Creating environment descriptor '/home/robotics_lab/ros2_ws/install/Urdf_model_description/share/Urdf_model_description/hook/pythonpath.dsv'
[5.677s] INFO:colcon.colcon_core.shell:Creating environment hook '/home/robotics_lab/ros2_ws/install/Urdf_model_description/share/Urdf_model_description/hook/pythonpath.sh'
[5.680s] Level 1:colcon.colcon_core.environment:checking '/home/robotics_lab/ros2_ws/install/Urdf_model_description/bin'
[5.681s] Level 1:colcon.colcon_core.environment:create_environment_scripts_only(Urdf_model_description)
[5.682s] INFO:colcon.colcon_core.shell:Creating package script '/home/robotics_lab/ros2_ws/install/Urdf_model_description/share/Urdf_model_description/package.ps1'
[5.683s] INFO:colcon.colcon_core.shell:Creating package descriptor '/home/robotics_lab/ros2_ws/install/Urdf_model_description/share/Urdf_model_description/package.dsv'
[5.685s] INFO:colcon.colcon_core.shell:Creating package script '/home/robotics_lab/ros2_ws/install/Urdf_model_description/share/Urdf_model_description/package.sh'
[5.686s] INFO:colcon.colcon_core.shell:Creating package script '/home/robotics_lab/ros2_ws/install/Urdf_model_description/share/Urdf_model_description/package.bash'
[5.687s] INFO:colcon.colcon_core.shell:Creating package script '/home/robotics_lab/ros2_ws/install/Urdf_model_description/share/Urdf_model_description/package.zsh'
[5.688s] Level 1:colcon.colcon_core.environment:create_file_with_runtime_dependencies(/home/robotics_lab/ros2_ws/install/Urdf_model_description/share/colcon-core/packages/Urdf_model_description)
[5.723s] Level 1:colcon.colcon_core.environment:checking '/home/robotics_lab/ros2_ws/install/ros2toarduino' for CMake module files
[5.725s] Level 1:colcon.colcon_core.environment:checking '/home/robotics_lab/ros2_ws/install/ros2toarduino' for CMake config files
[5.727s] DEBUG:colcon.colcon_core.event_handler.log_command:Invoked command in '/home/robotics_lab/ros2_ws/src/ros2toarduino' returned '0': PYTHONPATH=/home/robotics_lab/ros2_ws/build/ros2toarduino/prefix_override:/usr/lib/python3/dist-packages/colcon_core/task/python/colcon_distutils_commands:/home/robotics_lab/ros2_ws/install/ros2toarduino/lib/python3.10/site-packages:${PYTHONPATH} /usr/bin/python3 -W ignore:setup.py install is deprecated -W ignore:easy_install command is deprecated setup.py egg_info --egg-base ../../build/ros2toarduino build --build-base /home/robotics_lab/ros2_ws/build/ros2toarduino/build install --record /home/robotics_lab/ros2_ws/build/ros2toarduino/install.log --single-version-externally-managed install_data
[5.729s] Level 1:colcon.colcon_core.environment:checking '/home/robotics_lab/ros2_ws/install/ros2toarduino/lib'
[5.729s] Level 1:colcon.colcon_core.environment:checking '/home/robotics_lab/ros2_ws/install/ros2toarduino/bin'
[5.730s] Level 1:colcon.colcon_core.environment:checking '/home/robotics_lab/ros2_ws/install/ros2toarduino/lib/pkgconfig/ros2toarduino.pc'
[5.730s] Level 1:colcon.colcon_core.environment:checking '/home/robotics_lab/ros2_ws/install/ros2toarduino/lib/python3.10/site-packages'
[5.731s] Level 1:colcon.colcon_core.shell:create_environment_hook('ros2toarduino', 'pythonpath')
[5.731s] INFO:colcon.colcon_core.shell:Creating environment hook '/home/robotics_lab/ros2_ws/install/ros2toarduino/share/ros2toarduino/hook/pythonpath.ps1'
[5.734s] INFO:colcon.colcon_core.shell:Creating environment descriptor '/home/robotics_lab/ros2_ws/install/ros2toarduino/share/ros2toarduino/hook/pythonpath.dsv'
[5.735s] INFO:colcon.colcon_core.shell:Creating environment hook '/home/robotics_lab/ros2_ws/install/ros2toarduino/share/ros2toarduino/hook/pythonpath.sh'
[5.737s] Level 1:colcon.colcon_core.environment:checking '/home/robotics_lab/ros2_ws/install/ros2toarduino/bin'
[5.738s] Level 1:colcon.colcon_core.environment:create_environment_scripts_only(ros2toarduino)
[5.739s] INFO:colcon.colcon_core.shell:Creating package script '/home/robotics_lab/ros2_ws/install/ros2toarduino/share/ros2toarduino/package.ps1'
[5.746s] INFO:colcon.colcon_core.shell:Creating package descriptor '/home/robotics_lab/ros2_ws/install/ros2toarduino/share/ros2toarduino/package.dsv'
[5.749s] INFO:colcon.colcon_core.shell:Creating package script '/home/robotics_lab/ros2_ws/install/ros2toarduino/share/ros2toarduino/package.sh'
[5.750s] INFO:colcon.colcon_core.shell:Creating package script '/home/robotics_lab/ros2_ws/install/ros2toarduino/share/ros2toarduino/package.bash'
[5.752s] INFO:colcon.colcon_core.shell:Creating package script '/home/robotics_lab/ros2_ws/install/ros2toarduino/share/ros2toarduino/package.zsh'
[5.753s] Level 1:colcon.colcon_core.environment:create_file_with_runtime_dependencies(/home/robotics_lab/ros2_ws/install/ros2toarduino/share/colcon-core/packages/ros2toarduino)
[5.784s] Level 1:colcon.colcon_core.environment:checking '/home/robotics_lab/ros2_ws/install/diff_drive_bridge' for CMake module files
[5.786s] DEBUG:colcon.colcon_core.event_handler.log_command:Invoked command in '/home/robotics_lab/ros2_ws/src/diff_drive_bridge' returned '0': PYTHONPATH=/home/robotics_lab/ros2_ws/build/diff_drive_bridge/prefix_override:/usr/lib/python3/dist-packages/colcon_core/task/python/colcon_distutils_commands:/home/robotics_lab/ros2_ws/install/diff_drive_bridge/lib/python3.10/site-packages:${PYTHONPATH} /usr/bin/python3 -W ignore:setup.py install is deprecated -W ignore:easy_install command is deprecated setup.py egg_info --egg-base ../../build/diff_drive_bridge build --build-base /home/robotics_lab/ros2_ws/build/diff_drive_bridge/build install --record /home/robotics_lab/ros2_ws/build/diff_drive_bridge/install.log --single-version-externally-managed install_data
[5.788s] Level 1:colcon.colcon_core.environment:checking '/home/robotics_lab/ros2_ws/install/diff_drive_bridge' for CMake config files
[5.790s] Level 1:colcon.colcon_core.environment:checking '/home/robotics_lab/ros2_ws/install/diff_drive_bridge/lib'
[5.790s] Level 1:colcon.colcon_core.environment:checking '/home/robotics_lab/ros2_ws/install/diff_drive_bridge/bin'
[5.790s] Level 1:colcon.colcon_core.environment:checking '/home/robotics_lab/ros2_ws/install/diff_drive_bridge/lib/pkgconfig/diff_drive_bridge.pc'
[5.791s] Level 1:colcon.colcon_core.environment:checking '/home/robotics_lab/ros2_ws/install/diff_drive_bridge/lib/python3.10/site-packages'
[5.791s] Level 1:colcon.colcon_core.shell:create_environment_hook('diff_drive_bridge', 'pythonpath')
[5.792s] INFO:colcon.colcon_core.shell:Creating environment hook '/home/robotics_lab/ros2_ws/install/diff_drive_bridge/share/diff_drive_bridge/hook/pythonpath.ps1'
[5.795s] INFO:colcon.colcon_core.shell:Creating environment descriptor '/home/robotics_lab/ros2_ws/install/diff_drive_bridge/share/diff_drive_bridge/hook/pythonpath.dsv'
[5.797s] INFO:colcon.colcon_core.shell:Creating environment hook '/home/robotics_lab/ros2_ws/install/diff_drive_bridge/share/diff_drive_bridge/hook/pythonpath.sh'
[5.800s] Level 1:colcon.colcon_core.environment:checking '/home/robotics_lab/ros2_ws/install/diff_drive_bridge/bin'
[5.800s] Level 1:colcon.colcon_core.environment:create_environment_scripts_only(diff_drive_bridge)
[5.802s] INFO:colcon.colcon_core.shell:Creating package script '/home/robotics_lab/ros2_ws/install/diff_drive_bridge/share/diff_drive_bridge/package.ps1'
[5.804s] INFO:colcon.colcon_core.shell:Creating package descriptor '/home/robotics_lab/ros2_ws/install/diff_drive_bridge/share/diff_drive_bridge/package.dsv'
[5.806s] INFO:colcon.colcon_core.shell:Creating package script '/home/robotics_lab/ros2_ws/install/diff_drive_bridge/share/diff_drive_bridge/package.sh'
[5.808s] INFO:colcon.colcon_core.shell:Creating package script '/home/robotics_lab/ros2_ws/install/diff_drive_bridge/share/diff_drive_bridge/package.bash'
[5.809s] INFO:colcon.colcon_core.shell:Creating package script '/home/robotics_lab/ros2_ws/install/diff_drive_bridge/share/diff_drive_bridge/package.zsh'
[5.811s] Level 1:colcon.colcon_core.environment:create_file_with_runtime_dependencies(/home/robotics_lab/ros2_ws/install/diff_drive_bridge/share/colcon-core/packages/diff_drive_bridge)
[5.815s] Level 1:colcon.colcon_core.environment:checking '/home/robotics_lab/ros2_ws/install/oak_object_detection' for CMake module files
[5.817s] DEBUG:colcon.colcon_core.event_handler.log_command:Invoked command in '/home/robotics_lab/ros2_ws/src/oak_object_detection' returned '0': PYTHONPATH=/home/robotics_lab/ros2_ws/build/oak_object_detection/prefix_override:/usr/lib/python3/dist-packages/colcon_core/task/python/colcon_distutils_commands:/home/robotics_lab/ros2_ws/install/oak_object_detection/lib/python3.10/site-packages:${PYTHONPATH} /usr/bin/python3 -W ignore:setup.py install is deprecated -W ignore:easy_install command is deprecated setup.py egg_info --egg-base ../../build/oak_object_detection build --build-base /home/robotics_lab/ros2_ws/build/oak_object_detection/build install --record /home/robotics_lab/ros2_ws/build/oak_object_detection/install.log --single-version-externally-managed install_data
[5.818s] Level 1:colcon.colcon_core.environment:checking '/home/robotics_lab/ros2_ws/install/oak_object_detection' for CMake config files
[5.819s] Level 1:colcon.colcon_core.environment:checking '/home/robotics_lab/ros2_ws/install/oak_object_detection/lib'
[5.820s] Level 1:colcon.colcon_core.environment:checking '/home/robotics_lab/ros2_ws/install/oak_object_detection/bin'
[5.820s] Level 1:colcon.colcon_core.environment:checking '/home/robotics_lab/ros2_ws/install/oak_object_detection/lib/pkgconfig/oak_object_detection.pc'
[5.821s] Level 1:colcon.colcon_core.environment:checking '/home/robotics_lab/ros2_ws/install/oak_object_detection/lib/python3.10/site-packages'
[5.821s] Level 1:colcon.colcon_core.shell:create_environment_hook('oak_object_detection', 'pythonpath')
[5.822s] INFO:colcon.colcon_core.shell:Creating environment hook '/home/robotics_lab/ros2_ws/install/oak_object_detection/share/oak_object_detection/hook/pythonpath.ps1'
[5.823s] INFO:colcon.colcon_core.shell:Creating environment descriptor '/home/robotics_lab/ros2_ws/install/oak_object_detection/share/oak_object_detection/hook/pythonpath.dsv'
[5.824s] INFO:colcon.colcon_core.shell:Creating environment hook '/home/robotics_lab/ros2_ws/install/oak_object_detection/share/oak_object_detection/hook/pythonpath.sh'
[5.826s] Level 1:colcon.colcon_core.environment:checking '/home/robotics_lab/ros2_ws/install/oak_object_detection/bin'
[5.827s] Level 1:colcon.colcon_core.environment:create_environment_scripts_only(oak_object_detection)
[5.828s] INFO:colcon.colcon_core.shell:Creating package script '/home/robotics_lab/ros2_ws/install/oak_object_detection/share/oak_object_detection/package.ps1'
[5.830s] INFO:colcon.colcon_core.shell:Creating package descriptor '/home/robotics_lab/ros2_ws/install/oak_object_detection/share/oak_object_detection/package.dsv'
[5.831s] INFO:colcon.colcon_core.shell:Creating package script '/home/robotics_lab/ros2_ws/install/oak_object_detection/share/oak_object_detection/package.sh'
[5.832s] INFO:colcon.colcon_core.shell:Creating package script '/home/robotics_lab/ros2_ws/install/oak_object_detection/share/oak_object_detection/package.bash'
[5.833s] INFO:colcon.colcon_core.shell:Creating package script '/home/robotics_lab/ros2_ws/install/oak_object_detection/share/oak_object_detection/package.zsh'
[5.834s] Level 1:colcon.colcon_core.environment:create_file_with_runtime_dependencies(/home/robotics_lab/ros2_ws/install/oak_object_detection/share/colcon-core/packages/oak_object_detection)
[5.834s] DEBUG:colcon.colcon_parallel_executor.executor.parallel:closing loop
[5.835s] DEBUG:colcon.colcon_parallel_executor.executor.parallel:loop closed
[5.835s] DEBUG:colcon.colcon_parallel_executor.executor.parallel:run_until_complete finished with '0'
[5.836s] DEBUG:colcon.colcon_core.event_reactor:joining thread
[5.858s] INFO:colcon.colcon_core.plugin_system:Skipping extension 'colcon_notification.desktop_notification.terminal_notifier': Not used on non-Darwin systems
[5.858s] INFO:colcon.colcon_core.plugin_system:Skipping extension 'colcon_notification.desktop_notification.win32': Not used on non-Windows systems
[5.858s] INFO:colcon.colcon_notification.desktop_notification:Sending desktop notification using 'notify2'
[5.901s] DEBUG:colcon.colcon_core.event_reactor:joined thread
[5.903s] INFO:colcon.colcon_core.shell:Creating prefix script '/home/robotics_lab/ros2_ws/install/local_setup.ps1'
[5.906s] INFO:colcon.colcon_core.shell:Creating prefix util module '/home/robotics_lab/ros2_ws/install/_local_setup_util_ps1.py'
[5.910s] INFO:colcon.colcon_core.shell:Creating prefix chain script '/home/robotics_lab/ros2_ws/install/setup.ps1'
[5.916s] INFO:colcon.colcon_core.shell:Creating prefix script '/home/robotics_lab/ros2_ws/install/local_setup.sh'
[5.917s] INFO:colcon.colcon_core.shell:Creating prefix util module '/home/robotics_lab/ros2_ws/install/_local_setup_util_sh.py'
[5.919s] INFO:colcon.colcon_core.shell:Creating prefix chain script '/home/robotics_lab/ros2_ws/install/setup.sh'
[5.924s] INFO:colcon.colcon_core.shell:Creating prefix script '/home/robotics_lab/ros2_ws/install/local_setup.bash'
[5.925s] INFO:colcon.colcon_core.shell:Creating prefix chain script '/home/robotics_lab/ros2_ws/install/setup.bash'
[5.930s] INFO:colcon.colcon_core.shell:Creating prefix script '/home/robotics_lab/ros2_ws/install/local_setup.zsh'
[5.931s] INFO:colcon.colcon_core.shell:Creating prefix chain script '/home/robotics_lab/ros2_ws/install/setup.zsh'
