running egg_info
writing ../../build/diff_drive_bridge/diff_drive_bridge.egg-info/PKG-INFO
writing dependency_links to ../../build/diff_drive_bridge/diff_drive_bridge.egg-info/dependency_links.txt
writing entry points to ../../build/diff_drive_bridge/diff_drive_bridge.egg-info/entry_points.txt
writing requirements to ../../build/diff_drive_bridge/diff_drive_bridge.egg-info/requires.txt
writing top-level names to ../../build/diff_drive_bridge/diff_drive_bridge.egg-info/top_level.txt
reading manifest file '../../build/diff_drive_bridge/diff_drive_bridge.egg-info/SOURCES.txt'
writing manifest file '../../build/diff_drive_bridge/diff_drive_bridge.egg-info/SOURCES.txt'
running build
running build_py
running install
running install_lib
running install_data
copying launch/no_cam_bringup.launch.py -> /home/robotics_lab/ros2_ws/install/diff_drive_bridge/share/diff_drive_bridge/launch
running install_egg_info
removing '/home/robotics_lab/ros2_ws/install/diff_drive_bridge/lib/python3.10/site-packages/diff_drive_bridge-0.0.0-py3.10.egg-info' (and everything under it)
Copying ../../build/diff_drive_bridge/diff_drive_bridge.egg-info to /home/robotics_lab/ros2_ws/install/diff_drive_bridge/lib/python3.10/site-packages/diff_drive_bridge-0.0.0-py3.10.egg-info
running install_scripts
Installing diff_drive_bridge script to /home/robotics_lab/ros2_ws/install/diff_drive_bridge/lib/diff_drive_bridge
Installing noodom_diff_drive_bridge script to /home/robotics_lab/ros2_ws/install/diff_drive_bridge/lib/diff_drive_bridge
Installing scan_rotator script to /home/robotics_lab/ros2_ws/install/diff_drive_bridge/lib/diff_drive_bridge
writing list of installed files to '/home/robotics_lab/ros2_ws/build/diff_drive_bridge/install.log'
