[3.993s] Invoking command in '/home/robotics_lab/ros2_ws/src/ros2toarduino': PYTHONPATH=/home/robotics_lab/ros2_ws/build/ros2toarduino/prefix_override:/usr/lib/python3/dist-packages/colcon_core/task/python/colcon_distutils_commands:/home/robotics_lab/ros2_ws/install/ros2toarduino/lib/python3.10/site-packages:${PYTHONPATH} /usr/bin/python3 -W ignore:setup.py install is deprecated -W ignore:easy_install command is deprecated setup.py egg_info --egg-base ../../build/ros2toarduino build --build-base /home/robotics_lab/ros2_ws/build/ros2toarduino/build install --record /home/robotics_lab/ros2_ws/build/ros2toarduino/install.log --single-version-externally-managed install_data
[4.519s] running egg_info
[4.521s] writing ../../build/ros2toarduino/ros2toarduino.egg-info/PKG-INFO
[4.522s] writing dependency_links to ../../build/ros2toarduino/ros2toarduino.egg-info/dependency_links.txt
[4.523s] writing entry points to ../../build/ros2toarduino/ros2toarduino.egg-info/entry_points.txt
[4.523s] writing requirements to ../../build/ros2toarduino/ros2toarduino.egg-info/requires.txt
[4.523s] writing top-level names to ../../build/ros2toarduino/ros2toarduino.egg-info/top_level.txt
[4.527s] reading manifest file '../../build/ros2toarduino/ros2toarduino.egg-info/SOURCES.txt'
[4.529s] writing manifest file '../../build/ros2toarduino/ros2toarduino.egg-info/SOURCES.txt'
[4.529s] running build
[4.529s] running build_py
[4.530s] running install
[4.531s] running install_lib
[4.533s] running install_data
[4.533s] running install_egg_info
[4.537s] removing '/home/robotics_lab/ros2_ws/install/ros2toarduino/lib/python3.10/site-packages/ros2toarduino-0.0.0-py3.10.egg-info' (and everything under it)
[4.538s] Copying ../../build/ros2toarduino/ros2toarduino.egg-info to /home/robotics_lab/ros2_ws/install/ros2toarduino/lib/python3.10/site-packages/ros2toarduino-0.0.0-py3.10.egg-info
[4.540s] running install_scripts
[4.586s] Installing cmd_vel_bridge script to /home/robotics_lab/ros2_ws/install/ros2toarduino/lib/ros2toarduino
[4.586s] writing list of installed files to '/home/robotics_lab/ros2_ws/build/ros2toarduino/install.log'
[4.678s] Invoked command in '/home/robotics_lab/ros2_ws/src/ros2toarduino' returned '0': PYTHONPATH=/home/robotics_lab/ros2_ws/build/ros2toarduino/prefix_override:/usr/lib/python3/dist-packages/colcon_core/task/python/colcon_distutils_commands:/home/robotics_lab/ros2_ws/install/ros2toarduino/lib/python3.10/site-packages:${PYTHONPATH} /usr/bin/python3 -W ignore:setup.py install is deprecated -W ignore:easy_install command is deprecated setup.py egg_info --egg-base ../../build/ros2toarduino build --build-base /home/robotics_lab/ros2_ws/build/ros2toarduino/build install --record /home/robotics_lab/ros2_ws/build/ros2toarduino/install.log --single-version-externally-managed install_data
