[4.421s] Invoking command in '/home/robotics_lab/ros2_ws/src/diff_drive_bridge': PYTHONPATH=/home/robotics_lab/ros2_ws/build/diff_drive_bridge/prefix_override:/usr/lib/python3/dist-packages/colcon_core/task/python/colcon_distutils_commands:/home/robotics_lab/ros2_ws/install/diff_drive_bridge/lib/python3.10/site-packages:${PYTHONPATH} /usr/bin/python3 -W ignore:setup.py install is deprecated -W ignore:easy_install command is deprecated setup.py egg_info --egg-base ../../build/diff_drive_bridge build --build-base /home/robotics_lab/ros2_ws/build/diff_drive_bridge/build install --record /home/robotics_lab/ros2_ws/build/diff_drive_bridge/install.log --single-version-externally-managed install_data
[4.982s] running egg_info
[4.983s] writing ../../build/diff_drive_bridge/diff_drive_bridge.egg-info/PKG-INFO
[4.984s] writing dependency_links to ../../build/diff_drive_bridge/diff_drive_bridge.egg-info/dependency_links.txt
[4.985s] writing entry points to ../../build/diff_drive_bridge/diff_drive_bridge.egg-info/entry_points.txt
[4.985s] writing requirements to ../../build/diff_drive_bridge/diff_drive_bridge.egg-info/requires.txt
[4.985s] writing top-level names to ../../build/diff_drive_bridge/diff_drive_bridge.egg-info/top_level.txt
[4.990s] reading manifest file '../../build/diff_drive_bridge/diff_drive_bridge.egg-info/SOURCES.txt'
[4.992s] writing manifest file '../../build/diff_drive_bridge/diff_drive_bridge.egg-info/SOURCES.txt'
[4.993s] running build
[4.993s] running build_py
[4.996s] running install
[4.997s] running install_lib
[5.001s] running install_data
[5.002s] copying launch/robot_bringup.launch.py -> /home/robotics_lab/ros2_ws/install/diff_drive_bridge/share/diff_drive_bridge/launch
[5.002s] running install_egg_info
[5.007s] removing '/home/robotics_lab/ros2_ws/install/diff_drive_bridge/lib/python3.10/site-packages/diff_drive_bridge-0.0.0-py3.10.egg-info' (and everything under it)
[5.008s] Copying ../../build/diff_drive_bridge/diff_drive_bridge.egg-info to /home/robotics_lab/ros2_ws/install/diff_drive_bridge/lib/python3.10/site-packages/diff_drive_bridge-0.0.0-py3.10.egg-info
[5.010s] running install_scripts
[5.053s] Installing diff_drive_bridge script to /home/robotics_lab/ros2_ws/install/diff_drive_bridge/lib/diff_drive_bridge
[5.054s] Installing noodom_diff_drive_bridge script to /home/robotics_lab/ros2_ws/install/diff_drive_bridge/lib/diff_drive_bridge
[5.054s] Installing scan_rotator script to /home/robotics_lab/ros2_ws/install/diff_drive_bridge/lib/diff_drive_bridge
[5.055s] writing list of installed files to '/home/robotics_lab/ros2_ws/build/diff_drive_bridge/install.log'
[5.141s] Invoked command in '/home/robotics_lab/ros2_ws/src/diff_drive_bridge' returned '0': PYTHONPATH=/home/robotics_lab/ros2_ws/build/diff_drive_bridge/prefix_override:/usr/lib/python3/dist-packages/colcon_core/task/python/colcon_distutils_commands:/home/robotics_lab/ros2_ws/install/diff_drive_bridge/lib/python3.10/site-packages:${PYTHONPATH} /usr/bin/python3 -W ignore:setup.py install is deprecated -W ignore:easy_install command is deprecated setup.py egg_info --egg-base ../../build/diff_drive_bridge build --build-base /home/robotics_lab/ros2_ws/build/diff_drive_bridge/build install --record /home/robotics_lab/ros2_ws/build/diff_drive_bridge/install.log --single-version-externally-managed install_data
