[4.221s] Invoking command in '/home/robotics_lab/ros2_ws/src/oak_object_detection': PYTHONPATH=/home/robotics_lab/ros2_ws/build/oak_object_detection/prefix_override:/usr/lib/python3/dist-packages/colcon_core/task/python/colcon_distutils_commands:/home/robotics_lab/ros2_ws/install/oak_object_detection/lib/python3.10/site-packages:${PYTHONPATH} /usr/bin/python3 -W ignore:setup.py install is deprecated -W ignore:easy_install command is deprecated setup.py egg_info --egg-base ../../build/oak_object_detection build --build-base /home/robotics_lab/ros2_ws/build/oak_object_detection/build install --record /home/robotics_lab/ros2_ws/build/oak_object_detection/install.log --single-version-externally-managed install_data
[4.769s] running egg_info
[4.771s] writing ../../build/oak_object_detection/oak_object_detection.egg-info/PKG-INFO
[4.771s] writing dependency_links to ../../build/oak_object_detection/oak_object_detection.egg-info/dependency_links.txt
[4.772s] writing entry points to ../../build/oak_object_detection/oak_object_detection.egg-info/entry_points.txt
[4.772s] writing requirements to ../../build/oak_object_detection/oak_object_detection.egg-info/requires.txt
[4.773s] writing top-level names to ../../build/oak_object_detection/oak_object_detection.egg-info/top_level.txt
[4.777s] reading manifest file '../../build/oak_object_detection/oak_object_detection.egg-info/SOURCES.txt'
[4.779s] writing manifest file '../../build/oak_object_detection/oak_object_detection.egg-info/SOURCES.txt'
[4.780s] running build
[4.780s] running build_py
[4.780s] copying oak_object_detection/yolo_vlm_commander.py -> /home/robotics_lab/ros2_ws/build/oak_object_detection/build/lib/oak_object_detection
[4.781s] copying oak_object_detection/no_spin search.py -> /home/robotics_lab/ros2_ws/build/oak_object_detection/build/lib/oak_object_detection
[4.781s] copying oak_object_detection/ros2_yolo_vlm.py -> /home/robotics_lab/ros2_ws/build/oak_object_detection/build/lib/oak_object_detection
[4.783s] running install
[4.784s] running install_lib
[4.786s] copying /home/robotics_lab/ros2_ws/build/oak_object_detection/build/lib/oak_object_detection/yolo_vlm_commander.py -> /home/robotics_lab/ros2_ws/install/oak_object_detection/lib/python3.10/site-packages/oak_object_detection
[4.787s] copying /home/robotics_lab/ros2_ws/build/oak_object_detection/build/lib/oak_object_detection/no_spin search.py -> /home/robotics_lab/ros2_ws/install/oak_object_detection/lib/python3.10/site-packages/oak_object_detection
[4.787s] copying /home/robotics_lab/ros2_ws/build/oak_object_detection/build/lib/oak_object_detection/ros2_yolo_vlm.py -> /home/robotics_lab/ros2_ws/install/oak_object_detection/lib/python3.10/site-packages/oak_object_detection
[4.789s] byte-compiling /home/robotics_lab/ros2_ws/install/oak_object_detection/lib/python3.10/site-packages/oak_object_detection/yolo_vlm_commander.py to yolo_vlm_commander.cpython-310.pyc
[4.793s] byte-compiling /home/robotics_lab/ros2_ws/install/oak_object_detection/lib/python3.10/site-packages/oak_object_detection/no_spin search.py to no_spin search.cpython-310.pyc
[4.796s] byte-compiling /home/robotics_lab/ros2_ws/install/oak_object_detection/lib/python3.10/site-packages/oak_object_detection/ros2_yolo_vlm.py to ros2_yolo_vlm.cpython-310.pyc
[4.800s] running install_data
[4.801s] running install_egg_info
[4.805s] removing '/home/robotics_lab/ros2_ws/install/oak_object_detection/lib/python3.10/site-packages/oak_object_detection-0.0.0-py3.10.egg-info' (and everything under it)
[4.806s] Copying ../../build/oak_object_detection/oak_object_detection.egg-info to /home/robotics_lab/ros2_ws/install/oak_object_detection/lib/python3.10/site-packages/oak_object_detection-0.0.0-py3.10.egg-info
[4.808s] running install_scripts
[4.855s] Installing oakd_spatial_node script to /home/robotics_lab/ros2_ws/install/oak_object_detection/lib/oak_object_detection
[4.856s] Installing vlm_depth_commander script to /home/robotics_lab/ros2_ws/install/oak_object_detection/lib/oak_object_detection
[4.857s] writing list of installed files to '/home/robotics_lab/ros2_ws/build/oak_object_detection/install.log'
[4.981s] Invoked command in '/home/robotics_lab/ros2_ws/src/oak_object_detection' returned '0': PYTHONPATH=/home/robotics_lab/ros2_ws/build/oak_object_detection/prefix_override:/usr/lib/python3/dist-packages/colcon_core/task/python/colcon_distutils_commands:/home/robotics_lab/ros2_ws/install/oak_object_detection/lib/python3.10/site-packages:${PYTHONPATH} /usr/bin/python3 -W ignore:setup.py install is deprecated -W ignore:easy_install command is deprecated setup.py egg_info --egg-base ../../build/oak_object_detection build --build-base /home/robotics_lab/ros2_ws/build/oak_object_detection/build install --record /home/robotics_lab/ros2_ws/build/oak_object_detection/install.log --single-version-externally-managed install_data
