[4.164s] Invoking command in '/home/robotics_lab/ros2_ws/src/navigation_pkg': PYTHONPATH=/home/robotics_lab/ros2_ws/build/navigation_pkg/prefix_override:/usr/lib/python3/dist-packages/colcon_core/task/python/colcon_distutils_commands:/home/robotics_lab/ros2_ws/install/navigation_pkg/lib/python3.10/site-packages:${PYTHONPATH} /usr/bin/python3 -W ignore:setup.py install is deprecated -W ignore:easy_install command is deprecated setup.py egg_info --egg-base ../../build/navigation_pkg build --build-base /home/robotics_lab/ros2_ws/build/navigation_pkg/build install --record /home/robotics_lab/ros2_ws/build/navigation_pkg/install.log --single-version-externally-managed install_data
[4.736s] running egg_info
[4.738s] creating ../../build/navigation_pkg/navigation_pkg.egg-info
[4.738s] writing ../../build/navigation_pkg/navigation_pkg.egg-info/PKG-INFO
[4.739s] writing dependency_links to ../../build/navigation_pkg/navigation_pkg.egg-info/dependency_links.txt
[4.739s] writing entry points to ../../build/navigation_pkg/navigation_pkg.egg-info/entry_points.txt
[4.739s] writing requirements to ../../build/navigation_pkg/navigation_pkg.egg-info/requires.txt
[4.739s] writing top-level names to ../../build/navigation_pkg/navigation_pkg.egg-info/top_level.txt
[4.740s] writing manifest file '../../build/navigation_pkg/navigation_pkg.egg-info/SOURCES.txt'
[4.745s] reading manifest file '../../build/navigation_pkg/navigation_pkg.egg-info/SOURCES.txt'
[4.747s] writing manifest file '../../build/navigation_pkg/navigation_pkg.egg-info/SOURCES.txt'
[4.747s] running build
[4.748s] running build_py
[4.748s] creating /home/robotics_lab/ros2_ws/build/navigation_pkg/build
[4.748s] creating /home/robotics_lab/ros2_ws/build/navigation_pkg/build/lib
[4.749s] creating /home/robotics_lab/ros2_ws/build/navigation_pkg/build/lib/navigation_pkg
[4.749s] copying navigation_pkg/__init__.py -> /home/robotics_lab/ros2_ws/build/navigation_pkg/build/lib/navigation_pkg
[4.749s] running install
[4.750s] running install_lib
[4.752s] creating /home/robotics_lab/ros2_ws/install/navigation_pkg/lib/python3.10/site-packages/navigation_pkg
[4.752s] copying /home/robotics_lab/ros2_ws/build/navigation_pkg/build/lib/navigation_pkg/__init__.py -> /home/robotics_lab/ros2_ws/install/navigation_pkg/lib/python3.10/site-packages/navigation_pkg
[4.754s] byte-compiling /home/robotics_lab/ros2_ws/install/navigation_pkg/lib/python3.10/site-packages/navigation_pkg/__init__.py to __init__.cpython-310.pyc
[4.754s] running install_data
[4.754s] creating /home/robotics_lab/ros2_ws/install/navigation_pkg/share/ament_index
[4.755s] creating /home/robotics_lab/ros2_ws/install/navigation_pkg/share/ament_index/resource_index
[4.755s] creating /home/robotics_lab/ros2_ws/install/navigation_pkg/share/ament_index/resource_index/packages
[4.755s] copying resource/navigation_pkg -> /home/robotics_lab/ros2_ws/install/navigation_pkg/share/ament_index/resource_index/packages
[4.756s] copying package.xml -> /home/robotics_lab/ros2_ws/install/navigation_pkg/share/navigation_pkg
[4.756s] running install_egg_info
[4.761s] Copying ../../build/navigation_pkg/navigation_pkg.egg-info to /home/robotics_lab/ros2_ws/install/navigation_pkg/lib/python3.10/site-packages/navigation_pkg-0.0.0-py3.10.egg-info
[4.763s] running install_scripts
[4.815s] writing list of installed files to '/home/robotics_lab/ros2_ws/build/navigation_pkg/install.log'
[4.888s] Invoked command in '/home/robotics_lab/ros2_ws/src/navigation_pkg' returned '0': PYTHONPATH=/home/robotics_lab/ros2_ws/build/navigation_pkg/prefix_override:/usr/lib/python3/dist-packages/colcon_core/task/python/colcon_distutils_commands:/home/robotics_lab/ros2_ws/install/navigation_pkg/lib/python3.10/site-packages:${PYTHONPATH} /usr/bin/python3 -W ignore:setup.py install is deprecated -W ignore:easy_install command is deprecated setup.py egg_info --egg-base ../../build/navigation_pkg build --build-base /home/robotics_lab/ros2_ws/build/navigation_pkg/build install --record /home/robotics_lab/ros2_ws/build/navigation_pkg/install.log --single-version-externally-managed install_data
