[2.431s] Invoking command in '/home/robotics_lab/ros2_ws/build/rf2o_laser_odometry': CMAKE_PREFIX_PATH=${CMAKE_PREFIX_PATH}:/home/robotics_lab/ros2_ws/install/ros2toarduino:/home/robotics_lab/ros2_ws/install/oak_object_detection:/home/robotics_lab/ros2_ws/install/navigation_pkg:/home/robotics_lab/ros2_ws/install/diff_drive_bridge:/home/robotics_lab/ros2_ws/install/Urdf_model_description:/opt/ros/humble /usr/bin/cmake /home/robotics_lab/ros2_ws/src/rf2o_laser_odometry -DCMAKE_INSTALL_PREFIX=/home/robotics_lab/ros2_ws/install/rf2o_laser_odometry
[2.459s] -- Found ament_cmake: 1.3.14 (/opt/ros/humble/share/ament_cmake/cmake)
[2.717s] -- Override CMake install command with custom implementation using symlinks instead of copying resources
[2.729s] -- Found rclcpp: 16.0.19 (/opt/ros/humble/share/rclcpp/cmake)
[2.794s] -- Found rosidl_generator_c: 3.1.8 (/opt/ros/humble/share/rosidl_generator_c/cmake)
[2.798s] -- Found rosidl_adapter: 3.1.8 (/opt/ros/humble/share/rosidl_adapter/cmake)
[2.810s] -- Found rosidl_generator_cpp: 3.1.8 (/opt/ros/humble/share/rosidl_generator_cpp/cmake)
[2.827s] -- Using all available rosidl_typesupport_c: rosidl_typesupport_fastrtps_c;rosidl_typesupport_introspection_c
[2.847s] -- Using all available rosidl_typesupport_cpp: rosidl_typesupport_fastrtps_cpp;rosidl_typesupport_introspection_cpp
[2.899s] -- Found rmw_implementation_cmake: 6.1.2 (/opt/ros/humble/share/rmw_implementation_cmake/cmake)
[2.901s] -- Found rmw_cyclonedds_cpp: 1.3.4 (/opt/ros/humble/share/rmw_cyclonedds_cpp/cmake)
[2.930s] -- Using RMW implementation 'rmw_cyclonedds_cpp' as default
[3.009s] -- Found geometry_msgs: 4.9.1 (/opt/ros/humble/share/geometry_msgs/cmake)
[3.029s] -- Found tf2_geometry_msgs: 0.25.20 (/opt/ros/humble/share/tf2_geometry_msgs/cmake)
[3.034s] -- Found eigen3_cmake_module: 0.1.1 (/opt/ros/humble/share/eigen3_cmake_module/cmake)
[3.036s] -- Ensuring Eigen3 include directory is part of orocos-kdl CMake target
[3.177s] -- Found sensor_msgs: 4.9.1 (/opt/ros/humble/share/sensor_msgs/cmake)
[3.207s] -- Found nav_msgs: 4.9.1 (/opt/ros/humble/share/nav_msgs/cmake)
[3.393s] -- Configuring done
[3.424s] -- Generating done
[3.435s] -- Build files have been written to: /home/robotics_lab/ros2_ws/build/rf2o_laser_odometry
[3.455s] Invoked command in '/home/robotics_lab/ros2_ws/build/rf2o_laser_odometry' returned '0': CMAKE_PREFIX_PATH=${CMAKE_PREFIX_PATH}:/home/robotics_lab/ros2_ws/install/ros2toarduino:/home/robotics_lab/ros2_ws/install/oak_object_detection:/home/robotics_lab/ros2_ws/install/navigation_pkg:/home/robotics_lab/ros2_ws/install/diff_drive_bridge:/home/robotics_lab/ros2_ws/install/Urdf_model_description:/opt/ros/humble /usr/bin/cmake /home/robotics_lab/ros2_ws/src/rf2o_laser_odometry -DCMAKE_INSTALL_PREFIX=/home/robotics_lab/ros2_ws/install/rf2o_laser_odometry
[3.459s] Invoking command in '/home/robotics_lab/ros2_ws/build/rf2o_laser_odometry': CMAKE_PREFIX_PATH=${CMAKE_PREFIX_PATH}:/home/robotics_lab/ros2_ws/install/ros2toarduino:/home/robotics_lab/ros2_ws/install/oak_object_detection:/home/robotics_lab/ros2_ws/install/navigation_pkg:/home/robotics_lab/ros2_ws/install/diff_drive_bridge:/home/robotics_lab/ros2_ws/install/Urdf_model_description:/opt/ros/humble /usr/bin/cmake --build /home/robotics_lab/ros2_ws/build/rf2o_laser_odometry -- -j6 -l6
[3.536s] [35m[1mConsolidate compiler generated dependencies of target rf2o_laser_odometry_node[0m
[3.575s] [35m[1mConsolidate compiler generated dependencies of target rf2o_laser_odometry[0m
[3.578s] [ 60%] Built target rf2o_laser_odometry_node
[3.615s] [100%] Built target rf2o_laser_odometry
[3.637s] Invoked command in '/home/robotics_lab/ros2_ws/build/rf2o_laser_odometry' returned '0': CMAKE_PREFIX_PATH=${CMAKE_PREFIX_PATH}:/home/robotics_lab/ros2_ws/install/ros2toarduino:/home/robotics_lab/ros2_ws/install/oak_object_detection:/home/robotics_lab/ros2_ws/install/navigation_pkg:/home/robotics_lab/ros2_ws/install/diff_drive_bridge:/home/robotics_lab/ros2_ws/install/Urdf_model_description:/opt/ros/humble /usr/bin/cmake --build /home/robotics_lab/ros2_ws/build/rf2o_laser_odometry -- -j6 -l6
[3.661s] Invoking command in '/home/robotics_lab/ros2_ws/build/rf2o_laser_odometry': CMAKE_PREFIX_PATH=${CMAKE_PREFIX_PATH}:/home/robotics_lab/ros2_ws/install/ros2toarduino:/home/robotics_lab/ros2_ws/install/oak_object_detection:/home/robotics_lab/ros2_ws/install/navigation_pkg:/home/robotics_lab/ros2_ws/install/diff_drive_bridge:/home/robotics_lab/ros2_ws/install/Urdf_model_description:/opt/ros/humble /usr/bin/cmake --install /home/robotics_lab/ros2_ws/build/rf2o_laser_odometry
[3.682s] -- Install configuration: ""
[3.683s] -- Execute custom install script
[3.683s] -- Up-to-date symlink: /home/robotics_lab/ros2_ws/install/rf2o_laser_odometry/lib/rf2o_laser_odometry/rf2o_laser_odometry_node
[3.684s] -- Up-to-date symlink: /home/robotics_lab/ros2_ws/install/rf2o_laser_odometry/share/rf2o_laser_odometry/launch/rf2o_laser_odometry.launch.py
[3.684s] -- Up-to-date symlink: /home/robotics_lab/ros2_ws/install/rf2o_laser_odometry/share/ament_index/resource_index/package_run_dependencies/rf2o_laser_odometry
[3.685s] -- Up-to-date symlink: /home/robotics_lab/ros2_ws/install/rf2o_laser_odometry/share/ament_index/resource_index/parent_prefix_path/rf2o_laser_odometry
[3.685s] -- Up-to-date symlink: /home/robotics_lab/ros2_ws/install/rf2o_laser_odometry/share/rf2o_laser_odometry/environment/ament_prefix_path.sh
[3.685s] -- Up-to-date symlink: /home/robotics_lab/ros2_ws/install/rf2o_laser_odometry/share/rf2o_laser_odometry/environment/ament_prefix_path.dsv
[3.685s] -- Up-to-date symlink: /home/robotics_lab/ros2_ws/install/rf2o_laser_odometry/share/rf2o_laser_odometry/environment/path.sh
[3.686s] -- Up-to-date symlink: /home/robotics_lab/ros2_ws/install/rf2o_laser_odometry/share/rf2o_laser_odometry/environment/path.dsv
[3.686s] -- Up-to-date symlink: /home/robotics_lab/ros2_ws/install/rf2o_laser_odometry/share/rf2o_laser_odometry/local_setup.bash
[3.686s] -- Up-to-date symlink: /home/robotics_lab/ros2_ws/install/rf2o_laser_odometry/share/rf2o_laser_odometry/local_setup.sh
[3.686s] -- Up-to-date symlink: /home/robotics_lab/ros2_ws/install/rf2o_laser_odometry/share/rf2o_laser_odometry/local_setup.zsh
[3.688s] -- Up-to-date symlink: /home/robotics_lab/ros2_ws/install/rf2o_laser_odometry/share/rf2o_laser_odometry/local_setup.dsv
[3.688s] -- Symlinking: /home/robotics_lab/ros2_ws/install/rf2o_laser_odometry/share/rf2o_laser_odometry/package.dsv
[3.714s] -- Up-to-date symlink: /home/robotics_lab/ros2_ws/install/rf2o_laser_odometry/share/ament_index/resource_index/packages/rf2o_laser_odometry
[3.715s] -- Up-to-date symlink: /home/robotics_lab/ros2_ws/install/rf2o_laser_odometry/share/rf2o_laser_odometry/cmake/rf2o_laser_odometryConfig.cmake
[3.715s] -- Up-to-date symlink: /home/robotics_lab/ros2_ws/install/rf2o_laser_odometry/share/rf2o_laser_odometry/cmake/rf2o_laser_odometryConfig-version.cmake
[3.715s] -- Up-to-date symlink: /home/robotics_lab/ros2_ws/install/rf2o_laser_odometry/share/rf2o_laser_odometry/package.xml
[3.722s] Invoked command in '/home/robotics_lab/ros2_ws/build/rf2o_laser_odometry' returned '0': CMAKE_PREFIX_PATH=${CMAKE_PREFIX_PATH}:/home/robotics_lab/ros2_ws/install/ros2toarduino:/home/robotics_lab/ros2_ws/install/oak_object_detection:/home/robotics_lab/ros2_ws/install/navigation_pkg:/home/robotics_lab/ros2_ws/install/diff_drive_bridge:/home/robotics_lab/ros2_ws/install/Urdf_model_description:/opt/ros/humble /usr/bin/cmake --install /home/robotics_lab/ros2_ws/build/rf2o_laser_odometry
