/usr/lib/python3/dist-packages/setuptools/dist.py:723: UserWarning: Usage of dash-separated 'script-dir' will not be supported in future versions. Please use the underscore name 'script_dir' instead
  warnings.warn(
running develop
running egg_info
writing Urdf_model_description.egg-info/PKG-INFO
writing dependency_links to Urdf_model_description.egg-info/dependency_links.txt
writing entry points to Urdf_model_description.egg-info/entry_points.txt
writing requirements to Urdf_model_description.egg-info/requires.txt
writing top-level names to Urdf_model_description.egg-info/top_level.txt
reading manifest file 'Urdf_model_description.egg-info/SOURCES.txt'
writing manifest file 'Urdf_model_description.egg-info/SOURCES.txt'
running build_ext
Creating /home/robotics_lab/ros2_ws/install/Urdf_model_description/lib/python3.10/site-packages/Urdf-model-description.egg-link (link to .)

Installed /home/robotics_lab/ros2_ws/build/Urdf_model_description
running symlink_data
symbolically linking /home/robotics_lab/ros2_ws/build/Urdf_model_description/resource/Urdf_model_description -> /home/robotics_lab/ros2_ws/install/Urdf_model_description/share/ament_index/resource_index/packages
symbolically linking /home/robotics_lab/ros2_ws/build/Urdf_model_description/package.xml -> /home/robotics_lab/ros2_ws/install/Urdf_model_description/share/Urdf_model_description
symbolically linking /home/robotics_lab/ros2_ws/build/Urdf_model_description/launch/mapless_nav2.launch.py -> /home/robotics_lab/ros2_ws/install/Urdf_model_description/share/Urdf_model_description/launch
symbolically linking /home/robotics_lab/ros2_ws/build/Urdf_model_description/launch/display.launch.py -> /home/robotics_lab/ros2_ws/install/Urdf_model_description/share/Urdf_model_description/launch
symbolically linking /home/robotics_lab/ros2_ws/build/Urdf_model_description/launch/gazebo.launch.py -> /home/robotics_lab/ros2_ws/install/Urdf_model_description/share/Urdf_model_description/launch
symbolically linking /home/robotics_lab/ros2_ws/build/Urdf_model_description/urdf/Urdf_model.gazebo -> /home/robotics_lab/ros2_ws/install/Urdf_model_description/share/Urdf_model_description/urdf
symbolically linking /home/robotics_lab/ros2_ws/build/Urdf_model_description/urdf/Urdf_model.trans -> /home/robotics_lab/ros2_ws/install/Urdf_model_description/share/Urdf_model_description/urdf
symbolically linking /home/robotics_lab/ros2_ws/build/Urdf_model_description/urdf/Urdf_model.xacro -> /home/robotics_lab/ros2_ws/install/Urdf_model_description/share/Urdf_model_description/urdf
symbolically linking /home/robotics_lab/ros2_ws/build/Urdf_model_description/urdf/materials.xacro -> /home/robotics_lab/ros2_ws/install/Urdf_model_description/share/Urdf_model_description/urdf
symbolically linking /home/robotics_lab/ros2_ws/build/Urdf_model_description/meshes/base_link.stl -> /home/robotics_lab/ros2_ws/install/Urdf_model_description/share/Urdf_model_description/meshes
symbolically linking /home/robotics_lab/ros2_ws/build/Urdf_model_description/meshes/rplidar_a1_1.stl -> /home/robotics_lab/ros2_ws/install/Urdf_model_description/share/Urdf_model_description/meshes
symbolically linking /home/robotics_lab/ros2_ws/build/Urdf_model_description/meshes/left_wheel_1.stl -> /home/robotics_lab/ros2_ws/install/Urdf_model_description/share/Urdf_model_description/meshes
symbolically linking /home/robotics_lab/ros2_ws/build/Urdf_model_description/meshes/right_wheel_1.stl -> /home/robotics_lab/ros2_ws/install/Urdf_model_description/share/Urdf_model_description/meshes
symbolically linking /home/robotics_lab/ros2_ws/build/Urdf_model_description/meshes/oak_d_lite_cam_1.stl -> /home/robotics_lab/ros2_ws/install/Urdf_model_description/share/Urdf_model_description/meshes
symbolically linking /home/robotics_lab/ros2_ws/build/Urdf_model_description/config/nav2_params.yaml -> /home/robotics_lab/ros2_ws/install/Urdf_model_description/share/Urdf_model_description/config
symbolically linking /home/robotics_lab/ros2_ws/build/Urdf_model_description/config/oak_pcl.yaml -> /home/robotics_lab/ros2_ws/install/Urdf_model_description/share/Urdf_model_description/config
symbolically linking /home/robotics_lab/ros2_ws/build/Urdf_model_description/config/display.rviz -> /home/robotics_lab/ros2_ws/install/Urdf_model_description/share/Urdf_model_description/config
