[4.140s] Invoking command in '/home/robotics_lab/ros2_ws/src/Urdf_model_description': PYTHONPATH=/home/robotics_lab/ros2_ws/build/Urdf_model_description/prefix_override:/usr/lib/python3/dist-packages/colcon_core/task/python/colcon_distutils_commands:/home/robotics_lab/ros2_ws/install/Urdf_model_description/lib/python3.10/site-packages:${PYTHONPATH} /usr/bin/python3 -W ignore:setup.py install is deprecated -W ignore:easy_install command is deprecated setup.py egg_info --egg-base ../../build/Urdf_model_description build --build-base /home/robotics_lab/ros2_ws/build/Urdf_model_description/build install --record /home/robotics_lab/ros2_ws/build/Urdf_model_description/install.log --install-scripts $base/lib/Urdf_model_description --single-version-externally-managed install_data
[4.667s] /usr/lib/python3/dist-packages/setuptools/dist.py:723: UserWarning: Usage of dash-separated 'script-dir' will not be supported in future versions. Please use the underscore name 'script_dir' instead
[4.667s]   warnings.warn(
[4.685s] running egg_info
[4.687s] creating ../../build/Urdf_model_description/Urdf_model_description.egg-info
[4.687s] writing ../../build/Urdf_model_description/Urdf_model_description.egg-info/PKG-INFO
[4.688s] writing dependency_links to ../../build/Urdf_model_description/Urdf_model_description.egg-info/dependency_links.txt
[4.688s] writing entry points to ../../build/Urdf_model_description/Urdf_model_description.egg-info/entry_points.txt
[4.689s] writing requirements to ../../build/Urdf_model_description/Urdf_model_description.egg-info/requires.txt
[4.689s] writing top-level names to ../../build/Urdf_model_description/Urdf_model_description.egg-info/top_level.txt
[4.689s] writing manifest file '../../build/Urdf_model_description/Urdf_model_description.egg-info/SOURCES.txt'
[4.693s] reading manifest file '../../build/Urdf_model_description/Urdf_model_description.egg-info/SOURCES.txt'
[4.695s] writing manifest file '../../build/Urdf_model_description/Urdf_model_description.egg-info/SOURCES.txt'
[4.695s] running build
[4.695s] running build_py
[4.696s] creating /home/robotics_lab/ros2_ws/build/Urdf_model_description/build
[4.696s] creating /home/robotics_lab/ros2_ws/build/Urdf_model_description/build/lib
[4.696s] creating /home/robotics_lab/ros2_ws/build/Urdf_model_description/build/lib/Urdf_model_description
[4.696s] copying Urdf_model_description/__init__.py -> /home/robotics_lab/ros2_ws/build/Urdf_model_description/build/lib/Urdf_model_description
[4.697s] running install
[4.698s] running install_lib
[4.700s] creating /home/robotics_lab/ros2_ws/install/Urdf_model_description/lib/python3.10/site-packages/Urdf_model_description
[4.700s] copying /home/robotics_lab/ros2_ws/build/Urdf_model_description/build/lib/Urdf_model_description/__init__.py -> /home/robotics_lab/ros2_ws/install/Urdf_model_description/lib/python3.10/site-packages/Urdf_model_description
[4.701s] byte-compiling /home/robotics_lab/ros2_ws/install/Urdf_model_description/lib/python3.10/site-packages/Urdf_model_description/__init__.py to __init__.cpython-310.pyc
[4.702s] running install_data
[4.702s] creating /home/robotics_lab/ros2_ws/install/Urdf_model_description/share/ament_index
[4.702s] creating /home/robotics_lab/ros2_ws/install/Urdf_model_description/share/ament_index/resource_index
[4.702s] creating /home/robotics_lab/ros2_ws/install/Urdf_model_description/share/ament_index/resource_index/packages
[4.702s] copying resource/Urdf_model_description -> /home/robotics_lab/ros2_ws/install/Urdf_model_description/share/ament_index/resource_index/packages
[4.703s] copying package.xml -> /home/robotics_lab/ros2_ws/install/Urdf_model_description/share/Urdf_model_description
[4.703s] creating /home/robotics_lab/ros2_ws/install/Urdf_model_description/share/Urdf_model_description/launch
[4.703s] copying launch/mapless_nav2.launch.py -> /home/robotics_lab/ros2_ws/install/Urdf_model_description/share/Urdf_model_description/launch
[4.703s] copying launch/display.launch.py -> /home/robotics_lab/ros2_ws/install/Urdf_model_description/share/Urdf_model_description/launch
[4.703s] copying launch/gazebo.launch.py -> /home/robotics_lab/ros2_ws/install/Urdf_model_description/share/Urdf_model_description/launch
[4.703s] creating /home/robotics_lab/ros2_ws/install/Urdf_model_description/share/Urdf_model_description/urdf
[4.704s] copying urdf/Urdf_model.gazebo -> /home/robotics_lab/ros2_ws/install/Urdf_model_description/share/Urdf_model_description/urdf
[4.704s] copying urdf/Urdf_model.trans -> /home/robotics_lab/ros2_ws/install/Urdf_model_description/share/Urdf_model_description/urdf
[4.704s] copying urdf/Urdf_model.xacro -> /home/robotics_lab/ros2_ws/install/Urdf_model_description/share/Urdf_model_description/urdf
[4.704s] copying urdf/materials.xacro -> /home/robotics_lab/ros2_ws/install/Urdf_model_description/share/Urdf_model_description/urdf
[4.704s] creating /home/robotics_lab/ros2_ws/install/Urdf_model_description/share/Urdf_model_description/meshes
[4.705s] copying meshes/base_link.stl -> /home/robotics_lab/ros2_ws/install/Urdf_model_description/share/Urdf_model_description/meshes
[4.705s] copying meshes/rplidar_a1_1.stl -> /home/robotics_lab/ros2_ws/install/Urdf_model_description/share/Urdf_model_description/meshes
[4.705s] copying meshes/left_wheel_1.stl -> /home/robotics_lab/ros2_ws/install/Urdf_model_description/share/Urdf_model_description/meshes
[4.706s] copying meshes/right_wheel_1.stl -> /home/robotics_lab/ros2_ws/install/Urdf_model_description/share/Urdf_model_description/meshes
[4.706s] copying meshes/oak_d_lite_cam_1.stl -> /home/robotics_lab/ros2_ws/install/Urdf_model_description/share/Urdf_model_description/meshes
[4.706s] creating /home/robotics_lab/ros2_ws/install/Urdf_model_description/share/Urdf_model_description/config
[4.707s] copying config/nav2_params.yaml -> /home/robotics_lab/ros2_ws/install/Urdf_model_description/share/Urdf_model_description/config
[4.707s] copying config/display.rviz -> /home/robotics_lab/ros2_ws/install/Urdf_model_description/share/Urdf_model_description/config
[4.707s] running install_egg_info
[4.711s] Copying ../../build/Urdf_model_description/Urdf_model_description.egg-info to /home/robotics_lab/ros2_ws/install/Urdf_model_description/lib/python3.10/site-packages/Urdf_model_description-0.0.0-py3.10.egg-info
[4.713s] running install_scripts
[4.756s] writing list of installed files to '/home/robotics_lab/ros2_ws/build/Urdf_model_description/install.log'
[4.834s] Invoked command in '/home/robotics_lab/ros2_ws/src/Urdf_model_description' returned '0': PYTHONPATH=/home/robotics_lab/ros2_ws/build/Urdf_model_description/prefix_override:/usr/lib/python3/dist-packages/colcon_core/task/python/colcon_distutils_commands:/home/robotics_lab/ros2_ws/install/Urdf_model_description/lib/python3.10/site-packages:${PYTHONPATH} /usr/bin/python3 -W ignore:setup.py install is deprecated -W ignore:easy_install command is deprecated setup.py egg_info --egg-base ../../build/Urdf_model_description build --build-base /home/robotics_lab/ros2_ws/build/Urdf_model_description/build install --record /home/robotics_lab/ros2_ws/build/Urdf_model_description/install.log --install-scripts $base/lib/Urdf_model_description --single-version-externally-managed install_data
