[0.035s] Invoking command in '/home/robotics_lab/ros2_ws/build/rplidar_ros': CMAKE_PREFIX_PATH=${CMAKE_PREFIX_PATH}:/home/robotics_lab/ros2_ws/install/ros2toarduino:/home/robotics_lab/ros2_ws/install/oak_object_detection:/home/robotics_lab/ros2_ws/install/navigation_pkg:/home/robotics_lab/ros2_ws/install/diff_drive_bridge:/home/robotics_lab/ros2_ws/install/Urdf_model_description:/opt/ros/humble /usr/bin/cmake --build /home/robotics_lab/ros2_ws/build/rplidar_ros -- -j6 -l6
[0.229s] [  5%] Built target rplidar_client
[0.244s] [ 52%] Built target rplidar_node
[0.252s] [100%] Built target rplidar_composition
[0.275s] Invoked command in '/home/robotics_lab/ros2_ws/build/rplidar_ros' returned '0': CMAKE_PREFIX_PATH=${CMAKE_PREFIX_PATH}:/home/robotics_lab/ros2_ws/install/ros2toarduino:/home/robotics_lab/ros2_ws/install/oak_object_detection:/home/robotics_lab/ros2_ws/install/navigation_pkg:/home/robotics_lab/ros2_ws/install/diff_drive_bridge:/home/robotics_lab/ros2_ws/install/Urdf_model_description:/opt/ros/humble /usr/bin/cmake --build /home/robotics_lab/ros2_ws/build/rplidar_ros -- -j6 -l6
[0.276s] Invoking command in '/home/robotics_lab/ros2_ws/build/rplidar_ros': CMAKE_PREFIX_PATH=${CMAKE_PREFIX_PATH}:/home/robotics_lab/ros2_ws/install/ros2toarduino:/home/robotics_lab/ros2_ws/install/oak_object_detection:/home/robotics_lab/ros2_ws/install/navigation_pkg:/home/robotics_lab/ros2_ws/install/diff_drive_bridge:/home/robotics_lab/ros2_ws/install/Urdf_model_description:/opt/ros/humble /usr/bin/cmake --install /home/robotics_lab/ros2_ws/build/rplidar_ros
[0.292s] -- Install configuration: ""
[0.293s] -- Execute custom install script
[0.294s] -- Up-to-date symlink: /home/robotics_lab/ros2_ws/install/rplidar_ros/share/rplidar_ros/launch/rplidar_a1_launch.py
[0.294s] -- Up-to-date symlink: /home/robotics_lab/ros2_ws/install/rplidar_ros/share/rplidar_ros/launch/view_rplidar_a1_launch.py
[0.295s] -- Up-to-date symlink: /home/robotics_lab/ros2_ws/install/rplidar_ros/share/rplidar_ros/rviz/rplidar_ros.rviz
[0.296s] -- Up-to-date symlink: /home/robotics_lab/ros2_ws/install/rplidar_ros/lib/rplidar_ros/rplidar_node
[0.296s] -- Up-to-date symlink: /home/robotics_lab/ros2_ws/install/rplidar_ros/lib/rplidar_ros/rplidar_composition
[0.297s] -- Up-to-date symlink: /home/robotics_lab/ros2_ws/install/rplidar_ros/lib/rplidar_ros/rplidar_client
[0.298s] -- Up-to-date symlink: /home/robotics_lab/ros2_ws/install/rplidar_ros/share/ament_index/resource_index/package_run_dependencies/rplidar_ros
[0.299s] -- Up-to-date symlink: /home/robotics_lab/ros2_ws/install/rplidar_ros/share/ament_index/resource_index/parent_prefix_path/rplidar_ros
[0.299s] -- Up-to-date symlink: /home/robotics_lab/ros2_ws/install/rplidar_ros/share/rplidar_ros/environment/ament_prefix_path.sh
[0.300s] -- Up-to-date symlink: /home/robotics_lab/ros2_ws/install/rplidar_ros/share/rplidar_ros/environment/ament_prefix_path.dsv
[0.301s] -- Up-to-date symlink: /home/robotics_lab/ros2_ws/install/rplidar_ros/share/rplidar_ros/environment/path.sh
[0.301s] -- Up-to-date symlink: /home/robotics_lab/ros2_ws/install/rplidar_ros/share/rplidar_ros/environment/path.dsv
[0.302s] -- Up-to-date symlink: /home/robotics_lab/ros2_ws/install/rplidar_ros/share/rplidar_ros/local_setup.bash
[0.302s] -- Up-to-date symlink: /home/robotics_lab/ros2_ws/install/rplidar_ros/share/rplidar_ros/local_setup.sh
[0.303s] -- Up-to-date symlink: /home/robotics_lab/ros2_ws/install/rplidar_ros/share/rplidar_ros/local_setup.zsh
[0.303s] -- Up-to-date symlink: /home/robotics_lab/ros2_ws/install/rplidar_ros/share/rplidar_ros/local_setup.dsv
[0.304s] -- Symlinking: /home/robotics_lab/ros2_ws/install/rplidar_ros/share/rplidar_ros/package.dsv
[0.329s] -- Up-to-date symlink: /home/robotics_lab/ros2_ws/install/rplidar_ros/share/ament_index/resource_index/packages/rplidar_ros
[0.330s] -- Up-to-date symlink: /home/robotics_lab/ros2_ws/install/rplidar_ros/share/rplidar_ros/cmake/ament_cmake_export_dependencies-extras.cmake
[0.330s] -- Up-to-date symlink: /home/robotics_lab/ros2_ws/install/rplidar_ros/share/rplidar_ros/cmake/ament_cmake_export_include_directories-extras.cmake
[0.330s] -- Up-to-date symlink: /home/robotics_lab/ros2_ws/install/rplidar_ros/share/rplidar_ros/cmake/rplidar_rosConfig.cmake
[0.330s] -- Up-to-date symlink: /home/robotics_lab/ros2_ws/install/rplidar_ros/share/rplidar_ros/cmake/rplidar_rosConfig-version.cmake
[0.331s] -- Up-to-date symlink: /home/robotics_lab/ros2_ws/install/rplidar_ros/share/rplidar_ros/package.xml
[0.339s] Invoked command in '/home/robotics_lab/ros2_ws/build/rplidar_ros' returned '0': CMAKE_PREFIX_PATH=${CMAKE_PREFIX_PATH}:/home/robotics_lab/ros2_ws/install/ros2toarduino:/home/robotics_lab/ros2_ws/install/oak_object_detection:/home/robotics_lab/ros2_ws/install/navigation_pkg:/home/robotics_lab/ros2_ws/install/diff_drive_bridge:/home/robotics_lab/ros2_ws/install/Urdf_model_description:/opt/ros/humble /usr/bin/cmake --install /home/robotics_lab/ros2_ws/build/rplidar_ros
