/home/robotics_lab/ros2_ws/install/diff_drive_bridge/lib/python3.10/site-packages/diff_drive_bridge/noodom_diff_drive_bridge.py
/home/robotics_lab/ros2_ws/install/diff_drive_bridge/lib/python3.10/site-packages/diff_drive_bridge/__init__.py
/home/robotics_lab/ros2_ws/install/diff_drive_bridge/lib/python3.10/site-packages/diff_drive_bridge/scan_rotator.py
/home/robotics_lab/ros2_ws/install/diff_drive_bridge/lib/python3.10/site-packages/diff_drive_bridge/diff_drive_bridge.py
/home/robotics_lab/ros2_ws/install/diff_drive_bridge/lib/python3.10/site-packages/diff_drive_bridge/__pycache__/noodom_diff_drive_bridge.cpython-310.pyc
/home/robotics_lab/ros2_ws/install/diff_drive_bridge/lib/python3.10/site-packages/diff_drive_bridge/__pycache__/__init__.cpython-310.pyc
/home/robotics_lab/ros2_ws/install/diff_drive_bridge/lib/python3.10/site-packages/diff_drive_bridge/__pycache__/scan_rotator.cpython-310.pyc
/home/robotics_lab/ros2_ws/install/diff_drive_bridge/lib/python3.10/site-packages/diff_drive_bridge/__pycache__/diff_drive_bridge.cpython-310.pyc
/home/robotics_lab/ros2_ws/install/diff_drive_bridge/share/ament_index/resource_index/packages/diff_drive_bridge
/home/robotics_lab/ros2_ws/install/diff_drive_bridge/share/diff_drive_bridge/package.xml
/home/robotics_lab/ros2_ws/install/diff_drive_bridge/share/diff_drive_bridge/launch/no_cam_bringup.launch.py
/home/robotics_lab/ros2_ws/install/diff_drive_bridge/share/diff_drive_bridge/launch/robot_bringup.launch.py
/home/robotics_lab/ros2_ws/install/diff_drive_bridge/lib/python3.10/site-packages/diff_drive_bridge-0.0.0-py3.10.egg-info/dependency_links.txt
/home/robotics_lab/ros2_ws/install/diff_drive_bridge/lib/python3.10/site-packages/diff_drive_bridge-0.0.0-py3.10.egg-info/entry_points.txt
/home/robotics_lab/ros2_ws/install/diff_drive_bridge/lib/python3.10/site-packages/diff_drive_bridge-0.0.0-py3.10.egg-info/requires.txt
/home/robotics_lab/ros2_ws/install/diff_drive_bridge/lib/python3.10/site-packages/diff_drive_bridge-0.0.0-py3.10.egg-info/PKG-INFO
/home/robotics_lab/ros2_ws/install/diff_drive_bridge/lib/python3.10/site-packages/diff_drive_bridge-0.0.0-py3.10.egg-info/SOURCES.txt
/home/robotics_lab/ros2_ws/install/diff_drive_bridge/lib/python3.10/site-packages/diff_drive_bridge-0.0.0-py3.10.egg-info/zip-safe
/home/robotics_lab/ros2_ws/install/diff_drive_bridge/lib/python3.10/site-packages/diff_drive_bridge-0.0.0-py3.10.egg-info/top_level.txt
/home/robotics_lab/ros2_ws/install/diff_drive_bridge/lib/diff_drive_bridge/diff_drive_bridge
/home/robotics_lab/ros2_ws/install/diff_drive_bridge/lib/diff_drive_bridge/noodom_diff_drive_bridge
/home/robotics_lab/ros2_ws/install/diff_drive_bridge/lib/diff_drive_bridge/scan_rotator
