/home/robotics_lab/ros2_ws/install/Urdf_model_description/lib/python3.10/site-packages/Urdf_model_description/__init__.py
/home/robotics_lab/ros2_ws/install/Urdf_model_description/lib/python3.10/site-packages/Urdf_model_description/__pycache__/__init__.cpython-310.pyc
/home/robotics_lab/ros2_ws/install/Urdf_model_description/share/ament_index/resource_index/packages/Urdf_model_description
/home/robotics_lab/ros2_ws/install/Urdf_model_description/share/Urdf_model_description/package.xml
/home/robotics_lab/ros2_ws/install/Urdf_model_description/share/Urdf_model_description/launch/mapless_nav2.launch.py
/home/robotics_lab/ros2_ws/install/Urdf_model_description/share/Urdf_model_description/launch/display.launch.py
/home/robotics_lab/ros2_ws/install/Urdf_model_description/share/Urdf_model_description/launch/gazebo.launch.py
/home/robotics_lab/ros2_ws/install/Urdf_model_description/share/Urdf_model_description/launch/no_oak_mapless.launch.py
/home/robotics_lab/ros2_ws/install/Urdf_model_description/share/Urdf_model_description/urdf/Urdf_model.gazebo
/home/robotics_lab/ros2_ws/install/Urdf_model_description/share/Urdf_model_description/urdf/Urdf_model.trans
/home/robotics_lab/ros2_ws/install/Urdf_model_description/share/Urdf_model_description/urdf/Urdf_model.xacro
/home/robotics_lab/ros2_ws/install/Urdf_model_description/share/Urdf_model_description/urdf/materials.xacro
/home/robotics_lab/ros2_ws/install/Urdf_model_description/share/Urdf_model_description/meshes/base_link.stl
/home/robotics_lab/ros2_ws/install/Urdf_model_description/share/Urdf_model_description/meshes/rplidar_a1_1.stl
/home/robotics_lab/ros2_ws/install/Urdf_model_description/share/Urdf_model_description/meshes/left_wheel_1.stl
/home/robotics_lab/ros2_ws/install/Urdf_model_description/share/Urdf_model_description/meshes/right_wheel_1.stl
/home/robotics_lab/ros2_ws/install/Urdf_model_description/share/Urdf_model_description/meshes/oak_d_lite_cam_1.stl
/home/robotics_lab/ros2_ws/install/Urdf_model_description/share/Urdf_model_description/config/nav2_params.yaml
/home/robotics_lab/ros2_ws/install/Urdf_model_description/share/Urdf_model_description/config/nooak_nav2_params.yaml
/home/robotics_lab/ros2_ws/install/Urdf_model_description/share/Urdf_model_description/config/oak_pcl.yaml
/home/robotics_lab/ros2_ws/install/Urdf_model_description/share/Urdf_model_description/config/display.rviz
/home/robotics_lab/ros2_ws/install/Urdf_model_description/lib/python3.10/site-packages/Urdf_model_description-0.0.0-py3.10.egg-info/dependency_links.txt
/home/robotics_lab/ros2_ws/install/Urdf_model_description/lib/python3.10/site-packages/Urdf_model_description-0.0.0-py3.10.egg-info/entry_points.txt
/home/robotics_lab/ros2_ws/install/Urdf_model_description/lib/python3.10/site-packages/Urdf_model_description-0.0.0-py3.10.egg-info/requires.txt
/home/robotics_lab/ros2_ws/install/Urdf_model_description/lib/python3.10/site-packages/Urdf_model_description-0.0.0-py3.10.egg-info/PKG-INFO
/home/robotics_lab/ros2_ws/install/Urdf_model_description/lib/python3.10/site-packages/Urdf_model_description-0.0.0-py3.10.egg-info/SOURCES.txt
/home/robotics_lab/ros2_ws/install/Urdf_model_description/lib/python3.10/site-packages/Urdf_model_description-0.0.0-py3.10.egg-info/zip-safe
/home/robotics_lab/ros2_ws/install/Urdf_model_description/lib/python3.10/site-packages/Urdf_model_description-0.0.0-py3.10.egg-info/top_level.txt
