[4.213s] Invoking command in '/home/robotics_lab/ros2_ws/build/Urdf_model_description': PYTHONPATH=/home/robotics_lab/ros2_ws/build/Urdf_model_description/prefix_override:/usr/lib/python3/dist-packages/colcon_core/task/python/colcon_distutils_commands:/home/robotics_lab/ros2_ws/install/Urdf_model_description/lib/python3.10/site-packages:${PYTHONPATH} /usr/bin/python3 -W ignore:setup.py install is deprecated -W ignore:easy_install command is deprecated setup.py develop --uninstall --editable --build-directory /home/robotics_lab/ros2_ws/build/Urdf_model_description/build
[4.861s] /usr/lib/python3/dist-packages/setuptools/dist.py:723: UserWarning: Usage of dash-separated 'script-dir' will not be supported in future versions. Please use the underscore name 'script_dir' instead
[4.861s]   warnings.warn(
[4.949s] running develop
[5.481s] Removing /home/robotics_lab/ros2_ws/install/Urdf_model_description/lib/python3.10/site-packages/Urdf-model-description.egg-link (link to .)
[5.597s] Invoked command in '/home/robotics_lab/ros2_ws/build/Urdf_model_description' returned '0': PYTHONPATH=/home/robotics_lab/ros2_ws/build/Urdf_model_description/prefix_override:/usr/lib/python3/dist-packages/colcon_core/task/python/colcon_distutils_commands:/home/robotics_lab/ros2_ws/install/Urdf_model_description/lib/python3.10/site-packages:${PYTHONPATH} /usr/bin/python3 -W ignore:setup.py install is deprecated -W ignore:easy_install command is deprecated setup.py develop --uninstall --editable --build-directory /home/robotics_lab/ros2_ws/build/Urdf_model_description/build
[5.598s] Invoking command in '/home/robotics_lab/ros2_ws/src/Urdf_model_description': PYTHONPATH=/home/robotics_lab/ros2_ws/build/Urdf_model_description/prefix_override:/usr/lib/python3/dist-packages/colcon_core/task/python/colcon_distutils_commands:/home/robotics_lab/ros2_ws/install/Urdf_model_description/lib/python3.10/site-packages:${PYTHONPATH} /usr/bin/python3 -W ignore:setup.py install is deprecated -W ignore:easy_install command is deprecated setup.py egg_info --egg-base ../../build/Urdf_model_description build --build-base /home/robotics_lab/ros2_ws/build/Urdf_model_description/build install --record /home/robotics_lab/ros2_ws/build/Urdf_model_description/install.log --install-scripts $base/lib/Urdf_model_description --single-version-externally-managed install_data --force
[6.190s] /usr/lib/python3/dist-packages/setuptools/dist.py:723: UserWarning: Usage of dash-separated 'script-dir' will not be supported in future versions. Please use the underscore name 'script_dir' instead
[6.190s]   warnings.warn(
[6.207s] running egg_info
[6.211s] writing ../../build/Urdf_model_description/Urdf_model_description.egg-info/PKG-INFO
[6.211s] writing dependency_links to ../../build/Urdf_model_description/Urdf_model_description.egg-info/dependency_links.txt
[6.211s] writing entry points to ../../build/Urdf_model_description/Urdf_model_description.egg-info/entry_points.txt
[6.212s] writing requirements to ../../build/Urdf_model_description/Urdf_model_description.egg-info/requires.txt
[6.212s] writing top-level names to ../../build/Urdf_model_description/Urdf_model_description.egg-info/top_level.txt
[6.216s] reading manifest file '../../build/Urdf_model_description/Urdf_model_description.egg-info/SOURCES.txt'
[6.218s] writing manifest file '../../build/Urdf_model_description/Urdf_model_description.egg-info/SOURCES.txt'
[6.218s] running build
[6.218s] running build_py
[6.219s] running install
[6.219s] running install_lib
[6.221s] creating /home/robotics_lab/ros2_ws/install/Urdf_model_description/lib/python3.10/site-packages/Urdf_model_description
[6.221s] copying /home/robotics_lab/ros2_ws/build/Urdf_model_description/build/lib/Urdf_model_description/__init__.py -> /home/robotics_lab/ros2_ws/install/Urdf_model_description/lib/python3.10/site-packages/Urdf_model_description
[6.222s] byte-compiling /home/robotics_lab/ros2_ws/install/Urdf_model_description/lib/python3.10/site-packages/Urdf_model_description/__init__.py to __init__.cpython-310.pyc
[6.223s] running install_data
[6.223s] copying resource/Urdf_model_description -> /home/robotics_lab/ros2_ws/install/Urdf_model_description/share/ament_index/resource_index/packages
[6.224s] copying package.xml -> /home/robotics_lab/ros2_ws/install/Urdf_model_description/share/Urdf_model_description
[6.224s] copying launch/mapless_nav2.launch.py -> /home/robotics_lab/ros2_ws/install/Urdf_model_description/share/Urdf_model_description/launch
[6.225s] copying launch/display.launch.py -> /home/robotics_lab/ros2_ws/install/Urdf_model_description/share/Urdf_model_description/launch
[6.225s] copying launch/gazebo.launch.py -> /home/robotics_lab/ros2_ws/install/Urdf_model_description/share/Urdf_model_description/launch
[6.225s] copying urdf/Urdf_model.gazebo -> /home/robotics_lab/ros2_ws/install/Urdf_model_description/share/Urdf_model_description/urdf
[6.226s] copying urdf/Urdf_model.trans -> /home/robotics_lab/ros2_ws/install/Urdf_model_description/share/Urdf_model_description/urdf
[6.226s] copying urdf/Urdf_model.xacro -> /home/robotics_lab/ros2_ws/install/Urdf_model_description/share/Urdf_model_description/urdf
[6.226s] copying urdf/materials.xacro -> /home/robotics_lab/ros2_ws/install/Urdf_model_description/share/Urdf_model_description/urdf
[6.227s] copying meshes/base_link.stl -> /home/robotics_lab/ros2_ws/install/Urdf_model_description/share/Urdf_model_description/meshes
[6.227s] copying meshes/rplidar_a1_1.stl -> /home/robotics_lab/ros2_ws/install/Urdf_model_description/share/Urdf_model_description/meshes
[6.228s] copying meshes/left_wheel_1.stl -> /home/robotics_lab/ros2_ws/install/Urdf_model_description/share/Urdf_model_description/meshes
[6.228s] copying meshes/right_wheel_1.stl -> /home/robotics_lab/ros2_ws/install/Urdf_model_description/share/Urdf_model_description/meshes
[6.229s] copying meshes/oak_d_lite_cam_1.stl -> /home/robotics_lab/ros2_ws/install/Urdf_model_description/share/Urdf_model_description/meshes
[6.229s] copying config/nav2_params.yaml -> /home/robotics_lab/ros2_ws/install/Urdf_model_description/share/Urdf_model_description/config
[6.230s] copying config/oak_pcl.yaml -> /home/robotics_lab/ros2_ws/install/Urdf_model_description/share/Urdf_model_description/config
[6.230s] copying config/display.rviz -> /home/robotics_lab/ros2_ws/install/Urdf_model_description/share/Urdf_model_description/config
[6.230s] running install_egg_info
[6.234s] Copying ../../build/Urdf_model_description/Urdf_model_description.egg-info to /home/robotics_lab/ros2_ws/install/Urdf_model_description/lib/python3.10/site-packages/Urdf_model_description-0.0.0-py3.10.egg-info
[6.236s] running install_scripts
[6.280s] writing list of installed files to '/home/robotics_lab/ros2_ws/build/Urdf_model_description/install.log'
[6.346s] Invoked command in '/home/robotics_lab/ros2_ws/src/Urdf_model_description' returned '0': PYTHONPATH=/home/robotics_lab/ros2_ws/build/Urdf_model_description/prefix_override:/usr/lib/python3/dist-packages/colcon_core/task/python/colcon_distutils_commands:/home/robotics_lab/ros2_ws/install/Urdf_model_description/lib/python3.10/site-packages:${PYTHONPATH} /usr/bin/python3 -W ignore:setup.py install is deprecated -W ignore:easy_install command is deprecated setup.py egg_info --egg-base ../../build/Urdf_model_description build --build-base /home/robotics_lab/ros2_ws/build/Urdf_model_description/build install --record /home/robotics_lab/ros2_ws/build/Urdf_model_description/install.log --install-scripts $base/lib/Urdf_model_description --single-version-externally-managed install_data --force
