[4.152s] Invoking command in '/home/robotics_lab/ros2_ws/build/navigation_pkg': PYTHONPATH=/home/robotics_lab/ros2_ws/build/navigation_pkg/prefix_override:/usr/lib/python3/dist-packages/colcon_core/task/python/colcon_distutils_commands:/home/robotics_lab/ros2_ws/install/navigation_pkg/lib/python3.10/site-packages:${PYTHONPATH} /usr/bin/python3 -W ignore:setup.py install is deprecated -W ignore:easy_install command is deprecated setup.py develop --uninstall --editable --build-directory /home/robotics_lab/ros2_ws/build/navigation_pkg/build
[4.766s] running develop
[5.233s] Removing /home/robotics_lab/ros2_ws/install/navigation_pkg/lib/python3.10/site-packages/navigation-pkg.egg-link (link to .)
[5.343s] Invoked command in '/home/robotics_lab/ros2_ws/build/navigation_pkg' returned '0': PYTHONPATH=/home/robotics_lab/ros2_ws/build/navigation_pkg/prefix_override:/usr/lib/python3/dist-packages/colcon_core/task/python/colcon_distutils_commands:/home/robotics_lab/ros2_ws/install/navigation_pkg/lib/python3.10/site-packages:${PYTHONPATH} /usr/bin/python3 -W ignore:setup.py install is deprecated -W ignore:easy_install command is deprecated setup.py develop --uninstall --editable --build-directory /home/robotics_lab/ros2_ws/build/navigation_pkg/build
[5.345s] Invoking command in '/home/robotics_lab/ros2_ws/src/navigation_pkg': PYTHONPATH=/home/robotics_lab/ros2_ws/build/navigation_pkg/prefix_override:/usr/lib/python3/dist-packages/colcon_core/task/python/colcon_distutils_commands:/home/robotics_lab/ros2_ws/install/navigation_pkg/lib/python3.10/site-packages:${PYTHONPATH} /usr/bin/python3 -W ignore:setup.py install is deprecated -W ignore:easy_install command is deprecated setup.py egg_info --egg-base ../../build/navigation_pkg build --build-base /home/robotics_lab/ros2_ws/build/navigation_pkg/build install --record /home/robotics_lab/ros2_ws/build/navigation_pkg/install.log --single-version-externally-managed install_data --force
[5.889s] running egg_info
[5.890s] writing ../../build/navigation_pkg/navigation_pkg.egg-info/PKG-INFO
[5.891s] writing dependency_links to ../../build/navigation_pkg/navigation_pkg.egg-info/dependency_links.txt
[5.891s] writing entry points to ../../build/navigation_pkg/navigation_pkg.egg-info/entry_points.txt
[5.891s] writing requirements to ../../build/navigation_pkg/navigation_pkg.egg-info/requires.txt
[5.892s] writing top-level names to ../../build/navigation_pkg/navigation_pkg.egg-info/top_level.txt
[5.897s] reading manifest file '../../build/navigation_pkg/navigation_pkg.egg-info/SOURCES.txt'
[5.898s] writing manifest file '../../build/navigation_pkg/navigation_pkg.egg-info/SOURCES.txt'
[5.898s] running build
[5.898s] running build_py
[5.899s] running install
[5.900s] running install_lib
[5.901s] creating /home/robotics_lab/ros2_ws/install/navigation_pkg/lib/python3.10/site-packages/navigation_pkg
[5.901s] copying /home/robotics_lab/ros2_ws/build/navigation_pkg/build/lib/navigation_pkg/__init__.py -> /home/robotics_lab/ros2_ws/install/navigation_pkg/lib/python3.10/site-packages/navigation_pkg
[5.903s] byte-compiling /home/robotics_lab/ros2_ws/install/navigation_pkg/lib/python3.10/site-packages/navigation_pkg/__init__.py to __init__.cpython-310.pyc
[5.903s] running install_data
[5.903s] copying resource/navigation_pkg -> /home/robotics_lab/ros2_ws/install/navigation_pkg/share/ament_index/resource_index/packages
[5.904s] copying package.xml -> /home/robotics_lab/ros2_ws/install/navigation_pkg/share/navigation_pkg
[5.904s] running install_egg_info
[5.908s] Copying ../../build/navigation_pkg/navigation_pkg.egg-info to /home/robotics_lab/ros2_ws/install/navigation_pkg/lib/python3.10/site-packages/navigation_pkg-0.0.0-py3.10.egg-info
[5.910s] running install_scripts
[5.953s] writing list of installed files to '/home/robotics_lab/ros2_ws/build/navigation_pkg/install.log'
[6.042s] Invoked command in '/home/robotics_lab/ros2_ws/src/navigation_pkg' returned '0': PYTHONPATH=/home/robotics_lab/ros2_ws/build/navigation_pkg/prefix_override:/usr/lib/python3/dist-packages/colcon_core/task/python/colcon_distutils_commands:/home/robotics_lab/ros2_ws/install/navigation_pkg/lib/python3.10/site-packages:${PYTHONPATH} /usr/bin/python3 -W ignore:setup.py install is deprecated -W ignore:easy_install command is deprecated setup.py egg_info --egg-base ../../build/navigation_pkg build --build-base /home/robotics_lab/ros2_ws/build/navigation_pkg/build install --record /home/robotics_lab/ros2_ws/build/navigation_pkg/install.log --single-version-externally-managed install_data --force
