[0.034s] Invoking command in '/home/robotics_lab/ros2_ws/build/rplidar_ros': CMAKE_PREFIX_PATH=${CMAKE_PREFIX_PATH}:/home/robotics_lab/ros2_ws/install/ros2toarduino:/home/robotics_lab/ros2_ws/install/oak_object_detection:/home/robotics_lab/ros2_ws/install/navigation_pkg:/home/robotics_lab/ros2_ws/install/diff_drive_bridge:/home/robotics_lab/ros2_ws/install/Urdf_model_description:/opt/ros/humble /usr/bin/cmake /home/robotics_lab/ros2_ws/src/rplidar_ros -DCMAKE_INSTALL_PREFIX=/home/robotics_lab/ros2_ws/install/rplidar_ros
[0.067s] -- Found ament_cmake: 1.3.14 (/opt/ros/humble/share/ament_cmake/cmake)
[0.348s] -- Override CMake install command with custom implementation using symlinks instead of copying resources
[0.362s] -- Found rclcpp: 16.0.19 (/opt/ros/humble/share/rclcpp/cmake)
[0.410s] -- Found rosidl_generator_c: 3.1.8 (/opt/ros/humble/share/rosidl_generator_c/cmake)
[0.414s] -- Found rosidl_adapter: 3.1.8 (/opt/ros/humble/share/rosidl_adapter/cmake)
[0.425s] -- Found rosidl_generator_cpp: 3.1.8 (/opt/ros/humble/share/rosidl_generator_cpp/cmake)
[0.441s] -- Using all available rosidl_typesupport_c: rosidl_typesupport_fastrtps_c;rosidl_typesupport_introspection_c
[0.463s] -- Using all available rosidl_typesupport_cpp: rosidl_typesupport_fastrtps_cpp;rosidl_typesupport_introspection_cpp
[0.521s] -- Found rmw_implementation_cmake: 6.1.2 (/opt/ros/humble/share/rmw_implementation_cmake/cmake)
[0.523s] -- Found rmw_cyclonedds_cpp: 1.3.4 (/opt/ros/humble/share/rmw_cyclonedds_cpp/cmake)
[0.553s] -- Using RMW implementation 'rmw_cyclonedds_cpp' as default
[0.634s] -- Found sensor_msgs: 4.9.1 (/opt/ros/humble/share/sensor_msgs/cmake)
[0.682s] -- Found std_srvs: 4.9.1 (/opt/ros/humble/share/std_srvs/cmake)
[0.851s] -- Configuring done
[0.894s] -- Generating done
[0.907s] -- Build files have been written to: /home/robotics_lab/ros2_ws/build/rplidar_ros
[0.926s] Invoked command in '/home/robotics_lab/ros2_ws/build/rplidar_ros' returned '0': CMAKE_PREFIX_PATH=${CMAKE_PREFIX_PATH}:/home/robotics_lab/ros2_ws/install/ros2toarduino:/home/robotics_lab/ros2_ws/install/oak_object_detection:/home/robotics_lab/ros2_ws/install/navigation_pkg:/home/robotics_lab/ros2_ws/install/diff_drive_bridge:/home/robotics_lab/ros2_ws/install/Urdf_model_description:/opt/ros/humble /usr/bin/cmake /home/robotics_lab/ros2_ws/src/rplidar_ros -DCMAKE_INSTALL_PREFIX=/home/robotics_lab/ros2_ws/install/rplidar_ros
[0.927s] Invoking command in '/home/robotics_lab/ros2_ws/build/rplidar_ros': CMAKE_PREFIX_PATH=${CMAKE_PREFIX_PATH}:/home/robotics_lab/ros2_ws/install/ros2toarduino:/home/robotics_lab/ros2_ws/install/oak_object_detection:/home/robotics_lab/ros2_ws/install/navigation_pkg:/home/robotics_lab/ros2_ws/install/diff_drive_bridge:/home/robotics_lab/ros2_ws/install/Urdf_model_description:/opt/ros/humble /usr/bin/cmake --build /home/robotics_lab/ros2_ws/build/rplidar_ros -- -j6 -l6
[1.287s] [35m[1mConsolidate compiler generated dependencies of target rplidar_node[0m
[1.287s] [35m[1mConsolidate compiler generated dependencies of target rplidar_client[0m
[1.287s] [35m[1mConsolidate compiler generated dependencies of target rplidar_composition[0m
[1.287s] [ 47%] Built target rplidar_node
[1.287s] [ 94%] Built target rplidar_composition
[1.287s] [100%] Built target rplidar_client
[1.294s] Invoked command in '/home/robotics_lab/ros2_ws/build/rplidar_ros' returned '0': CMAKE_PREFIX_PATH=${CMAKE_PREFIX_PATH}:/home/robotics_lab/ros2_ws/install/ros2toarduino:/home/robotics_lab/ros2_ws/install/oak_object_detection:/home/robotics_lab/ros2_ws/install/navigation_pkg:/home/robotics_lab/ros2_ws/install/diff_drive_bridge:/home/robotics_lab/ros2_ws/install/Urdf_model_description:/opt/ros/humble /usr/bin/cmake --build /home/robotics_lab/ros2_ws/build/rplidar_ros -- -j6 -l6
[1.298s] Invoking command in '/home/robotics_lab/ros2_ws/build/rplidar_ros': CMAKE_PREFIX_PATH=${CMAKE_PREFIX_PATH}:/home/robotics_lab/ros2_ws/install/ros2toarduino:/home/robotics_lab/ros2_ws/install/oak_object_detection:/home/robotics_lab/ros2_ws/install/navigation_pkg:/home/robotics_lab/ros2_ws/install/diff_drive_bridge:/home/robotics_lab/ros2_ws/install/Urdf_model_description:/opt/ros/humble /usr/bin/cmake --install /home/robotics_lab/ros2_ws/build/rplidar_ros
[1.352s] -- Install configuration: ""
[1.353s] -- Execute custom install script
[1.354s] -- Up-to-date symlink: /home/robotics_lab/ros2_ws/install/rplidar_ros/share/rplidar_ros/launch/rplidar_a1_launch.py
[1.354s] -- Up-to-date symlink: /home/robotics_lab/ros2_ws/install/rplidar_ros/share/rplidar_ros/launch/view_rplidar_a1_launch.py
[1.357s] -- Up-to-date symlink: /home/robotics_lab/ros2_ws/install/rplidar_ros/share/rplidar_ros/rviz/rplidar_ros.rviz
[1.357s] -- Up-to-date symlink: /home/robotics_lab/ros2_ws/install/rplidar_ros/lib/rplidar_ros/rplidar_node
[1.358s] -- Up-to-date symlink: /home/robotics_lab/ros2_ws/install/rplidar_ros/lib/rplidar_ros/rplidar_composition
[1.358s] -- Up-to-date symlink: /home/robotics_lab/ros2_ws/install/rplidar_ros/lib/rplidar_ros/rplidar_client
[1.358s] -- Up-to-date symlink: /home/robotics_lab/ros2_ws/install/rplidar_ros/share/ament_index/resource_index/package_run_dependencies/rplidar_ros
[1.358s] -- Up-to-date symlink: /home/robotics_lab/ros2_ws/install/rplidar_ros/share/ament_index/resource_index/parent_prefix_path/rplidar_ros
[1.358s] -- Up-to-date symlink: /home/robotics_lab/ros2_ws/install/rplidar_ros/share/rplidar_ros/environment/ament_prefix_path.sh
[1.358s] -- Up-to-date symlink: /home/robotics_lab/ros2_ws/install/rplidar_ros/share/rplidar_ros/environment/ament_prefix_path.dsv
[1.358s] -- Up-to-date symlink: /home/robotics_lab/ros2_ws/install/rplidar_ros/share/rplidar_ros/environment/path.sh
[1.358s] -- Up-to-date symlink: /home/robotics_lab/ros2_ws/install/rplidar_ros/share/rplidar_ros/environment/path.dsv
[1.359s] -- Up-to-date symlink: /home/robotics_lab/ros2_ws/install/rplidar_ros/share/rplidar_ros/local_setup.bash
[1.359s] -- Up-to-date symlink: /home/robotics_lab/ros2_ws/install/rplidar_ros/share/rplidar_ros/local_setup.sh
[1.359s] -- Up-to-date symlink: /home/robotics_lab/ros2_ws/install/rplidar_ros/share/rplidar_ros/local_setup.zsh
[1.359s] -- Up-to-date symlink: /home/robotics_lab/ros2_ws/install/rplidar_ros/share/rplidar_ros/local_setup.dsv
[1.359s] -- Symlinking: /home/robotics_lab/ros2_ws/install/rplidar_ros/share/rplidar_ros/package.dsv
[1.359s] -- Up-to-date symlink: /home/robotics_lab/ros2_ws/install/rplidar_ros/share/ament_index/resource_index/packages/rplidar_ros
[1.359s] -- Up-to-date symlink: /home/robotics_lab/ros2_ws/install/rplidar_ros/share/rplidar_ros/cmake/ament_cmake_export_dependencies-extras.cmake
[1.359s] -- Up-to-date symlink: /home/robotics_lab/ros2_ws/install/rplidar_ros/share/rplidar_ros/cmake/ament_cmake_export_include_directories-extras.cmake
[1.360s] -- Up-to-date symlink: /home/robotics_lab/ros2_ws/install/rplidar_ros/share/rplidar_ros/cmake/rplidar_rosConfig.cmake
[1.360s] -- Up-to-date symlink: /home/robotics_lab/ros2_ws/install/rplidar_ros/share/rplidar_ros/cmake/rplidar_rosConfig-version.cmake
[1.360s] -- Up-to-date symlink: /home/robotics_lab/ros2_ws/install/rplidar_ros/share/rplidar_ros/package.xml
[1.365s] Invoked command in '/home/robotics_lab/ros2_ws/build/rplidar_ros' returned '0': CMAKE_PREFIX_PATH=${CMAKE_PREFIX_PATH}:/home/robotics_lab/ros2_ws/install/ros2toarduino:/home/robotics_lab/ros2_ws/install/oak_object_detection:/home/robotics_lab/ros2_ws/install/navigation_pkg:/home/robotics_lab/ros2_ws/install/diff_drive_bridge:/home/robotics_lab/ros2_ws/install/Urdf_model_description:/opt/ros/humble /usr/bin/cmake --install /home/robotics_lab/ros2_ws/build/rplidar_ros
