[4.437s] Invoking command in '/home/robotics_lab/ros2_ws/src/navigation_pkg': PYTHONPATH=/home/robotics_lab/ros2_ws/build/navigation_pkg/prefix_override:/usr/lib/python3/dist-packages/colcon_core/task/python/colcon_distutils_commands:/home/robotics_lab/ros2_ws/install/navigation_pkg/lib/python3.10/site-packages:${PYTHONPATH} /usr/bin/python3 -W ignore:setup.py install is deprecated -W ignore:easy_install command is deprecated setup.py egg_info --egg-base ../../build/navigation_pkg build --build-base /home/robotics_lab/ros2_ws/build/navigation_pkg/build install --record /home/robotics_lab/ros2_ws/build/navigation_pkg/install.log --single-version-externally-managed install_data
[4.997s] running egg_info
[4.999s] writing ../../build/navigation_pkg/navigation_pkg.egg-info/PKG-INFO
[5.000s] writing dependency_links to ../../build/navigation_pkg/navigation_pkg.egg-info/dependency_links.txt
[5.001s] writing entry points to ../../build/navigation_pkg/navigation_pkg.egg-info/entry_points.txt
[5.001s] writing requirements to ../../build/navigation_pkg/navigation_pkg.egg-info/requires.txt
[5.001s] writing top-level names to ../../build/navigation_pkg/navigation_pkg.egg-info/top_level.txt
[5.005s] reading manifest file '../../build/navigation_pkg/navigation_pkg.egg-info/SOURCES.txt'
[5.008s] writing manifest file '../../build/navigation_pkg/navigation_pkg.egg-info/SOURCES.txt'
[5.008s] running build
[5.009s] running build_py
[5.010s] running install
[5.013s] running install_lib
[5.017s] running install_data
[5.018s] running install_egg_info
[5.026s] removing '/home/robotics_lab/ros2_ws/install/navigation_pkg/lib/python3.10/site-packages/navigation_pkg-0.0.0-py3.10.egg-info' (and everything under it)
[5.027s] Copying ../../build/navigation_pkg/navigation_pkg.egg-info to /home/robotics_lab/ros2_ws/install/navigation_pkg/lib/python3.10/site-packages/navigation_pkg-0.0.0-py3.10.egg-info
[5.030s] running install_scripts
[5.082s] writing list of installed files to '/home/robotics_lab/ros2_ws/build/navigation_pkg/install.log'
[5.200s] Invoked command in '/home/robotics_lab/ros2_ws/src/navigation_pkg' returned '0': PYTHONPATH=/home/robotics_lab/ros2_ws/build/navigation_pkg/prefix_override:/usr/lib/python3/dist-packages/colcon_core/task/python/colcon_distutils_commands:/home/robotics_lab/ros2_ws/install/navigation_pkg/lib/python3.10/site-packages:${PYTHONPATH} /usr/bin/python3 -W ignore:setup.py install is deprecated -W ignore:easy_install command is deprecated setup.py egg_info --egg-base ../../build/navigation_pkg build --build-base /home/robotics_lab/ros2_ws/build/navigation_pkg/build install --record /home/robotics_lab/ros2_ws/build/navigation_pkg/install.log --single-version-externally-managed install_data
