running develop
Removing /home/robotics_lab/ros2_ws/install/ros2toarduino/lib/python3.10/site-packages/ros2toarduino.egg-link (link to .)
running egg_info
writing ../../build/ros2toarduino/ros2toarduino.egg-info/PKG-INFO
writing dependency_links to ../../build/ros2toarduino/ros2toarduino.egg-info/dependency_links.txt
writing entry points to ../../build/ros2toarduino/ros2toarduino.egg-info/entry_points.txt
writing requirements to ../../build/ros2toarduino/ros2toarduino.egg-info/requires.txt
writing top-level names to ../../build/ros2toarduino/ros2toarduino.egg-info/top_level.txt
reading manifest file '../../build/ros2toarduino/ros2toarduino.egg-info/SOURCES.txt'
writing manifest file '../../build/ros2toarduino/ros2toarduino.egg-info/SOURCES.txt'
running build
running build_py
running install
running install_lib
creating /home/robotics_lab/ros2_ws/install/ros2toarduino/lib/python3.10/site-packages/ros2toarduino
copying /home/robotics_lab/ros2_ws/build/ros2toarduino/build/lib/ros2toarduino/__init__.py -> /home/robotics_lab/ros2_ws/install/ros2toarduino/lib/python3.10/site-packages/ros2toarduino
copying /home/robotics_lab/ros2_ws/build/ros2toarduino/build/lib/ros2toarduino/cmd_vel_serial_bridge.py -> /home/robotics_lab/ros2_ws/install/ros2toarduino/lib/python3.10/site-packages/ros2toarduino
byte-compiling /home/robotics_lab/ros2_ws/install/ros2toarduino/lib/python3.10/site-packages/ros2toarduino/__init__.py to __init__.cpython-310.pyc
byte-compiling /home/robotics_lab/ros2_ws/install/ros2toarduino/lib/python3.10/site-packages/ros2toarduino/cmd_vel_serial_bridge.py to cmd_vel_serial_bridge.cpython-310.pyc
running install_data
copying resource/ros2toarduino -> /home/robotics_lab/ros2_ws/install/ros2toarduino/share/ament_index/resource_index/packages
copying package.xml -> /home/robotics_lab/ros2_ws/install/ros2toarduino/share/ros2toarduino
running install_egg_info
Copying ../../build/ros2toarduino/ros2toarduino.egg-info to /home/robotics_lab/ros2_ws/install/ros2toarduino/lib/python3.10/site-packages/ros2toarduino-0.0.0-py3.10.egg-info
running install_scripts
Installing cmd_vel_bridge script to /home/robotics_lab/ros2_ws/install/ros2toarduino/lib/ros2toarduino
writing list of installed files to '/home/robotics_lab/ros2_ws/build/ros2toarduino/install.log'
