[4.146s] Invoking command in '/home/robotics_lab/ros2_ws/src/ros2toarduino': PYTHONPATH=/home/robotics_lab/ros2_ws/build/ros2toarduino/prefix_override:/usr/lib/python3/dist-packages/colcon_core/task/python/colcon_distutils_commands:/home/robotics_lab/ros2_ws/install/ros2toarduino/lib/python3.10/site-packages:${PYTHONPATH} /usr/bin/python3 -W ignore:setup.py install is deprecated -W ignore:easy_install command is deprecated setup.py egg_info --egg-base ../../build/ros2toarduino build --build-base /home/robotics_lab/ros2_ws/build/ros2toarduino/build install --record /home/robotics_lab/ros2_ws/build/ros2toarduino/install.log --single-version-externally-managed install_data
[4.756s] running egg_info
[4.758s] creating ../../build/ros2toarduino/ros2toarduino.egg-info
[4.759s] writing ../../build/ros2toarduino/ros2toarduino.egg-info/PKG-INFO
[4.760s] writing dependency_links to ../../build/ros2toarduino/ros2toarduino.egg-info/dependency_links.txt
[4.760s] writing entry points to ../../build/ros2toarduino/ros2toarduino.egg-info/entry_points.txt
[4.761s] writing requirements to ../../build/ros2toarduino/ros2toarduino.egg-info/requires.txt
[4.761s] writing top-level names to ../../build/ros2toarduino/ros2toarduino.egg-info/top_level.txt
[4.762s] writing manifest file '../../build/ros2toarduino/ros2toarduino.egg-info/SOURCES.txt'
[4.767s] reading manifest file '../../build/ros2toarduino/ros2toarduino.egg-info/SOURCES.txt'
[4.769s] writing manifest file '../../build/ros2toarduino/ros2toarduino.egg-info/SOURCES.txt'
[4.771s] running build
[4.772s] running build_py
[4.772s] creating /home/robotics_lab/ros2_ws/build/ros2toarduino/build
[4.773s] creating /home/robotics_lab/ros2_ws/build/ros2toarduino/build/lib
[4.773s] creating /home/robotics_lab/ros2_ws/build/ros2toarduino/build/lib/ros2toarduino
[4.774s] copying ros2toarduino/__init__.py -> /home/robotics_lab/ros2_ws/build/ros2toarduino/build/lib/ros2toarduino
[4.774s] copying ros2toarduino/cmd_vel_serial_bridge.py -> /home/robotics_lab/ros2_ws/build/ros2toarduino/build/lib/ros2toarduino
[4.774s] running install
[4.774s] running install_lib
[4.782s] creating /home/robotics_lab/ros2_ws/install/ros2toarduino/lib/python3.10/site-packages/ros2toarduino
[4.782s] copying /home/robotics_lab/ros2_ws/build/ros2toarduino/build/lib/ros2toarduino/__init__.py -> /home/robotics_lab/ros2_ws/install/ros2toarduino/lib/python3.10/site-packages/ros2toarduino
[4.782s] copying /home/robotics_lab/ros2_ws/build/ros2toarduino/build/lib/ros2toarduino/cmd_vel_serial_bridge.py -> /home/robotics_lab/ros2_ws/install/ros2toarduino/lib/python3.10/site-packages/ros2toarduino
[4.782s] byte-compiling /home/robotics_lab/ros2_ws/install/ros2toarduino/lib/python3.10/site-packages/ros2toarduino/__init__.py to __init__.cpython-310.pyc
[4.783s] byte-compiling /home/robotics_lab/ros2_ws/install/ros2toarduino/lib/python3.10/site-packages/ros2toarduino/cmd_vel_serial_bridge.py to cmd_vel_serial_bridge.cpython-310.pyc
[4.783s] running install_data
[4.783s] creating /home/robotics_lab/ros2_ws/install/ros2toarduino/share/ament_index
[4.783s] creating /home/robotics_lab/ros2_ws/install/ros2toarduino/share/ament_index/resource_index
[4.783s] creating /home/robotics_lab/ros2_ws/install/ros2toarduino/share/ament_index/resource_index/packages
[4.783s] copying resource/ros2toarduino -> /home/robotics_lab/ros2_ws/install/ros2toarduino/share/ament_index/resource_index/packages
[4.783s] copying package.xml -> /home/robotics_lab/ros2_ws/install/ros2toarduino/share/ros2toarduino
[4.784s] running install_egg_info
[4.786s] Copying ../../build/ros2toarduino/ros2toarduino.egg-info to /home/robotics_lab/ros2_ws/install/ros2toarduino/lib/python3.10/site-packages/ros2toarduino-0.0.0-py3.10.egg-info
[4.786s] running install_scripts
[4.832s] Installing cmd_vel_bridge script to /home/robotics_lab/ros2_ws/install/ros2toarduino/lib/ros2toarduino
[4.834s] writing list of installed files to '/home/robotics_lab/ros2_ws/build/ros2toarduino/install.log'
[4.945s] Invoked command in '/home/robotics_lab/ros2_ws/src/ros2toarduino' returned '0': PYTHONPATH=/home/robotics_lab/ros2_ws/build/ros2toarduino/prefix_override:/usr/lib/python3/dist-packages/colcon_core/task/python/colcon_distutils_commands:/home/robotics_lab/ros2_ws/install/ros2toarduino/lib/python3.10/site-packages:${PYTHONPATH} /usr/bin/python3 -W ignore:setup.py install is deprecated -W ignore:easy_install command is deprecated setup.py egg_info --egg-base ../../build/ros2toarduino build --build-base /home/robotics_lab/ros2_ws/build/ros2toarduino/build install --record /home/robotics_lab/ros2_ws/build/ros2toarduino/install.log --single-version-externally-managed install_data
