[4.280s] Invoking command in '/home/robotics_lab/ros2_ws/src/oak_object_detection': PYTHONPATH=/home/robotics_lab/ros2_ws/build/oak_object_detection/prefix_override:/usr/lib/python3/dist-packages/colcon_core/task/python/colcon_distutils_commands:/home/robotics_lab/ros2_ws/install/oak_object_detection/lib/python3.10/site-packages:${PYTHONPATH} /usr/bin/python3 -W ignore:setup.py install is deprecated -W ignore:easy_install command is deprecated setup.py egg_info --egg-base ../../build/oak_object_detection build --build-base /home/robotics_lab/ros2_ws/build/oak_object_detection/build install --record /home/robotics_lab/ros2_ws/build/oak_object_detection/install.log --single-version-externally-managed install_data
[4.828s] running egg_info
[4.830s] writing ../../build/oak_object_detection/oak_object_detection.egg-info/PKG-INFO
[4.833s] writing dependency_links to ../../build/oak_object_detection/oak_object_detection.egg-info/dependency_links.txt
[4.833s] writing entry points to ../../build/oak_object_detection/oak_object_detection.egg-info/entry_points.txt
[4.833s] writing requirements to ../../build/oak_object_detection/oak_object_detection.egg-info/requires.txt
[4.833s] writing top-level names to ../../build/oak_object_detection/oak_object_detection.egg-info/top_level.txt
[4.837s] reading manifest file '../../build/oak_object_detection/oak_object_detection.egg-info/SOURCES.txt'
[4.839s] writing manifest file '../../build/oak_object_detection/oak_object_detection.egg-info/SOURCES.txt'
[4.839s] running build
[4.839s] running build_py
[4.840s] copying oak_object_detection/yolo_commander.py -> /home/robotics_lab/ros2_ws/build/oak_object_detection/build/lib/oak_object_detection
[4.841s] copying oak_object_detection/yolo_vlm_commander.py -> /home/robotics_lab/ros2_ws/build/oak_object_detection/build/lib/oak_object_detection
[4.841s] copying oak_object_detection/ros2_yolo_vlm.py -> /home/robotics_lab/ros2_ws/build/oak_object_detection/build/lib/oak_object_detection
[4.843s] running install
[4.843s] running install_lib
[4.846s] copying /home/robotics_lab/ros2_ws/build/oak_object_detection/build/lib/oak_object_detection/yolo_commander.py -> /home/robotics_lab/ros2_ws/install/oak_object_detection/lib/python3.10/site-packages/oak_object_detection
[4.846s] copying /home/robotics_lab/ros2_ws/build/oak_object_detection/build/lib/oak_object_detection/yolo_vlm_commander.py -> /home/robotics_lab/ros2_ws/install/oak_object_detection/lib/python3.10/site-packages/oak_object_detection
[4.847s] copying /home/robotics_lab/ros2_ws/build/oak_object_detection/build/lib/oak_object_detection/ros2_yolo_vlm.py -> /home/robotics_lab/ros2_ws/install/oak_object_detection/lib/python3.10/site-packages/oak_object_detection
[4.850s] byte-compiling /home/robotics_lab/ros2_ws/install/oak_object_detection/lib/python3.10/site-packages/oak_object_detection/yolo_commander.py to yolo_commander.cpython-310.pyc
[4.855s] byte-compiling /home/robotics_lab/ros2_ws/install/oak_object_detection/lib/python3.10/site-packages/oak_object_detection/yolo_vlm_commander.py to yolo_vlm_commander.cpython-310.pyc
[4.858s] byte-compiling /home/robotics_lab/ros2_ws/install/oak_object_detection/lib/python3.10/site-packages/oak_object_detection/ros2_yolo_vlm.py to ros2_yolo_vlm.cpython-310.pyc
[4.862s] running install_data
[4.862s] running install_egg_info
[4.866s] removing '/home/robotics_lab/ros2_ws/install/oak_object_detection/lib/python3.10/site-packages/oak_object_detection-0.0.0-py3.10.egg-info' (and everything under it)
[4.867s] Copying ../../build/oak_object_detection/oak_object_detection.egg-info to /home/robotics_lab/ros2_ws/install/oak_object_detection/lib/python3.10/site-packages/oak_object_detection-0.0.0-py3.10.egg-info
[4.869s] running install_scripts
[4.911s] Installing oakd_spatial_node script to /home/robotics_lab/ros2_ws/install/oak_object_detection/lib/oak_object_detection
[4.911s] Installing vlm_depth_commander script to /home/robotics_lab/ros2_ws/install/oak_object_detection/lib/oak_object_detection
[4.913s] writing list of installed files to '/home/robotics_lab/ros2_ws/build/oak_object_detection/install.log'
[5.005s] Invoked command in '/home/robotics_lab/ros2_ws/src/oak_object_detection' returned '0': PYTHONPATH=/home/robotics_lab/ros2_ws/build/oak_object_detection/prefix_override:/usr/lib/python3/dist-packages/colcon_core/task/python/colcon_distutils_commands:/home/robotics_lab/ros2_ws/install/oak_object_detection/lib/python3.10/site-packages:${PYTHONPATH} /usr/bin/python3 -W ignore:setup.py install is deprecated -W ignore:easy_install command is deprecated setup.py egg_info --egg-base ../../build/oak_object_detection build --build-base /home/robotics_lab/ros2_ws/build/oak_object_detection/build install --record /home/robotics_lab/ros2_ws/build/oak_object_detection/install.log --single-version-externally-managed install_data
