[0.250s] DEBUG:colcon:Command line arguments: ['/usr/bin/colcon', 'build']
[0.250s] DEBUG:colcon:Parsed command line arguments: Namespace(log_base=None, log_level=None, verb_name='build', build_base='build', install_base='install', merge_install=False, symlink_install=False, test_result_base=None, continue_on_error=False, executor='parallel', parallel_workers=6, event_handlers=None, ignore_user_meta=False, metas=['./colcon.meta'], base_paths=['.'], packages_ignore=None, packages_ignore_regex=None, paths=None, packages_up_to=None, packages_up_to_regex=None, packages_above=None, packages_above_and_dependencies=None, packages_above_depth=None, packages_select_by_dep=None, packages_skip_by_dep=None, packages_skip_up_to=None, packages_select_build_failed=False, packages_skip_build_finished=False, packages_select_test_failures=False, packages_skip_test_passed=False, packages_select=None, packages_skip=None, packages_select_regex=None, packages_skip_regex=None, packages_start=None, packages_end=None, allow_overriding=[], cmake_args=None, cmake_target=None, cmake_target_skip_unavailable=False, cmake_clean_cache=False, cmake_clean_first=False, cmake_force_configure=False, ament_cmake_args=None, catkin_cmake_args=None, catkin_skip_building_tests=False, verb_parser=<colcon_defaults.argument_parser.defaults.DefaultArgumentsDecorator object at 0xffffb3357610>, verb_extension=<colcon_core.verb.build.BuildVerb object at 0xffffb35591e0>, main=<bound method BuildVerb.main of <colcon_core.verb.build.BuildVerb object at 0xffffb35591e0>>)
[0.718s] Level 1:colcon.colcon_core.package_discovery:discover_packages(colcon_meta) check parameters
[0.719s] Level 1:colcon.colcon_core.package_discovery:discover_packages(recursive) check parameters
[0.719s] Level 1:colcon.colcon_core.package_discovery:discover_packages(ignore) check parameters
[0.719s] Level 1:colcon.colcon_core.package_discovery:discover_packages(path) check parameters
[0.719s] Level 1:colcon.colcon_core.package_discovery:discover_packages(colcon_meta) discover
[0.719s] Level 1:colcon.colcon_core.package_discovery:discover_packages(recursive) discover
[0.719s] INFO:colcon.colcon_core.package_discovery:Crawling recursively for packages in '/home/robotics_lab/ros2_ws'
[0.719s] Level 1:colcon.colcon_core.package_identification:_identify(.) by extensions ['ignore', 'ignore_ament_install']
[0.719s] Level 1:colcon.colcon_core.package_identification:_identify(.) by extension 'ignore'
[0.720s] Level 1:colcon.colcon_core.package_identification:_identify(.) by extension 'ignore_ament_install'
[0.720s] Level 1:colcon.colcon_core.package_identification:_identify(.) by extensions ['colcon_pkg']
[0.720s] Level 1:colcon.colcon_core.package_identification:_identify(.) by extension 'colcon_pkg'
[0.720s] Level 1:colcon.colcon_core.package_identification:_identify(.) by extensions ['colcon_meta']
[0.720s] Level 1:colcon.colcon_core.package_identification:_identify(.) by extension 'colcon_meta'
[0.720s] Level 1:colcon.colcon_core.package_identification:_identify(.) by extensions ['ros']
[0.720s] Level 1:colcon.colcon_core.package_identification:_identify(.) by extension 'ros'
[0.767s] Level 1:colcon.colcon_core.package_identification:_identify(.) by extensions ['cmake', 'python']
[0.768s] Level 1:colcon.colcon_core.package_identification:_identify(.) by extension 'cmake'
[0.768s] Level 1:colcon.colcon_core.package_identification:_identify(.) by extension 'python'
[0.768s] Level 1:colcon.colcon_core.package_identification:_identify(.) by extensions ['python_setup_py']
[0.768s] Level 1:colcon.colcon_core.package_identification:_identify(.) by extension 'python_setup_py'
[0.768s] Level 1:colcon.colcon_core.package_identification:_identify(build) by extensions ['ignore', 'ignore_ament_install']
[0.768s] Level 1:colcon.colcon_core.package_identification:_identify(build) by extension 'ignore'
[0.768s] Level 1:colcon.colcon_core.package_identification:_identify(build) ignored
[0.769s] Level 1:colcon.colcon_core.package_identification:_identify(install) by extensions ['ignore', 'ignore_ament_install']
[0.769s] Level 1:colcon.colcon_core.package_identification:_identify(install) by extension 'ignore'
[0.769s] Level 1:colcon.colcon_core.package_identification:_identify(install) ignored
[0.769s] Level 1:colcon.colcon_core.package_identification:_identify(log) by extensions ['ignore', 'ignore_ament_install']
[0.769s] Level 1:colcon.colcon_core.package_identification:_identify(log) by extension 'ignore'
[0.769s] Level 1:colcon.colcon_core.package_identification:_identify(log) ignored
[0.770s] Level 1:colcon.colcon_core.package_identification:_identify(src) by extensions ['ignore', 'ignore_ament_install']
[0.770s] Level 1:colcon.colcon_core.package_identification:_identify(src) by extension 'ignore'
[0.770s] Level 1:colcon.colcon_core.package_identification:_identify(src) by extension 'ignore_ament_install'
[0.770s] Level 1:colcon.colcon_core.package_identification:_identify(src) by extensions ['colcon_pkg']
[0.770s] Level 1:colcon.colcon_core.package_identification:_identify(src) by extension 'colcon_pkg'
[0.770s] Level 1:colcon.colcon_core.package_identification:_identify(src) by extensions ['colcon_meta']
[0.770s] Level 1:colcon.colcon_core.package_identification:_identify(src) by extension 'colcon_meta'
[0.770s] Level 1:colcon.colcon_core.package_identification:_identify(src) by extensions ['ros']
[0.770s] Level 1:colcon.colcon_core.package_identification:_identify(src) by extension 'ros'
[0.771s] Level 1:colcon.colcon_core.package_identification:_identify(src) by extensions ['cmake', 'python']
[0.771s] Level 1:colcon.colcon_core.package_identification:_identify(src) by extension 'cmake'
[0.771s] Level 1:colcon.colcon_core.package_identification:_identify(src) by extension 'python'
[0.771s] Level 1:colcon.colcon_core.package_identification:_identify(src) by extensions ['python_setup_py']
[0.771s] Level 1:colcon.colcon_core.package_identification:_identify(src) by extension 'python_setup_py'
[0.771s] Level 1:colcon.colcon_core.package_identification:_identify(src/Urdf_model_description) by extensions ['ignore', 'ignore_ament_install']
[0.771s] Level 1:colcon.colcon_core.package_identification:_identify(src/Urdf_model_description) by extension 'ignore'
[0.771s] Level 1:colcon.colcon_core.package_identification:_identify(src/Urdf_model_description) by extension 'ignore_ament_install'
[0.771s] Level 1:colcon.colcon_core.package_identification:_identify(src/Urdf_model_description) by extensions ['colcon_pkg']
[0.771s] Level 1:colcon.colcon_core.package_identification:_identify(src/Urdf_model_description) by extension 'colcon_pkg'
[0.772s] Level 1:colcon.colcon_core.package_identification:_identify(src/Urdf_model_description) by extensions ['colcon_meta']
[0.772s] Level 1:colcon.colcon_core.package_identification:_identify(src/Urdf_model_description) by extension 'colcon_meta'
[0.772s] Level 1:colcon.colcon_core.package_identification:_identify(src/Urdf_model_description) by extensions ['ros']
[0.772s] Level 1:colcon.colcon_core.package_identification:_identify(src/Urdf_model_description) by extension 'ros'
[0.778s] DEBUG:colcon.colcon_core.package_identification:Package 'src/Urdf_model_description' with type 'ros.ament_python' and name 'Urdf_model_description'
[0.778s] Level 1:colcon.colcon_core.package_identification:_identify(src/diff_drive_bridge) by extensions ['ignore', 'ignore_ament_install']
[0.778s] Level 1:colcon.colcon_core.package_identification:_identify(src/diff_drive_bridge) by extension 'ignore'
[0.778s] Level 1:colcon.colcon_core.package_identification:_identify(src/diff_drive_bridge) by extension 'ignore_ament_install'
[0.778s] Level 1:colcon.colcon_core.package_identification:_identify(src/diff_drive_bridge) by extensions ['colcon_pkg']
[0.778s] Level 1:colcon.colcon_core.package_identification:_identify(src/diff_drive_bridge) by extension 'colcon_pkg'
[0.779s] Level 1:colcon.colcon_core.package_identification:_identify(src/diff_drive_bridge) by extensions ['colcon_meta']
[0.779s] Level 1:colcon.colcon_core.package_identification:_identify(src/diff_drive_bridge) by extension 'colcon_meta'
[0.779s] Level 1:colcon.colcon_core.package_identification:_identify(src/diff_drive_bridge) by extensions ['ros']
[0.779s] Level 1:colcon.colcon_core.package_identification:_identify(src/diff_drive_bridge) by extension 'ros'
[0.780s] DEBUG:colcon.colcon_core.package_identification:Package 'src/diff_drive_bridge' with type 'ros.ament_python' and name 'diff_drive_bridge'
[0.781s] Level 1:colcon.colcon_core.package_identification:_identify(src/navigation_pkg) by extensions ['ignore', 'ignore_ament_install']
[0.781s] Level 1:colcon.colcon_core.package_identification:_identify(src/navigation_pkg) by extension 'ignore'
[0.782s] Level 1:colcon.colcon_core.package_identification:_identify(src/navigation_pkg) by extension 'ignore_ament_install'
[0.782s] Level 1:colcon.colcon_core.package_identification:_identify(src/navigation_pkg) by extensions ['colcon_pkg']
[0.782s] Level 1:colcon.colcon_core.package_identification:_identify(src/navigation_pkg) by extension 'colcon_pkg'
[0.782s] Level 1:colcon.colcon_core.package_identification:_identify(src/navigation_pkg) by extensions ['colcon_meta']
[0.782s] Level 1:colcon.colcon_core.package_identification:_identify(src/navigation_pkg) by extension 'colcon_meta'
[0.782s] Level 1:colcon.colcon_core.package_identification:_identify(src/navigation_pkg) by extensions ['ros']
[0.782s] Level 1:colcon.colcon_core.package_identification:_identify(src/navigation_pkg) by extension 'ros'
[0.783s] DEBUG:colcon.colcon_core.package_identification:Package 'src/navigation_pkg' with type 'ros.ament_python' and name 'navigation_pkg'
[0.784s] Level 1:colcon.colcon_core.package_identification:_identify(src/oak_object_detection) by extensions ['ignore', 'ignore_ament_install']
[0.784s] Level 1:colcon.colcon_core.package_identification:_identify(src/oak_object_detection) by extension 'ignore'
[0.784s] Level 1:colcon.colcon_core.package_identification:_identify(src/oak_object_detection) by extension 'ignore_ament_install'
[0.785s] Level 1:colcon.colcon_core.package_identification:_identify(src/oak_object_detection) by extensions ['colcon_pkg']
[0.785s] Level 1:colcon.colcon_core.package_identification:_identify(src/oak_object_detection) by extension 'colcon_pkg'
[0.785s] Level 1:colcon.colcon_core.package_identification:_identify(src/oak_object_detection) by extensions ['colcon_meta']
[0.785s] Level 1:colcon.colcon_core.package_identification:_identify(src/oak_object_detection) by extension 'colcon_meta'
[0.785s] Level 1:colcon.colcon_core.package_identification:_identify(src/oak_object_detection) by extensions ['ros']
[0.785s] Level 1:colcon.colcon_core.package_identification:_identify(src/oak_object_detection) by extension 'ros'
[0.786s] DEBUG:colcon.colcon_core.package_identification:Package 'src/oak_object_detection' with type 'ros.ament_python' and name 'oak_object_detection'
[0.787s] Level 1:colcon.colcon_core.package_identification:_identify(src/rf2o_laser_odometry) by extensions ['ignore', 'ignore_ament_install']
[0.787s] Level 1:colcon.colcon_core.package_identification:_identify(src/rf2o_laser_odometry) by extension 'ignore'
[0.787s] Level 1:colcon.colcon_core.package_identification:_identify(src/rf2o_laser_odometry) by extension 'ignore_ament_install'
[0.787s] Level 1:colcon.colcon_core.package_identification:_identify(src/rf2o_laser_odometry) by extensions ['colcon_pkg']
[0.787s] Level 1:colcon.colcon_core.package_identification:_identify(src/rf2o_laser_odometry) by extension 'colcon_pkg'
[0.787s] Level 1:colcon.colcon_core.package_identification:_identify(src/rf2o_laser_odometry) by extensions ['colcon_meta']
[0.787s] Level 1:colcon.colcon_core.package_identification:_identify(src/rf2o_laser_odometry) by extension 'colcon_meta'
[0.787s] Level 1:colcon.colcon_core.package_identification:_identify(src/rf2o_laser_odometry) by extensions ['ros']
[0.787s] Level 1:colcon.colcon_core.package_identification:_identify(src/rf2o_laser_odometry) by extension 'ros'
[0.789s] DEBUG:colcon.colcon_core.package_identification:Package 'src/rf2o_laser_odometry' with type 'ros.ament_cmake' and name 'rf2o_laser_odometry'
[0.790s] Level 1:colcon.colcon_core.package_identification:_identify(src/ros2toarduino) by extensions ['ignore', 'ignore_ament_install']
[0.790s] Level 1:colcon.colcon_core.package_identification:_identify(src/ros2toarduino) by extension 'ignore'
[0.791s] Level 1:colcon.colcon_core.package_identification:_identify(src/ros2toarduino) by extension 'ignore_ament_install'
[0.791s] Level 1:colcon.colcon_core.package_identification:_identify(src/ros2toarduino) by extensions ['colcon_pkg']
[0.791s] Level 1:colcon.colcon_core.package_identification:_identify(src/ros2toarduino) by extension 'colcon_pkg'
[0.791s] Level 1:colcon.colcon_core.package_identification:_identify(src/ros2toarduino) by extensions ['colcon_meta']
[0.791s] Level 1:colcon.colcon_core.package_identification:_identify(src/ros2toarduino) by extension 'colcon_meta'
[0.791s] Level 1:colcon.colcon_core.package_identification:_identify(src/ros2toarduino) by extensions ['ros']
[0.791s] Level 1:colcon.colcon_core.package_identification:_identify(src/ros2toarduino) by extension 'ros'
[0.792s] DEBUG:colcon.colcon_core.package_identification:Package 'src/ros2toarduino' with type 'ros.ament_python' and name 'ros2toarduino'
[0.793s] Level 1:colcon.colcon_core.package_identification:_identify(src/rplidar_ros) by extensions ['ignore', 'ignore_ament_install']
[0.793s] Level 1:colcon.colcon_core.package_identification:_identify(src/rplidar_ros) by extension 'ignore'
[0.793s] Level 1:colcon.colcon_core.package_identification:_identify(src/rplidar_ros) by extension 'ignore_ament_install'
[0.793s] Level 1:colcon.colcon_core.package_identification:_identify(src/rplidar_ros) by extensions ['colcon_pkg']
[0.793s] Level 1:colcon.colcon_core.package_identification:_identify(src/rplidar_ros) by extension 'colcon_pkg'
[0.793s] Level 1:colcon.colcon_core.package_identification:_identify(src/rplidar_ros) by extensions ['colcon_meta']
[0.793s] Level 1:colcon.colcon_core.package_identification:_identify(src/rplidar_ros) by extension 'colcon_meta'
[0.793s] Level 1:colcon.colcon_core.package_identification:_identify(src/rplidar_ros) by extensions ['ros']
[0.793s] Level 1:colcon.colcon_core.package_identification:_identify(src/rplidar_ros) by extension 'ros'
[0.794s] DEBUG:colcon.colcon_core.package_identification:Package 'src/rplidar_ros' with type 'ros.ament_cmake' and name 'rplidar_ros'
[0.795s] Level 1:colcon.colcon_core.package_discovery:discover_packages(recursive) using defaults
[0.795s] Level 1:colcon.colcon_core.package_discovery:discover_packages(ignore) discover
[0.795s] Level 1:colcon.colcon_core.package_discovery:discover_packages(ignore) using defaults
[0.795s] Level 1:colcon.colcon_core.package_discovery:discover_packages(path) discover
[0.795s] Level 1:colcon.colcon_core.package_discovery:discover_packages(path) using defaults
[0.844s] Level 1:colcon.colcon_core.package_discovery:discover_packages(prefix_path) check parameters
[0.844s] Level 1:colcon.colcon_core.package_discovery:discover_packages(prefix_path) discover
[0.849s] DEBUG:colcon.colcon_installed_package_information.package_discovery:Found 7 installed packages in /home/robotics_lab/ros2_ws/install
[0.852s] DEBUG:colcon.colcon_installed_package_information.package_discovery:Found 410 installed packages in /opt/ros/humble
[0.855s] Level 1:colcon.colcon_core.package_discovery:discover_packages(prefix_path) using defaults
[0.947s] Level 5:colcon.colcon_core.verb:set package 'Urdf_model_description' build argument 'cmake_args' from command line to 'None'
[0.948s] Level 5:colcon.colcon_core.verb:set package 'Urdf_model_description' build argument 'cmake_target' from command line to 'None'
[0.948s] Level 5:colcon.colcon_core.verb:set package 'Urdf_model_description' build argument 'cmake_target_skip_unavailable' from command line to 'False'
[0.948s] Level 5:colcon.colcon_core.verb:set package 'Urdf_model_description' build argument 'cmake_clean_cache' from command line to 'False'
[0.948s] Level 5:colcon.colcon_core.verb:set package 'Urdf_model_description' build argument 'cmake_clean_first' from command line to 'False'
[0.948s] Level 5:colcon.colcon_core.verb:set package 'Urdf_model_description' build argument 'cmake_force_configure' from command line to 'False'
[0.948s] Level 5:colcon.colcon_core.verb:set package 'Urdf_model_description' build argument 'ament_cmake_args' from command line to 'None'
[0.948s] Level 5:colcon.colcon_core.verb:set package 'Urdf_model_description' build argument 'catkin_cmake_args' from command line to 'None'
[0.948s] Level 5:colcon.colcon_core.verb:set package 'Urdf_model_description' build argument 'catkin_skip_building_tests' from command line to 'False'
[0.948s] DEBUG:colcon.colcon_core.verb:Building package 'Urdf_model_description' with the following arguments: {'ament_cmake_args': None, 'build_base': '/home/robotics_lab/ros2_ws/build/Urdf_model_description', 'catkin_cmake_args': None, 'catkin_skip_building_tests': False, 'cmake_args': None, 'cmake_clean_cache': False, 'cmake_clean_first': False, 'cmake_force_configure': False, 'cmake_target': None, 'cmake_target_skip_unavailable': False, 'install_base': '/home/robotics_lab/ros2_ws/install/Urdf_model_description', 'merge_install': False, 'path': '/home/robotics_lab/ros2_ws/src/Urdf_model_description', 'symlink_install': False, 'test_result_base': None}
[0.949s] Level 5:colcon.colcon_core.verb:set package 'diff_drive_bridge' build argument 'cmake_args' from command line to 'None'
[0.949s] Level 5:colcon.colcon_core.verb:set package 'diff_drive_bridge' build argument 'cmake_target' from command line to 'None'
[0.949s] Level 5:colcon.colcon_core.verb:set package 'diff_drive_bridge' build argument 'cmake_target_skip_unavailable' from command line to 'False'
[0.949s] Level 5:colcon.colcon_core.verb:set package 'diff_drive_bridge' build argument 'cmake_clean_cache' from command line to 'False'
[0.949s] Level 5:colcon.colcon_core.verb:set package 'diff_drive_bridge' build argument 'cmake_clean_first' from command line to 'False'
[0.949s] Level 5:colcon.colcon_core.verb:set package 'diff_drive_bridge' build argument 'cmake_force_configure' from command line to 'False'
[0.949s] Level 5:colcon.colcon_core.verb:set package 'diff_drive_bridge' build argument 'ament_cmake_args' from command line to 'None'
[0.949s] Level 5:colcon.colcon_core.verb:set package 'diff_drive_bridge' build argument 'catkin_cmake_args' from command line to 'None'
[0.949s] Level 5:colcon.colcon_core.verb:set package 'diff_drive_bridge' build argument 'catkin_skip_building_tests' from command line to 'False'
[0.949s] DEBUG:colcon.colcon_core.verb:Building package 'diff_drive_bridge' with the following arguments: {'ament_cmake_args': None, 'build_base': '/home/robotics_lab/ros2_ws/build/diff_drive_bridge', 'catkin_cmake_args': None, 'catkin_skip_building_tests': False, 'cmake_args': None, 'cmake_clean_cache': False, 'cmake_clean_first': False, 'cmake_force_configure': False, 'cmake_target': None, 'cmake_target_skip_unavailable': False, 'install_base': '/home/robotics_lab/ros2_ws/install/diff_drive_bridge', 'merge_install': False, 'path': '/home/robotics_lab/ros2_ws/src/diff_drive_bridge', 'symlink_install': False, 'test_result_base': None}
[0.950s] Level 5:colcon.colcon_core.verb:set package 'navigation_pkg' build argument 'cmake_args' from command line to 'None'
[0.950s] Level 5:colcon.colcon_core.verb:set package 'navigation_pkg' build argument 'cmake_target' from command line to 'None'
[0.950s] Level 5:colcon.colcon_core.verb:set package 'navigation_pkg' build argument 'cmake_target_skip_unavailable' from command line to 'False'
[0.950s] Level 5:colcon.colcon_core.verb:set package 'navigation_pkg' build argument 'cmake_clean_cache' from command line to 'False'
[0.950s] Level 5:colcon.colcon_core.verb:set package 'navigation_pkg' build argument 'cmake_clean_first' from command line to 'False'
[0.950s] Level 5:colcon.colcon_core.verb:set package 'navigation_pkg' build argument 'cmake_force_configure' from command line to 'False'
[0.950s] Level 5:colcon.colcon_core.verb:set package 'navigation_pkg' build argument 'ament_cmake_args' from command line to 'None'
[0.950s] Level 5:colcon.colcon_core.verb:set package 'navigation_pkg' build argument 'catkin_cmake_args' from command line to 'None'
[0.950s] Level 5:colcon.colcon_core.verb:set package 'navigation_pkg' build argument 'catkin_skip_building_tests' from command line to 'False'
[0.950s] DEBUG:colcon.colcon_core.verb:Building package 'navigation_pkg' with the following arguments: {'ament_cmake_args': None, 'build_base': '/home/robotics_lab/ros2_ws/build/navigation_pkg', 'catkin_cmake_args': None, 'catkin_skip_building_tests': False, 'cmake_args': None, 'cmake_clean_cache': False, 'cmake_clean_first': False, 'cmake_force_configure': False, 'cmake_target': None, 'cmake_target_skip_unavailable': False, 'install_base': '/home/robotics_lab/ros2_ws/install/navigation_pkg', 'merge_install': False, 'path': '/home/robotics_lab/ros2_ws/src/navigation_pkg', 'symlink_install': False, 'test_result_base': None}
[0.951s] Level 5:colcon.colcon_core.verb:set package 'oak_object_detection' build argument 'cmake_args' from command line to 'None'
[0.951s] Level 5:colcon.colcon_core.verb:set package 'oak_object_detection' build argument 'cmake_target' from command line to 'None'
[0.951s] Level 5:colcon.colcon_core.verb:set package 'oak_object_detection' build argument 'cmake_target_skip_unavailable' from command line to 'False'
[0.951s] Level 5:colcon.colcon_core.verb:set package 'oak_object_detection' build argument 'cmake_clean_cache' from command line to 'False'
[0.951s] Level 5:colcon.colcon_core.verb:set package 'oak_object_detection' build argument 'cmake_clean_first' from command line to 'False'
[0.951s] Level 5:colcon.colcon_core.verb:set package 'oak_object_detection' build argument 'cmake_force_configure' from command line to 'False'
[0.951s] Level 5:colcon.colcon_core.verb:set package 'oak_object_detection' build argument 'ament_cmake_args' from command line to 'None'
[0.951s] Level 5:colcon.colcon_core.verb:set package 'oak_object_detection' build argument 'catkin_cmake_args' from command line to 'None'
[0.951s] Level 5:colcon.colcon_core.verb:set package 'oak_object_detection' build argument 'catkin_skip_building_tests' from command line to 'False'
[0.951s] DEBUG:colcon.colcon_core.verb:Building package 'oak_object_detection' with the following arguments: {'ament_cmake_args': None, 'build_base': '/home/robotics_lab/ros2_ws/build/oak_object_detection', 'catkin_cmake_args': None, 'catkin_skip_building_tests': False, 'cmake_args': None, 'cmake_clean_cache': False, 'cmake_clean_first': False, 'cmake_force_configure': False, 'cmake_target': None, 'cmake_target_skip_unavailable': False, 'install_base': '/home/robotics_lab/ros2_ws/install/oak_object_detection', 'merge_install': False, 'path': '/home/robotics_lab/ros2_ws/src/oak_object_detection', 'symlink_install': False, 'test_result_base': None}
[0.951s] Level 5:colcon.colcon_core.verb:set package 'rf2o_laser_odometry' build argument 'cmake_args' from command line to 'None'
[0.951s] Level 5:colcon.colcon_core.verb:set package 'rf2o_laser_odometry' build argument 'cmake_target' from command line to 'None'
[0.951s] Level 5:colcon.colcon_core.verb:set package 'rf2o_laser_odometry' build argument 'cmake_target_skip_unavailable' from command line to 'False'
[0.952s] Level 5:colcon.colcon_core.verb:set package 'rf2o_laser_odometry' build argument 'cmake_clean_cache' from command line to 'False'
[0.952s] Level 5:colcon.colcon_core.verb:set package 'rf2o_laser_odometry' build argument 'cmake_clean_first' from command line to 'False'
[0.952s] Level 5:colcon.colcon_core.verb:set package 'rf2o_laser_odometry' build argument 'cmake_force_configure' from command line to 'False'
[0.952s] Level 5:colcon.colcon_core.verb:set package 'rf2o_laser_odometry' build argument 'ament_cmake_args' from command line to 'None'
[0.952s] Level 5:colcon.colcon_core.verb:set package 'rf2o_laser_odometry' build argument 'catkin_cmake_args' from command line to 'None'
[0.952s] Level 5:colcon.colcon_core.verb:set package 'rf2o_laser_odometry' build argument 'catkin_skip_building_tests' from command line to 'False'
[0.952s] DEBUG:colcon.colcon_core.verb:Building package 'rf2o_laser_odometry' with the following arguments: {'ament_cmake_args': None, 'build_base': '/home/robotics_lab/ros2_ws/build/rf2o_laser_odometry', 'catkin_cmake_args': None, 'catkin_skip_building_tests': False, 'cmake_args': None, 'cmake_clean_cache': False, 'cmake_clean_first': False, 'cmake_force_configure': False, 'cmake_target': None, 'cmake_target_skip_unavailable': False, 'install_base': '/home/robotics_lab/ros2_ws/install/rf2o_laser_odometry', 'merge_install': False, 'path': '/home/robotics_lab/ros2_ws/src/rf2o_laser_odometry', 'symlink_install': False, 'test_result_base': None}
[0.952s] Level 5:colcon.colcon_core.verb:set package 'ros2toarduino' build argument 'cmake_args' from command line to 'None'
[0.952s] Level 5:colcon.colcon_core.verb:set package 'ros2toarduino' build argument 'cmake_target' from command line to 'None'
[0.952s] Level 5:colcon.colcon_core.verb:set package 'ros2toarduino' build argument 'cmake_target_skip_unavailable' from command line to 'False'
[0.952s] Level 5:colcon.colcon_core.verb:set package 'ros2toarduino' build argument 'cmake_clean_cache' from command line to 'False'
[0.952s] Level 5:colcon.colcon_core.verb:set package 'ros2toarduino' build argument 'cmake_clean_first' from command line to 'False'
[0.952s] Level 5:colcon.colcon_core.verb:set package 'ros2toarduino' build argument 'cmake_force_configure' from command line to 'False'
[0.953s] Level 5:colcon.colcon_core.verb:set package 'ros2toarduino' build argument 'ament_cmake_args' from command line to 'None'
[0.953s] Level 5:colcon.colcon_core.verb:set package 'ros2toarduino' build argument 'catkin_cmake_args' from command line to 'None'
[0.953s] Level 5:colcon.colcon_core.verb:set package 'ros2toarduino' build argument 'catkin_skip_building_tests' from command line to 'False'
[0.953s] DEBUG:colcon.colcon_core.verb:Building package 'ros2toarduino' with the following arguments: {'ament_cmake_args': None, 'build_base': '/home/robotics_lab/ros2_ws/build/ros2toarduino', 'catkin_cmake_args': None, 'catkin_skip_building_tests': False, 'cmake_args': None, 'cmake_clean_cache': False, 'cmake_clean_first': False, 'cmake_force_configure': False, 'cmake_target': None, 'cmake_target_skip_unavailable': False, 'install_base': '/home/robotics_lab/ros2_ws/install/ros2toarduino', 'merge_install': False, 'path': '/home/robotics_lab/ros2_ws/src/ros2toarduino', 'symlink_install': False, 'test_result_base': None}
[0.953s] Level 5:colcon.colcon_core.verb:set package 'rplidar_ros' build argument 'cmake_args' from command line to 'None'
[0.953s] Level 5:colcon.colcon_core.verb:set package 'rplidar_ros' build argument 'cmake_target' from command line to 'None'
[0.953s] Level 5:colcon.colcon_core.verb:set package 'rplidar_ros' build argument 'cmake_target_skip_unavailable' from command line to 'False'
[0.953s] Level 5:colcon.colcon_core.verb:set package 'rplidar_ros' build argument 'cmake_clean_cache' from command line to 'False'
[0.953s] Level 5:colcon.colcon_core.verb:set package 'rplidar_ros' build argument 'cmake_clean_first' from command line to 'False'
[0.953s] Level 5:colcon.colcon_core.verb:set package 'rplidar_ros' build argument 'cmake_force_configure' from command line to 'False'
[0.953s] Level 5:colcon.colcon_core.verb:set package 'rplidar_ros' build argument 'ament_cmake_args' from command line to 'None'
[0.953s] Level 5:colcon.colcon_core.verb:set package 'rplidar_ros' build argument 'catkin_cmake_args' from command line to 'None'
[0.953s] Level 5:colcon.colcon_core.verb:set package 'rplidar_ros' build argument 'catkin_skip_building_tests' from command line to 'False'
[0.954s] DEBUG:colcon.colcon_core.verb:Building package 'rplidar_ros' with the following arguments: {'ament_cmake_args': None, 'build_base': '/home/robotics_lab/ros2_ws/build/rplidar_ros', 'catkin_cmake_args': None, 'catkin_skip_building_tests': False, 'cmake_args': None, 'cmake_clean_cache': False, 'cmake_clean_first': False, 'cmake_force_configure': False, 'cmake_target': None, 'cmake_target_skip_unavailable': False, 'install_base': '/home/robotics_lab/ros2_ws/install/rplidar_ros', 'merge_install': False, 'path': '/home/robotics_lab/ros2_ws/src/rplidar_ros', 'symlink_install': False, 'test_result_base': None}
[0.954s] INFO:colcon.colcon_core.executor:Executing jobs using 'parallel' executor
[0.956s] DEBUG:colcon.colcon_parallel_executor.executor.parallel:run_until_complete
[0.957s] INFO:colcon.colcon_ros.task.ament_python.build:Building ROS package in '/home/robotics_lab/ros2_ws/src/Urdf_model_description' with build type 'ament_python'
[0.957s] Level 1:colcon.colcon_core.shell:create_environment_hook('Urdf_model_description', 'ament_prefix_path')
[0.963s] INFO:colcon.colcon_core.plugin_system:Skipping extension 'colcon_core.shell.bat': Not used on non-Windows systems
[0.963s] INFO:colcon.colcon_core.shell:Creating environment hook '/home/robotics_lab/ros2_ws/install/Urdf_model_description/share/Urdf_model_description/hook/ament_prefix_path.ps1'
[0.965s] INFO:colcon.colcon_core.shell:Creating environment descriptor '/home/robotics_lab/ros2_ws/install/Urdf_model_description/share/Urdf_model_description/hook/ament_prefix_path.dsv'
[0.966s] INFO:colcon.colcon_core.shell:Creating environment hook '/home/robotics_lab/ros2_ws/install/Urdf_model_description/share/Urdf_model_description/hook/ament_prefix_path.sh'
[0.967s] INFO:colcon.colcon_core.shell:Skip shell extension 'powershell' for command environment: Not usable outside of PowerShell
[0.968s] DEBUG:colcon.colcon_core.shell:Skip shell extension 'dsv' for command environment
[0.974s] INFO:colcon.colcon_ros.task.ament_python.build:Building ROS package in '/home/robotics_lab/ros2_ws/src/diff_drive_bridge' with build type 'ament_python'
[0.975s] Level 1:colcon.colcon_core.shell:create_environment_hook('diff_drive_bridge', 'ament_prefix_path')
[0.975s] INFO:colcon.colcon_core.shell:Creating environment hook '/home/robotics_lab/ros2_ws/install/diff_drive_bridge/share/diff_drive_bridge/hook/ament_prefix_path.ps1'
[0.976s] INFO:colcon.colcon_core.shell:Creating environment descriptor '/home/robotics_lab/ros2_ws/install/diff_drive_bridge/share/diff_drive_bridge/hook/ament_prefix_path.dsv'
[0.977s] INFO:colcon.colcon_core.shell:Creating environment hook '/home/robotics_lab/ros2_ws/install/diff_drive_bridge/share/diff_drive_bridge/hook/ament_prefix_path.sh'
[0.978s] INFO:colcon.colcon_core.shell:Skip shell extension 'powershell' for command environment: Not usable outside of PowerShell
[0.978s] DEBUG:colcon.colcon_core.shell:Skip shell extension 'dsv' for command environment
[0.984s] INFO:colcon.colcon_ros.task.ament_python.build:Building ROS package in '/home/robotics_lab/ros2_ws/src/navigation_pkg' with build type 'ament_python'
[0.984s] Level 1:colcon.colcon_core.shell:create_environment_hook('navigation_pkg', 'ament_prefix_path')
[0.984s] INFO:colcon.colcon_core.shell:Creating environment hook '/home/robotics_lab/ros2_ws/install/navigation_pkg/share/navigation_pkg/hook/ament_prefix_path.ps1'
[0.985s] INFO:colcon.colcon_core.shell:Creating environment descriptor '/home/robotics_lab/ros2_ws/install/navigation_pkg/share/navigation_pkg/hook/ament_prefix_path.dsv'
[0.986s] INFO:colcon.colcon_core.shell:Creating environment hook '/home/robotics_lab/ros2_ws/install/navigation_pkg/share/navigation_pkg/hook/ament_prefix_path.sh'
[0.987s] INFO:colcon.colcon_core.shell:Skip shell extension 'powershell' for command environment: Not usable outside of PowerShell
[0.987s] DEBUG:colcon.colcon_core.shell:Skip shell extension 'dsv' for command environment
[0.993s] INFO:colcon.colcon_ros.task.ament_python.build:Building ROS package in '/home/robotics_lab/ros2_ws/src/oak_object_detection' with build type 'ament_python'
[0.993s] Level 1:colcon.colcon_core.shell:create_environment_hook('oak_object_detection', 'ament_prefix_path')
[0.993s] INFO:colcon.colcon_core.shell:Creating environment hook '/home/robotics_lab/ros2_ws/install/oak_object_detection/share/oak_object_detection/hook/ament_prefix_path.ps1'
[0.994s] INFO:colcon.colcon_core.shell:Creating environment descriptor '/home/robotics_lab/ros2_ws/install/oak_object_detection/share/oak_object_detection/hook/ament_prefix_path.dsv'
[0.995s] INFO:colcon.colcon_core.shell:Creating environment hook '/home/robotics_lab/ros2_ws/install/oak_object_detection/share/oak_object_detection/hook/ament_prefix_path.sh'
[0.996s] INFO:colcon.colcon_core.shell:Skip shell extension 'powershell' for command environment: Not usable outside of PowerShell
[0.996s] DEBUG:colcon.colcon_core.shell:Skip shell extension 'dsv' for command environment
[1.002s] INFO:colcon.colcon_ros.task.ament_cmake.build:Building ROS package in '/home/robotics_lab/ros2_ws/src/rf2o_laser_odometry' with build type 'ament_cmake'
[1.002s] INFO:colcon.colcon_cmake.task.cmake.build:Building CMake package in '/home/robotics_lab/ros2_ws/src/rf2o_laser_odometry'
[1.003s] INFO:colcon.colcon_core.shell:Skip shell extension 'powershell' for command environment: Not usable outside of PowerShell
[1.003s] DEBUG:colcon.colcon_core.shell:Skip shell extension 'dsv' for command environment
[1.009s] INFO:colcon.colcon_ros.task.ament_python.build:Building ROS package in '/home/robotics_lab/ros2_ws/src/ros2toarduino' with build type 'ament_python'
[1.009s] Level 1:colcon.colcon_core.shell:create_environment_hook('ros2toarduino', 'ament_prefix_path')
[1.009s] INFO:colcon.colcon_core.shell:Creating environment hook '/home/robotics_lab/ros2_ws/install/ros2toarduino/share/ros2toarduino/hook/ament_prefix_path.ps1'
[1.010s] INFO:colcon.colcon_core.shell:Creating environment descriptor '/home/robotics_lab/ros2_ws/install/ros2toarduino/share/ros2toarduino/hook/ament_prefix_path.dsv'
[1.011s] INFO:colcon.colcon_core.shell:Creating environment hook '/home/robotics_lab/ros2_ws/install/ros2toarduino/share/ros2toarduino/hook/ament_prefix_path.sh'
[1.012s] INFO:colcon.colcon_core.shell:Skip shell extension 'powershell' for command environment: Not usable outside of PowerShell
[1.012s] DEBUG:colcon.colcon_core.shell:Skip shell extension 'dsv' for command environment
[1.589s] INFO:colcon.colcon_core.task.python.build:Building Python package in '/home/robotics_lab/ros2_ws/src/Urdf_model_description'
[1.590s] INFO:colcon.colcon_core.shell:Skip shell extension 'powershell' for command environment: Not usable outside of PowerShell
[1.590s] DEBUG:colcon.colcon_core.shell:Skip shell extension 'dsv' for command environment
[2.182s] INFO:colcon.colcon_core.task.python.build:Building Python package in '/home/robotics_lab/ros2_ws/src/diff_drive_bridge'
[2.182s] INFO:colcon.colcon_core.shell:Skip shell extension 'powershell' for command environment: Not usable outside of PowerShell
[2.182s] DEBUG:colcon.colcon_core.shell:Skip shell extension 'dsv' for command environment
[2.777s] INFO:colcon.colcon_core.task.python.build:Building Python package in '/home/robotics_lab/ros2_ws/src/navigation_pkg'
[2.778s] INFO:colcon.colcon_core.shell:Skip shell extension 'powershell' for command environment: Not usable outside of PowerShell
[2.779s] DEBUG:colcon.colcon_core.shell:Skip shell extension 'dsv' for command environment
[3.378s] INFO:colcon.colcon_core.task.python.build:Building Python package in '/home/robotics_lab/ros2_ws/src/oak_object_detection'
[3.378s] INFO:colcon.colcon_core.shell:Skip shell extension 'powershell' for command environment: Not usable outside of PowerShell
[3.379s] DEBUG:colcon.colcon_core.shell:Skip shell extension 'dsv' for command environment
[3.397s] DEBUG:colcon.colcon_core.event_handler.log_command:Invoking command in '/home/robotics_lab/ros2_ws/build/rf2o_laser_odometry': CMAKE_PREFIX_PATH=${CMAKE_PREFIX_PATH}:/home/robotics_lab/ros2_ws/install/ros2toarduino:/home/robotics_lab/ros2_ws/install/oak_object_detection:/home/robotics_lab/ros2_ws/install/navigation_pkg:/home/robotics_lab/ros2_ws/install/diff_drive_bridge:/home/robotics_lab/ros2_ws/install/Urdf_model_description:/opt/ros/humble /usr/bin/cmake /home/robotics_lab/ros2_ws/src/rf2o_laser_odometry -DCMAKE_INSTALL_PREFIX=/home/robotics_lab/ros2_ws/install/rf2o_laser_odometry
[3.982s] INFO:colcon.colcon_core.task.python.build:Building Python package in '/home/robotics_lab/ros2_ws/src/ros2toarduino'
[3.983s] INFO:colcon.colcon_core.shell:Skip shell extension 'powershell' for command environment: Not usable outside of PowerShell
[3.983s] DEBUG:colcon.colcon_core.shell:Skip shell extension 'dsv' for command environment
[4.635s] DEBUG:colcon.colcon_core.event_handler.log_command:Invoked command in '/home/robotics_lab/ros2_ws/build/rf2o_laser_odometry' returned '0': CMAKE_PREFIX_PATH=${CMAKE_PREFIX_PATH}:/home/robotics_lab/ros2_ws/install/ros2toarduino:/home/robotics_lab/ros2_ws/install/oak_object_detection:/home/robotics_lab/ros2_ws/install/navigation_pkg:/home/robotics_lab/ros2_ws/install/diff_drive_bridge:/home/robotics_lab/ros2_ws/install/Urdf_model_description:/opt/ros/humble /usr/bin/cmake /home/robotics_lab/ros2_ws/src/rf2o_laser_odometry -DCMAKE_INSTALL_PREFIX=/home/robotics_lab/ros2_ws/install/rf2o_laser_odometry
[4.635s] DEBUG:colcon.colcon_core.event_handler.log_command:Invoking command in '/home/robotics_lab/ros2_ws/build/rf2o_laser_odometry': CMAKE_PREFIX_PATH=${CMAKE_PREFIX_PATH}:/home/robotics_lab/ros2_ws/install/ros2toarduino:/home/robotics_lab/ros2_ws/install/oak_object_detection:/home/robotics_lab/ros2_ws/install/navigation_pkg:/home/robotics_lab/ros2_ws/install/diff_drive_bridge:/home/robotics_lab/ros2_ws/install/Urdf_model_description:/opt/ros/humble /usr/bin/cmake --build /home/robotics_lab/ros2_ws/build/rf2o_laser_odometry -- -j6 -l6
[4.843s] DEBUG:colcon.colcon_core.event_handler.log_command:Invoked command in '/home/robotics_lab/ros2_ws/build/rf2o_laser_odometry' returned '0': CMAKE_PREFIX_PATH=${CMAKE_PREFIX_PATH}:/home/robotics_lab/ros2_ws/install/ros2toarduino:/home/robotics_lab/ros2_ws/install/oak_object_detection:/home/robotics_lab/ros2_ws/install/navigation_pkg:/home/robotics_lab/ros2_ws/install/diff_drive_bridge:/home/robotics_lab/ros2_ws/install/Urdf_model_description:/opt/ros/humble /usr/bin/cmake --build /home/robotics_lab/ros2_ws/build/rf2o_laser_odometry -- -j6 -l6
[4.863s] DEBUG:colcon.colcon_core.event_handler.log_command:Invoking command in '/home/robotics_lab/ros2_ws/build/rf2o_laser_odometry': CMAKE_PREFIX_PATH=${CMAKE_PREFIX_PATH}:/home/robotics_lab/ros2_ws/install/ros2toarduino:/home/robotics_lab/ros2_ws/install/oak_object_detection:/home/robotics_lab/ros2_ws/install/navigation_pkg:/home/robotics_lab/ros2_ws/install/diff_drive_bridge:/home/robotics_lab/ros2_ws/install/Urdf_model_description:/opt/ros/humble /usr/bin/cmake --install /home/robotics_lab/ros2_ws/build/rf2o_laser_odometry
[4.923s] Level 1:colcon.colcon_core.environment:create_environment_scripts_only(rf2o_laser_odometry)
[4.925s] DEBUG:colcon.colcon_core.event_handler.log_command:Invoked command in '/home/robotics_lab/ros2_ws/build/rf2o_laser_odometry' returned '0': CMAKE_PREFIX_PATH=${CMAKE_PREFIX_PATH}:/home/robotics_lab/ros2_ws/install/ros2toarduino:/home/robotics_lab/ros2_ws/install/oak_object_detection:/home/robotics_lab/ros2_ws/install/navigation_pkg:/home/robotics_lab/ros2_ws/install/diff_drive_bridge:/home/robotics_lab/ros2_ws/install/Urdf_model_description:/opt/ros/humble /usr/bin/cmake --install /home/robotics_lab/ros2_ws/build/rf2o_laser_odometry
[4.932s] Level 1:colcon.colcon_core.environment:checking '/home/robotics_lab/ros2_ws/install/rf2o_laser_odometry' for CMake module files
[4.934s] Level 1:colcon.colcon_core.environment:checking '/home/robotics_lab/ros2_ws/install/rf2o_laser_odometry' for CMake config files
[4.934s] Level 1:colcon.colcon_core.shell:create_environment_hook('rf2o_laser_odometry', 'cmake_prefix_path')
[4.935s] INFO:colcon.colcon_core.shell:Creating environment hook '/home/robotics_lab/ros2_ws/install/rf2o_laser_odometry/share/rf2o_laser_odometry/hook/cmake_prefix_path.ps1'
[4.937s] INFO:colcon.colcon_core.shell:Creating environment descriptor '/home/robotics_lab/ros2_ws/install/rf2o_laser_odometry/share/rf2o_laser_odometry/hook/cmake_prefix_path.dsv'
[4.937s] INFO:colcon.colcon_core.shell:Creating environment hook '/home/robotics_lab/ros2_ws/install/rf2o_laser_odometry/share/rf2o_laser_odometry/hook/cmake_prefix_path.sh'
[4.939s] Level 1:colcon.colcon_core.environment:checking '/home/robotics_lab/ros2_ws/install/rf2o_laser_odometry/lib'
[4.939s] Level 1:colcon.colcon_core.environment:checking '/home/robotics_lab/ros2_ws/install/rf2o_laser_odometry/bin'
[4.940s] Level 1:colcon.colcon_core.environment:checking '/home/robotics_lab/ros2_ws/install/rf2o_laser_odometry/lib/pkgconfig/rf2o_laser_odometry.pc'
[4.940s] Level 1:colcon.colcon_core.environment:checking '/home/robotics_lab/ros2_ws/install/rf2o_laser_odometry/lib/python3.10/site-packages'
[4.941s] Level 1:colcon.colcon_core.environment:checking '/home/robotics_lab/ros2_ws/install/rf2o_laser_odometry/bin'
[4.941s] INFO:colcon.colcon_core.shell:Creating package script '/home/robotics_lab/ros2_ws/install/rf2o_laser_odometry/share/rf2o_laser_odometry/package.ps1'
[4.944s] INFO:colcon.colcon_core.shell:Creating package descriptor '/home/robotics_lab/ros2_ws/install/rf2o_laser_odometry/share/rf2o_laser_odometry/package.dsv'
[4.946s] INFO:colcon.colcon_core.shell:Creating package script '/home/robotics_lab/ros2_ws/install/rf2o_laser_odometry/share/rf2o_laser_odometry/package.sh'
[4.947s] INFO:colcon.colcon_core.shell:Creating package script '/home/robotics_lab/ros2_ws/install/rf2o_laser_odometry/share/rf2o_laser_odometry/package.bash'
[4.949s] INFO:colcon.colcon_core.shell:Creating package script '/home/robotics_lab/ros2_ws/install/rf2o_laser_odometry/share/rf2o_laser_odometry/package.zsh'
[4.951s] Level 1:colcon.colcon_core.environment:create_file_with_runtime_dependencies(/home/robotics_lab/ros2_ws/install/rf2o_laser_odometry/share/colcon-core/packages/rf2o_laser_odometry)
[4.953s] Level 1:colcon.colcon_core.environment:create_environment_scripts_only(rf2o_laser_odometry)
[4.953s] Level 1:colcon.colcon_core.environment:checking '/home/robotics_lab/ros2_ws/install/rf2o_laser_odometry' for CMake module files
[4.954s] Level 1:colcon.colcon_core.environment:checking '/home/robotics_lab/ros2_ws/install/rf2o_laser_odometry' for CMake config files
[4.955s] Level 1:colcon.colcon_core.shell:create_environment_hook('rf2o_laser_odometry', 'cmake_prefix_path')
[4.955s] INFO:colcon.colcon_core.shell:Creating environment hook '/home/robotics_lab/ros2_ws/install/rf2o_laser_odometry/share/rf2o_laser_odometry/hook/cmake_prefix_path.ps1'
[4.956s] INFO:colcon.colcon_core.shell:Creating environment descriptor '/home/robotics_lab/ros2_ws/install/rf2o_laser_odometry/share/rf2o_laser_odometry/hook/cmake_prefix_path.dsv'
[4.957s] INFO:colcon.colcon_core.shell:Creating environment hook '/home/robotics_lab/ros2_ws/install/rf2o_laser_odometry/share/rf2o_laser_odometry/hook/cmake_prefix_path.sh'
[4.958s] Level 1:colcon.colcon_core.environment:checking '/home/robotics_lab/ros2_ws/install/rf2o_laser_odometry/lib'
[4.958s] Level 1:colcon.colcon_core.environment:checking '/home/robotics_lab/ros2_ws/install/rf2o_laser_odometry/bin'
[4.958s] Level 1:colcon.colcon_core.environment:checking '/home/robotics_lab/ros2_ws/install/rf2o_laser_odometry/lib/pkgconfig/rf2o_laser_odometry.pc'
[4.959s] Level 1:colcon.colcon_core.environment:checking '/home/robotics_lab/ros2_ws/install/rf2o_laser_odometry/lib/python3.10/site-packages'
[4.960s] Level 1:colcon.colcon_core.environment:checking '/home/robotics_lab/ros2_ws/install/rf2o_laser_odometry/bin'
[4.960s] INFO:colcon.colcon_core.shell:Creating package script '/home/robotics_lab/ros2_ws/install/rf2o_laser_odometry/share/rf2o_laser_odometry/package.ps1'
[4.962s] INFO:colcon.colcon_core.shell:Creating package descriptor '/home/robotics_lab/ros2_ws/install/rf2o_laser_odometry/share/rf2o_laser_odometry/package.dsv'
[4.963s] INFO:colcon.colcon_core.shell:Creating package script '/home/robotics_lab/ros2_ws/install/rf2o_laser_odometry/share/rf2o_laser_odometry/package.sh'
[4.963s] INFO:colcon.colcon_core.shell:Creating package script '/home/robotics_lab/ros2_ws/install/rf2o_laser_odometry/share/rf2o_laser_odometry/package.bash'
[4.964s] INFO:colcon.colcon_core.shell:Creating package script '/home/robotics_lab/ros2_ws/install/rf2o_laser_odometry/share/rf2o_laser_odometry/package.zsh'
[4.965s] Level 1:colcon.colcon_core.environment:create_file_with_runtime_dependencies(/home/robotics_lab/ros2_ws/install/rf2o_laser_odometry/share/colcon-core/packages/rf2o_laser_odometry)
[4.967s] INFO:colcon.colcon_ros.task.ament_cmake.build:Building ROS package in '/home/robotics_lab/ros2_ws/src/rplidar_ros' with build type 'ament_cmake'
[4.968s] INFO:colcon.colcon_cmake.task.cmake.build:Building CMake package in '/home/robotics_lab/ros2_ws/src/rplidar_ros'
[4.969s] INFO:colcon.colcon_core.shell:Skip shell extension 'powershell' for command environment: Not usable outside of PowerShell
[4.969s] DEBUG:colcon.colcon_core.shell:Skip shell extension 'dsv' for command environment
[5.002s] DEBUG:colcon.colcon_core.event_handler.log_command:Invoking command in '/home/robotics_lab/ros2_ws/build/rplidar_ros': CMAKE_PREFIX_PATH=${CMAKE_PREFIX_PATH}:/home/robotics_lab/ros2_ws/install/ros2toarduino:/home/robotics_lab/ros2_ws/install/oak_object_detection:/home/robotics_lab/ros2_ws/install/navigation_pkg:/home/robotics_lab/ros2_ws/install/diff_drive_bridge:/home/robotics_lab/ros2_ws/install/Urdf_model_description:/opt/ros/humble /usr/bin/cmake /home/robotics_lab/ros2_ws/src/rplidar_ros -DCMAKE_INSTALL_PREFIX=/home/robotics_lab/ros2_ws/install/rplidar_ros
[5.100s] DEBUG:colcon.colcon_core.event_handler.log_command:Invoking command in '/home/robotics_lab/ros2_ws/build/Urdf_model_description': PYTHONPATH=/home/robotics_lab/ros2_ws/build/Urdf_model_description/prefix_override:/usr/lib/python3/dist-packages/colcon_core/task/python/colcon_distutils_commands:/home/robotics_lab/ros2_ws/install/Urdf_model_description/lib/python3.10/site-packages:${PYTHONPATH} /usr/bin/python3 -W ignore:setup.py install is deprecated -W ignore:easy_install command is deprecated setup.py develop --uninstall --editable --build-directory /home/robotics_lab/ros2_ws/build/Urdf_model_description/build
[5.128s] DEBUG:colcon.colcon_core.event_handler.log_command:Invoking command in '/home/robotics_lab/ros2_ws/build/ros2toarduino': PYTHONPATH=/home/robotics_lab/ros2_ws/build/ros2toarduino/prefix_override:/usr/lib/python3/dist-packages/colcon_core/task/python/colcon_distutils_commands:/home/robotics_lab/ros2_ws/install/ros2toarduino/lib/python3.10/site-packages:${PYTHONPATH} /usr/bin/python3 -W ignore:setup.py install is deprecated -W ignore:easy_install command is deprecated setup.py develop --uninstall --editable --build-directory /home/robotics_lab/ros2_ws/build/ros2toarduino/build
[5.134s] DEBUG:colcon.colcon_core.event_handler.log_command:Invoking command in '/home/robotics_lab/ros2_ws/build/oak_object_detection': PYTHONPATH=/home/robotics_lab/ros2_ws/build/oak_object_detection/prefix_override:/usr/lib/python3/dist-packages/colcon_core/task/python/colcon_distutils_commands:/home/robotics_lab/ros2_ws/install/oak_object_detection/lib/python3.10/site-packages:${PYTHONPATH} /usr/bin/python3 -W ignore:setup.py install is deprecated -W ignore:easy_install command is deprecated setup.py develop --uninstall --editable --build-directory /home/robotics_lab/ros2_ws/build/oak_object_detection/build
[5.136s] DEBUG:colcon.colcon_core.event_handler.log_command:Invoking command in '/home/robotics_lab/ros2_ws/build/navigation_pkg': PYTHONPATH=/home/robotics_lab/ros2_ws/build/navigation_pkg/prefix_override:/usr/lib/python3/dist-packages/colcon_core/task/python/colcon_distutils_commands:/home/robotics_lab/ros2_ws/install/navigation_pkg/lib/python3.10/site-packages:${PYTHONPATH} /usr/bin/python3 -W ignore:setup.py install is deprecated -W ignore:easy_install command is deprecated setup.py develop --uninstall --editable --build-directory /home/robotics_lab/ros2_ws/build/navigation_pkg/build
[5.165s] DEBUG:colcon.colcon_core.event_handler.log_command:Invoking command in '/home/robotics_lab/ros2_ws/build/diff_drive_bridge': PYTHONPATH=/home/robotics_lab/ros2_ws/build/diff_drive_bridge/prefix_override:/usr/lib/python3/dist-packages/colcon_core/task/python/colcon_distutils_commands:/home/robotics_lab/ros2_ws/install/diff_drive_bridge/lib/python3.10/site-packages:${PYTHONPATH} /usr/bin/python3 -W ignore:setup.py install is deprecated -W ignore:easy_install command is deprecated setup.py develop --uninstall --editable --build-directory /home/robotics_lab/ros2_ws/build/diff_drive_bridge/build
[5.894s] DEBUG:colcon.colcon_core.event_handler.log_command:Invoked command in '/home/robotics_lab/ros2_ws/build/rplidar_ros' returned '0': CMAKE_PREFIX_PATH=${CMAKE_PREFIX_PATH}:/home/robotics_lab/ros2_ws/install/ros2toarduino:/home/robotics_lab/ros2_ws/install/oak_object_detection:/home/robotics_lab/ros2_ws/install/navigation_pkg:/home/robotics_lab/ros2_ws/install/diff_drive_bridge:/home/robotics_lab/ros2_ws/install/Urdf_model_description:/opt/ros/humble /usr/bin/cmake /home/robotics_lab/ros2_ws/src/rplidar_ros -DCMAKE_INSTALL_PREFIX=/home/robotics_lab/ros2_ws/install/rplidar_ros
[5.894s] DEBUG:colcon.colcon_core.event_handler.log_command:Invoking command in '/home/robotics_lab/ros2_ws/build/rplidar_ros': CMAKE_PREFIX_PATH=${CMAKE_PREFIX_PATH}:/home/robotics_lab/ros2_ws/install/ros2toarduino:/home/robotics_lab/ros2_ws/install/oak_object_detection:/home/robotics_lab/ros2_ws/install/navigation_pkg:/home/robotics_lab/ros2_ws/install/diff_drive_bridge:/home/robotics_lab/ros2_ws/install/Urdf_model_description:/opt/ros/humble /usr/bin/cmake --build /home/robotics_lab/ros2_ws/build/rplidar_ros -- -j6 -l6
[6.259s] DEBUG:colcon.colcon_core.event_handler.log_command:Invoked command in '/home/robotics_lab/ros2_ws/build/Urdf_model_description' returned '0': PYTHONPATH=/home/robotics_lab/ros2_ws/build/Urdf_model_description/prefix_override:/usr/lib/python3/dist-packages/colcon_core/task/python/colcon_distutils_commands:/home/robotics_lab/ros2_ws/install/Urdf_model_description/lib/python3.10/site-packages:${PYTHONPATH} /usr/bin/python3 -W ignore:setup.py install is deprecated -W ignore:easy_install command is deprecated setup.py develop --uninstall --editable --build-directory /home/robotics_lab/ros2_ws/build/Urdf_model_description/build
[6.260s] DEBUG:colcon.colcon_core.event_handler.log_command:Invoking command in '/home/robotics_lab/ros2_ws/src/Urdf_model_description': PYTHONPATH=/home/robotics_lab/ros2_ws/build/Urdf_model_description/prefix_override:/usr/lib/python3/dist-packages/colcon_core/task/python/colcon_distutils_commands:/home/robotics_lab/ros2_ws/install/Urdf_model_description/lib/python3.10/site-packages:${PYTHONPATH} /usr/bin/python3 -W ignore:setup.py install is deprecated -W ignore:easy_install command is deprecated setup.py egg_info --egg-base ../../build/Urdf_model_description build --build-base /home/robotics_lab/ros2_ws/build/Urdf_model_description/build install --record /home/robotics_lab/ros2_ws/build/Urdf_model_description/install.log --install-scripts $base/lib/Urdf_model_description --single-version-externally-managed install_data --force
[6.261s] DEBUG:colcon.colcon_core.event_handler.log_command:Invoked command in '/home/robotics_lab/ros2_ws/build/rplidar_ros' returned '0': CMAKE_PREFIX_PATH=${CMAKE_PREFIX_PATH}:/home/robotics_lab/ros2_ws/install/ros2toarduino:/home/robotics_lab/ros2_ws/install/oak_object_detection:/home/robotics_lab/ros2_ws/install/navigation_pkg:/home/robotics_lab/ros2_ws/install/diff_drive_bridge:/home/robotics_lab/ros2_ws/install/Urdf_model_description:/opt/ros/humble /usr/bin/cmake --build /home/robotics_lab/ros2_ws/build/rplidar_ros -- -j6 -l6
[6.266s] DEBUG:colcon.colcon_core.event_handler.log_command:Invoking command in '/home/robotics_lab/ros2_ws/build/rplidar_ros': CMAKE_PREFIX_PATH=${CMAKE_PREFIX_PATH}:/home/robotics_lab/ros2_ws/install/ros2toarduino:/home/robotics_lab/ros2_ws/install/oak_object_detection:/home/robotics_lab/ros2_ws/install/navigation_pkg:/home/robotics_lab/ros2_ws/install/diff_drive_bridge:/home/robotics_lab/ros2_ws/install/Urdf_model_description:/opt/ros/humble /usr/bin/cmake --install /home/robotics_lab/ros2_ws/build/rplidar_ros
[6.328s] DEBUG:colcon.colcon_core.event_handler.log_command:Invoked command in '/home/robotics_lab/ros2_ws/build/navigation_pkg' returned '0': PYTHONPATH=/home/robotics_lab/ros2_ws/build/navigation_pkg/prefix_override:/usr/lib/python3/dist-packages/colcon_core/task/python/colcon_distutils_commands:/home/robotics_lab/ros2_ws/install/navigation_pkg/lib/python3.10/site-packages:${PYTHONPATH} /usr/bin/python3 -W ignore:setup.py install is deprecated -W ignore:easy_install command is deprecated setup.py develop --uninstall --editable --build-directory /home/robotics_lab/ros2_ws/build/navigation_pkg/build
[6.329s] DEBUG:colcon.colcon_core.event_handler.log_command:Invoking command in '/home/robotics_lab/ros2_ws/src/navigation_pkg': PYTHONPATH=/home/robotics_lab/ros2_ws/build/navigation_pkg/prefix_override:/usr/lib/python3/dist-packages/colcon_core/task/python/colcon_distutils_commands:/home/robotics_lab/ros2_ws/install/navigation_pkg/lib/python3.10/site-packages:${PYTHONPATH} /usr/bin/python3 -W ignore:setup.py install is deprecated -W ignore:easy_install command is deprecated setup.py egg_info --egg-base ../../build/navigation_pkg build --build-base /home/robotics_lab/ros2_ws/build/navigation_pkg/build install --record /home/robotics_lab/ros2_ws/build/navigation_pkg/install.log --single-version-externally-managed install_data --force
[6.330s] Level 1:colcon.colcon_core.environment:create_environment_scripts_only(rplidar_ros)
[6.331s] Level 1:colcon.colcon_core.environment:checking '/home/robotics_lab/ros2_ws/install/rplidar_ros' for CMake module files
[6.333s] DEBUG:colcon.colcon_core.event_handler.log_command:Invoked command in '/home/robotics_lab/ros2_ws/build/rplidar_ros' returned '0': CMAKE_PREFIX_PATH=${CMAKE_PREFIX_PATH}:/home/robotics_lab/ros2_ws/install/ros2toarduino:/home/robotics_lab/ros2_ws/install/oak_object_detection:/home/robotics_lab/ros2_ws/install/navigation_pkg:/home/robotics_lab/ros2_ws/install/diff_drive_bridge:/home/robotics_lab/ros2_ws/install/Urdf_model_description:/opt/ros/humble /usr/bin/cmake --install /home/robotics_lab/ros2_ws/build/rplidar_ros
[6.334s] Level 1:colcon.colcon_core.environment:checking '/home/robotics_lab/ros2_ws/install/rplidar_ros' for CMake config files
[6.334s] Level 1:colcon.colcon_core.shell:create_environment_hook('rplidar_ros', 'cmake_prefix_path')
[6.335s] INFO:colcon.colcon_core.shell:Creating environment hook '/home/robotics_lab/ros2_ws/install/rplidar_ros/share/rplidar_ros/hook/cmake_prefix_path.ps1'
[6.337s] INFO:colcon.colcon_core.shell:Creating environment descriptor '/home/robotics_lab/ros2_ws/install/rplidar_ros/share/rplidar_ros/hook/cmake_prefix_path.dsv'
[6.338s] INFO:colcon.colcon_core.shell:Creating environment hook '/home/robotics_lab/ros2_ws/install/rplidar_ros/share/rplidar_ros/hook/cmake_prefix_path.sh'
[6.339s] Level 1:colcon.colcon_core.environment:checking '/home/robotics_lab/ros2_ws/install/rplidar_ros/lib'
[6.339s] Level 1:colcon.colcon_core.environment:checking '/home/robotics_lab/ros2_ws/install/rplidar_ros/bin'
[6.339s] Level 1:colcon.colcon_core.environment:checking '/home/robotics_lab/ros2_ws/install/rplidar_ros/lib/pkgconfig/rplidar_ros.pc'
[6.340s] Level 1:colcon.colcon_core.environment:checking '/home/robotics_lab/ros2_ws/install/rplidar_ros/lib/python3.10/site-packages'
[6.341s] Level 1:colcon.colcon_core.environment:checking '/home/robotics_lab/ros2_ws/install/rplidar_ros/bin'
[6.341s] INFO:colcon.colcon_core.shell:Creating package script '/home/robotics_lab/ros2_ws/install/rplidar_ros/share/rplidar_ros/package.ps1'
[6.343s] INFO:colcon.colcon_core.shell:Creating package descriptor '/home/robotics_lab/ros2_ws/install/rplidar_ros/share/rplidar_ros/package.dsv'
[6.344s] INFO:colcon.colcon_core.shell:Creating package script '/home/robotics_lab/ros2_ws/install/rplidar_ros/share/rplidar_ros/package.sh'
[6.345s] INFO:colcon.colcon_core.shell:Creating package script '/home/robotics_lab/ros2_ws/install/rplidar_ros/share/rplidar_ros/package.bash'
[6.346s] INFO:colcon.colcon_core.shell:Creating package script '/home/robotics_lab/ros2_ws/install/rplidar_ros/share/rplidar_ros/package.zsh'
[6.347s] Level 1:colcon.colcon_core.environment:create_file_with_runtime_dependencies(/home/robotics_lab/ros2_ws/install/rplidar_ros/share/colcon-core/packages/rplidar_ros)
[6.348s] Level 1:colcon.colcon_core.environment:create_environment_scripts_only(rplidar_ros)
[6.349s] Level 1:colcon.colcon_core.environment:checking '/home/robotics_lab/ros2_ws/install/rplidar_ros' for CMake module files
[6.350s] Level 1:colcon.colcon_core.environment:checking '/home/robotics_lab/ros2_ws/install/rplidar_ros' for CMake config files
[6.351s] Level 1:colcon.colcon_core.shell:create_environment_hook('rplidar_ros', 'cmake_prefix_path')
[6.351s] INFO:colcon.colcon_core.shell:Creating environment hook '/home/robotics_lab/ros2_ws/install/rplidar_ros/share/rplidar_ros/hook/cmake_prefix_path.ps1'
[6.353s] INFO:colcon.colcon_core.shell:Creating environment descriptor '/home/robotics_lab/ros2_ws/install/rplidar_ros/share/rplidar_ros/hook/cmake_prefix_path.dsv'
[6.354s] INFO:colcon.colcon_core.shell:Creating environment hook '/home/robotics_lab/ros2_ws/install/rplidar_ros/share/rplidar_ros/hook/cmake_prefix_path.sh'
[6.356s] Level 1:colcon.colcon_core.environment:checking '/home/robotics_lab/ros2_ws/install/rplidar_ros/lib'
[6.357s] Level 1:colcon.colcon_core.environment:checking '/home/robotics_lab/ros2_ws/install/rplidar_ros/bin'
[6.357s] Level 1:colcon.colcon_core.environment:checking '/home/robotics_lab/ros2_ws/install/rplidar_ros/lib/pkgconfig/rplidar_ros.pc'
[6.357s] Level 1:colcon.colcon_core.environment:checking '/home/robotics_lab/ros2_ws/install/rplidar_ros/lib/python3.10/site-packages'
[6.358s] Level 1:colcon.colcon_core.environment:checking '/home/robotics_lab/ros2_ws/install/rplidar_ros/bin'
[6.358s] INFO:colcon.colcon_core.shell:Creating package script '/home/robotics_lab/ros2_ws/install/rplidar_ros/share/rplidar_ros/package.ps1'
[6.360s] INFO:colcon.colcon_core.shell:Creating package descriptor '/home/robotics_lab/ros2_ws/install/rplidar_ros/share/rplidar_ros/package.dsv'
[6.361s] INFO:colcon.colcon_core.shell:Creating package script '/home/robotics_lab/ros2_ws/install/rplidar_ros/share/rplidar_ros/package.sh'
[6.362s] INFO:colcon.colcon_core.shell:Creating package script '/home/robotics_lab/ros2_ws/install/rplidar_ros/share/rplidar_ros/package.bash'
[6.363s] INFO:colcon.colcon_core.shell:Creating package script '/home/robotics_lab/ros2_ws/install/rplidar_ros/share/rplidar_ros/package.zsh'
[6.364s] Level 1:colcon.colcon_core.environment:create_file_with_runtime_dependencies(/home/robotics_lab/ros2_ws/install/rplidar_ros/share/colcon-core/packages/rplidar_ros)
[6.368s] DEBUG:colcon.colcon_core.event_handler.log_command:Invoked command in '/home/robotics_lab/ros2_ws/build/ros2toarduino' returned '0': PYTHONPATH=/home/robotics_lab/ros2_ws/build/ros2toarduino/prefix_override:/usr/lib/python3/dist-packages/colcon_core/task/python/colcon_distutils_commands:/home/robotics_lab/ros2_ws/install/ros2toarduino/lib/python3.10/site-packages:${PYTHONPATH} /usr/bin/python3 -W ignore:setup.py install is deprecated -W ignore:easy_install command is deprecated setup.py develop --uninstall --editable --build-directory /home/robotics_lab/ros2_ws/build/ros2toarduino/build
[6.371s] DEBUG:colcon.colcon_core.event_handler.log_command:Invoking command in '/home/robotics_lab/ros2_ws/src/ros2toarduino': PYTHONPATH=/home/robotics_lab/ros2_ws/build/ros2toarduino/prefix_override:/usr/lib/python3/dist-packages/colcon_core/task/python/colcon_distutils_commands:/home/robotics_lab/ros2_ws/install/ros2toarduino/lib/python3.10/site-packages:${PYTHONPATH} /usr/bin/python3 -W ignore:setup.py install is deprecated -W ignore:easy_install command is deprecated setup.py egg_info --egg-base ../../build/ros2toarduino build --build-base /home/robotics_lab/ros2_ws/build/ros2toarduino/build install --record /home/robotics_lab/ros2_ws/build/ros2toarduino/install.log --single-version-externally-managed install_data --force
[6.372s] DEBUG:colcon.colcon_core.event_handler.log_command:Invoked command in '/home/robotics_lab/ros2_ws/build/oak_object_detection' returned '0': PYTHONPATH=/home/robotics_lab/ros2_ws/build/oak_object_detection/prefix_override:/usr/lib/python3/dist-packages/colcon_core/task/python/colcon_distutils_commands:/home/robotics_lab/ros2_ws/install/oak_object_detection/lib/python3.10/site-packages:${PYTHONPATH} /usr/bin/python3 -W ignore:setup.py install is deprecated -W ignore:easy_install command is deprecated setup.py develop --uninstall --editable --build-directory /home/robotics_lab/ros2_ws/build/oak_object_detection/build
[6.375s] DEBUG:colcon.colcon_core.event_handler.log_command:Invoking command in '/home/robotics_lab/ros2_ws/src/oak_object_detection': PYTHONPATH=/home/robotics_lab/ros2_ws/build/oak_object_detection/prefix_override:/usr/lib/python3/dist-packages/colcon_core/task/python/colcon_distutils_commands:/home/robotics_lab/ros2_ws/install/oak_object_detection/lib/python3.10/site-packages:${PYTHONPATH} /usr/bin/python3 -W ignore:setup.py install is deprecated -W ignore:easy_install command is deprecated setup.py egg_info --egg-base ../../build/oak_object_detection build --build-base /home/robotics_lab/ros2_ws/build/oak_object_detection/build install --record /home/robotics_lab/ros2_ws/build/oak_object_detection/install.log --single-version-externally-managed install_data --force
[6.397s] DEBUG:colcon.colcon_core.event_handler.log_command:Invoked command in '/home/robotics_lab/ros2_ws/build/diff_drive_bridge' returned '0': PYTHONPATH=/home/robotics_lab/ros2_ws/build/diff_drive_bridge/prefix_override:/usr/lib/python3/dist-packages/colcon_core/task/python/colcon_distutils_commands:/home/robotics_lab/ros2_ws/install/diff_drive_bridge/lib/python3.10/site-packages:${PYTHONPATH} /usr/bin/python3 -W ignore:setup.py install is deprecated -W ignore:easy_install command is deprecated setup.py develop --uninstall --editable --build-directory /home/robotics_lab/ros2_ws/build/diff_drive_bridge/build
[6.400s] DEBUG:colcon.colcon_core.event_handler.log_command:Invoking command in '/home/robotics_lab/ros2_ws/src/diff_drive_bridge': PYTHONPATH=/home/robotics_lab/ros2_ws/build/diff_drive_bridge/prefix_override:/usr/lib/python3/dist-packages/colcon_core/task/python/colcon_distutils_commands:/home/robotics_lab/ros2_ws/install/diff_drive_bridge/lib/python3.10/site-packages:${PYTHONPATH} /usr/bin/python3 -W ignore:setup.py install is deprecated -W ignore:easy_install command is deprecated setup.py egg_info --egg-base ../../build/diff_drive_bridge build --build-base /home/robotics_lab/ros2_ws/build/diff_drive_bridge/build install --record /home/robotics_lab/ros2_ws/build/diff_drive_bridge/install.log --single-version-externally-managed install_data --force
[7.002s] Level 1:colcon.colcon_core.environment:checking '/home/robotics_lab/ros2_ws/install/Urdf_model_description' for CMake module files
[7.003s] Level 1:colcon.colcon_core.environment:checking '/home/robotics_lab/ros2_ws/install/Urdf_model_description' for CMake config files
[7.005s] Level 1:colcon.colcon_core.environment:checking '/home/robotics_lab/ros2_ws/install/Urdf_model_description/lib'
[7.005s] Level 1:colcon.colcon_core.environment:checking '/home/robotics_lab/ros2_ws/install/Urdf_model_description/bin'
[7.005s] Level 1:colcon.colcon_core.environment:checking '/home/robotics_lab/ros2_ws/install/Urdf_model_description/lib/pkgconfig/Urdf_model_description.pc'
[7.005s] Level 1:colcon.colcon_core.environment:checking '/home/robotics_lab/ros2_ws/install/Urdf_model_description/lib/python3.10/site-packages'
[7.006s] Level 1:colcon.colcon_core.shell:create_environment_hook('Urdf_model_description', 'pythonpath')
[7.007s] INFO:colcon.colcon_core.shell:Creating environment hook '/home/robotics_lab/ros2_ws/install/Urdf_model_description/share/Urdf_model_description/hook/pythonpath.ps1'
[7.008s] DEBUG:colcon.colcon_core.event_handler.log_command:Invoked command in '/home/robotics_lab/ros2_ws/src/Urdf_model_description' returned '0': PYTHONPATH=/home/robotics_lab/ros2_ws/build/Urdf_model_description/prefix_override:/usr/lib/python3/dist-packages/colcon_core/task/python/colcon_distutils_commands:/home/robotics_lab/ros2_ws/install/Urdf_model_description/lib/python3.10/site-packages:${PYTHONPATH} /usr/bin/python3 -W ignore:setup.py install is deprecated -W ignore:easy_install command is deprecated setup.py egg_info --egg-base ../../build/Urdf_model_description build --build-base /home/robotics_lab/ros2_ws/build/Urdf_model_description/build install --record /home/robotics_lab/ros2_ws/build/Urdf_model_description/install.log --install-scripts $base/lib/Urdf_model_description --single-version-externally-managed install_data --force
[7.009s] INFO:colcon.colcon_core.shell:Creating environment descriptor '/home/robotics_lab/ros2_ws/install/Urdf_model_description/share/Urdf_model_description/hook/pythonpath.dsv'
[7.010s] INFO:colcon.colcon_core.shell:Creating environment hook '/home/robotics_lab/ros2_ws/install/Urdf_model_description/share/Urdf_model_description/hook/pythonpath.sh'
[7.011s] Level 1:colcon.colcon_core.environment:checking '/home/robotics_lab/ros2_ws/install/Urdf_model_description/bin'
[7.012s] Level 1:colcon.colcon_core.environment:create_environment_scripts_only(Urdf_model_description)
[7.012s] INFO:colcon.colcon_core.shell:Creating package script '/home/robotics_lab/ros2_ws/install/Urdf_model_description/share/Urdf_model_description/package.ps1'
[7.014s] INFO:colcon.colcon_core.shell:Creating package descriptor '/home/robotics_lab/ros2_ws/install/Urdf_model_description/share/Urdf_model_description/package.dsv'
[7.015s] INFO:colcon.colcon_core.shell:Creating package script '/home/robotics_lab/ros2_ws/install/Urdf_model_description/share/Urdf_model_description/package.sh'
[7.016s] INFO:colcon.colcon_core.shell:Creating package script '/home/robotics_lab/ros2_ws/install/Urdf_model_description/share/Urdf_model_description/package.bash'
[7.017s] INFO:colcon.colcon_core.shell:Creating package script '/home/robotics_lab/ros2_ws/install/Urdf_model_description/share/Urdf_model_description/package.zsh'
[7.017s] Level 1:colcon.colcon_core.environment:create_file_with_runtime_dependencies(/home/robotics_lab/ros2_ws/install/Urdf_model_description/share/colcon-core/packages/Urdf_model_description)
[7.021s] Level 1:colcon.colcon_core.environment:checking '/home/robotics_lab/ros2_ws/install/navigation_pkg' for CMake module files
[7.022s] Level 1:colcon.colcon_core.environment:checking '/home/robotics_lab/ros2_ws/install/navigation_pkg' for CMake config files
[7.023s] Level 1:colcon.colcon_core.environment:checking '/home/robotics_lab/ros2_ws/install/navigation_pkg/lib'
[7.023s] Level 1:colcon.colcon_core.environment:checking '/home/robotics_lab/ros2_ws/install/navigation_pkg/bin'
[7.023s] Level 1:colcon.colcon_core.environment:checking '/home/robotics_lab/ros2_ws/install/navigation_pkg/lib/pkgconfig/navigation_pkg.pc'
[7.023s] Level 1:colcon.colcon_core.environment:checking '/home/robotics_lab/ros2_ws/install/navigation_pkg/lib/python3.10/site-packages'
[7.024s] Level 1:colcon.colcon_core.shell:create_environment_hook('navigation_pkg', 'pythonpath')
[7.024s] INFO:colcon.colcon_core.shell:Creating environment hook '/home/robotics_lab/ros2_ws/install/navigation_pkg/share/navigation_pkg/hook/pythonpath.ps1'
[7.026s] INFO:colcon.colcon_core.shell:Creating environment descriptor '/home/robotics_lab/ros2_ws/install/navigation_pkg/share/navigation_pkg/hook/pythonpath.dsv'
[7.026s] DEBUG:colcon.colcon_core.event_handler.log_command:Invoked command in '/home/robotics_lab/ros2_ws/src/navigation_pkg' returned '0': PYTHONPATH=/home/robotics_lab/ros2_ws/build/navigation_pkg/prefix_override:/usr/lib/python3/dist-packages/colcon_core/task/python/colcon_distutils_commands:/home/robotics_lab/ros2_ws/install/navigation_pkg/lib/python3.10/site-packages:${PYTHONPATH} /usr/bin/python3 -W ignore:setup.py install is deprecated -W ignore:easy_install command is deprecated setup.py egg_info --egg-base ../../build/navigation_pkg build --build-base /home/robotics_lab/ros2_ws/build/navigation_pkg/build install --record /home/robotics_lab/ros2_ws/build/navigation_pkg/install.log --single-version-externally-managed install_data --force
[7.027s] INFO:colcon.colcon_core.shell:Creating environment hook '/home/robotics_lab/ros2_ws/install/navigation_pkg/share/navigation_pkg/hook/pythonpath.sh'
[7.029s] Level 1:colcon.colcon_core.environment:checking '/home/robotics_lab/ros2_ws/install/navigation_pkg/bin'
[7.029s] Level 1:colcon.colcon_core.environment:create_environment_scripts_only(navigation_pkg)
[7.030s] INFO:colcon.colcon_core.shell:Creating package script '/home/robotics_lab/ros2_ws/install/navigation_pkg/share/navigation_pkg/package.ps1'
[7.032s] INFO:colcon.colcon_core.shell:Creating package descriptor '/home/robotics_lab/ros2_ws/install/navigation_pkg/share/navigation_pkg/package.dsv'
[7.033s] INFO:colcon.colcon_core.shell:Creating package script '/home/robotics_lab/ros2_ws/install/navigation_pkg/share/navigation_pkg/package.sh'
[7.034s] INFO:colcon.colcon_core.shell:Creating package script '/home/robotics_lab/ros2_ws/install/navigation_pkg/share/navigation_pkg/package.bash'
[7.034s] INFO:colcon.colcon_core.shell:Creating package script '/home/robotics_lab/ros2_ws/install/navigation_pkg/share/navigation_pkg/package.zsh'
[7.035s] Level 1:colcon.colcon_core.environment:create_file_with_runtime_dependencies(/home/robotics_lab/ros2_ws/install/navigation_pkg/share/colcon-core/packages/navigation_pkg)
[7.079s] Level 1:colcon.colcon_core.environment:checking '/home/robotics_lab/ros2_ws/install/oak_object_detection' for CMake module files
[7.080s] DEBUG:colcon.colcon_core.event_handler.log_command:Invoked command in '/home/robotics_lab/ros2_ws/src/oak_object_detection' returned '0': PYTHONPATH=/home/robotics_lab/ros2_ws/build/oak_object_detection/prefix_override:/usr/lib/python3/dist-packages/colcon_core/task/python/colcon_distutils_commands:/home/robotics_lab/ros2_ws/install/oak_object_detection/lib/python3.10/site-packages:${PYTHONPATH} /usr/bin/python3 -W ignore:setup.py install is deprecated -W ignore:easy_install command is deprecated setup.py egg_info --egg-base ../../build/oak_object_detection build --build-base /home/robotics_lab/ros2_ws/build/oak_object_detection/build install --record /home/robotics_lab/ros2_ws/build/oak_object_detection/install.log --single-version-externally-managed install_data --force
[7.082s] Level 1:colcon.colcon_core.environment:checking '/home/robotics_lab/ros2_ws/install/oak_object_detection' for CMake config files
[7.084s] Level 1:colcon.colcon_core.environment:checking '/home/robotics_lab/ros2_ws/install/oak_object_detection/lib'
[7.084s] Level 1:colcon.colcon_core.environment:checking '/home/robotics_lab/ros2_ws/install/oak_object_detection/bin'
[7.084s] Level 1:colcon.colcon_core.environment:checking '/home/robotics_lab/ros2_ws/install/oak_object_detection/lib/pkgconfig/oak_object_detection.pc'
[7.085s] Level 1:colcon.colcon_core.environment:checking '/home/robotics_lab/ros2_ws/install/oak_object_detection/lib/python3.10/site-packages'
[7.085s] Level 1:colcon.colcon_core.shell:create_environment_hook('oak_object_detection', 'pythonpath')
[7.086s] INFO:colcon.colcon_core.shell:Creating environment hook '/home/robotics_lab/ros2_ws/install/oak_object_detection/share/oak_object_detection/hook/pythonpath.ps1'
[7.087s] INFO:colcon.colcon_core.shell:Creating environment descriptor '/home/robotics_lab/ros2_ws/install/oak_object_detection/share/oak_object_detection/hook/pythonpath.dsv'
[7.089s] INFO:colcon.colcon_core.shell:Creating environment hook '/home/robotics_lab/ros2_ws/install/oak_object_detection/share/oak_object_detection/hook/pythonpath.sh'
[7.091s] Level 1:colcon.colcon_core.environment:checking '/home/robotics_lab/ros2_ws/install/oak_object_detection/bin'
[7.091s] Level 1:colcon.colcon_core.environment:create_environment_scripts_only(oak_object_detection)
[7.093s] INFO:colcon.colcon_core.shell:Creating package script '/home/robotics_lab/ros2_ws/install/oak_object_detection/share/oak_object_detection/package.ps1'
[7.095s] INFO:colcon.colcon_core.shell:Creating package descriptor '/home/robotics_lab/ros2_ws/install/oak_object_detection/share/oak_object_detection/package.dsv'
[7.097s] INFO:colcon.colcon_core.shell:Creating package script '/home/robotics_lab/ros2_ws/install/oak_object_detection/share/oak_object_detection/package.sh'
[7.098s] INFO:colcon.colcon_core.shell:Creating package script '/home/robotics_lab/ros2_ws/install/oak_object_detection/share/oak_object_detection/package.bash'
[7.099s] INFO:colcon.colcon_core.shell:Creating package script '/home/robotics_lab/ros2_ws/install/oak_object_detection/share/oak_object_detection/package.zsh'
[7.101s] Level 1:colcon.colcon_core.environment:create_file_with_runtime_dependencies(/home/robotics_lab/ros2_ws/install/oak_object_detection/share/colcon-core/packages/oak_object_detection)
[7.104s] Level 1:colcon.colcon_core.environment:checking '/home/robotics_lab/ros2_ws/install/ros2toarduino' for CMake module files
[7.106s] DEBUG:colcon.colcon_core.event_handler.log_command:Invoked command in '/home/robotics_lab/ros2_ws/src/ros2toarduino' returned '0': PYTHONPATH=/home/robotics_lab/ros2_ws/build/ros2toarduino/prefix_override:/usr/lib/python3/dist-packages/colcon_core/task/python/colcon_distutils_commands:/home/robotics_lab/ros2_ws/install/ros2toarduino/lib/python3.10/site-packages:${PYTHONPATH} /usr/bin/python3 -W ignore:setup.py install is deprecated -W ignore:easy_install command is deprecated setup.py egg_info --egg-base ../../build/ros2toarduino build --build-base /home/robotics_lab/ros2_ws/build/ros2toarduino/build install --record /home/robotics_lab/ros2_ws/build/ros2toarduino/install.log --single-version-externally-managed install_data --force
[7.107s] Level 1:colcon.colcon_core.environment:checking '/home/robotics_lab/ros2_ws/install/ros2toarduino' for CMake config files
[7.109s] Level 1:colcon.colcon_core.environment:checking '/home/robotics_lab/ros2_ws/install/ros2toarduino/lib'
[7.109s] Level 1:colcon.colcon_core.environment:checking '/home/robotics_lab/ros2_ws/install/ros2toarduino/bin'
[7.110s] Level 1:colcon.colcon_core.environment:checking '/home/robotics_lab/ros2_ws/install/ros2toarduino/lib/pkgconfig/ros2toarduino.pc'
[7.110s] Level 1:colcon.colcon_core.environment:checking '/home/robotics_lab/ros2_ws/install/ros2toarduino/lib/python3.10/site-packages'
[7.111s] Level 1:colcon.colcon_core.shell:create_environment_hook('ros2toarduino', 'pythonpath')
[7.111s] INFO:colcon.colcon_core.shell:Creating environment hook '/home/robotics_lab/ros2_ws/install/ros2toarduino/share/ros2toarduino/hook/pythonpath.ps1'
[7.113s] INFO:colcon.colcon_core.shell:Creating environment descriptor '/home/robotics_lab/ros2_ws/install/ros2toarduino/share/ros2toarduino/hook/pythonpath.dsv'
[7.114s] INFO:colcon.colcon_core.shell:Creating environment hook '/home/robotics_lab/ros2_ws/install/ros2toarduino/share/ros2toarduino/hook/pythonpath.sh'
[7.117s] Level 1:colcon.colcon_core.environment:checking '/home/robotics_lab/ros2_ws/install/ros2toarduino/bin'
[7.117s] Level 1:colcon.colcon_core.environment:create_environment_scripts_only(ros2toarduino)
[7.118s] INFO:colcon.colcon_core.shell:Creating package script '/home/robotics_lab/ros2_ws/install/ros2toarduino/share/ros2toarduino/package.ps1'
[7.121s] INFO:colcon.colcon_core.shell:Creating package descriptor '/home/robotics_lab/ros2_ws/install/ros2toarduino/share/ros2toarduino/package.dsv'
[7.122s] INFO:colcon.colcon_core.shell:Creating package script '/home/robotics_lab/ros2_ws/install/ros2toarduino/share/ros2toarduino/package.sh'
[7.124s] INFO:colcon.colcon_core.shell:Creating package script '/home/robotics_lab/ros2_ws/install/ros2toarduino/share/ros2toarduino/package.bash'
[7.125s] INFO:colcon.colcon_core.shell:Creating package script '/home/robotics_lab/ros2_ws/install/ros2toarduino/share/ros2toarduino/package.zsh'
[7.126s] Level 1:colcon.colcon_core.environment:create_file_with_runtime_dependencies(/home/robotics_lab/ros2_ws/install/ros2toarduino/share/colcon-core/packages/ros2toarduino)
[7.130s] Level 1:colcon.colcon_core.environment:checking '/home/robotics_lab/ros2_ws/install/diff_drive_bridge' for CMake module files
[7.132s] DEBUG:colcon.colcon_core.event_handler.log_command:Invoked command in '/home/robotics_lab/ros2_ws/src/diff_drive_bridge' returned '0': PYTHONPATH=/home/robotics_lab/ros2_ws/build/diff_drive_bridge/prefix_override:/usr/lib/python3/dist-packages/colcon_core/task/python/colcon_distutils_commands:/home/robotics_lab/ros2_ws/install/diff_drive_bridge/lib/python3.10/site-packages:${PYTHONPATH} /usr/bin/python3 -W ignore:setup.py install is deprecated -W ignore:easy_install command is deprecated setup.py egg_info --egg-base ../../build/diff_drive_bridge build --build-base /home/robotics_lab/ros2_ws/build/diff_drive_bridge/build install --record /home/robotics_lab/ros2_ws/build/diff_drive_bridge/install.log --single-version-externally-managed install_data --force
[7.133s] Level 1:colcon.colcon_core.environment:checking '/home/robotics_lab/ros2_ws/install/diff_drive_bridge' for CMake config files
[7.135s] Level 1:colcon.colcon_core.environment:checking '/home/robotics_lab/ros2_ws/install/diff_drive_bridge/lib'
[7.136s] Level 1:colcon.colcon_core.environment:checking '/home/robotics_lab/ros2_ws/install/diff_drive_bridge/bin'
[7.136s] Level 1:colcon.colcon_core.environment:checking '/home/robotics_lab/ros2_ws/install/diff_drive_bridge/lib/pkgconfig/diff_drive_bridge.pc'
[7.137s] Level 1:colcon.colcon_core.environment:checking '/home/robotics_lab/ros2_ws/install/diff_drive_bridge/lib/python3.10/site-packages'
[7.137s] Level 1:colcon.colcon_core.shell:create_environment_hook('diff_drive_bridge', 'pythonpath')
[7.138s] INFO:colcon.colcon_core.shell:Creating environment hook '/home/robotics_lab/ros2_ws/install/diff_drive_bridge/share/diff_drive_bridge/hook/pythonpath.ps1'
[7.139s] INFO:colcon.colcon_core.shell:Creating environment descriptor '/home/robotics_lab/ros2_ws/install/diff_drive_bridge/share/diff_drive_bridge/hook/pythonpath.dsv'
[7.140s] INFO:colcon.colcon_core.shell:Creating environment hook '/home/robotics_lab/ros2_ws/install/diff_drive_bridge/share/diff_drive_bridge/hook/pythonpath.sh'
[7.143s] Level 1:colcon.colcon_core.environment:checking '/home/robotics_lab/ros2_ws/install/diff_drive_bridge/bin'
[7.143s] Level 1:colcon.colcon_core.environment:create_environment_scripts_only(diff_drive_bridge)
[7.144s] INFO:colcon.colcon_core.shell:Creating package script '/home/robotics_lab/ros2_ws/install/diff_drive_bridge/share/diff_drive_bridge/package.ps1'
[7.146s] INFO:colcon.colcon_core.shell:Creating package descriptor '/home/robotics_lab/ros2_ws/install/diff_drive_bridge/share/diff_drive_bridge/package.dsv'
[7.147s] INFO:colcon.colcon_core.shell:Creating package script '/home/robotics_lab/ros2_ws/install/diff_drive_bridge/share/diff_drive_bridge/package.sh'
[7.149s] INFO:colcon.colcon_core.shell:Creating package script '/home/robotics_lab/ros2_ws/install/diff_drive_bridge/share/diff_drive_bridge/package.bash'
[7.150s] INFO:colcon.colcon_core.shell:Creating package script '/home/robotics_lab/ros2_ws/install/diff_drive_bridge/share/diff_drive_bridge/package.zsh'
[7.151s] Level 1:colcon.colcon_core.environment:create_file_with_runtime_dependencies(/home/robotics_lab/ros2_ws/install/diff_drive_bridge/share/colcon-core/packages/diff_drive_bridge)
[7.151s] DEBUG:colcon.colcon_parallel_executor.executor.parallel:closing loop
[7.152s] DEBUG:colcon.colcon_parallel_executor.executor.parallel:loop closed
[7.153s] DEBUG:colcon.colcon_parallel_executor.executor.parallel:run_until_complete finished with '0'
[7.153s] DEBUG:colcon.colcon_core.event_reactor:joining thread
[7.155s] DEBUG:colcon.colcon_core.event_reactor:joined thread
[7.156s] INFO:colcon.colcon_core.shell:Creating prefix script '/home/robotics_lab/ros2_ws/install/local_setup.ps1'
[7.159s] INFO:colcon.colcon_core.shell:Creating prefix util module '/home/robotics_lab/ros2_ws/install/_local_setup_util_ps1.py'
[7.163s] INFO:colcon.colcon_core.shell:Creating prefix chain script '/home/robotics_lab/ros2_ws/install/setup.ps1'
[7.168s] INFO:colcon.colcon_core.shell:Creating prefix script '/home/robotics_lab/ros2_ws/install/local_setup.sh'
[7.170s] INFO:colcon.colcon_core.shell:Creating prefix util module '/home/robotics_lab/ros2_ws/install/_local_setup_util_sh.py'
[7.172s] INFO:colcon.colcon_core.shell:Creating prefix chain script '/home/robotics_lab/ros2_ws/install/setup.sh'
[7.176s] INFO:colcon.colcon_core.shell:Creating prefix script '/home/robotics_lab/ros2_ws/install/local_setup.bash'
[7.178s] INFO:colcon.colcon_core.shell:Creating prefix chain script '/home/robotics_lab/ros2_ws/install/setup.bash'
[7.181s] INFO:colcon.colcon_core.shell:Creating prefix script '/home/robotics_lab/ros2_ws/install/local_setup.zsh'
[7.183s] INFO:colcon.colcon_core.shell:Creating prefix chain script '/home/robotics_lab/ros2_ws/install/setup.zsh'
