running develop
Removing /home/robotics_lab/ros2_ws/install/navigation_pkg/lib/python3.10/site-packages/navigation-pkg.egg-link (link to .)
running egg_info
writing ../../build/navigation_pkg/navigation_pkg.egg-info/PKG-INFO
writing dependency_links to ../../build/navigation_pkg/navigation_pkg.egg-info/dependency_links.txt
writing entry points to ../../build/navigation_pkg/navigation_pkg.egg-info/entry_points.txt
writing requirements to ../../build/navigation_pkg/navigation_pkg.egg-info/requires.txt
writing top-level names to ../../build/navigation_pkg/navigation_pkg.egg-info/top_level.txt
reading manifest file '../../build/navigation_pkg/navigation_pkg.egg-info/SOURCES.txt'
writing manifest file '../../build/navigation_pkg/navigation_pkg.egg-info/SOURCES.txt'
running build
running build_py
running install
running install_lib
creating /home/robotics_lab/ros2_ws/install/navigation_pkg/lib/python3.10/site-packages/navigation_pkg
copying /home/robotics_lab/ros2_ws/build/navigation_pkg/build/lib/navigation_pkg/__init__.py -> /home/robotics_lab/ros2_ws/install/navigation_pkg/lib/python3.10/site-packages/navigation_pkg
byte-compiling /home/robotics_lab/ros2_ws/install/navigation_pkg/lib/python3.10/site-packages/navigation_pkg/__init__.py to __init__.cpython-310.pyc
running install_data
copying resource/navigation_pkg -> /home/robotics_lab/ros2_ws/install/navigation_pkg/share/ament_index/resource_index/packages
copying package.xml -> /home/robotics_lab/ros2_ws/install/navigation_pkg/share/navigation_pkg
running install_egg_info
Copying ../../build/navigation_pkg/navigation_pkg.egg-info to /home/robotics_lab/ros2_ws/install/navigation_pkg/lib/python3.10/site-packages/navigation_pkg-0.0.0-py3.10.egg-info
running install_scripts
writing list of installed files to '/home/robotics_lab/ros2_ws/build/navigation_pkg/install.log'
