[4.484s] Invoking command in '/home/robotics_lab/ros2_ws/src/Urdf_model_description': PYTHONPATH=/home/robotics_lab/ros2_ws/build/Urdf_model_description/prefix_override:/usr/lib/python3/dist-packages/colcon_core/task/python/colcon_distutils_commands:/home/robotics_lab/ros2_ws/install/Urdf_model_description/lib/python3.10/site-packages:${PYTHONPATH} /usr/bin/python3 -W ignore:setup.py install is deprecated -W ignore:easy_install command is deprecated setup.py egg_info --egg-base ../../build/Urdf_model_description build --build-base /home/robotics_lab/ros2_ws/build/Urdf_model_description/build install --record /home/robotics_lab/ros2_ws/build/Urdf_model_description/install.log --install-scripts $base/lib/Urdf_model_description --single-version-externally-managed install_data
[5.033s] /usr/lib/python3/dist-packages/setuptools/dist.py:723: UserWarning: Usage of dash-separated 'script-dir' will not be supported in future versions. Please use the underscore name 'script_dir' instead
[5.033s]   warnings.warn(
[5.053s] running egg_info
[5.056s] writing ../../build/Urdf_model_description/Urdf_model_description.egg-info/PKG-INFO
[5.056s] writing dependency_links to ../../build/Urdf_model_description/Urdf_model_description.egg-info/dependency_links.txt
[5.057s] writing entry points to ../../build/Urdf_model_description/Urdf_model_description.egg-info/entry_points.txt
[5.057s] writing requirements to ../../build/Urdf_model_description/Urdf_model_description.egg-info/requires.txt
[5.057s] writing top-level names to ../../build/Urdf_model_description/Urdf_model_description.egg-info/top_level.txt
[5.062s] reading manifest file '../../build/Urdf_model_description/Urdf_model_description.egg-info/SOURCES.txt'
[5.064s] writing manifest file '../../build/Urdf_model_description/Urdf_model_description.egg-info/SOURCES.txt'
[5.064s] running build
[5.064s] running build_py
[5.065s] running install
[5.066s] running install_lib
[5.070s] running install_data
[5.070s] copying launch/mapless_nav2.launch.py -> /home/robotics_lab/ros2_ws/install/Urdf_model_description/share/Urdf_model_description/launch
[5.071s] copying urdf/Urdf_model.xacro -> /home/robotics_lab/ros2_ws/install/Urdf_model_description/share/Urdf_model_description/urdf
[5.072s] copying config/nav2_params.yaml -> /home/robotics_lab/ros2_ws/install/Urdf_model_description/share/Urdf_model_description/config
[5.072s] running install_egg_info
[5.077s] removing '/home/robotics_lab/ros2_ws/install/Urdf_model_description/lib/python3.10/site-packages/Urdf_model_description-0.0.0-py3.10.egg-info' (and everything under it)
[5.077s] Copying ../../build/Urdf_model_description/Urdf_model_description.egg-info to /home/robotics_lab/ros2_ws/install/Urdf_model_description/lib/python3.10/site-packages/Urdf_model_description-0.0.0-py3.10.egg-info
[5.079s] running install_scripts
[5.127s] writing list of installed files to '/home/robotics_lab/ros2_ws/build/Urdf_model_description/install.log'
[5.259s] Invoked command in '/home/robotics_lab/ros2_ws/src/Urdf_model_description' returned '0': PYTHONPATH=/home/robotics_lab/ros2_ws/build/Urdf_model_description/prefix_override:/usr/lib/python3/dist-packages/colcon_core/task/python/colcon_distutils_commands:/home/robotics_lab/ros2_ws/install/Urdf_model_description/lib/python3.10/site-packages:${PYTHONPATH} /usr/bin/python3 -W ignore:setup.py install is deprecated -W ignore:easy_install command is deprecated setup.py egg_info --egg-base ../../build/Urdf_model_description build --build-base /home/robotics_lab/ros2_ws/build/Urdf_model_description/build install --record /home/robotics_lab/ros2_ws/build/Urdf_model_description/install.log --install-scripts $base/lib/Urdf_model_description --single-version-externally-managed install_data
