[4.139s] Invoking command in '/home/robotics_lab/ros2_ws/build/oak_object_detection': PYTHONPATH=/home/robotics_lab/ros2_ws/build/oak_object_detection/prefix_override:/usr/lib/python3/dist-packages/colcon_core/task/python/colcon_distutils_commands:/home/robotics_lab/ros2_ws/install/oak_object_detection/lib/python3.10/site-packages:${PYTHONPATH} /usr/bin/python3 -W ignore:setup.py install is deprecated -W ignore:easy_install command is deprecated setup.py develop --uninstall --editable --build-directory /home/robotics_lab/ros2_ws/build/oak_object_detection/build
[4.730s] running develop
[5.215s] Removing /home/robotics_lab/ros2_ws/install/oak_object_detection/lib/python3.10/site-packages/oak-object-detection.egg-link (link to .)
[5.343s] Invoked command in '/home/robotics_lab/ros2_ws/build/oak_object_detection' returned '0': PYTHONPATH=/home/robotics_lab/ros2_ws/build/oak_object_detection/prefix_override:/usr/lib/python3/dist-packages/colcon_core/task/python/colcon_distutils_commands:/home/robotics_lab/ros2_ws/install/oak_object_detection/lib/python3.10/site-packages:${PYTHONPATH} /usr/bin/python3 -W ignore:setup.py install is deprecated -W ignore:easy_install command is deprecated setup.py develop --uninstall --editable --build-directory /home/robotics_lab/ros2_ws/build/oak_object_detection/build
[5.347s] Invoking command in '/home/robotics_lab/ros2_ws/src/oak_object_detection': PYTHONPATH=/home/robotics_lab/ros2_ws/build/oak_object_detection/prefix_override:/usr/lib/python3/dist-packages/colcon_core/task/python/colcon_distutils_commands:/home/robotics_lab/ros2_ws/install/oak_object_detection/lib/python3.10/site-packages:${PYTHONPATH} /usr/bin/python3 -W ignore:setup.py install is deprecated -W ignore:easy_install command is deprecated setup.py egg_info --egg-base ../../build/oak_object_detection build --build-base /home/robotics_lab/ros2_ws/build/oak_object_detection/build install --record /home/robotics_lab/ros2_ws/build/oak_object_detection/install.log --single-version-externally-managed install_data --force
[5.916s] running egg_info
[5.918s] writing ../../build/oak_object_detection/oak_object_detection.egg-info/PKG-INFO
[5.918s] writing dependency_links to ../../build/oak_object_detection/oak_object_detection.egg-info/dependency_links.txt
[5.919s] writing entry points to ../../build/oak_object_detection/oak_object_detection.egg-info/entry_points.txt
[5.919s] writing requirements to ../../build/oak_object_detection/oak_object_detection.egg-info/requires.txt
[5.919s] writing top-level names to ../../build/oak_object_detection/oak_object_detection.egg-info/top_level.txt
[5.924s] reading manifest file '../../build/oak_object_detection/oak_object_detection.egg-info/SOURCES.txt'
[5.933s] writing manifest file '../../build/oak_object_detection/oak_object_detection.egg-info/SOURCES.txt'
[5.933s] running build
[5.933s] running build_py
[5.934s] running install
[5.935s] running install_lib
[5.936s] creating /home/robotics_lab/ros2_ws/install/oak_object_detection/lib/python3.10/site-packages/oak_object_detection
[5.937s] creating /home/robotics_lab/ros2_ws/install/oak_object_detection/lib/python3.10/site-packages/oak_object_detection/tested codes
[5.937s] copying /home/robotics_lab/ros2_ws/build/oak_object_detection/build/lib/oak_object_detection/tested codes/vlm_depth_commander.py -> /home/robotics_lab/ros2_ws/install/oak_object_detection/lib/python3.10/site-packages/oak_object_detection/tested codes
[5.937s] copying /home/robotics_lab/ros2_ws/build/oak_object_detection/build/lib/oak_object_detection/tested codes/vlm_hybrid_commander.py -> /home/robotics_lab/ros2_ws/install/oak_object_detection/lib/python3.10/site-packages/oak_object_detection/tested codes
[5.938s] copying /home/robotics_lab/ros2_ws/build/oak_object_detection/build/lib/oak_object_detection/tested codes/oakd_spatial_node.py -> /home/robotics_lab/ros2_ws/install/oak_object_detection/lib/python3.10/site-packages/oak_object_detection/tested codes
[5.938s] copying /home/robotics_lab/ros2_ws/build/oak_object_detection/build/lib/oak_object_detection/tested codes/__init__.py -> /home/robotics_lab/ros2_ws/install/oak_object_detection/lib/python3.10/site-packages/oak_object_detection/tested codes
[5.938s] copying /home/robotics_lab/ros2_ws/build/oak_object_detection/build/lib/oak_object_detection/tested codes/capture_frame.py -> /home/robotics_lab/ros2_ws/install/oak_object_detection/lib/python3.10/site-packages/oak_object_detection/tested codes
[5.939s] copying /home/robotics_lab/ros2_ws/build/oak_object_detection/build/lib/oak_object_detection/tested codes/vlm_bridge_test.py -> /home/robotics_lab/ros2_ws/install/oak_object_detection/lib/python3.10/site-packages/oak_object_detection/tested codes
[5.939s] copying /home/robotics_lab/ros2_ws/build/oak_object_detection/build/lib/oak_object_detection/__init__.py -> /home/robotics_lab/ros2_ws/install/oak_object_detection/lib/python3.10/site-packages/oak_object_detection
[5.939s] copying /home/robotics_lab/ros2_ws/build/oak_object_detection/build/lib/oak_object_detection/yolo_commander.py -> /home/robotics_lab/ros2_ws/install/oak_object_detection/lib/python3.10/site-packages/oak_object_detection
[5.939s] copying /home/robotics_lab/ros2_ws/build/oak_object_detection/build/lib/oak_object_detection/yolo_vlm_commander.py -> /home/robotics_lab/ros2_ws/install/oak_object_detection/lib/python3.10/site-packages/oak_object_detection
[5.940s] byte-compiling /home/robotics_lab/ros2_ws/install/oak_object_detection/lib/python3.10/site-packages/oak_object_detection/tested codes/vlm_depth_commander.py to vlm_depth_commander.cpython-310.pyc
[5.945s] byte-compiling /home/robotics_lab/ros2_ws/install/oak_object_detection/lib/python3.10/site-packages/oak_object_detection/tested codes/vlm_hybrid_commander.py to vlm_hybrid_commander.cpython-310.pyc
[5.945s] byte-compiling /home/robotics_lab/ros2_ws/install/oak_object_detection/lib/python3.10/site-packages/oak_object_detection/tested codes/oakd_spatial_node.py to oakd_spatial_node.cpython-310.pyc
[5.945s] byte-compiling /home/robotics_lab/ros2_ws/install/oak_object_detection/lib/python3.10/site-packages/oak_object_detection/tested codes/__init__.py to __init__.cpython-310.pyc
[5.945s] byte-compiling /home/robotics_lab/ros2_ws/install/oak_object_detection/lib/python3.10/site-packages/oak_object_detection/tested codes/capture_frame.py to capture_frame.cpython-310.pyc
[5.946s] byte-compiling /home/robotics_lab/ros2_ws/install/oak_object_detection/lib/python3.10/site-packages/oak_object_detection/tested codes/vlm_bridge_test.py to vlm_bridge_test.cpython-310.pyc
[5.946s] byte-compiling /home/robotics_lab/ros2_ws/install/oak_object_detection/lib/python3.10/site-packages/oak_object_detection/__init__.py to __init__.cpython-310.pyc
[5.946s] byte-compiling /home/robotics_lab/ros2_ws/install/oak_object_detection/lib/python3.10/site-packages/oak_object_detection/yolo_commander.py to yolo_commander.cpython-310.pyc
[5.950s] byte-compiling /home/robotics_lab/ros2_ws/install/oak_object_detection/lib/python3.10/site-packages/oak_object_detection/yolo_vlm_commander.py to yolo_vlm_commander.cpython-310.pyc
[5.952s] running install_data
[5.953s] copying resource/oak_object_detection -> /home/robotics_lab/ros2_ws/install/oak_object_detection/share/ament_index/resource_index/packages
[5.953s] copying package.xml -> /home/robotics_lab/ros2_ws/install/oak_object_detection/share/oak_object_detection
[5.953s] running install_egg_info
[5.958s] Copying ../../build/oak_object_detection/oak_object_detection.egg-info to /home/robotics_lab/ros2_ws/install/oak_object_detection/lib/python3.10/site-packages/oak_object_detection-0.0.0-py3.10.egg-info
[5.959s] running install_scripts
[6.004s] Installing oakd_spatial_node script to /home/robotics_lab/ros2_ws/install/oak_object_detection/lib/oak_object_detection
[6.005s] Installing vlm_depth_commander script to /home/robotics_lab/ros2_ws/install/oak_object_detection/lib/oak_object_detection
[6.006s] writing list of installed files to '/home/robotics_lab/ros2_ws/build/oak_object_detection/install.log'
[6.096s] Invoked command in '/home/robotics_lab/ros2_ws/src/oak_object_detection' returned '0': PYTHONPATH=/home/robotics_lab/ros2_ws/build/oak_object_detection/prefix_override:/usr/lib/python3/dist-packages/colcon_core/task/python/colcon_distutils_commands:/home/robotics_lab/ros2_ws/install/oak_object_detection/lib/python3.10/site-packages:${PYTHONPATH} /usr/bin/python3 -W ignore:setup.py install is deprecated -W ignore:easy_install command is deprecated setup.py egg_info --egg-base ../../build/oak_object_detection build --build-base /home/robotics_lab/ros2_ws/build/oak_object_detection/build install --record /home/robotics_lab/ros2_ws/build/oak_object_detection/install.log --single-version-externally-managed install_data --force
