[4.016s] Invoking command in '/home/robotics_lab/ros2_ws/build/ros2toarduino': PYTHONPATH=/home/robotics_lab/ros2_ws/build/ros2toarduino/prefix_override:/usr/lib/python3/dist-packages/colcon_core/task/python/colcon_distutils_commands:/home/robotics_lab/ros2_ws/install/ros2toarduino/lib/python3.10/site-packages:${PYTHONPATH} /usr/bin/python3 -W ignore:setup.py install is deprecated -W ignore:easy_install command is deprecated setup.py develop --uninstall --editable --build-directory /home/robotics_lab/ros2_ws/build/ros2toarduino/build
[4.614s] running develop
[5.102s] Removing /home/robotics_lab/ros2_ws/install/ros2toarduino/lib/python3.10/site-packages/ros2toarduino.egg-link (link to .)
[5.227s] Invoked command in '/home/robotics_lab/ros2_ws/build/ros2toarduino' returned '0': PYTHONPATH=/home/robotics_lab/ros2_ws/build/ros2toarduino/prefix_override:/usr/lib/python3/dist-packages/colcon_core/task/python/colcon_distutils_commands:/home/robotics_lab/ros2_ws/install/ros2toarduino/lib/python3.10/site-packages:${PYTHONPATH} /usr/bin/python3 -W ignore:setup.py install is deprecated -W ignore:easy_install command is deprecated setup.py develop --uninstall --editable --build-directory /home/robotics_lab/ros2_ws/build/ros2toarduino/build
[5.228s] Invoking command in '/home/robotics_lab/ros2_ws/src/ros2toarduino': PYTHONPATH=/home/robotics_lab/ros2_ws/build/ros2toarduino/prefix_override:/usr/lib/python3/dist-packages/colcon_core/task/python/colcon_distutils_commands:/home/robotics_lab/ros2_ws/install/ros2toarduino/lib/python3.10/site-packages:${PYTHONPATH} /usr/bin/python3 -W ignore:setup.py install is deprecated -W ignore:easy_install command is deprecated setup.py egg_info --egg-base ../../build/ros2toarduino build --build-base /home/robotics_lab/ros2_ws/build/ros2toarduino/build install --record /home/robotics_lab/ros2_ws/build/ros2toarduino/install.log --single-version-externally-managed install_data --force
[5.945s] running egg_info
[5.947s] writing ../../build/ros2toarduino/ros2toarduino.egg-info/PKG-INFO
[5.947s] writing dependency_links to ../../build/ros2toarduino/ros2toarduino.egg-info/dependency_links.txt
[5.948s] writing entry points to ../../build/ros2toarduino/ros2toarduino.egg-info/entry_points.txt
[5.948s] writing requirements to ../../build/ros2toarduino/ros2toarduino.egg-info/requires.txt
[5.949s] writing top-level names to ../../build/ros2toarduino/ros2toarduino.egg-info/top_level.txt
[5.954s] reading manifest file '../../build/ros2toarduino/ros2toarduino.egg-info/SOURCES.txt'
[5.956s] writing manifest file '../../build/ros2toarduino/ros2toarduino.egg-info/SOURCES.txt'
[5.956s] running build
[5.956s] running build_py
[5.966s] running install
[5.967s] running install_lib
[5.969s] creating /home/robotics_lab/ros2_ws/install/ros2toarduino/lib/python3.10/site-packages/ros2toarduino
[5.969s] copying /home/robotics_lab/ros2_ws/build/ros2toarduino/build/lib/ros2toarduino/__init__.py -> /home/robotics_lab/ros2_ws/install/ros2toarduino/lib/python3.10/site-packages/ros2toarduino
[5.970s] copying /home/robotics_lab/ros2_ws/build/ros2toarduino/build/lib/ros2toarduino/cmd_vel_serial_bridge.py -> /home/robotics_lab/ros2_ws/install/ros2toarduino/lib/python3.10/site-packages/ros2toarduino
[5.972s] byte-compiling /home/robotics_lab/ros2_ws/install/ros2toarduino/lib/python3.10/site-packages/ros2toarduino/__init__.py to __init__.cpython-310.pyc
[5.972s] byte-compiling /home/robotics_lab/ros2_ws/install/ros2toarduino/lib/python3.10/site-packages/ros2toarduino/cmd_vel_serial_bridge.py to cmd_vel_serial_bridge.cpython-310.pyc
[5.974s] running install_data
[5.975s] copying resource/ros2toarduino -> /home/robotics_lab/ros2_ws/install/ros2toarduino/share/ament_index/resource_index/packages
[5.975s] copying package.xml -> /home/robotics_lab/ros2_ws/install/ros2toarduino/share/ros2toarduino
[5.976s] running install_egg_info
[5.981s] Copying ../../build/ros2toarduino/ros2toarduino.egg-info to /home/robotics_lab/ros2_ws/install/ros2toarduino/lib/python3.10/site-packages/ros2toarduino-0.0.0-py3.10.egg-info
[5.986s] running install_scripts
[6.091s] Installing cmd_vel_bridge script to /home/robotics_lab/ros2_ws/install/ros2toarduino/lib/ros2toarduino
[6.091s] writing list of installed files to '/home/robotics_lab/ros2_ws/build/ros2toarduino/install.log'
[6.231s] Invoked command in '/home/robotics_lab/ros2_ws/src/ros2toarduino' returned '0': PYTHONPATH=/home/robotics_lab/ros2_ws/build/ros2toarduino/prefix_override:/usr/lib/python3/dist-packages/colcon_core/task/python/colcon_distutils_commands:/home/robotics_lab/ros2_ws/install/ros2toarduino/lib/python3.10/site-packages:${PYTHONPATH} /usr/bin/python3 -W ignore:setup.py install is deprecated -W ignore:easy_install command is deprecated setup.py egg_info --egg-base ../../build/ros2toarduino build --build-base /home/robotics_lab/ros2_ws/build/ros2toarduino/build install --record /home/robotics_lab/ros2_ws/build/ros2toarduino/install.log --single-version-externally-managed install_data --force
